2020-10-16T00:30:18-04:00 ci=3a11f697-7362-4cb1-8ea9-2fa6d628f7b5 info SMB: not running
2020-10-16T00:30:18-04:00 ci=3a11f697-7362-4cb1-8ea9-2fa6d628f7b5 info SMB: http server started over named pipe
2020-10-16T00:30:18-04:00 ci=3a11f697-7362-4cb1-8ea9-2fa6d628f7b5 info MESSAGE_HANDLER: started
2020-10-16T00:30:18-04:00 ci=3a11f697-7362-4cb1-8ea9-2fa6d628f7b5 info ACTION_HANDLER: started
2020-10-16T00:30:21-04:00 ci=3a11f697-7362-4cb1-8ea9-2fa6d628f7b5 error KAMINO: {"stack":"Error: connect ECONNREFUSED 127.0.0.1:63205\n    at TCPConnectWrap.afterConnect [as oncomplete] (net.js:1113:14)","message":"connect ECONNREFUSED 127.0.0.1:63205","errno":"ECONNREFUSED","code":"ECONNREFUSED","syscall":"connect","address":"127.0.0.1","port":63205}
2020-10-16T00:30:28-04:00 ci=3a11f697-7362-4cb1-8ea9-2fa6d628f7b5 error CONFIG_SERVICE: {"stack":"Error: getaddrinfo ENOTFOUND config.mycloud.com config.mycloud.com:443\n    at GetAddrInfoReqWrap.onlookup [as oncomplete] (dns.js:57:26)","message":"getaddrinfo ENOTFOUND config.mycloud.com config.mycloud.com:443","errno":"ENOTFOUND","code":"ENOTFOUND","syscall":"getaddrinfo","hostname":"config.mycloud.com","host":"config.mycloud.com","port":443,"CorrelationId":"8c8e122a-f075-44d9-987a-e1b5574f5c90","isConnectionError":true,"RequestInfo":{"url":"https://config.mycloud.com/config/v1/config","method":"GET"}}
2020-10-16T00:30:28-04:00 ci=3a11f697-7362-4cb1-8ea9-2fa6d628f7b5 info CLOUD: not started
2020-10-16T00:30:33-04:00 ci=3a11f697-7362-4cb1-8ea9-2fa6d628f7b5 info CLOUD: not started
2020-10-16T00:30:38-04:00 ci=3a11f697-7362-4cb1-8ea9-2fa6d628f7b5 info CLOUD: not started
2020-10-16T00:30:43-04:00 ci=3a11f697-7362-4cb1-8ea9-2fa6d628f7b5 info CLOUD: not started
2020-10-16T00:30:48-04:00 ci=3a11f697-7362-4cb1-8ea9-2fa6d628f7b5 info CLOUD: not started
2020-10-16T00:30:53-04:00 ci=3a11f697-7362-4cb1-8ea9-2fa6d628f7b5 info CLOUD: not started
2020-10-16T00:30:58-04:00 ci=3a11f697-7362-4cb1-8ea9-2fa6d628f7b5 info CLOUD: not started
2020-10-16T00:31:03-04:00 ci=3a11f697-7362-4cb1-8ea9-2fa6d628f7b5 info CLOUD: not started
2020-10-16T00:31:08-04:00 ci=3a11f697-7362-4cb1-8ea9-2fa6d628f7b5 info CLOUD: not started
2020-10-16T00:31:13-04:00 ci=3a11f697-7362-4cb1-8ea9-2fa6d628f7b5 info CLOUD: not started
2020-10-16T00:31:18-04:00 ci=3a11f697-7362-4cb1-8ea9-2fa6d628f7b5 info CLOUD: not started
2020-10-16T00:31:23-04:00 ci=3a11f697-7362-4cb1-8ea9-2fa6d628f7b5 info CLOUD: not started
2020-10-16T00:31:28-04:00 ci=3a11f697-7362-4cb1-8ea9-2fa6d628f7b5 info CLOUD: not started
2020-10-16T00:31:33-04:00 ci=3a11f697-7362-4cb1-8ea9-2fa6d628f7b5 info CLOUD: not started
2020-10-16T00:31:38-04:00 ci=3a11f697-7362-4cb1-8ea9-2fa6d628f7b5 info CLOUD: not started
2020-10-16T00:31:43-04:00 ci=3a11f697-7362-4cb1-8ea9-2fa6d628f7b5 info CLOUD: not started
2020-10-16T00:31:48-04:00 ci=3a11f697-7362-4cb1-8ea9-2fa6d628f7b5 info CLOUD: not started
2020-10-16T00:31:53-04:00 ci=3a11f697-7362-4cb1-8ea9-2fa6d628f7b5 info CLOUD: not started
2020-10-16T00:31:58-04:00 ci=3a11f697-7362-4cb1-8ea9-2fa6d628f7b5 info CLOUD: not started
2020-10-16T00:32:03-04:00 ci=3a11f697-7362-4cb1-8ea9-2fa6d628f7b5 info CLOUD: not started
2020-10-16T00:32:08-04:00 ci=3a11f697-7362-4cb1-8ea9-2fa6d628f7b5 info CLOUD: not started
2020-10-16T00:32:13-04:00 ci=3a11f697-7362-4cb1-8ea9-2fa6d628f7b5 info CLOUD: not started
2020-10-16T00:32:18-04:00 ci=3a11f697-7362-4cb1-8ea9-2fa6d628f7b5 info CLOUD: not started
2020-10-16T00:32:23-04:00 ci=3a11f697-7362-4cb1-8ea9-2fa6d628f7b5 info CLOUD: not started
2020-10-16T00:32:28-04:00 ci=3a11f697-7362-4cb1-8ea9-2fa6d628f7b5 info CLOUD: not started
2020-10-16T00:32:33-04:00 ci=3a11f697-7362-4cb1-8ea9-2fa6d628f7b5 info CLOUD: not started
2020-10-16T00:32:38-04:00 ci=3a11f697-7362-4cb1-8ea9-2fa6d628f7b5 info CLOUD: not started
2020-10-16T00:32:43-04:00 ci=3a11f697-7362-4cb1-8ea9-2fa6d628f7b5 info CLOUD: not started
2020-10-16T00:32:48-04:00 ci=3a11f697-7362-4cb1-8ea9-2fa6d628f7b5 info CLOUD: not started
2020-10-16T00:32:53-04:00 ci=3a11f697-7362-4cb1-8ea9-2fa6d628f7b5 info CLOUD: not started
2020-10-16T00:32:58-04:00 ci=3a11f697-7362-4cb1-8ea9-2fa6d628f7b5 info CLOUD: not started
2020-10-16T00:33:03-04:00 ci=3a11f697-7362-4cb1-8ea9-2fa6d628f7b5 info CLOUD: not started
2020-10-16T00:33:08-04:00 ci=3a11f697-7362-4cb1-8ea9-2fa6d628f7b5 info CLOUD: not started
2020-10-16T00:33:13-04:00 ci=3a11f697-7362-4cb1-8ea9-2fa6d628f7b5 info CLOUD: not started
2020-10-16T00:33:18-04:00 ci=3a11f697-7362-4cb1-8ea9-2fa6d628f7b5 info CLOUD: not started
2020-10-16T00:33:23-04:00 ci=3a11f697-7362-4cb1-8ea9-2fa6d628f7b5 info CLOUD: not started
2020-10-16T00:33:28-04:00 ci=3a11f697-7362-4cb1-8ea9-2fa6d628f7b5 info CLOUD: not started
2020-10-16T00:33:33-04:00 ci=3a11f697-7362-4cb1-8ea9-2fa6d628f7b5 info CLOUD: not started
2020-10-16T00:33:38-04:00 ci=3a11f697-7362-4cb1-8ea9-2fa6d628f7b5 info CLOUD: not started
2020-10-16T00:33:43-04:00 ci=3a11f697-7362-4cb1-8ea9-2fa6d628f7b5 info CLOUD: not started
2020-10-16T00:33:49-04:00 ci=3a11f697-7362-4cb1-8ea9-2fa6d628f7b5 info CLOUD: not started
2020-10-16T00:33:54-04:00 ci=3a11f697-7362-4cb1-8ea9-2fa6d628f7b5 info CLOUD: not started
2020-10-16T00:33:59-04:00 ci=3a11f697-7362-4cb1-8ea9-2fa6d628f7b5 info CLOUD: not started
2020-10-16T00:34:04-04:00 ci=3a11f697-7362-4cb1-8ea9-2fa6d628f7b5 info CLOUD: not started
2020-10-16T00:34:09-04:00 ci=3a11f697-7362-4cb1-8ea9-2fa6d628f7b5 info CLOUD: not started
2020-10-16T00:34:14-04:00 ci=3a11f697-7362-4cb1-8ea9-2fa6d628f7b5 info CLOUD: not started
2020-10-16T00:34:19-04:00 ci=3a11f697-7362-4cb1-8ea9-2fa6d628f7b5 info CLOUD: not started
2020-10-16T00:34:24-04:00 ci=3a11f697-7362-4cb1-8ea9-2fa6d628f7b5 info CLOUD: not started
2020-10-16T00:34:29-04:00 ci=3a11f697-7362-4cb1-8ea9-2fa6d628f7b5 info CLOUD: not started
2020-10-16T00:34:34-04:00 ci=3a11f697-7362-4cb1-8ea9-2fa6d628f7b5 info CLOUD: not started
2020-10-16T00:34:39-04:00 ci=3a11f697-7362-4cb1-8ea9-2fa6d628f7b5 info CLOUD: not started
2020-10-16T00:34:44-04:00 ci=3a11f697-7362-4cb1-8ea9-2fa6d628f7b5 info CLOUD: not started
2020-10-16T00:34:49-04:00 ci=3a11f697-7362-4cb1-8ea9-2fa6d628f7b5 info CLOUD: not started
2020-10-16T00:34:54-04:00 ci=3a11f697-7362-4cb1-8ea9-2fa6d628f7b5 info CLOUD: not started
2020-10-16T00:34:59-04:00 ci=3a11f697-7362-4cb1-8ea9-2fa6d628f7b5 info CLOUD: not started
2020-10-16T00:35:04-04:00 ci=3a11f697-7362-4cb1-8ea9-2fa6d628f7b5 info CLOUD: not started
2020-10-16T00:35:09-04:00 ci=3a11f697-7362-4cb1-8ea9-2fa6d628f7b5 info CLOUD: not started
2020-10-16T00:35:14-04:00 ci=3a11f697-7362-4cb1-8ea9-2fa6d628f7b5 info CLOUD: not started
2020-10-16T00:35:19-04:00 ci=3a11f697-7362-4cb1-8ea9-2fa6d628f7b5 info CLOUD: not started
2020-10-16T00:35:24-04:00 ci=3a11f697-7362-4cb1-8ea9-2fa6d628f7b5 info CLOUD: not started
2020-10-16T00:35:29-04:00 ci=3a11f697-7362-4cb1-8ea9-2fa6d628f7b5 info CLOUD: not started
2020-10-16T00:35:34-04:00 ci=3a11f697-7362-4cb1-8ea9-2fa6d628f7b5 info CLOUD: not started
2020-10-16T00:35:39-04:00 ci=3a11f697-7362-4cb1-8ea9-2fa6d628f7b5 info CLOUD: not started
2020-10-16T00:35:44-04:00 ci=3a11f697-7362-4cb1-8ea9-2fa6d628f7b5 info CLOUD: not started
2020-10-16T00:35:49-04:00 ci=3a11f697-7362-4cb1-8ea9-2fa6d628f7b5 info CLOUD: not started
2020-10-16T00:35:54-04:00 ci=3a11f697-7362-4cb1-8ea9-2fa6d628f7b5 info CLOUD: not started
2020-10-16T00:35:59-04:00 ci=3a11f697-7362-4cb1-8ea9-2fa6d628f7b5 info CLOUD: not started
2020-10-16T00:36:04-04:00 ci=3a11f697-7362-4cb1-8ea9-2fa6d628f7b5 info CLOUD: not started
2020-10-16T00:36:09-04:00 ci=3a11f697-7362-4cb1-8ea9-2fa6d628f7b5 info CLOUD: not started
2020-10-16T00:36:14-04:00 ci=3a11f697-7362-4cb1-8ea9-2fa6d628f7b5 info CLOUD: not started
2020-10-16T00:36:19-04:00 ci=3a11f697-7362-4cb1-8ea9-2fa6d628f7b5 info CLOUD: not started
2020-10-16T00:36:24-04:00 ci=3a11f697-7362-4cb1-8ea9-2fa6d628f7b5 info CLOUD: not started
2020-10-16T00:36:29-04:00 ci=3a11f697-7362-4cb1-8ea9-2fa6d628f7b5 info CLOUD: not started
2020-10-16T00:36:34-04:00 ci=3a11f697-7362-4cb1-8ea9-2fa6d628f7b5 info CLOUD: not started
2020-10-16T00:36:39-04:00 ci=3a11f697-7362-4cb1-8ea9-2fa6d628f7b5 info CLOUD: not started
2020-10-16T00:36:44-04:00 ci=3a11f697-7362-4cb1-8ea9-2fa6d628f7b5 info CLOUD: not started
2020-10-16T00:36:49-04:00 ci=3a11f697-7362-4cb1-8ea9-2fa6d628f7b5 info CLOUD: not started
2020-10-16T00:36:54-04:00 ci=3a11f697-7362-4cb1-8ea9-2fa6d628f7b5 info CLOUD: not started
2020-10-16T00:36:59-04:00 ci=3a11f697-7362-4cb1-8ea9-2fa6d628f7b5 info CLOUD: not started
2020-10-16T00:37:04-04:00 ci=3a11f697-7362-4cb1-8ea9-2fa6d628f7b5 info CLOUD: not started
2020-10-16T00:37:09-04:00 ci=3a11f697-7362-4cb1-8ea9-2fa6d628f7b5 info CLOUD: not started
2020-10-16T00:37:14-04:00 ci=3a11f697-7362-4cb1-8ea9-2fa6d628f7b5 info CLOUD: not started
2020-10-16T00:37:19-04:00 ci=3a11f697-7362-4cb1-8ea9-2fa6d628f7b5 info CLOUD: not started
2020-10-16T00:37:24-04:00 ci=3a11f697-7362-4cb1-8ea9-2fa6d628f7b5 info CLOUD: not started
2020-10-16T00:37:29-04:00 ci=3a11f697-7362-4cb1-8ea9-2fa6d628f7b5 info CLOUD: not started
2020-10-16T00:37:34-04:00 ci=3a11f697-7362-4cb1-8ea9-2fa6d628f7b5 info CLOUD: not started
2020-10-16T00:37:39-04:00 ci=3a11f697-7362-4cb1-8ea9-2fa6d628f7b5 info CLOUD: not started
2020-10-16T00:37:44-04:00 ci=3a11f697-7362-4cb1-8ea9-2fa6d628f7b5 info CLOUD: not started
2020-10-16T00:37:49-04:00 ci=3a11f697-7362-4cb1-8ea9-2fa6d628f7b5 info CLOUD: not started
2020-10-16T00:37:54-04:00 ci=3a11f697-7362-4cb1-8ea9-2fa6d628f7b5 info CLOUD: not started
2020-10-16T00:37:59-04:00 ci=3a11f697-7362-4cb1-8ea9-2fa6d628f7b5 info CLOUD: not started
2020-10-16T00:38:04-04:00 ci=3a11f697-7362-4cb1-8ea9-2fa6d628f7b5 info CLOUD: not started
2020-10-16T00:38:09-04:00 ci=3a11f697-7362-4cb1-8ea9-2fa6d628f7b5 info CLOUD: not started
2020-10-16T00:38:14-04:00 ci=3a11f697-7362-4cb1-8ea9-2fa6d628f7b5 info CLOUD: not started
2020-10-16T00:38:19-04:00 ci=3a11f697-7362-4cb1-8ea9-2fa6d628f7b5 info CLOUD: not started
2020-10-16T00:38:24-04:00 ci=3a11f697-7362-4cb1-8ea9-2fa6d628f7b5 info CLOUD: not started
2020-10-16T00:38:29-04:00 ci=3a11f697-7362-4cb1-8ea9-2fa6d628f7b5 info CLOUD: not started
2020-10-16T00:38:34-04:00 ci=3a11f697-7362-4cb1-8ea9-2fa6d628f7b5 info CLOUD: not started
2020-10-16T00:38:39-04:00 ci=3a11f697-7362-4cb1-8ea9-2fa6d628f7b5 info CLOUD: not started
2020-10-16T00:38:44-04:00 ci=3a11f697-7362-4cb1-8ea9-2fa6d628f7b5 info CLOUD: not started
2020-10-16T00:38:49-04:00 ci=3a11f697-7362-4cb1-8ea9-2fa6d628f7b5 info CLOUD: not started
2020-10-16T00:38:54-04:00 ci=3a11f697-7362-4cb1-8ea9-2fa6d628f7b5 info CLOUD: not started
2020-10-16T00:38:59-04:00 ci=3a11f697-7362-4cb1-8ea9-2fa6d628f7b5 info CLOUD: not started
2020-10-16T00:39:04-04:00 ci=3a11f697-7362-4cb1-8ea9-2fa6d628f7b5 info CLOUD: not started
2020-10-16T00:39:09-04:00 ci=3a11f697-7362-4cb1-8ea9-2fa6d628f7b5 info CLOUD: not started
2020-10-16T00:39:14-04:00 ci=3a11f697-7362-4cb1-8ea9-2fa6d628f7b5 info CLOUD: not started
2020-10-16T00:39:19-04:00 ci=3a11f697-7362-4cb1-8ea9-2fa6d628f7b5 info CLOUD: not started
2020-10-16T00:39:24-04:00 ci=3a11f697-7362-4cb1-8ea9-2fa6d628f7b5 info CLOUD: not started
2020-10-16T00:39:29-04:00 ci=3a11f697-7362-4cb1-8ea9-2fa6d628f7b5 info CLOUD: not started
2020-10-16T00:39:34-04:00 ci=3a11f697-7362-4cb1-8ea9-2fa6d628f7b5 info CLOUD: not started
2020-10-16T00:39:39-04:00 ci=3a11f697-7362-4cb1-8ea9-2fa6d628f7b5 info CLOUD: not started
2020-10-16T00:39:44-04:00 ci=3a11f697-7362-4cb1-8ea9-2fa6d628f7b5 info CLOUD: not started
2020-10-16T00:39:49-04:00 ci=3a11f697-7362-4cb1-8ea9-2fa6d628f7b5 info CLOUD: not started
2020-10-16T00:39:54-04:00 ci=3a11f697-7362-4cb1-8ea9-2fa6d628f7b5 info CLOUD: not started
2020-10-16T00:39:59-04:00 ci=3a11f697-7362-4cb1-8ea9-2fa6d628f7b5 info CLOUD: not started
2020-10-16T00:40:04-04:00 ci=3a11f697-7362-4cb1-8ea9-2fa6d628f7b5 info CLOUD: not started
2020-10-16T00:40:09-04:00 ci=3a11f697-7362-4cb1-8ea9-2fa6d628f7b5 info CLOUD: not started
2020-10-16T00:40:14-04:00 ci=3a11f697-7362-4cb1-8ea9-2fa6d628f7b5 info CLOUD: not started
2020-10-16T00:40:19-04:00 ci=3a11f697-7362-4cb1-8ea9-2fa6d628f7b5 info CLOUD: not started
2020-10-16T00:40:24-04:00 ci=3a11f697-7362-4cb1-8ea9-2fa6d628f7b5 info CLOUD: not started
2020-10-16T00:40:29-04:00 ci=3a11f697-7362-4cb1-8ea9-2fa6d628f7b5 info CLOUD: not started
2020-10-16T00:40:34-04:00 ci=3a11f697-7362-4cb1-8ea9-2fa6d628f7b5 info CLOUD: not started
2020-10-16T00:40:39-04:00 ci=3a11f697-7362-4cb1-8ea9-2fa6d628f7b5 info CLOUD: not started
2020-10-16T00:40:44-04:00 ci=3a11f697-7362-4cb1-8ea9-2fa6d628f7b5 info CLOUD: not started
2020-10-16T00:40:49-04:00 ci=3a11f697-7362-4cb1-8ea9-2fa6d628f7b5 info CLOUD: not started
2020-10-16T00:40:54-04:00 ci=3a11f697-7362-4cb1-8ea9-2fa6d628f7b5 info CLOUD: not started
2020-10-16T00:40:59-04:00 ci=3a11f697-7362-4cb1-8ea9-2fa6d628f7b5 info CLOUD: not started
2020-10-16T00:41:04-04:00 ci=3a11f697-7362-4cb1-8ea9-2fa6d628f7b5 info CLOUD: not started
2020-10-16T00:41:09-04:00 ci=3a11f697-7362-4cb1-8ea9-2fa6d628f7b5 info CLOUD: not started
2020-10-16T00:41:14-04:00 ci=3a11f697-7362-4cb1-8ea9-2fa6d628f7b5 info CLOUD: not started
2020-10-16T00:41:19-04:00 ci=3a11f697-7362-4cb1-8ea9-2fa6d628f7b5 info CLOUD: not started
2020-10-16T00:41:24-04:00 ci=3a11f697-7362-4cb1-8ea9-2fa6d628f7b5 info CLOUD: not started
2020-10-16T00:41:29-04:00 ci=3a11f697-7362-4cb1-8ea9-2fa6d628f7b5 info CLOUD: not started
2020-10-16T00:41:34-04:00 ci=3a11f697-7362-4cb1-8ea9-2fa6d628f7b5 info CLOUD: not started
2020-10-16T00:41:39-04:00 ci=3a11f697-7362-4cb1-8ea9-2fa6d628f7b5 info CLOUD: not started
2020-10-16T00:41:44-04:00 ci=3a11f697-7362-4cb1-8ea9-2fa6d628f7b5 info CLOUD: not started
2020-10-16T00:41:49-04:00 ci=3a11f697-7362-4cb1-8ea9-2fa6d628f7b5 info CLOUD: not started
2020-10-16T00:41:55-04:00 ci=3a11f697-7362-4cb1-8ea9-2fa6d628f7b5 info CLOUD: not started
2020-10-16T00:42:00-04:00 ci=3a11f697-7362-4cb1-8ea9-2fa6d628f7b5 info CLOUD: not started
2020-10-16T00:42:05-04:00 ci=3a11f697-7362-4cb1-8ea9-2fa6d628f7b5 info CLOUD: not started
2020-10-16T00:42:10-04:00 ci=3a11f697-7362-4cb1-8ea9-2fa6d628f7b5 info CLOUD: not started
2020-10-16T00:42:15-04:00 ci=3a11f697-7362-4cb1-8ea9-2fa6d628f7b5 info CLOUD: not started
2020-10-16T00:42:20-04:00 ci=3a11f697-7362-4cb1-8ea9-2fa6d628f7b5 info CLOUD: not started
2020-10-16T00:42:25-04:00 ci=3a11f697-7362-4cb1-8ea9-2fa6d628f7b5 info CLOUD: not started
2020-10-16T00:42:30-04:00 ci=3a11f697-7362-4cb1-8ea9-2fa6d628f7b5 info CLOUD: not started
2020-10-16T00:42:35-04:00 ci=3a11f697-7362-4cb1-8ea9-2fa6d628f7b5 info CLOUD: not started
2020-10-16T00:42:40-04:00 ci=3a11f697-7362-4cb1-8ea9-2fa6d628f7b5 info CLOUD: not started
2020-10-16T00:42:45-04:00 ci=3a11f697-7362-4cb1-8ea9-2fa6d628f7b5 info CLOUD: not started
2020-10-16T00:42:50-04:00 ci=3a11f697-7362-4cb1-8ea9-2fa6d628f7b5 info CLOUD: not started
2020-10-16T00:42:55-04:00 ci=3a11f697-7362-4cb1-8ea9-2fa6d628f7b5 info CLOUD: not started
2020-10-16T00:43:00-04:00 ci=3a11f697-7362-4cb1-8ea9-2fa6d628f7b5 info CLOUD: not started
2020-10-16T00:43:05-04:00 ci=3a11f697-7362-4cb1-8ea9-2fa6d628f7b5 info CLOUD: not started
2020-10-16T00:43:10-04:00 ci=3a11f697-7362-4cb1-8ea9-2fa6d628f7b5 info CLOUD: not started
2020-10-16T00:43:15-04:00 ci=3a11f697-7362-4cb1-8ea9-2fa6d628f7b5 info CLOUD: not started
2020-10-16T00:43:20-04:00 ci=3a11f697-7362-4cb1-8ea9-2fa6d628f7b5 info CLOUD: not started
2020-10-16T00:43:25-04:00 ci=3a11f697-7362-4cb1-8ea9-2fa6d628f7b5 info CLOUD: not started
2020-10-16T00:43:30-04:00 ci=3a11f697-7362-4cb1-8ea9-2fa6d628f7b5 info CLOUD: not started
2020-10-16T00:43:35-04:00 ci=3a11f697-7362-4cb1-8ea9-2fa6d628f7b5 info CLOUD: not started
2020-10-16T00:43:40-04:00 ci=3a11f697-7362-4cb1-8ea9-2fa6d628f7b5 info CLOUD: not started
2020-10-16T00:43:45-04:00 ci=3a11f697-7362-4cb1-8ea9-2fa6d628f7b5 info CLOUD: not started
2020-10-16T00:43:50-04:00 ci=3a11f697-7362-4cb1-8ea9-2fa6d628f7b5 info CLOUD: not started
2020-10-16T00:43:55-04:00 ci=3a11f697-7362-4cb1-8ea9-2fa6d628f7b5 info CLOUD: not started
2020-10-16T00:44:00-04:00 ci=3a11f697-7362-4cb1-8ea9-2fa6d628f7b5 info CLOUD: not started
2020-10-16T00:44:05-04:00 ci=3a11f697-7362-4cb1-8ea9-2fa6d628f7b5 info CLOUD: not started
2020-10-16T00:44:10-04:00 ci=3a11f697-7362-4cb1-8ea9-2fa6d628f7b5 info CLOUD: not started
2020-10-16T00:44:15-04:00 ci=3a11f697-7362-4cb1-8ea9-2fa6d628f7b5 info CLOUD: not started
2020-10-16T00:44:20-04:00 ci=3a11f697-7362-4cb1-8ea9-2fa6d628f7b5 info CLOUD: not started
2020-10-16T00:44:25-04:00 ci=3a11f697-7362-4cb1-8ea9-2fa6d628f7b5 info CLOUD: not started
2020-10-16T00:44:30-04:00 ci=3a11f697-7362-4cb1-8ea9-2fa6d628f7b5 info CLOUD: not started
2020-10-16T00:44:35-04:00 ci=3a11f697-7362-4cb1-8ea9-2fa6d628f7b5 info CLOUD: not started
2020-10-16T00:44:40-04:00 ci=3a11f697-7362-4cb1-8ea9-2fa6d628f7b5 info CLOUD: not started
2020-10-16T00:44:45-04:00 ci=3a11f697-7362-4cb1-8ea9-2fa6d628f7b5 info CLOUD: not started
2020-10-16T00:44:50-04:00 ci=3a11f697-7362-4cb1-8ea9-2fa6d628f7b5 info CLOUD: not started
2020-10-16T00:44:55-04:00 ci=3a11f697-7362-4cb1-8ea9-2fa6d628f7b5 info CLOUD: not started
2020-10-16T00:45:00-04:00 ci=3a11f697-7362-4cb1-8ea9-2fa6d628f7b5 info CLOUD: not started
2020-10-16T00:45:05-04:00 ci=3a11f697-7362-4cb1-8ea9-2fa6d628f7b5 info CLOUD: not started
2020-10-16T00:45:10-04:00 ci=3a11f697-7362-4cb1-8ea9-2fa6d628f7b5 info CLOUD: not started
2020-10-16T00:45:15-04:00 ci=3a11f697-7362-4cb1-8ea9-2fa6d628f7b5 info CLOUD: not started
2020-10-16T00:45:20-04:00 ci=3a11f697-7362-4cb1-8ea9-2fa6d628f7b5 info CLOUD: not started
2020-10-16T00:45:25-04:00 ci=3a11f697-7362-4cb1-8ea9-2fa6d628f7b5 info CLOUD: not started
2020-10-16T00:45:30-04:00 ci=3a11f697-7362-4cb1-8ea9-2fa6d628f7b5 info CLOUD: not started
2020-10-16T00:45:35-04:00 ci=3a11f697-7362-4cb1-8ea9-2fa6d628f7b5 info CLOUD: not started
2020-10-16T00:45:40-04:00 ci=3a11f697-7362-4cb1-8ea9-2fa6d628f7b5 info CLOUD: not started
2020-10-16T00:45:45-04:00 ci=3a11f697-7362-4cb1-8ea9-2fa6d628f7b5 info CLOUD: not started
2020-10-16T00:45:50-04:00 ci=3a11f697-7362-4cb1-8ea9-2fa6d628f7b5 info CLOUD: not started
2020-10-16T00:45:55-04:00 ci=3a11f697-7362-4cb1-8ea9-2fa6d628f7b5 info CLOUD: not started
2020-10-16T00:46:00-04:00 ci=3a11f697-7362-4cb1-8ea9-2fa6d628f7b5 info CLOUD: not started
2020-10-16T00:46:05-04:00 ci=3a11f697-7362-4cb1-8ea9-2fa6d628f7b5 info CLOUD: not started
2020-10-16T00:46:10-04:00 ci=3a11f697-7362-4cb1-8ea9-2fa6d628f7b5 info CLOUD: not started
2020-10-16T00:46:15-04:00 ci=3a11f697-7362-4cb1-8ea9-2fa6d628f7b5 info CLOUD: not started
2020-10-16T00:46:20-04:00 ci=3a11f697-7362-4cb1-8ea9-2fa6d628f7b5 info CLOUD: not started
2020-10-16T00:46:25-04:00 ci=3a11f697-7362-4cb1-8ea9-2fa6d628f7b5 info CLOUD: not started
2020-10-16T00:46:30-04:00 ci=3a11f697-7362-4cb1-8ea9-2fa6d628f7b5 info CLOUD: not started
2020-10-16T00:46:35-04:00 ci=3a11f697-7362-4cb1-8ea9-2fa6d628f7b5 info CLOUD: not started
2020-10-16T00:46:40-04:00 ci=3a11f697-7362-4cb1-8ea9-2fa6d628f7b5 info CLOUD: not started
2020-10-16T00:46:45-04:00 ci=3a11f697-7362-4cb1-8ea9-2fa6d628f7b5 info CLOUD: not started
2020-10-16T00:46:50-04:00 ci=3a11f697-7362-4cb1-8ea9-2fa6d628f7b5 info CLOUD: not started
2020-10-16T00:46:55-04:00 ci=3a11f697-7362-4cb1-8ea9-2fa6d628f7b5 info CLOUD: not started
2020-10-16T00:47:00-04:00 ci=3a11f697-7362-4cb1-8ea9-2fa6d628f7b5 info CLOUD: not started
2020-10-16T00:47:05-04:00 ci=3a11f697-7362-4cb1-8ea9-2fa6d628f7b5 info CLOUD: not started
2020-10-16T00:47:10-04:00 ci=3a11f697-7362-4cb1-8ea9-2fa6d628f7b5 info CLOUD: not started
2020-10-16T00:47:15-04:00 ci=3a11f697-7362-4cb1-8ea9-2fa6d628f7b5 info CLOUD: not started
2020-10-16T00:47:20-04:00 ci=3a11f697-7362-4cb1-8ea9-2fa6d628f7b5 info CLOUD: not started
2020-10-16T00:47:25-04:00 ci=3a11f697-7362-4cb1-8ea9-2fa6d628f7b5 info CLOUD: not started
2020-10-16T00:47:30-04:00 ci=3a11f697-7362-4cb1-8ea9-2fa6d628f7b5 info CLOUD: not started
2020-10-16T00:47:35-04:00 ci=3a11f697-7362-4cb1-8ea9-2fa6d628f7b5 info CLOUD: not started
2020-10-16T00:47:40-04:00 ci=3a11f697-7362-4cb1-8ea9-2fa6d628f7b5 info CLOUD: not started
2020-10-16T00:47:45-04:00 ci=3a11f697-7362-4cb1-8ea9-2fa6d628f7b5 info CLOUD: not started
2020-10-16T00:47:50-04:00 ci=3a11f697-7362-4cb1-8ea9-2fa6d628f7b5 info CLOUD: not started
2020-10-16T00:47:55-04:00 ci=3a11f697-7362-4cb1-8ea9-2fa6d628f7b5 info CLOUD: not started
2020-10-16T00:48:00-04:00 ci=3a11f697-7362-4cb1-8ea9-2fa6d628f7b5 info CLOUD: not started
2020-10-16T00:48:05-04:00 ci=3a11f697-7362-4cb1-8ea9-2fa6d628f7b5 info CLOUD: not started
2020-10-16T00:48:10-04:00 ci=3a11f697-7362-4cb1-8ea9-2fa6d628f7b5 info CLOUD: not started
2020-10-16T00:48:15-04:00 ci=3a11f697-7362-4cb1-8ea9-2fa6d628f7b5 info CLOUD: not started
2020-10-16T00:48:20-04:00 ci=3a11f697-7362-4cb1-8ea9-2fa6d628f7b5 info CLOUD: not started
2020-10-16T00:48:25-04:00 ci=3a11f697-7362-4cb1-8ea9-2fa6d628f7b5 info CLOUD: not started
2020-10-16T00:48:30-04:00 ci=3a11f697-7362-4cb1-8ea9-2fa6d628f7b5 info CLOUD: not started
2020-10-16T00:48:35-04:00 ci=3a11f697-7362-4cb1-8ea9-2fa6d628f7b5 info CLOUD: not started
2020-10-16T00:48:40-04:00 ci=3a11f697-7362-4cb1-8ea9-2fa6d628f7b5 info CLOUD: not started
2020-10-16T00:48:45-04:00 ci=3a11f697-7362-4cb1-8ea9-2fa6d628f7b5 info CLOUD: not started
2020-10-16T00:48:50-04:00 ci=3a11f697-7362-4cb1-8ea9-2fa6d628f7b5 info CLOUD: not started
2020-10-16T00:48:55-04:00 ci=3a11f697-7362-4cb1-8ea9-2fa6d628f7b5 info CLOUD: not started
2020-10-16T00:49:00-04:00 ci=3a11f697-7362-4cb1-8ea9-2fa6d628f7b5 info CLOUD: not started
2020-10-16T00:49:05-04:00 ci=3a11f697-7362-4cb1-8ea9-2fa6d628f7b5 info CLOUD: not started
2020-10-16T00:49:10-04:00 ci=3a11f697-7362-4cb1-8ea9-2fa6d628f7b5 info CLOUD: not started
2020-10-16T00:49:16-04:00 ci=3a11f697-7362-4cb1-8ea9-2fa6d628f7b5 info CLOUD: not started
2020-10-16T00:49:21-04:00 ci=3a11f697-7362-4cb1-8ea9-2fa6d628f7b5 info CLOUD: not started
2020-10-16T00:49:26-04:00 ci=3a11f697-7362-4cb1-8ea9-2fa6d628f7b5 info CLOUD: not started
2020-10-16T00:49:31-04:00 ci=3a11f697-7362-4cb1-8ea9-2fa6d628f7b5 info CLOUD: not started
2020-10-16T00:49:36-04:00 ci=3a11f697-7362-4cb1-8ea9-2fa6d628f7b5 info CLOUD: not started
2020-10-16T00:49:41-04:00 ci=3a11f697-7362-4cb1-8ea9-2fa6d628f7b5 info CLOUD: not started
2020-10-16T00:49:46-04:00 ci=3a11f697-7362-4cb1-8ea9-2fa6d628f7b5 info CLOUD: not started
2020-10-16T00:49:51-04:00 ci=3a11f697-7362-4cb1-8ea9-2fa6d628f7b5 info CLOUD: not started
2020-10-16T00:49:56-04:00 ci=3a11f697-7362-4cb1-8ea9-2fa6d628f7b5 info CLOUD: not started
2020-10-16T00:50:01-04:00 ci=3a11f697-7362-4cb1-8ea9-2fa6d628f7b5 info CLOUD: not started
2020-10-16T00:50:06-04:00 ci=3a11f697-7362-4cb1-8ea9-2fa6d628f7b5 info CLOUD: not started
2020-10-16T00:50:11-04:00 ci=3a11f697-7362-4cb1-8ea9-2fa6d628f7b5 info CLOUD: not started
2020-10-16T00:50:16-04:00 ci=3a11f697-7362-4cb1-8ea9-2fa6d628f7b5 info CLOUD: not started
2020-10-16T00:50:21-04:00 ci=3a11f697-7362-4cb1-8ea9-2fa6d628f7b5 info CLOUD: not started
2020-10-16T00:50:26-04:00 ci=3a11f697-7362-4cb1-8ea9-2fa6d628f7b5 info CLOUD: not started
2020-10-16T00:50:31-04:00 ci=3a11f697-7362-4cb1-8ea9-2fa6d628f7b5 info CLOUD: not started
2020-10-16T00:50:36-04:00 ci=3a11f697-7362-4cb1-8ea9-2fa6d628f7b5 info CLOUD: not started
2020-10-16T00:50:41-04:00 ci=3a11f697-7362-4cb1-8ea9-2fa6d628f7b5 info CLOUD: not started
2020-10-16T00:50:46-04:00 ci=3a11f697-7362-4cb1-8ea9-2fa6d628f7b5 info CLOUD: not started
2020-10-16T00:50:51-04:00 ci=3a11f697-7362-4cb1-8ea9-2fa6d628f7b5 info CLOUD: not started
2020-10-16T00:50:56-04:00 ci=3a11f697-7362-4cb1-8ea9-2fa6d628f7b5 info CLOUD: not started
2020-10-16T00:51:01-04:00 ci=3a11f697-7362-4cb1-8ea9-2fa6d628f7b5 info CLOUD: not started
2020-10-16T00:51:06-04:00 ci=3a11f697-7362-4cb1-8ea9-2fa6d628f7b5 info CLOUD: not started
2020-10-16T00:51:11-04:00 ci=3a11f697-7362-4cb1-8ea9-2fa6d628f7b5 info CLOUD: not started
2020-10-16T00:51:16-04:00 ci=3a11f697-7362-4cb1-8ea9-2fa6d628f7b5 info CLOUD: not started
2020-10-16T00:51:21-04:00 ci=3a11f697-7362-4cb1-8ea9-2fa6d628f7b5 info CLOUD: not started
2020-10-16T00:51:26-04:00 ci=3a11f697-7362-4cb1-8ea9-2fa6d628f7b5 info CLOUD: not started
2020-10-16T00:51:31-04:00 ci=3a11f697-7362-4cb1-8ea9-2fa6d628f7b5 info CLOUD: not started
2020-10-16T00:51:36-04:00 ci=3a11f697-7362-4cb1-8ea9-2fa6d628f7b5 info CLOUD: not started
2020-10-16T00:51:41-04:00 ci=3a11f697-7362-4cb1-8ea9-2fa6d628f7b5 info CLOUD: not started
2020-10-16T00:51:46-04:00 ci=3a11f697-7362-4cb1-8ea9-2fa6d628f7b5 info CLOUD: not started
2020-10-16T00:51:51-04:00 ci=3a11f697-7362-4cb1-8ea9-2fa6d628f7b5 info CLOUD: not started
2020-10-16T00:51:56-04:00 ci=3a11f697-7362-4cb1-8ea9-2fa6d628f7b5 info CLOUD: not started
2020-10-16T00:52:01-04:00 ci=3a11f697-7362-4cb1-8ea9-2fa6d628f7b5 info CLOUD: not started
2020-10-16T00:52:06-04:00 ci=3a11f697-7362-4cb1-8ea9-2fa6d628f7b5 info CLOUD: not started
2020-10-16T00:52:11-04:00 ci=3a11f697-7362-4cb1-8ea9-2fa6d628f7b5 info CLOUD: not started
2020-10-16T00:52:16-04:00 ci=3a11f697-7362-4cb1-8ea9-2fa6d628f7b5 info CLOUD: not started
2020-10-16T00:52:21-04:00 ci=3a11f697-7362-4cb1-8ea9-2fa6d628f7b5 info CLOUD: not started
2020-10-16T00:52:26-04:00 ci=3a11f697-7362-4cb1-8ea9-2fa6d628f7b5 info CLOUD: not started
2020-10-16T00:52:31-04:00 ci=3a11f697-7362-4cb1-8ea9-2fa6d628f7b5 info CLOUD: not started
2020-10-16T00:52:36-04:00 ci=3a11f697-7362-4cb1-8ea9-2fa6d628f7b5 info CLOUD: not started
2020-10-16T00:52:41-04:00 ci=3a11f697-7362-4cb1-8ea9-2fa6d628f7b5 info CLOUD: not started
2020-10-16T00:52:46-04:00 ci=3a11f697-7362-4cb1-8ea9-2fa6d628f7b5 info CLOUD: not started
2020-10-16T00:52:51-04:00 ci=3a11f697-7362-4cb1-8ea9-2fa6d628f7b5 info CLOUD: not started
2020-10-16T00:52:56-04:00 ci=3a11f697-7362-4cb1-8ea9-2fa6d628f7b5 info CLOUD: not started
2020-10-16T00:53:01-04:00 ci=3a11f697-7362-4cb1-8ea9-2fa6d628f7b5 info CLOUD: not started
2020-10-16T00:53:06-04:00 ci=3a11f697-7362-4cb1-8ea9-2fa6d628f7b5 info CLOUD: not started
2020-10-16T00:53:11-04:00 ci=3a11f697-7362-4cb1-8ea9-2fa6d628f7b5 info CLOUD: not started
2020-10-16T00:53:16-04:00 ci=3a11f697-7362-4cb1-8ea9-2fa6d628f7b5 info CLOUD: not started
2020-10-16T00:53:21-04:00 ci=3a11f697-7362-4cb1-8ea9-2fa6d628f7b5 info CLOUD: not started
2020-10-16T00:53:26-04:00 ci=3a11f697-7362-4cb1-8ea9-2fa6d628f7b5 info CLOUD: not started
2020-10-16T00:53:31-04:00 ci=3a11f697-7362-4cb1-8ea9-2fa6d628f7b5 info CLOUD: not started
2020-10-16T00:53:36-04:00 ci=3a11f697-7362-4cb1-8ea9-2fa6d628f7b5 info CLOUD: not started
2020-10-16T00:53:41-04:00 ci=3a11f697-7362-4cb1-8ea9-2fa6d628f7b5 info CLOUD: not started
2020-10-16T00:53:46-04:00 ci=3a11f697-7362-4cb1-8ea9-2fa6d628f7b5 info CLOUD: not started
2020-10-16T00:53:51-04:00 ci=3a11f697-7362-4cb1-8ea9-2fa6d628f7b5 info CLOUD: not started
2020-10-16T00:53:56-04:00 ci=3a11f697-7362-4cb1-8ea9-2fa6d628f7b5 info CLOUD: not started
2020-10-16T00:54:01-04:00 ci=3a11f697-7362-4cb1-8ea9-2fa6d628f7b5 info CLOUD: not started
2020-10-16T00:54:06-04:00 ci=3a11f697-7362-4cb1-8ea9-2fa6d628f7b5 info CLOUD: not started
2020-10-16T00:54:11-04:00 ci=3a11f697-7362-4cb1-8ea9-2fa6d628f7b5 info CLOUD: not started
2020-10-16T00:54:16-04:00 ci=3a11f697-7362-4cb1-8ea9-2fa6d628f7b5 info CLOUD: not started
2020-10-16T00:54:21-04:00 ci=3a11f697-7362-4cb1-8ea9-2fa6d628f7b5 info CLOUD: not started
2020-10-16T00:54:26-04:00 ci=3a11f697-7362-4cb1-8ea9-2fa6d628f7b5 info CLOUD: not started
2020-10-16T00:54:31-04:00 ci=3a11f697-7362-4cb1-8ea9-2fa6d628f7b5 info CLOUD: not started
2020-10-16T00:54:36-04:00 ci=3a11f697-7362-4cb1-8ea9-2fa6d628f7b5 info CLOUD: not started
2020-10-16T00:54:41-04:00 ci=3a11f697-7362-4cb1-8ea9-2fa6d628f7b5 info CLOUD: not started
2020-10-16T00:54:46-04:00 ci=3a11f697-7362-4cb1-8ea9-2fa6d628f7b5 info CLOUD: not started
2020-10-16T00:54:51-04:00 ci=3a11f697-7362-4cb1-8ea9-2fa6d628f7b5 info CLOUD: not started
2020-10-16T00:54:56-04:00 ci=3a11f697-7362-4cb1-8ea9-2fa6d628f7b5 info CLOUD: not started
2020-10-16T00:55:01-04:00 ci=3a11f697-7362-4cb1-8ea9-2fa6d628f7b5 info CLOUD: not started
2020-10-16T00:55:06-04:00 ci=3a11f697-7362-4cb1-8ea9-2fa6d628f7b5 info CLOUD: not started
2020-10-16T00:55:11-04:00 ci=3a11f697-7362-4cb1-8ea9-2fa6d628f7b5 info CLOUD: not started
2020-10-16T00:55:16-04:00 ci=3a11f697-7362-4cb1-8ea9-2fa6d628f7b5 info CLOUD: not started
2020-10-16T00:55:21-04:00 ci=3a11f697-7362-4cb1-8ea9-2fa6d628f7b5 info CLOUD: not started
2020-10-16T00:55:26-04:00 ci=3a11f697-7362-4cb1-8ea9-2fa6d628f7b5 info CLOUD: not started
2020-10-16T00:55:31-04:00 ci=3a11f697-7362-4cb1-8ea9-2fa6d628f7b5 info CLOUD: not started
2020-10-16T00:55:36-04:00 ci=3a11f697-7362-4cb1-8ea9-2fa6d628f7b5 info CLOUD: not started
2020-10-16T00:55:41-04:00 ci=3a11f697-7362-4cb1-8ea9-2fa6d628f7b5 info CLOUD: not started
2020-10-16T00:55:46-04:00 ci=3a11f697-7362-4cb1-8ea9-2fa6d628f7b5 info CLOUD: not started
2020-10-16T00:55:51-04:00 ci=3a11f697-7362-4cb1-8ea9-2fa6d628f7b5 info CLOUD: not started
2020-10-16T00:55:56-04:00 ci=3a11f697-7362-4cb1-8ea9-2fa6d628f7b5 info CLOUD: not started
2020-10-16T00:56:01-04:00 ci=3a11f697-7362-4cb1-8ea9-2fa6d628f7b5 info CLOUD: not started
2020-10-16T00:56:06-04:00 ci=3a11f697-7362-4cb1-8ea9-2fa6d628f7b5 info CLOUD: not started
2020-10-16T00:56:11-04:00 ci=3a11f697-7362-4cb1-8ea9-2fa6d628f7b5 info CLOUD: not started
2020-10-16T00:56:16-04:00 ci=3a11f697-7362-4cb1-8ea9-2fa6d628f7b5 info CLOUD: not started
2020-10-16T00:56:22-04:00 ci=3a11f697-7362-4cb1-8ea9-2fa6d628f7b5 info CLOUD: not started
2020-10-16T00:56:27-04:00 ci=3a11f697-7362-4cb1-8ea9-2fa6d628f7b5 info CLOUD: not started
2020-10-16T00:56:32-04:00 ci=3a11f697-7362-4cb1-8ea9-2fa6d628f7b5 info CLOUD: not started
2020-10-16T00:56:37-04:00 ci=3a11f697-7362-4cb1-8ea9-2fa6d628f7b5 info CLOUD: not started
2020-10-16T00:56:42-04:00 ci=3a11f697-7362-4cb1-8ea9-2fa6d628f7b5 info CLOUD: not started
2020-10-16T00:56:47-04:00 ci=3a11f697-7362-4cb1-8ea9-2fa6d628f7b5 info CLOUD: not started
2020-10-16T00:56:52-04:00 ci=3a11f697-7362-4cb1-8ea9-2fa6d628f7b5 info CLOUD: not started
2020-10-16T00:56:57-04:00 ci=3a11f697-7362-4cb1-8ea9-2fa6d628f7b5 info CLOUD: not started
2020-10-16T00:57:02-04:00 ci=3a11f697-7362-4cb1-8ea9-2fa6d628f7b5 info CLOUD: not started
2020-10-16T00:57:07-04:00 ci=3a11f697-7362-4cb1-8ea9-2fa6d628f7b5 info CLOUD: not started
2020-10-16T00:57:12-04:00 ci=3a11f697-7362-4cb1-8ea9-2fa6d628f7b5 info CLOUD: not started
2020-10-16T00:57:17-04:00 ci=3a11f697-7362-4cb1-8ea9-2fa6d628f7b5 info CLOUD: not started
2020-10-16T00:57:22-04:00 ci=3a11f697-7362-4cb1-8ea9-2fa6d628f7b5 info CLOUD: not started
2020-10-16T00:57:27-04:00 ci=3a11f697-7362-4cb1-8ea9-2fa6d628f7b5 info CLOUD: not started
2020-10-16T00:57:32-04:00 ci=3a11f697-7362-4cb1-8ea9-2fa6d628f7b5 info CLOUD: not started
2020-10-16T00:57:37-04:00 ci=3a11f697-7362-4cb1-8ea9-2fa6d628f7b5 info CLOUD: not started
2020-10-16T00:57:42-04:00 ci=3a11f697-7362-4cb1-8ea9-2fa6d628f7b5 info CLOUD: not started
2020-10-16T00:57:47-04:00 ci=3a11f697-7362-4cb1-8ea9-2fa6d628f7b5 info CLOUD: not started
2020-10-16T00:57:52-04:00 ci=3a11f697-7362-4cb1-8ea9-2fa6d628f7b5 info CLOUD: not started
2020-10-16T00:57:57-04:00 ci=3a11f697-7362-4cb1-8ea9-2fa6d628f7b5 info CLOUD: not started
2020-10-16T00:58:02-04:00 ci=3a11f697-7362-4cb1-8ea9-2fa6d628f7b5 info CLOUD: not started
2020-10-16T00:58:07-04:00 ci=3a11f697-7362-4cb1-8ea9-2fa6d628f7b5 info CLOUD: not started
2020-10-16T00:58:12-04:00 ci=3a11f697-7362-4cb1-8ea9-2fa6d628f7b5 info CLOUD: not started
2020-10-16T00:58:17-04:00 ci=3a11f697-7362-4cb1-8ea9-2fa6d628f7b5 info CLOUD: not started
2020-10-16T00:58:22-04:00 ci=3a11f697-7362-4cb1-8ea9-2fa6d628f7b5 info CLOUD: not started
2020-10-16T00:58:27-04:00 ci=3a11f697-7362-4cb1-8ea9-2fa6d628f7b5 info CLOUD: not started
2020-10-16T00:58:32-04:00 ci=3a11f697-7362-4cb1-8ea9-2fa6d628f7b5 info CLOUD: not started
2020-10-16T00:58:37-04:00 ci=3a11f697-7362-4cb1-8ea9-2fa6d628f7b5 info CLOUD: not started
2020-10-16T00:58:42-04:00 ci=3a11f697-7362-4cb1-8ea9-2fa6d628f7b5 info CLOUD: not started
2020-10-16T00:58:47-04:00 ci=3a11f697-7362-4cb1-8ea9-2fa6d628f7b5 info CLOUD: not started
2020-10-16T00:58:52-04:00 ci=3a11f697-7362-4cb1-8ea9-2fa6d628f7b5 info CLOUD: not started
2020-10-16T00:58:57-04:00 ci=3a11f697-7362-4cb1-8ea9-2fa6d628f7b5 info CLOUD: not started
2020-10-16T00:59:02-04:00 ci=3a11f697-7362-4cb1-8ea9-2fa6d628f7b5 info CLOUD: not started
2020-10-16T00:59:07-04:00 ci=3a11f697-7362-4cb1-8ea9-2fa6d628f7b5 info CLOUD: not started
2020-10-16T00:59:12-04:00 ci=3a11f697-7362-4cb1-8ea9-2fa6d628f7b5 info CLOUD: not started
2020-10-16T00:59:17-04:00 ci=3a11f697-7362-4cb1-8ea9-2fa6d628f7b5 info CLOUD: not started
2020-10-16T00:59:22-04:00 ci=3a11f697-7362-4cb1-8ea9-2fa6d628f7b5 info CLOUD: not started
2020-10-16T00:59:27-04:00 ci=3a11f697-7362-4cb1-8ea9-2fa6d628f7b5 info CLOUD: not started
2020-10-16T00:59:32-04:00 ci=3a11f697-7362-4cb1-8ea9-2fa6d628f7b5 info CLOUD: not started
2020-10-16T00:59:37-04:00 ci=3a11f697-7362-4cb1-8ea9-2fa6d628f7b5 info CLOUD: not started
2020-10-16T00:59:42-04:00 ci=3a11f697-7362-4cb1-8ea9-2fa6d628f7b5 info CLOUD: not started
2020-10-16T00:59:47-04:00 ci=3a11f697-7362-4cb1-8ea9-2fa6d628f7b5 info CLOUD: not started
2020-10-16T00:59:52-04:00 ci=3a11f697-7362-4cb1-8ea9-2fa6d628f7b5 info CLOUD: not started
2020-10-16T00:59:57-04:00 ci=3a11f697-7362-4cb1-8ea9-2fa6d628f7b5 info CLOUD: not started
