2020-08-08T08:54:53-04:00 ci=3a11f697-7362-4cb1-8ea9-2fa6d628f7b5 info {
  "notification": {
    "context": [
      {
        "model": {
          "_class": "com.wdc.portal.model.App",
          "appId": "com.wdc.branded.kamino",
          "name": "My Cloud Desktop",
          "statusMessage": "Version: 2.1.0.246",
          "icon": "file:///C:/Program%20Files/WD%20Desktop%20App/app.svg",
          "iconHover": "file:///C:/Program%20Files/WD%20Desktop%20App/app_active.svg",
          "version": "2.1.0.246",
          "openAction": {
            "_class": "com.wdc.smb.action.Deeplink",
            "label": "Open",
            "url": "wddiscovery://kamino/login"
          }
        }
      }
    ],
    "type": "com.wdc.portal.app.post"
  },
  "sourceId": "com.wdc.branded.kamino"
}
2020-08-08T08:55:00-04:00 ci=3a11f697-7362-4cb1-8ea9-2fa6d628f7b5 info {
  "notification": {
    "context": [
      {
        "model": {
          "_class": "com.wdc.portal.model.App",
          "appId": "com.wdc.branded.kamino",
          "name": "My Cloud Desktop",
          "statusMessage": "Version: 2.1.0.246",
          "icon": "file:///C:/Program%20Files/WD%20Desktop%20App/app.svg",
          "iconHover": "file:///C:/Program%20Files/WD%20Desktop%20App/app_active.svg",
          "version": "2.1.0.246",
          "openAction": {
            "_class": "com.wdc.smb.action.Deeplink",
            "label": "Open",
            "url": "wddiscovery://kamino/login"
          }
        }
      }
    ],
    "type": "com.wdc.portal.app.post"
  },
  "sourceId": "com.wdc.branded.kamino"
}
