2020-06-18T19:25:43-04:00 ci=3a11f697-7362-4cb1-8ea9-2fa6d628f7b5 info {
  "sourceId": "driveagent.apps.wdc.com",
  "sourceName": "WD Device Agent",
  "priority": 1,
  "notification": {
    "type": "com.wdc.portal.device.delete",
    "context": [
      {
        "model": {
          "name": "Storage Media",
          "deviceId": "USB_054C_02A5_9B3001402280025114",
          "_class": "com.wdc.portal.model.Device",
          "type": "USB_054C_02A5",
          "serial": "9B3001402280025114",
          "capacity": "7801404928",
          "firmware": "100",
          "hasPassword": false,
          "isLocked": false,
          "volumes": [
            {
              "readOnly": false,
              "isDriverInstallationRequired": false,
              "hasTimeMachineBackup": false,
              "capacity": "7796162560",
              "spaceAvailable": "0.3030262273032952",
              "volumeName": "RABSHRED (D:)",
              "url": "RABSHRED (D:)",
              "label": "RABSHRED (D:)",
              "openAction": {
                "label": "Open",
                "_class": "com.wdc.smb.action.OpenLocation",
                "url": "D:\\"
              }
            }
          ],
          "mountPoints": [
            {
              "mountPoint": "D"
            }
          ]
        }
      }
    ]
  }
}
