2020-06-16T15:47:38-04:00 ci=3a11f697-7362-4cb1-8ea9-2fa6d628f7b5 info {
  "sourceId": "driveagent.apps.wdc.com",
  "sourceName": "WD Device Agent",
  "priority": 1,
  "notification": {
    "type": "com.wdc.portal.device.put",
    "context": [
      {
        "model": {
          "name": "My Passport",
          "deviceId": "USB_1058_25E1_WX71AA86EY8R",
          "_class": "com.wdc.portal.model.Device",
          "type": "USB_1058_25E1",
          "serial": "WX71AA86EY8R",
          "capacity": "1000170585600",
          "firmware": "1021",
          "hasPassword": false,
          "isLocked": false,
          "volumes": [],
          "mountPoints": []
        }
      }
    ]
  }
}
2020-06-16T15:47:38-04:00 ci=3a11f697-7362-4cb1-8ea9-2fa6d628f7b5 info {
  "sourceId": "driveagent.apps.wdc.com",
  "sourceName": "WD Device Agent",
  "priority": 1,
  "notification": {
    "type": "com.wdc.portal.device.put",
    "context": [
      {
        "model": {
          "name": "My Passport",
          "deviceId": "USB_1058_25E1_WX71AA86EY8R",
          "_class": "com.wdc.portal.model.Device",
          "type": "USB_1058_25E1",
          "serial": "WX71AA86EY8R",
          "capacity": "1000170585600",
          "firmware": "1021",
          "hasPassword": false,
          "isLocked": false,
          "volumes": [
            {
              "readOnly": false,
              "isDriverInstallationRequired": false,
              "hasTimeMachineBackup": false,
              "capacity": "1000167440384",
              "spaceAvailable": "0.60404535799730352",
              "volumeName": "My Passport (E:)",
              "url": "My Passport (E:)",
              "label": "My Passport (E:)",
              "openAction": {
                "label": "Open",
                "_class": "com.wdc.smb.action.OpenLocation",
                "url": "E:\\"
              }
            }
          ],
          "mountPoints": [
            {
              "mountPoint": "E"
            }
          ]
        }
      }
    ]
  }
}
2020-06-16T15:47:45-04:00 ci=3a11f697-7362-4cb1-8ea9-2fa6d628f7b5 info {
  "sourceId": "driveagent.apps.wdc.com",
  "sourceName": "WD Device Agent",
  "priority": 1,
  "notification": {
    "type": "com.wdc.portal.device.post",
    "context": [
      {
        "model": {
          "name": "Storage Media",
          "deviceId": "USB_054C_02A5_9B3001402280025114",
          "_class": "com.wdc.portal.model.Device",
          "type": "USB_054C_02A5",
          "serial": "9B3001402280025114",
          "capacity": "7801404928",
          "firmware": "100",
          "hasPassword": false,
          "isLocked": false,
          "volumes": [],
          "mountPoints": []
        }
      }
    ]
  }
}
2020-06-16T15:47:45-04:00 ci=3a11f697-7362-4cb1-8ea9-2fa6d628f7b5 info {
  "sourceId": "driveagent.apps.wdc.com",
  "sourceName": "WD Device Agent",
  "priority": 1,
  "notification": {
    "type": "com.wdc.portal.device.put",
    "context": [
      {
        "model": {
          "name": "Storage Media",
          "deviceId": "USB_054C_02A5_9B3001402280025114",
          "_class": "com.wdc.portal.model.Device",
          "type": "USB_054C_02A5",
          "serial": "9B3001402280025114",
          "capacity": "7801404928",
          "firmware": "100",
          "hasPassword": false,
          "isLocked": false,
          "volumes": [
            {
              "readOnly": false,
              "isDriverInstallationRequired": false,
              "hasTimeMachineBackup": false,
              "capacity": "7796162560",
              "spaceAvailable": "0.35588433086751847",
              "volumeName": "RABSHRED (D:)",
              "url": "RABSHRED (D:)",
              "label": "RABSHRED (D:)",
              "openAction": {
                "label": "Open",
                "_class": "com.wdc.smb.action.OpenLocation",
                "url": "D:\\"
              }
            }
          ],
          "mountPoints": [
            {
              "mountPoint": "D"
            }
          ]
        }
      }
    ]
  }
}
