2020-06-16T17:36:20-04:00 ci=3a11f697-7362-4cb1-8ea9-2fa6d628f7b5 info {
  "sourceId": "driveagent.apps.wdc.com",
  "sourceName": "WD Device Agent",
  "priority": 1,
  "notification": {
    "type": "com.wdc.portal.device.delete",
    "context": [
      {
        "model": {
          "name": "My Passport",
          "deviceId": "USB_1058_25E1_WX71AA86EY8R",
          "_class": "com.wdc.portal.model.Device",
          "type": "USB_1058_25E1",
          "serial": "WX71AA86EY8R",
          "capacity": "1000170585600",
          "firmware": "1021",
          "hasPassword": false,
          "isLocked": false,
          "volumes": [
            {
              "readOnly": false,
              "isDriverInstallationRequired": false,
              "hasTimeMachineBackup": false,
              "capacity": "1000167440384",
              "spaceAvailable": "0.60404535799730352",
              "volumeName": "My Passport (E:)",
              "url": "My Passport (E:)",
              "label": "My Passport (E:)",
              "openAction": {
                "label": "Open",
                "_class": "com.wdc.smb.action.OpenLocation",
                "url": "E:\\"
              }
            }
          ],
          "mountPoints": [
            {
              "mountPoint": "E"
            }
          ]
        }
      }
    ]
  }
}
2020-06-16T17:36:20-04:00 ci=3a11f697-7362-4cb1-8ea9-2fa6d628f7b5 info {
  "sourceId": "driveagent.apps.wdc.com",
  "sourceName": "WD Device Agent",
  "priority": 1,
  "notification": {
    "type": "com.wdc.portal.device.post",
    "context": [
      {
        "model": {
          "name": "My Passport",
          "deviceId": "USB_1058_25E1_WX71AA86EY8R",
          "_class": "com.wdc.portal.model.Device",
          "type": "USB_1058_25E1",
          "serial": "WX71AA86EY8R",
          "capacity": "1000170585600",
          "firmware": "1021",
          "hasPassword": false,
          "isLocked": false,
          "volumes": [],
          "mountPoints": []
        }
      }
    ]
  }
}
2020-06-16T17:36:21-04:00 ci=3a11f697-7362-4cb1-8ea9-2fa6d628f7b5 info {
  "sourceId": "driveagent.apps.wdc.com",
  "sourceName": "WD Device Agent",
  "priority": 1,
  "notification": {
    "type": "com.wdc.portal.device.put",
    "context": [
      {
        "model": {
          "name": "My Passport",
          "deviceId": "USB_1058_25E1_WX71AA86EY8R",
          "_class": "com.wdc.portal.model.Device",
          "type": "USB_1058_25E1",
          "serial": "WX71AA86EY8R",
          "capacity": "1000170585600",
          "firmware": "1021",
          "hasPassword": false,
          "isLocked": false,
          "volumes": [
            {
              "readOnly": false,
              "isDriverInstallationRequired": false,
              "hasTimeMachineBackup": false,
              "capacity": "1000167440384",
              "spaceAvailable": "0.60404535799730352",
              "volumeName": "My Passport (E:)",
              "url": "My Passport (E:)",
              "label": "My Passport (E:)",
              "openAction": {
                "label": "Open",
                "_class": "com.wdc.smb.action.OpenLocation",
                "url": "E:\\"
              }
            }
          ],
          "mountPoints": [
            {
              "mountPoint": "E"
            }
          ]
        }
      }
    ]
  }
}
2020-06-16T17:36:33-04:00 ci=3a11f697-7362-4cb1-8ea9-2fa6d628f7b5 info {
  "sourceId": "driveagent.apps.wdc.com",
  "sourceName": "WD Device Agent",
  "priority": 1,
  "notification": {
    "type": "com.wdc.portal.device.delete",
    "context": [
      {
        "model": {
          "name": "My Passport",
          "deviceId": "USB_1058_25E1_WX71AA86EY8R",
          "_class": "com.wdc.portal.model.Device",
          "type": "USB_1058_25E1",
          "serial": "WX71AA86EY8R",
          "capacity": "1000170585600",
          "firmware": "1021",
          "hasPassword": false,
          "isLocked": false,
          "volumes": [
            {
              "readOnly": false,
              "isDriverInstallationRequired": false,
              "hasTimeMachineBackup": false,
              "capacity": "1000167440384",
              "spaceAvailable": "0.60404535799730352",
              "volumeName": "My Passport (E:)",
              "url": "My Passport (E:)",
              "label": "My Passport (E:)",
              "openAction": {
                "label": "Open",
                "_class": "com.wdc.smb.action.OpenLocation",
                "url": "E:\\"
              }
            }
          ],
          "mountPoints": [
            {
              "mountPoint": "E"
            }
          ]
        }
      }
    ]
  }
}
2020-06-16T17:39:27-04:00 ci=3a11f697-7362-4cb1-8ea9-2fa6d628f7b5 info {
  "sourceId": "driveagent.apps.wdc.com",
  "sourceName": "WD Device Agent",
  "priority": 1,
  "notification": {
    "type": "com.wdc.portal.device.put",
    "context": [
      {
        "model": {
          "name": "Storage Media",
          "deviceId": "USB_054C_02A5_9B3001402280025114",
          "_class": "com.wdc.portal.model.Device",
          "type": "USB_054C_02A5",
          "serial": "9B3001402280025114",
          "capacity": "7801404928",
          "firmware": "100",
          "hasPassword": false,
          "isLocked": false,
          "volumes": [
            {
              "readOnly": false,
              "isDriverInstallationRequired": false,
              "hasTimeMachineBackup": false,
              "capacity": "7796162560",
              "spaceAvailable": "0.35480833893745795",
              "volumeName": "RABSHRED (D:)",
              "url": "RABSHRED (D:)",
              "label": "RABSHRED (D:)",
              "openAction": {
                "label": "Open",
                "_class": "com.wdc.smb.action.OpenLocation",
                "url": "D:\\"
              }
            }
          ],
          "mountPoints": [
            {
              "mountPoint": "D"
            }
          ]
        }
      }
    ]
  }
}
2020-06-16T17:39:36-04:00 ci=3a11f697-7362-4cb1-8ea9-2fa6d628f7b5 info {
  "sourceId": "driveagent.apps.wdc.com",
  "sourceName": "WD Device Agent",
  "priority": 1,
  "notification": {
    "type": "com.wdc.portal.device.put",
    "context": [
      {
        "model": {
          "name": "Storage Media",
          "deviceId": "USB_054C_02A5_9B3001402280025114",
          "_class": "com.wdc.portal.model.Device",
          "type": "USB_054C_02A5",
          "serial": "9B3001402280025114",
          "capacity": "7801404928",
          "firmware": "100",
          "hasPassword": false,
          "isLocked": false,
          "volumes": [
            {
              "readOnly": false,
              "isDriverInstallationRequired": false,
              "hasTimeMachineBackup": false,
              "capacity": "7796162560",
              "spaceAvailable": "0.35440484196368527",
              "volumeName": "RABSHRED (D:)",
              "url": "RABSHRED (D:)",
              "label": "RABSHRED (D:)",
              "openAction": {
                "label": "Open",
                "_class": "com.wdc.smb.action.OpenLocation",
                "url": "D:\\"
              }
            }
          ],
          "mountPoints": [
            {
              "mountPoint": "D"
            }
          ]
        }
      }
    ]
  }
}
2020-06-16T17:39:57-04:00 ci=3a11f697-7362-4cb1-8ea9-2fa6d628f7b5 info {
  "sourceId": "driveagent.apps.wdc.com",
  "sourceName": "WD Device Agent",
  "priority": 1,
  "notification": {
    "type": "com.wdc.portal.device.put",
    "context": [
      {
        "model": {
          "name": "Storage Media",
          "deviceId": "USB_054C_02A5_9B3001402280025114",
          "_class": "com.wdc.portal.model.Device",
          "type": "USB_054C_02A5",
          "serial": "9B3001402280025114",
          "capacity": "7801404928",
          "firmware": "100",
          "hasPassword": false,
          "isLocked": false,
          "volumes": [
            {
              "readOnly": false,
              "isDriverInstallationRequired": false,
              "hasTimeMachineBackup": false,
              "capacity": "7796162560",
              "spaceAvailable": "0.35332885003362474",
              "volumeName": "RABSHRED (D:)",
              "url": "RABSHRED (D:)",
              "label": "RABSHRED (D:)",
              "openAction": {
                "label": "Open",
                "_class": "com.wdc.smb.action.OpenLocation",
                "url": "D:\\"
              }
            }
          ],
          "mountPoints": [
            {
              "mountPoint": "D"
            }
          ]
        }
      }
    ]
  }
}
2020-06-16T17:40:46-04:00 ci=3a11f697-7362-4cb1-8ea9-2fa6d628f7b5 info {
  "sourceId": "driveagent.apps.wdc.com",
  "sourceName": "WD Device Agent",
  "priority": 1,
  "notification": {
    "type": "com.wdc.portal.device.put",
    "context": [
      {
        "model": {
          "name": "Storage Media",
          "deviceId": "USB_054C_02A5_9B3001402280025114",
          "_class": "com.wdc.portal.model.Device",
          "type": "USB_054C_02A5",
          "serial": "9B3001402280025114",
          "capacity": "7801404928",
          "firmware": "100",
          "hasPassword": false,
          "isLocked": false,
          "volumes": [
            {
              "readOnly": false,
              "isDriverInstallationRequired": false,
              "hasTimeMachineBackup": false,
              "capacity": "7796162560",
              "spaceAvailable": "0.32790854068594488",
              "volumeName": "RABSHRED (D:)",
              "url": "RABSHRED (D:)",
              "label": "RABSHRED (D:)",
              "openAction": {
                "label": "Open",
                "_class": "com.wdc.smb.action.OpenLocation",
                "url": "D:\\"
              }
            }
          ],
          "mountPoints": [
            {
              "mountPoint": "D"
            }
          ]
        }
      }
    ]
  }
}
2020-06-16T17:40:51-04:00 ci=3a11f697-7362-4cb1-8ea9-2fa6d628f7b5 info {
  "sourceId": "driveagent.apps.wdc.com",
  "sourceName": "WD Device Agent",
  "priority": 1,
  "notification": {
    "type": "com.wdc.portal.device.put",
    "context": [
      {
        "model": {
          "name": "Storage Media",
          "deviceId": "USB_054C_02A5_9B3001402280025114",
          "_class": "com.wdc.portal.model.Device",
          "type": "USB_054C_02A5",
          "serial": "9B3001402280025114",
          "capacity": "7801404928",
          "firmware": "100",
          "hasPassword": false,
          "isLocked": false,
          "volumes": [
            {
              "readOnly": false,
              "isDriverInstallationRequired": false,
              "hasTimeMachineBackup": false,
              "capacity": "7796162560",
              "spaceAvailable": "0.32373907195696033",
              "volumeName": "RABSHRED (D:)",
              "url": "RABSHRED (D:)",
              "label": "RABSHRED (D:)",
              "openAction": {
                "label": "Open",
                "_class": "com.wdc.smb.action.OpenLocation",
                "url": "D:\\"
              }
            }
          ],
          "mountPoints": [
            {
              "mountPoint": "D"
            }
          ]
        }
      }
    ]
  }
}
2020-06-16T17:41:11-04:00 ci=3a11f697-7362-4cb1-8ea9-2fa6d628f7b5 info {
  "sourceId": "driveagent.apps.wdc.com",
  "sourceName": "WD Device Agent",
  "priority": 1,
  "notification": {
    "type": "com.wdc.portal.device.put",
    "context": [
      {
        "model": {
          "name": "Storage Media",
          "deviceId": "USB_054C_02A5_9B3001402280025114",
          "_class": "com.wdc.portal.model.Device",
          "type": "USB_054C_02A5",
          "serial": "9B3001402280025114",
          "capacity": "7801404928",
          "firmware": "100",
          "hasPassword": false,
          "isLocked": false,
          "volumes": [
            {
              "readOnly": false,
              "isDriverInstallationRequired": false,
              "hasTimeMachineBackup": false,
              "capacity": "7796162560",
              "spaceAvailable": "0.33718897108271689",
              "volumeName": "RABSHRED (D:)",
              "url": "RABSHRED (D:)",
              "label": "RABSHRED (D:)",
              "openAction": {
                "label": "Open",
                "_class": "com.wdc.smb.action.OpenLocation",
                "url": "D:\\"
              }
            }
          ],
          "mountPoints": [
            {
              "mountPoint": "D"
            }
          ]
        }
      }
    ]
  }
}
2020-06-16T17:41:17-04:00 ci=3a11f697-7362-4cb1-8ea9-2fa6d628f7b5 info {
  "sourceId": "driveagent.apps.wdc.com",
  "sourceName": "WD Device Agent",
  "priority": 1,
  "notification": {
    "type": "com.wdc.portal.device.put",
    "context": [
      {
        "model": {
          "name": "Storage Media",
          "deviceId": "USB_054C_02A5_9B3001402280025114",
          "_class": "com.wdc.portal.model.Device",
          "type": "USB_054C_02A5",
          "serial": "9B3001402280025114",
          "capacity": "7801404928",
          "firmware": "100",
          "hasPassword": false,
          "isLocked": false,
          "volumes": [
            {
              "readOnly": false,
              "isDriverInstallationRequired": false,
              "hasTimeMachineBackup": false,
              "capacity": "7796162560",
              "spaceAvailable": "0.31015467383994622",
              "volumeName": "RABSHRED (D:)",
              "url": "RABSHRED (D:)",
              "label": "RABSHRED (D:)",
              "openAction": {
                "label": "Open",
                "_class": "com.wdc.smb.action.OpenLocation",
                "url": "D:\\"
              }
            }
          ],
          "mountPoints": [
            {
              "mountPoint": "D"
            }
          ]
        }
      }
    ]
  }
}
2020-06-16T17:41:21-04:00 ci=3a11f697-7362-4cb1-8ea9-2fa6d628f7b5 info {
  "sourceId": "driveagent.apps.wdc.com",
  "sourceName": "WD Device Agent",
  "priority": 1,
  "notification": {
    "type": "com.wdc.portal.device.put",
    "context": [
      {
        "model": {
          "name": "Storage Media",
          "deviceId": "USB_054C_02A5_9B3001402280025114",
          "_class": "com.wdc.portal.model.Device",
          "type": "USB_054C_02A5",
          "serial": "9B3001402280025114",
          "capacity": "7801404928",
          "firmware": "100",
          "hasPassword": false,
          "isLocked": false,
          "volumes": [
            {
              "readOnly": false,
              "isDriverInstallationRequired": false,
              "hasTimeMachineBackup": false,
              "capacity": "7796162560",
              "spaceAvailable": "0.3078681909885676",
              "volumeName": "RABSHRED (D:)",
              "url": "RABSHRED (D:)",
              "label": "RABSHRED (D:)",
              "openAction": {
                "label": "Open",
                "_class": "com.wdc.smb.action.OpenLocation",
                "url": "D:\\"
              }
            }
          ],
          "mountPoints": [
            {
              "mountPoint": "D"
            }
          ]
        }
      }
    ]
  }
}
2020-06-16T17:41:26-04:00 ci=3a11f697-7362-4cb1-8ea9-2fa6d628f7b5 info {
  "sourceId": "driveagent.apps.wdc.com",
  "sourceName": "WD Device Agent",
  "priority": 1,
  "notification": {
    "type": "com.wdc.portal.device.put",
    "context": [
      {
        "model": {
          "name": "Storage Media",
          "deviceId": "USB_054C_02A5_9B3001402280025114",
          "_class": "com.wdc.portal.model.Device",
          "type": "USB_054C_02A5",
          "serial": "9B3001402280025114",
          "capacity": "7801404928",
          "firmware": "100",
          "hasPassword": false,
          "isLocked": false,
          "volumes": [
            {
              "readOnly": false,
              "isDriverInstallationRequired": false,
              "hasTimeMachineBackup": false,
              "capacity": "7796162560",
              "spaceAvailable": "0.30611970410221923",
              "volumeName": "RABSHRED (D:)",
              "url": "RABSHRED (D:)",
              "label": "RABSHRED (D:)",
              "openAction": {
                "label": "Open",
                "_class": "com.wdc.smb.action.OpenLocation",
                "url": "D:\\"
              }
            }
          ],
          "mountPoints": [
            {
              "mountPoint": "D"
            }
          ]
        }
      }
    ]
  }
}
2020-06-16T17:41:31-04:00 ci=3a11f697-7362-4cb1-8ea9-2fa6d628f7b5 info {
  "sourceId": "driveagent.apps.wdc.com",
  "sourceName": "WD Device Agent",
  "priority": 1,
  "notification": {
    "type": "com.wdc.portal.device.put",
    "context": [
      {
        "model": {
          "name": "Storage Media",
          "deviceId": "USB_054C_02A5_9B3001402280025114",
          "_class": "com.wdc.portal.model.Device",
          "type": "USB_054C_02A5",
          "serial": "9B3001402280025114",
          "capacity": "7801404928",
          "firmware": "100",
          "hasPassword": false,
          "isLocked": false,
          "volumes": [
            {
              "readOnly": false,
              "isDriverInstallationRequired": false,
              "hasTimeMachineBackup": false,
              "capacity": "7796162560",
              "spaceAvailable": "0.32790854068594488",
              "volumeName": "RABSHRED (D:)",
              "url": "RABSHRED (D:)",
              "label": "RABSHRED (D:)",
              "openAction": {
                "label": "Open",
                "_class": "com.wdc.smb.action.OpenLocation",
                "url": "D:\\"
              }
            }
          ],
          "mountPoints": [
            {
              "mountPoint": "D"
            }
          ]
        }
      }
    ]
  }
}
2020-06-16T17:41:37-04:00 ci=3a11f697-7362-4cb1-8ea9-2fa6d628f7b5 info {
  "sourceId": "driveagent.apps.wdc.com",
  "sourceName": "WD Device Agent",
  "priority": 1,
  "notification": {
    "type": "com.wdc.portal.device.put",
    "context": [
      {
        "model": {
          "name": "Storage Media",
          "deviceId": "USB_054C_02A5_9B3001402280025114",
          "_class": "com.wdc.portal.model.Device",
          "type": "USB_054C_02A5",
          "serial": "9B3001402280025114",
          "capacity": "7801404928",
          "firmware": "100",
          "hasPassword": false,
          "isLocked": false,
          "volumes": [
            {
              "readOnly": false,
              "isDriverInstallationRequired": false,
              "hasTimeMachineBackup": false,
              "capacity": "7796162560",
              "spaceAvailable": "0.31728312037659717",
              "volumeName": "RABSHRED (D:)",
              "url": "RABSHRED (D:)",
              "label": "RABSHRED (D:)",
              "openAction": {
                "label": "Open",
                "_class": "com.wdc.smb.action.OpenLocation",
                "url": "D:\\"
              }
            }
          ],
          "mountPoints": [
            {
              "mountPoint": "D"
            }
          ]
        }
      }
    ]
  }
}
2020-06-16T17:44:21-04:00 ci=3a11f697-7362-4cb1-8ea9-2fa6d628f7b5 info {
  "sourceId": "driveagent.apps.wdc.com",
  "sourceName": "WD Device Agent",
  "priority": 1,
  "notification": {
    "type": "com.wdc.portal.device.put",
    "context": [
      {
        "model": {
          "name": "Storage Media",
          "deviceId": "USB_054C_02A5_9B3001402280025114",
          "_class": "com.wdc.portal.model.Device",
          "type": "USB_054C_02A5",
          "serial": "9B3001402280025114",
          "capacity": "7801404928",
          "firmware": "100",
          "hasPassword": false,
          "isLocked": false,
          "volumes": [
            {
              "readOnly": false,
              "isDriverInstallationRequired": false,
              "hasTimeMachineBackup": false,
              "capacity": "7796162560",
              "spaceAvailable": "0.31271015467383995",
              "volumeName": "RABSHRED (D:)",
              "url": "RABSHRED (D:)",
              "label": "RABSHRED (D:)",
              "openAction": {
                "label": "Open",
                "_class": "com.wdc.smb.action.OpenLocation",
                "url": "D:\\"
              }
            }
          ],
          "mountPoints": [
            {
              "mountPoint": "D"
            }
          ]
        }
      }
    ]
  }
}
2020-06-16T17:44:26-04:00 ci=3a11f697-7362-4cb1-8ea9-2fa6d628f7b5 info {
  "sourceId": "driveagent.apps.wdc.com",
  "sourceName": "WD Device Agent",
  "priority": 1,
  "notification": {
    "type": "com.wdc.portal.device.put",
    "context": [
      {
        "model": {
          "name": "Storage Media",
          "deviceId": "USB_054C_02A5_9B3001402280025114",
          "_class": "com.wdc.portal.model.Device",
          "type": "USB_054C_02A5",
          "serial": "9B3001402280025114",
          "capacity": "7801404928",
          "firmware": "100",
          "hasPassword": false,
          "isLocked": false,
          "volumes": [
            {
              "readOnly": false,
              "isDriverInstallationRequired": false,
              "hasTimeMachineBackup": false,
              "capacity": "7796162560",
              "spaceAvailable": "0.31042367182246133",
              "volumeName": "RABSHRED (D:)",
              "url": "RABSHRED (D:)",
              "label": "RABSHRED (D:)",
              "openAction": {
                "label": "Open",
                "_class": "com.wdc.smb.action.OpenLocation",
                "url": "D:\\"
              }
            }
          ],
          "mountPoints": [
            {
              "mountPoint": "D"
            }
          ]
        }
      }
    ]
  }
}
2020-06-16T17:44:31-04:00 ci=3a11f697-7362-4cb1-8ea9-2fa6d628f7b5 info {
  "sourceId": "driveagent.apps.wdc.com",
  "sourceName": "WD Device Agent",
  "priority": 1,
  "notification": {
    "type": "com.wdc.portal.device.put",
    "context": [
      {
        "model": {
          "name": "Storage Media",
          "deviceId": "USB_054C_02A5_9B3001402280025114",
          "_class": "com.wdc.portal.model.Device",
          "type": "USB_054C_02A5",
          "serial": "9B3001402280025114",
          "capacity": "7801404928",
          "firmware": "100",
          "hasPassword": false,
          "isLocked": false,
          "volumes": [
            {
              "readOnly": false,
              "isDriverInstallationRequired": false,
              "hasTimeMachineBackup": false,
              "capacity": "7796162560",
              "spaceAvailable": "0.31284465366509751",
              "volumeName": "RABSHRED (D:)",
              "url": "RABSHRED (D:)",
              "label": "RABSHRED (D:)",
              "openAction": {
                "label": "Open",
                "_class": "com.wdc.smb.action.OpenLocation",
                "url": "D:\\"
              }
            }
          ],
          "mountPoints": [
            {
              "mountPoint": "D"
            }
          ]
        }
      }
    ]
  }
}
2020-06-16T17:44:36-04:00 ci=3a11f697-7362-4cb1-8ea9-2fa6d628f7b5 info {
  "sourceId": "driveagent.apps.wdc.com",
  "sourceName": "WD Device Agent",
  "priority": 1,
  "notification": {
    "type": "com.wdc.portal.device.put",
    "context": [
      {
        "model": {
          "name": "Storage Media",
          "deviceId": "USB_054C_02A5_9B3001402280025114",
          "_class": "com.wdc.portal.model.Device",
          "type": "USB_054C_02A5",
          "serial": "9B3001402280025114",
          "capacity": "7801404928",
          "firmware": "100",
          "hasPassword": false,
          "isLocked": false,
          "volumes": [
            {
              "readOnly": false,
              "isDriverInstallationRequired": false,
              "hasTimeMachineBackup": false,
              "capacity": "7796162560",
              "spaceAvailable": "0.31271015467383995",
              "volumeName": "RABSHRED (D:)",
              "url": "RABSHRED (D:)",
              "label": "RABSHRED (D:)",
              "openAction": {
                "label": "Open",
                "_class": "com.wdc.smb.action.OpenLocation",
                "url": "D:\\"
              }
            }
          ],
          "mountPoints": [
            {
              "mountPoint": "D"
            }
          ]
        }
      }
    ]
  }
}
2020-06-16T17:44:41-04:00 ci=3a11f697-7362-4cb1-8ea9-2fa6d628f7b5 info {
  "sourceId": "driveagent.apps.wdc.com",
  "sourceName": "WD Device Agent",
  "priority": 1,
  "notification": {
    "type": "com.wdc.portal.device.put",
    "context": [
      {
        "model": {
          "name": "Storage Media",
          "deviceId": "USB_054C_02A5_9B3001402280025114",
          "_class": "com.wdc.portal.model.Device",
          "type": "USB_054C_02A5",
          "serial": "9B3001402280025114",
          "capacity": "7801404928",
          "firmware": "100",
          "hasPassword": false,
          "isLocked": false,
          "volumes": [
            {
              "readOnly": false,
              "isDriverInstallationRequired": false,
              "hasTimeMachineBackup": false,
              "capacity": "7796162560",
              "spaceAvailable": "0.31257565568258239",
              "volumeName": "RABSHRED (D:)",
              "url": "RABSHRED (D:)",
              "label": "RABSHRED (D:)",
              "openAction": {
                "label": "Open",
                "_class": "com.wdc.smb.action.OpenLocation",
                "url": "D:\\"
              }
            }
          ],
          "mountPoints": [
            {
              "mountPoint": "D"
            }
          ]
        }
      }
    ]
  }
}
2020-06-16T17:47:11-04:00 ci=3a11f697-7362-4cb1-8ea9-2fa6d628f7b5 info {
  "sourceId": "driveagent.apps.wdc.com",
  "sourceName": "WD Device Agent",
  "priority": 1,
  "notification": {
    "type": "com.wdc.portal.device.put",
    "context": [
      {
        "model": {
          "name": "Storage Media",
          "deviceId": "USB_054C_02A5_9B3001402280025114",
          "_class": "com.wdc.portal.model.Device",
          "type": "USB_054C_02A5",
          "serial": "9B3001402280025114",
          "capacity": "7801404928",
          "firmware": "100",
          "hasPassword": false,
          "isLocked": false,
          "volumes": [
            {
              "readOnly": false,
              "isDriverInstallationRequired": false,
              "hasTimeMachineBackup": false,
              "capacity": "7796162560",
              "spaceAvailable": "0.3085406859448554",
              "volumeName": "RABSHRED (D:)",
              "url": "RABSHRED (D:)",
              "label": "RABSHRED (D:)",
              "openAction": {
                "label": "Open",
                "_class": "com.wdc.smb.action.OpenLocation",
                "url": "D:\\"
              }
            }
          ],
          "mountPoints": [
            {
              "mountPoint": "D"
            }
          ]
        }
      }
    ]
  }
}
2020-06-16T17:47:21-04:00 ci=3a11f697-7362-4cb1-8ea9-2fa6d628f7b5 info {
  "sourceId": "driveagent.apps.wdc.com",
  "sourceName": "WD Device Agent",
  "priority": 1,
  "notification": {
    "type": "com.wdc.portal.device.put",
    "context": [
      {
        "model": {
          "name": "Storage Media",
          "deviceId": "USB_054C_02A5_9B3001402280025114",
          "_class": "com.wdc.portal.model.Device",
          "type": "USB_054C_02A5",
          "serial": "9B3001402280025114",
          "capacity": "7801404928",
          "firmware": "100",
          "hasPassword": false,
          "isLocked": false,
          "volumes": [
            {
              "readOnly": false,
              "isDriverInstallationRequired": false,
              "hasTimeMachineBackup": false,
              "capacity": "7796162560",
              "spaceAvailable": "0.30719569603227975",
              "volumeName": "RABSHRED (D:)",
              "url": "RABSHRED (D:)",
              "label": "RABSHRED (D:)",
              "openAction": {
                "label": "Open",
                "_class": "com.wdc.smb.action.OpenLocation",
                "url": "D:\\"
              }
            }
          ],
          "mountPoints": [
            {
              "mountPoint": "D"
            }
          ]
        }
      }
    ]
  }
}
2020-06-16T17:47:31-04:00 ci=3a11f697-7362-4cb1-8ea9-2fa6d628f7b5 info {
  "sourceId": "driveagent.apps.wdc.com",
  "sourceName": "WD Device Agent",
  "priority": 1,
  "notification": {
    "type": "com.wdc.portal.device.put",
    "context": [
      {
        "model": {
          "name": "Storage Media",
          "deviceId": "USB_054C_02A5_9B3001402280025114",
          "_class": "com.wdc.portal.model.Device",
          "type": "USB_054C_02A5",
          "serial": "9B3001402280025114",
          "capacity": "7801404928",
          "firmware": "100",
          "hasPassword": false,
          "isLocked": false,
          "volumes": [
            {
              "readOnly": false,
              "isDriverInstallationRequired": false,
              "hasTimeMachineBackup": false,
              "capacity": "7796162560",
              "spaceAvailable": "0.3030262273032952",
              "volumeName": "RABSHRED (D:)",
              "url": "RABSHRED (D:)",
              "label": "RABSHRED (D:)",
              "openAction": {
                "label": "Open",
                "_class": "com.wdc.smb.action.OpenLocation",
                "url": "D:\\"
              }
            }
          ],
          "mountPoints": [
            {
              "mountPoint": "D"
            }
          ]
        }
      }
    ]
  }
}
2020-06-16T17:47:52-04:00 ci=3a11f697-7362-4cb1-8ea9-2fa6d628f7b5 info {
  "sourceId": "driveagent.apps.wdc.com",
  "sourceName": "WD Device Agent",
  "priority": 1,
  "notification": {
    "type": "com.wdc.portal.device.put",
    "context": [
      {
        "model": {
          "name": "Storage Media",
          "deviceId": "USB_054C_02A5_9B3001402280025114",
          "_class": "com.wdc.portal.model.Device",
          "type": "USB_054C_02A5",
          "serial": "9B3001402280025114",
          "capacity": "7801404928",
          "firmware": "100",
          "hasPassword": false,
          "isLocked": false,
          "volumes": [
            {
              "readOnly": false,
              "isDriverInstallationRequired": false,
              "hasTimeMachineBackup": false,
              "capacity": "7796162560",
              "spaceAvailable": "0.29320780094149296",
              "volumeName": "RABSHRED (D:)",
              "url": "RABSHRED (D:)",
              "label": "RABSHRED (D:)",
              "openAction": {
                "label": "Open",
                "_class": "com.wdc.smb.action.OpenLocation",
                "url": "D:\\"
              }
            }
          ],
          "mountPoints": [
            {
              "mountPoint": "D"
            }
          ]
        }
      }
    ]
  }
}
2020-06-16T17:47:52-04:00 ci=3a11f697-7362-4cb1-8ea9-2fa6d628f7b5 info {
  "sourceId": "driveagent.apps.wdc.com",
  "sourceName": "WD Device Agent",
  "priority": 1,
  "notification": {
    "type": "com.wdc.portal.device.put",
    "context": [
      {
        "model": {
          "name": "Storage Media",
          "deviceId": "USB_054C_02A5_9B3001402280025114",
          "_class": "com.wdc.portal.model.Device",
          "type": "USB_054C_02A5",
          "serial": "9B3001402280025114",
          "capacity": "7801404928",
          "firmware": "100",
          "hasPassword": false,
          "isLocked": false,
          "volumes": [
            {
              "readOnly": false,
              "isDriverInstallationRequired": false,
              "hasTimeMachineBackup": false,
              "capacity": "7796162560",
              "spaceAvailable": "0.3030262273032952",
              "volumeName": "RABSHRED (D:)",
              "url": "RABSHRED (D:)",
              "label": "RABSHRED (D:)",
              "openAction": {
                "label": "Open",
                "_class": "com.wdc.smb.action.OpenLocation",
                "url": "D:\\"
              }
            }
          ],
          "mountPoints": [
            {
              "mountPoint": "D"
            }
          ]
        }
      }
    ]
  }
}
