2020-10-18T06:33:57-04:00 ci=3a11f697-7362-4cb1-8ea9-2fa6d628f7b5 info SMB: not running
2020-10-18T06:33:57-04:00 ci=3a11f697-7362-4cb1-8ea9-2fa6d628f7b5 info SMB: http server started over named pipe
2020-10-18T06:33:57-04:00 ci=3a11f697-7362-4cb1-8ea9-2fa6d628f7b5 info MESSAGE_HANDLER: started
2020-10-18T06:33:57-04:00 ci=3a11f697-7362-4cb1-8ea9-2fa6d628f7b5 info ACTION_HANDLER: started
2020-10-18T06:34:02-04:00 ci=3a11f697-7362-4cb1-8ea9-2fa6d628f7b5 error KAMINO: {"stack":"Error: connect ECONNREFUSED 127.0.0.1:49803\n    at TCPConnectWrap.afterConnect [as oncomplete] (net.js:1113:14)","message":"connect ECONNREFUSED 127.0.0.1:49803","errno":"ECONNREFUSED","code":"ECONNREFUSED","syscall":"connect","address":"127.0.0.1","port":49803}
2020-10-18T06:34:08-04:00 ci=3a11f697-7362-4cb1-8ea9-2fa6d628f7b5 error CONFIG_SERVICE: {"stack":"Error: getaddrinfo ENOTFOUND config.mycloud.com config.mycloud.com:443\n    at GetAddrInfoReqWrap.onlookup [as oncomplete] (dns.js:57:26)","message":"getaddrinfo ENOTFOUND config.mycloud.com config.mycloud.com:443","errno":"ENOTFOUND","code":"ENOTFOUND","syscall":"getaddrinfo","hostname":"config.mycloud.com","host":"config.mycloud.com","port":443,"CorrelationId":"967d79e8-8fea-49a8-8b77-7a98217ea61e","isConnectionError":true,"RequestInfo":{"url":"https://config.mycloud.com/config/v1/config","method":"GET"}}
2020-10-18T06:34:08-04:00 ci=3a11f697-7362-4cb1-8ea9-2fa6d628f7b5 info CLOUD: not started
2020-10-18T06:34:13-04:00 ci=3a11f697-7362-4cb1-8ea9-2fa6d628f7b5 info CLOUD: not started
2020-10-18T06:34:18-04:00 ci=3a11f697-7362-4cb1-8ea9-2fa6d628f7b5 info CLOUD: not started
2020-10-18T06:34:23-04:00 ci=3a11f697-7362-4cb1-8ea9-2fa6d628f7b5 info CLOUD: not started
2020-10-18T06:34:28-04:00 ci=3a11f697-7362-4cb1-8ea9-2fa6d628f7b5 info CLOUD: not started
2020-10-18T06:34:33-04:00 ci=3a11f697-7362-4cb1-8ea9-2fa6d628f7b5 info CLOUD: not started
2020-10-18T06:34:38-04:00 ci=3a11f697-7362-4cb1-8ea9-2fa6d628f7b5 info CLOUD: not started
2020-10-18T06:34:43-04:00 ci=3a11f697-7362-4cb1-8ea9-2fa6d628f7b5 info CLOUD: not started
2020-10-18T06:34:48-04:00 ci=3a11f697-7362-4cb1-8ea9-2fa6d628f7b5 info CLOUD: not started
2020-10-18T06:34:53-04:00 ci=3a11f697-7362-4cb1-8ea9-2fa6d628f7b5 info CLOUD: not started
2020-10-18T06:34:58-04:00 ci=3a11f697-7362-4cb1-8ea9-2fa6d628f7b5 info CLOUD: not started
2020-10-18T06:35:03-04:00 ci=3a11f697-7362-4cb1-8ea9-2fa6d628f7b5 info CLOUD: not started
2020-10-18T06:35:08-04:00 ci=3a11f697-7362-4cb1-8ea9-2fa6d628f7b5 info CLOUD: not started
2020-10-18T06:35:13-04:00 ci=3a11f697-7362-4cb1-8ea9-2fa6d628f7b5 info CLOUD: not started
2020-10-18T06:35:18-04:00 ci=3a11f697-7362-4cb1-8ea9-2fa6d628f7b5 info CLOUD: not started
2020-10-18T06:35:23-04:00 ci=3a11f697-7362-4cb1-8ea9-2fa6d628f7b5 info CLOUD: not started
2020-10-18T06:35:28-04:00 ci=3a11f697-7362-4cb1-8ea9-2fa6d628f7b5 info CLOUD: not started
2020-10-18T06:35:33-04:00 ci=3a11f697-7362-4cb1-8ea9-2fa6d628f7b5 info CLOUD: not started
2020-10-18T06:35:38-04:00 ci=3a11f697-7362-4cb1-8ea9-2fa6d628f7b5 info CLOUD: not started
2020-10-18T06:35:43-04:00 ci=3a11f697-7362-4cb1-8ea9-2fa6d628f7b5 info CLOUD: not started
2020-10-18T06:35:48-04:00 ci=3a11f697-7362-4cb1-8ea9-2fa6d628f7b5 info CLOUD: not started
2020-10-18T06:35:53-04:00 ci=3a11f697-7362-4cb1-8ea9-2fa6d628f7b5 info CLOUD: not started
2020-10-18T06:35:58-04:00 ci=3a11f697-7362-4cb1-8ea9-2fa6d628f7b5 info CLOUD: not started
2020-10-18T06:36:03-04:00 ci=3a11f697-7362-4cb1-8ea9-2fa6d628f7b5 info CLOUD: not started
2020-10-18T06:36:08-04:00 ci=3a11f697-7362-4cb1-8ea9-2fa6d628f7b5 info CLOUD: not started
2020-10-18T06:36:13-04:00 ci=3a11f697-7362-4cb1-8ea9-2fa6d628f7b5 info CLOUD: not started
2020-10-18T06:36:18-04:00 ci=3a11f697-7362-4cb1-8ea9-2fa6d628f7b5 info CLOUD: not started
2020-10-18T06:36:23-04:00 ci=3a11f697-7362-4cb1-8ea9-2fa6d628f7b5 info CLOUD: not started
2020-10-18T06:36:28-04:00 ci=3a11f697-7362-4cb1-8ea9-2fa6d628f7b5 info CLOUD: not started
2020-10-18T06:36:33-04:00 ci=3a11f697-7362-4cb1-8ea9-2fa6d628f7b5 info CLOUD: not started
2020-10-18T06:36:38-04:00 ci=3a11f697-7362-4cb1-8ea9-2fa6d628f7b5 info CLOUD: not started
2020-10-18T06:36:43-04:00 ci=3a11f697-7362-4cb1-8ea9-2fa6d628f7b5 info CLOUD: not started
2020-10-18T06:36:48-04:00 ci=3a11f697-7362-4cb1-8ea9-2fa6d628f7b5 info CLOUD: not started
2020-10-18T06:36:53-04:00 ci=3a11f697-7362-4cb1-8ea9-2fa6d628f7b5 info CLOUD: not started
2020-10-18T06:36:58-04:00 ci=3a11f697-7362-4cb1-8ea9-2fa6d628f7b5 info CLOUD: not started
2020-10-18T06:37:03-04:00 ci=3a11f697-7362-4cb1-8ea9-2fa6d628f7b5 info CLOUD: not started
2020-10-18T06:37:08-04:00 ci=3a11f697-7362-4cb1-8ea9-2fa6d628f7b5 info CLOUD: not started
2020-10-18T06:37:13-04:00 ci=3a11f697-7362-4cb1-8ea9-2fa6d628f7b5 info CLOUD: not started
2020-10-18T06:37:18-04:00 ci=3a11f697-7362-4cb1-8ea9-2fa6d628f7b5 info CLOUD: not started
2020-10-18T06:37:23-04:00 ci=3a11f697-7362-4cb1-8ea9-2fa6d628f7b5 info CLOUD: not started
2020-10-18T06:37:28-04:00 ci=3a11f697-7362-4cb1-8ea9-2fa6d628f7b5 info CLOUD: not started
2020-10-18T06:37:33-04:00 ci=3a11f697-7362-4cb1-8ea9-2fa6d628f7b5 info CLOUD: not started
2020-10-18T06:37:38-04:00 ci=3a11f697-7362-4cb1-8ea9-2fa6d628f7b5 info CLOUD: not started
2020-10-18T06:37:43-04:00 ci=3a11f697-7362-4cb1-8ea9-2fa6d628f7b5 info CLOUD: not started
2020-10-18T06:37:48-04:00 ci=3a11f697-7362-4cb1-8ea9-2fa6d628f7b5 info CLOUD: not started
2020-10-18T06:37:53-04:00 ci=3a11f697-7362-4cb1-8ea9-2fa6d628f7b5 info CLOUD: not started
2020-10-18T06:37:58-04:00 ci=3a11f697-7362-4cb1-8ea9-2fa6d628f7b5 info CLOUD: not started
2020-10-18T06:38:03-04:00 ci=3a11f697-7362-4cb1-8ea9-2fa6d628f7b5 info CLOUD: not started
2020-10-18T06:38:08-04:00 ci=3a11f697-7362-4cb1-8ea9-2fa6d628f7b5 info CLOUD: not started
2020-10-18T06:38:13-04:00 ci=3a11f697-7362-4cb1-8ea9-2fa6d628f7b5 info CLOUD: not started
2020-10-18T06:38:18-04:00 ci=3a11f697-7362-4cb1-8ea9-2fa6d628f7b5 info CLOUD: not started
2020-10-18T06:38:25-04:00 ci=3a11f697-7362-4cb1-8ea9-2fa6d628f7b5 info CLOUD: started
2020-10-18T06:38:27-04:00 ci=3a11f697-7362-4cb1-8ea9-2fa6d628f7b5 info App added {"id":"com.wdc.branded.kamino","context":{"model":{"_class":"com.wdc.portal.model.App","appId":"com.wdc.branded.kamino","name":"My Cloud Desktop","statusMessage":"Version: 2.1.0.246","icon":"file:///C:/Program%20Files/WD%20Desktop%20App/app.svg","iconHover":"file:///C:/Program%20Files/WD%20Desktop%20App/app_active.svg","version":"2.1.0.246","openAction":{"_class":"com.wdc.smb.action.Deeplink","label":"Open","url":"wddiscovery://kamino/login"}}},"sourceId":"com.wdc.branded.kamino","_id":{"id":2}}
