2020-11-24T12:01:27-05:00 ci=3a11f697-7362-4cb1-8ea9-2fa6d628f7b5 info {
  "sourceId": "driveagent.apps.wdc.com",
  "sourceName": "WD Device Agent",
  "priority": 1,
  "notification": {
    "type": "com.wdc.portal.device.put",
    "context": [
      {
        "model": {
          "name": "My Passport",
          "deviceId": "USB_1058_25E1_WX71AA86EY8R",
          "_class": "com.wdc.portal.model.Device",
          "type": "USB_1058_25E1",
          "serial": "WX71AA86EY8R",
          "capacity": "1000170585600",
          "firmware": "1021",
          "hasPassword": false,
          "isLocked": false,
          "volumes": [
            {
              "readOnly": false,
              "isDriverInstallationRequired": false,
              "hasTimeMachineBackup": false,
              "capacity": "1000167440384",
              "spaceAvailable": "0.70734844847216605",
              "volumeName": "My Passport (E:)",
              "fileSystemType": "",
              "url": "My Passport (E:)",
              "label": "My Passport (E:)",
              "openAction": {
                "label": "Open",
                "_class": "com.wdc.smb.action.OpenLocation",
                "url": "E:\\"
              }
            }
          ],
          "mountPoints": [
            {
              "mountPoint": "E"
            }
          ]
        }
      }
    ]
  }
}
2020-11-24T12:01:35-05:00 ci=3a11f697-7362-4cb1-8ea9-2fa6d628f7b5 info {
  "sourceName": "WD Device Agent",
  "priority": 1,
  "sourceId": "driveagent.apps.wdc.com",
  "notification": {
    "type": "com.wdc.portal.device.refresh",
    "context": [
      ""
    ]
  }
}
2020-11-24T12:01:35-05:00 ci=3a11f697-7362-4cb1-8ea9-2fa6d628f7b5 info {
  "sourceId": "driveagent.apps.wdc.com",
  "sourceName": "WD Device Agent",
  "priority": 1,
  "notification": {
    "type": "com.wdc.portal.device.post",
    "context": [
      {
        "model": {
          "name": "My Passport",
          "deviceId": "USB_1058_25E1_WX71AA86EY8R",
          "_class": "com.wdc.portal.model.Device",
          "type": "USB_1058_25E1",
          "serial": "WX71AA86EY8R",
          "capacity": "1000170585600",
          "firmware": "1021",
          "hasPassword": false,
          "isLocked": false,
          "volumes": [],
          "mountPoints": []
        }
      }
    ]
  }
}
2020-11-24T12:01:35-05:00 ci=3a11f697-7362-4cb1-8ea9-2fa6d628f7b5 info {
  "sourceId": "driveagent.apps.wdc.com",
  "sourceName": "WD Device Agent",
  "priority": 1,
  "notification": {
    "type": "com.wdc.portal.device.put",
    "context": [
      {
        "model": {
          "name": "My Passport",
          "deviceId": "USB_1058_25E1_WX71AA86EY8R",
          "_class": "com.wdc.portal.model.Device",
          "type": "USB_1058_25E1",
          "serial": "WX71AA86EY8R",
          "capacity": "1000170585600",
          "firmware": "1021",
          "hasPassword": false,
          "isLocked": false,
          "volumes": [
            {
              "readOnly": false,
              "isDriverInstallationRequired": false,
              "hasTimeMachineBackup": false,
              "capacity": "1000167440384",
              "spaceAvailable": "0.70729288324802853",
              "volumeName": "My Passport (E:)",
              "fileSystemType": "",
              "url": "My Passport (E:)",
              "label": "My Passport (E:)",
              "openAction": {
                "label": "Open",
                "_class": "com.wdc.smb.action.OpenLocation",
                "url": "E:\\"
              }
            }
          ],
          "mountPoints": [
            {
              "mountPoint": "E"
            }
          ]
        }
      }
    ]
  }
}
2020-11-24T12:01:35-05:00 ci=3a11f697-7362-4cb1-8ea9-2fa6d628f7b5 info {
  "sourceId": "driveagent.apps.wdc.com",
  "priority": 1,
  "notification": {
    "type": "com.wdc.portal.app.delete",
    "context": [
      {
        "model": {
          "_class": "com.wdc.portal.model.App",
          "appId": "com.wdc.branded.paragon",
          "version": "x.x.x.x"
        }
      },
      {
        "model": {
          "_class": "com.wdc.portal.model.App",
          "appId": "com.wdc.branded.driveutility",
          "version": "x.x.x.x"
        }
      },
      {
        "model": {
          "_class": "com.wdc.portal.model.App",
          "appId": "com.wdc.branded.security",
          "version": "x.x.x.x"
        }
      }
    ]
  }
}
2020-11-24T12:01:35-05:00 ci=3a11f697-7362-4cb1-8ea9-2fa6d628f7b5 info {
  "sourceId": "driveagent.apps.wdc.com",
  "priority": 1,
  "notification": {
    "type": "com.wdc.portal.app.post",
    "context": [
      {
        "model": {
          "_class": "com.wdc.portal.model.App",
          "appId": "com.wdc.branded.backup",
          "name": "WD Backup",
          "openAction": {
            "_class": "com.wdc.smb.action.Command",
            "command": "\"C:\\Program Files (x86)\\Western Digital\\WD App Manager\\WDAppManager.exe\"",
            "argument": "-launchbackupdefault"
          },
          "version": "1.9.6598.18388"
        }
      }
    ]
  }
}
2020-11-24T12:01:36-05:00 ci=3a11f697-7362-4cb1-8ea9-2fa6d628f7b5 info {
  "sourceName": "WD Device Agent",
  "priority": 1,
  "sourceId": "driveagent.apps.wdc.com",
  "notification": {
    "type": "com.wdc.portal.device.refresh",
    "context": [
      ""
    ]
  }
}
2020-11-24T12:01:36-05:00 ci=3a11f697-7362-4cb1-8ea9-2fa6d628f7b5 info {
  "sourceId": "driveagent.apps.wdc.com",
  "sourceName": "WD Device Agent",
  "priority": 1,
  "notification": {
    "type": "com.wdc.portal.device.post",
    "context": [
      {
        "model": {
          "name": "My Passport",
          "deviceId": "USB_1058_25E1_WX71AA86EY8R",
          "_class": "com.wdc.portal.model.Device",
          "type": "USB_1058_25E1",
          "serial": "WX71AA86EY8R",
          "capacity": "1000170585600",
          "firmware": "1021",
          "hasPassword": false,
          "isLocked": false,
          "volumes": [],
          "mountPoints": []
        }
      }
    ]
  }
}
2020-11-24T12:01:36-05:00 ci=3a11f697-7362-4cb1-8ea9-2fa6d628f7b5 info {
  "sourceId": "driveagent.apps.wdc.com",
  "sourceName": "WD Device Agent",
  "priority": 1,
  "notification": {
    "type": "com.wdc.portal.device.put",
    "context": [
      {
        "model": {
          "name": "My Passport",
          "deviceId": "USB_1058_25E1_WX71AA86EY8R",
          "_class": "com.wdc.portal.model.Device",
          "type": "USB_1058_25E1",
          "serial": "WX71AA86EY8R",
          "capacity": "1000170585600",
          "firmware": "1021",
          "hasPassword": false,
          "isLocked": false,
          "volumes": [
            {
              "readOnly": false,
              "isDriverInstallationRequired": false,
              "hasTimeMachineBackup": false,
              "capacity": "1000167440384",
              "spaceAvailable": "0.70726772163709828",
              "volumeName": "My Passport (E:)",
              "fileSystemType": "",
              "url": "My Passport (E:)",
              "label": "My Passport (E:)",
              "openAction": {
                "label": "Open",
                "_class": "com.wdc.smb.action.OpenLocation",
                "url": "E:\\"
              }
            }
          ],
          "mountPoints": [
            {
              "mountPoint": "E"
            }
          ]
        }
      }
    ]
  }
}
2020-11-24T12:01:36-05:00 ci=3a11f697-7362-4cb1-8ea9-2fa6d628f7b5 info {
  "sourceId": "driveagent.apps.wdc.com",
  "priority": 1,
  "notification": {
    "type": "com.wdc.portal.app.delete",
    "context": [
      {
        "model": {
          "_class": "com.wdc.portal.model.App",
          "appId": "com.wdc.branded.paragon",
          "version": "x.x.x.x"
        }
      },
      {
        "model": {
          "_class": "com.wdc.portal.model.App",
          "appId": "com.wdc.branded.driveutility",
          "version": "x.x.x.x"
        }
      },
      {
        "model": {
          "_class": "com.wdc.portal.model.App",
          "appId": "com.wdc.branded.security",
          "version": "x.x.x.x"
        }
      }
    ]
  }
}
2020-11-24T12:01:36-05:00 ci=3a11f697-7362-4cb1-8ea9-2fa6d628f7b5 info {
  "sourceId": "driveagent.apps.wdc.com",
  "priority": 1,
  "notification": {
    "type": "com.wdc.portal.app.post",
    "context": [
      {
        "model": {
          "_class": "com.wdc.portal.model.App",
          "appId": "com.wdc.branded.backup",
          "name": "WD Backup",
          "openAction": {
            "_class": "com.wdc.smb.action.Command",
            "command": "\"C:\\Program Files (x86)\\Western Digital\\WD App Manager\\WDAppManager.exe\"",
            "argument": "-launchbackupdefault"
          },
          "version": "1.9.6598.18388"
        }
      }
    ]
  }
}
2020-11-24T12:01:39-05:00 ci=3a11f697-7362-4cb1-8ea9-2fa6d628f7b5 info {
  "sourceName": "WD Device Agent",
  "priority": 1,
  "sourceId": "driveagent.apps.wdc.com",
  "notification": {
    "type": "com.wdc.portal.device.refresh",
    "context": [
      ""
    ]
  }
}
2020-11-24T12:01:39-05:00 ci=3a11f697-7362-4cb1-8ea9-2fa6d628f7b5 info {
  "sourceId": "driveagent.apps.wdc.com",
  "sourceName": "WD Device Agent",
  "priority": 1,
  "notification": {
    "type": "com.wdc.portal.device.post",
    "context": [
      {
        "model": {
          "name": "My Passport",
          "deviceId": "USB_1058_25E1_WX71AA86EY8R",
          "_class": "com.wdc.portal.model.Device",
          "type": "USB_1058_25E1",
          "serial": "WX71AA86EY8R",
          "capacity": "1000170585600",
          "firmware": "1021",
          "hasPassword": false,
          "isLocked": false,
          "volumes": [],
          "mountPoints": []
        }
      }
    ]
  }
}
2020-11-24T12:01:39-05:00 ci=3a11f697-7362-4cb1-8ea9-2fa6d628f7b5 info {
  "sourceId": "driveagent.apps.wdc.com",
  "sourceName": "WD Device Agent",
  "priority": 1,
  "notification": {
    "type": "com.wdc.portal.device.put",
    "context": [
      {
        "model": {
          "name": "My Passport",
          "deviceId": "USB_1058_25E1_WX71AA86EY8R",
          "_class": "com.wdc.portal.model.Device",
          "type": "USB_1058_25E1",
          "serial": "WX71AA86EY8R",
          "capacity": "1000170585600",
          "firmware": "1021",
          "hasPassword": false,
          "isLocked": false,
          "volumes": [
            {
              "readOnly": false,
              "isDriverInstallationRequired": false,
              "hasTimeMachineBackup": false,
              "capacity": "1000167440384",
              "spaceAvailable": "0.70725409243117776",
              "volumeName": "My Passport (E:)",
              "fileSystemType": "",
              "url": "My Passport (E:)",
              "label": "My Passport (E:)",
              "openAction": {
                "label": "Open",
                "_class": "com.wdc.smb.action.OpenLocation",
                "url": "E:\\"
              }
            }
          ],
          "mountPoints": [
            {
              "mountPoint": "E"
            }
          ]
        }
      }
    ]
  }
}
2020-11-24T12:01:39-05:00 ci=3a11f697-7362-4cb1-8ea9-2fa6d628f7b5 info {
  "sourceId": "driveagent.apps.wdc.com",
  "priority": 1,
  "notification": {
    "type": "com.wdc.portal.app.delete",
    "context": [
      {
        "model": {
          "_class": "com.wdc.portal.model.App",
          "appId": "com.wdc.branded.paragon",
          "version": "x.x.x.x"
        }
      },
      {
        "model": {
          "_class": "com.wdc.portal.model.App",
          "appId": "com.wdc.branded.driveutility",
          "version": "x.x.x.x"
        }
      },
      {
        "model": {
          "_class": "com.wdc.portal.model.App",
          "appId": "com.wdc.branded.security",
          "version": "x.x.x.x"
        }
      }
    ]
  }
}
2020-11-24T12:01:39-05:00 ci=3a11f697-7362-4cb1-8ea9-2fa6d628f7b5 info {
  "sourceId": "driveagent.apps.wdc.com",
  "priority": 1,
  "notification": {
    "type": "com.wdc.portal.app.post",
    "context": [
      {
        "model": {
          "_class": "com.wdc.portal.model.App",
          "appId": "com.wdc.branded.backup",
          "name": "WD Backup",
          "openAction": {
            "_class": "com.wdc.smb.action.Command",
            "command": "\"C:\\Program Files (x86)\\Western Digital\\WD App Manager\\WDAppManager.exe\"",
            "argument": "-launchbackupdefault"
          },
          "version": "1.9.6598.18388"
        }
      }
    ]
  }
}
2020-11-24T12:01:40-05:00 ci=3a11f697-7362-4cb1-8ea9-2fa6d628f7b5 info {
  "sourceName": "WD Device Agent",
  "priority": 1,
  "sourceId": "driveagent.apps.wdc.com",
  "notification": {
    "type": "com.wdc.portal.device.refresh",
    "context": [
      ""
    ]
  }
}
2020-11-24T12:01:40-05:00 ci=3a11f697-7362-4cb1-8ea9-2fa6d628f7b5 info {
  "sourceId": "driveagent.apps.wdc.com",
  "sourceName": "WD Device Agent",
  "priority": 1,
  "notification": {
    "type": "com.wdc.portal.device.post",
    "context": [
      {
        "model": {
          "name": "My Passport",
          "deviceId": "USB_1058_25E1_WX71AA86EY8R",
          "_class": "com.wdc.portal.model.Device",
          "type": "USB_1058_25E1",
          "serial": "WX71AA86EY8R",
          "capacity": "1000170585600",
          "firmware": "1021",
          "hasPassword": false,
          "isLocked": false,
          "volumes": [],
          "mountPoints": []
        }
      }
    ]
  }
}
2020-11-24T12:01:40-05:00 ci=3a11f697-7362-4cb1-8ea9-2fa6d628f7b5 info {
  "sourceId": "driveagent.apps.wdc.com",
  "sourceName": "WD Device Agent",
  "priority": 1,
  "notification": {
    "type": "com.wdc.portal.device.put",
    "context": [
      {
        "model": {
          "name": "My Passport",
          "deviceId": "USB_1058_25E1_WX71AA86EY8R",
          "_class": "com.wdc.portal.model.Device",
          "type": "USB_1058_25E1",
          "serial": "WX71AA86EY8R",
          "capacity": "1000170585600",
          "firmware": "1021",
          "hasPassword": false,
          "isLocked": false,
          "volumes": [
            {
              "readOnly": false,
              "isDriverInstallationRequired": false,
              "hasTimeMachineBackup": false,
              "capacity": "1000167440384",
              "spaceAvailable": "0.7072173984152379",
              "volumeName": "My Passport (E:)",
              "fileSystemType": "",
              "url": "My Passport (E:)",
              "label": "My Passport (E:)",
              "openAction": {
                "label": "Open",
                "_class": "com.wdc.smb.action.OpenLocation",
                "url": "E:\\"
              }
            }
          ],
          "mountPoints": [
            {
              "mountPoint": "E"
            }
          ]
        }
      }
    ]
  }
}
2020-11-24T12:01:40-05:00 ci=3a11f697-7362-4cb1-8ea9-2fa6d628f7b5 info {
  "sourceId": "driveagent.apps.wdc.com",
  "priority": 1,
  "notification": {
    "type": "com.wdc.portal.app.delete",
    "context": [
      {
        "model": {
          "_class": "com.wdc.portal.model.App",
          "appId": "com.wdc.branded.paragon",
          "version": "x.x.x.x"
        }
      },
      {
        "model": {
          "_class": "com.wdc.portal.model.App",
          "appId": "com.wdc.branded.driveutility",
          "version": "x.x.x.x"
        }
      },
      {
        "model": {
          "_class": "com.wdc.portal.model.App",
          "appId": "com.wdc.branded.security",
          "version": "x.x.x.x"
        }
      }
    ]
  }
}
2020-11-24T12:01:40-05:00 ci=3a11f697-7362-4cb1-8ea9-2fa6d628f7b5 info {
  "sourceId": "driveagent.apps.wdc.com",
  "priority": 1,
  "notification": {
    "type": "com.wdc.portal.app.post",
    "context": [
      {
        "model": {
          "_class": "com.wdc.portal.model.App",
          "appId": "com.wdc.branded.backup",
          "name": "WD Backup",
          "openAction": {
            "_class": "com.wdc.smb.action.Command",
            "command": "\"C:\\Program Files (x86)\\Western Digital\\WD App Manager\\WDAppManager.exe\"",
            "argument": "-launchbackupdefault"
          },
          "version": "1.9.6598.18388"
        }
      }
    ]
  }
}
2020-11-24T12:01:41-05:00 ci=3a11f697-7362-4cb1-8ea9-2fa6d628f7b5 info {
  "sourceName": "WD Device Agent",
  "priority": 1,
  "sourceId": "driveagent.apps.wdc.com",
  "notification": {
    "type": "com.wdc.portal.device.refresh",
    "context": [
      ""
    ]
  }
}
2020-11-24T12:01:41-05:00 ci=3a11f697-7362-4cb1-8ea9-2fa6d628f7b5 info {
  "sourceId": "driveagent.apps.wdc.com",
  "sourceName": "WD Device Agent",
  "priority": 1,
  "notification": {
    "type": "com.wdc.portal.device.post",
    "context": [
      {
        "model": {
          "name": "My Passport",
          "deviceId": "USB_1058_25E1_WX71AA86EY8R",
          "_class": "com.wdc.portal.model.Device",
          "type": "USB_1058_25E1",
          "serial": "WX71AA86EY8R",
          "capacity": "1000170585600",
          "firmware": "1021",
          "hasPassword": false,
          "isLocked": false,
          "volumes": [],
          "mountPoints": []
        }
      }
    ]
  }
}
2020-11-24T12:01:41-05:00 ci=3a11f697-7362-4cb1-8ea9-2fa6d628f7b5 info {
  "sourceId": "driveagent.apps.wdc.com",
  "sourceName": "WD Device Agent",
  "priority": 1,
  "notification": {
    "type": "com.wdc.portal.device.put",
    "context": [
      {
        "model": {
          "name": "My Passport",
          "deviceId": "USB_1058_25E1_WX71AA86EY8R",
          "_class": "com.wdc.portal.model.Device",
          "type": "USB_1058_25E1",
          "serial": "WX71AA86EY8R",
          "capacity": "1000170585600",
          "firmware": "1021",
          "hasPassword": false,
          "isLocked": false,
          "volumes": [
            {
              "readOnly": false,
              "isDriverInstallationRequired": false,
              "hasTimeMachineBackup": false,
              "capacity": "1000167440384",
              "spaceAvailable": "0.7071911884038522",
              "volumeName": "My Passport (E:)",
              "fileSystemType": "",
              "url": "My Passport (E:)",
              "label": "My Passport (E:)",
              "openAction": {
                "label": "Open",
                "_class": "com.wdc.smb.action.OpenLocation",
                "url": "E:\\"
              }
            }
          ],
          "mountPoints": [
            {
              "mountPoint": "E"
            }
          ]
        }
      }
    ]
  }
}
2020-11-24T12:01:41-05:00 ci=3a11f697-7362-4cb1-8ea9-2fa6d628f7b5 info {
  "sourceId": "driveagent.apps.wdc.com",
  "priority": 1,
  "notification": {
    "type": "com.wdc.portal.app.delete",
    "context": [
      {
        "model": {
          "_class": "com.wdc.portal.model.App",
          "appId": "com.wdc.branded.paragon",
          "version": "x.x.x.x"
        }
      },
      {
        "model": {
          "_class": "com.wdc.portal.model.App",
          "appId": "com.wdc.branded.driveutility",
          "version": "x.x.x.x"
        }
      },
      {
        "model": {
          "_class": "com.wdc.portal.model.App",
          "appId": "com.wdc.branded.security",
          "version": "x.x.x.x"
        }
      }
    ]
  }
}
2020-11-24T12:01:41-05:00 ci=3a11f697-7362-4cb1-8ea9-2fa6d628f7b5 info {
  "sourceId": "driveagent.apps.wdc.com",
  "priority": 1,
  "notification": {
    "type": "com.wdc.portal.app.post",
    "context": [
      {
        "model": {
          "_class": "com.wdc.portal.model.App",
          "appId": "com.wdc.branded.backup",
          "name": "WD Backup",
          "openAction": {
            "_class": "com.wdc.smb.action.Command",
            "command": "\"C:\\Program Files (x86)\\Western Digital\\WD App Manager\\WDAppManager.exe\"",
            "argument": "-launchbackupdefault"
          },
          "version": "1.9.6598.18388"
        }
      }
    ]
  }
}
2020-11-24T12:01:47-05:00 ci=3a11f697-7362-4cb1-8ea9-2fa6d628f7b5 info {
  "sourceName": "WD Device Agent",
  "priority": 1,
  "sourceId": "driveagent.apps.wdc.com",
  "notification": {
    "type": "com.wdc.portal.device.refresh",
    "context": [
      ""
    ]
  }
}
2020-11-24T12:01:47-05:00 ci=3a11f697-7362-4cb1-8ea9-2fa6d628f7b5 info {
  "sourceId": "driveagent.apps.wdc.com",
  "sourceName": "WD Device Agent",
  "priority": 1,
  "notification": {
    "type": "com.wdc.portal.device.post",
    "context": [
      {
        "model": {
          "name": "My Passport",
          "deviceId": "USB_1058_25E1_WX71AA86EY8R",
          "_class": "com.wdc.portal.model.Device",
          "type": "USB_1058_25E1",
          "serial": "WX71AA86EY8R",
          "capacity": "1000170585600",
          "firmware": "1021",
          "hasPassword": false,
          "isLocked": false,
          "volumes": [],
          "mountPoints": []
        }
      }
    ]
  }
}
2020-11-24T12:01:47-05:00 ci=3a11f697-7362-4cb1-8ea9-2fa6d628f7b5 info {
  "sourceId": "driveagent.apps.wdc.com",
  "sourceName": "WD Device Agent",
  "priority": 1,
  "notification": {
    "type": "com.wdc.portal.device.put",
    "context": [
      {
        "model": {
          "name": "My Passport",
          "deviceId": "USB_1058_25E1_WX71AA86EY8R",
          "_class": "com.wdc.portal.model.Device",
          "type": "USB_1058_25E1",
          "serial": "WX71AA86EY8R",
          "capacity": "1000170585600",
          "firmware": "1021",
          "hasPassword": false,
          "isLocked": false,
          "volumes": [
            {
              "readOnly": false,
              "isDriverInstallationRequired": false,
              "hasTimeMachineBackup": false,
              "capacity": "1000167440384",
              "spaceAvailable": "0.70707900955512171",
              "volumeName": "My Passport (E:)",
              "fileSystemType": "",
              "url": "My Passport (E:)",
              "label": "My Passport (E:)",
              "openAction": {
                "label": "Open",
                "_class": "com.wdc.smb.action.OpenLocation",
                "url": "E:\\"
              }
            }
          ],
          "mountPoints": [
            {
              "mountPoint": "E"
            }
          ]
        }
      }
    ]
  }
}
2020-11-24T12:01:47-05:00 ci=3a11f697-7362-4cb1-8ea9-2fa6d628f7b5 info {
  "sourceId": "driveagent.apps.wdc.com",
  "priority": 1,
  "notification": {
    "type": "com.wdc.portal.app.delete",
    "context": [
      {
        "model": {
          "_class": "com.wdc.portal.model.App",
          "appId": "com.wdc.branded.paragon",
          "version": "x.x.x.x"
        }
      },
      {
        "model": {
          "_class": "com.wdc.portal.model.App",
          "appId": "com.wdc.branded.driveutility",
          "version": "x.x.x.x"
        }
      },
      {
        "model": {
          "_class": "com.wdc.portal.model.App",
          "appId": "com.wdc.branded.security",
          "version": "x.x.x.x"
        }
      }
    ]
  }
}
2020-11-24T12:01:47-05:00 ci=3a11f697-7362-4cb1-8ea9-2fa6d628f7b5 info {
  "sourceId": "driveagent.apps.wdc.com",
  "priority": 1,
  "notification": {
    "type": "com.wdc.portal.app.post",
    "context": [
      {
        "model": {
          "_class": "com.wdc.portal.model.App",
          "appId": "com.wdc.branded.backup",
          "name": "WD Backup",
          "openAction": {
            "_class": "com.wdc.smb.action.Command",
            "command": "\"C:\\Program Files (x86)\\Western Digital\\WD App Manager\\WDAppManager.exe\"",
            "argument": "-launchbackupdefault"
          },
          "version": "1.9.6598.18388"
        }
      }
    ]
  }
}
2020-11-24T12:01:48-05:00 ci=3a11f697-7362-4cb1-8ea9-2fa6d628f7b5 info {
  "sourceName": "WD Device Agent",
  "priority": 1,
  "sourceId": "driveagent.apps.wdc.com",
  "notification": {
    "type": "com.wdc.portal.device.refresh",
    "context": [
      ""
    ]
  }
}
2020-11-24T12:01:48-05:00 ci=3a11f697-7362-4cb1-8ea9-2fa6d628f7b5 info {
  "sourceId": "driveagent.apps.wdc.com",
  "sourceName": "WD Device Agent",
  "priority": 1,
  "notification": {
    "type": "com.wdc.portal.device.post",
    "context": [
      {
        "model": {
          "name": "My Passport",
          "deviceId": "USB_1058_25E1_WX71AA86EY8R",
          "_class": "com.wdc.portal.model.Device",
          "type": "USB_1058_25E1",
          "serial": "WX71AA86EY8R",
          "capacity": "1000170585600",
          "firmware": "1021",
          "hasPassword": false,
          "isLocked": false,
          "volumes": [],
          "mountPoints": []
        }
      }
    ]
  }
}
2020-11-24T12:01:48-05:00 ci=3a11f697-7362-4cb1-8ea9-2fa6d628f7b5 info {
  "sourceId": "driveagent.apps.wdc.com",
  "sourceName": "WD Device Agent",
  "priority": 1,
  "notification": {
    "type": "com.wdc.portal.device.put",
    "context": [
      {
        "model": {
          "name": "My Passport",
          "deviceId": "USB_1058_25E1_WX71AA86EY8R",
          "_class": "com.wdc.portal.model.Device",
          "type": "USB_1058_25E1",
          "serial": "WX71AA86EY8R",
          "capacity": "1000170585600",
          "firmware": "1021",
          "hasPassword": false,
          "isLocked": false,
          "volumes": [
            {
              "readOnly": false,
              "isDriverInstallationRequired": false,
              "hasTimeMachineBackup": false,
              "capacity": "1000167440384",
              "spaceAvailable": "0.70706852555056754",
              "volumeName": "My Passport (E:)",
              "fileSystemType": "",
              "url": "My Passport (E:)",
              "label": "My Passport (E:)",
              "openAction": {
                "label": "Open",
                "_class": "com.wdc.smb.action.OpenLocation",
                "url": "E:\\"
              }
            }
          ],
          "mountPoints": [
            {
              "mountPoint": "E"
            }
          ]
        }
      }
    ]
  }
}
2020-11-24T12:01:48-05:00 ci=3a11f697-7362-4cb1-8ea9-2fa6d628f7b5 info {
  "sourceId": "driveagent.apps.wdc.com",
  "priority": 1,
  "notification": {
    "type": "com.wdc.portal.app.delete",
    "context": [
      {
        "model": {
          "_class": "com.wdc.portal.model.App",
          "appId": "com.wdc.branded.paragon",
          "version": "x.x.x.x"
        }
      },
      {
        "model": {
          "_class": "com.wdc.portal.model.App",
          "appId": "com.wdc.branded.driveutility",
          "version": "x.x.x.x"
        }
      },
      {
        "model": {
          "_class": "com.wdc.portal.model.App",
          "appId": "com.wdc.branded.security",
          "version": "x.x.x.x"
        }
      }
    ]
  }
}
2020-11-24T12:01:48-05:00 ci=3a11f697-7362-4cb1-8ea9-2fa6d628f7b5 info {
  "sourceId": "driveagent.apps.wdc.com",
  "priority": 1,
  "notification": {
    "type": "com.wdc.portal.app.post",
    "context": [
      {
        "model": {
          "_class": "com.wdc.portal.model.App",
          "appId": "com.wdc.branded.backup",
          "name": "WD Backup",
          "openAction": {
            "_class": "com.wdc.smb.action.Command",
            "command": "\"C:\\Program Files (x86)\\Western Digital\\WD App Manager\\WDAppManager.exe\"",
            "argument": "-launchbackupdefault"
          },
          "version": "1.9.6598.18388"
        }
      }
    ]
  }
}
