2021-01-18T12:01:50-05:00 ci=3a11f697-7362-4cb1-8ea9-2fa6d628f7b5 info {
  "sourceId": "driveagent.apps.wdc.com",
  "sourceName": "WD Device Agent",
  "priority": 1,
  "notification": {
    "type": "com.wdc.portal.device.put",
    "context": [
      {
        "model": {
          "name": "My Passport",
          "deviceId": "USB_1058_25E1_WX71AA86EY8R",
          "_class": "com.wdc.portal.model.Device",
          "type": "USB_1058_25E1",
          "serial": "WX71AA86EY8R",
          "capacity": "1000170585600",
          "firmware": "1021",
          "hasPassword": false,
          "isLocked": false,
          "volumes": [
            {
              "readOnly": false,
              "isDriverInstallationRequired": false,
              "hasTimeMachineBackup": false,
              "capacity": "1000167440384",
              "spaceAvailable": "0.61622567448843302",
              "volumeName": "My Passport (E:)",
              "fileSystemType": "",
              "url": "My Passport (E:)",
              "label": "My Passport (E:)",
              "openAction": {
                "label": "Open",
                "_class": "com.wdc.smb.action.OpenLocation",
                "url": "E:\\"
              }
            }
          ],
          "mountPoints": [
            {
              "mountPoint": "E"
            }
          ]
        }
      }
    ]
  }
}
2021-01-18T12:01:55-05:00 ci=3a11f697-7362-4cb1-8ea9-2fa6d628f7b5 info {
  "sourceId": "driveagent.apps.wdc.com",
  "sourceName": "WD Device Agent",
  "priority": 1,
  "notification": {
    "type": "com.wdc.portal.device.put",
    "context": [
      {
        "model": {
          "name": "My Passport",
          "deviceId": "USB_1058_25E1_WX71AA86EY8R",
          "_class": "com.wdc.portal.model.Device",
          "type": "USB_1058_25E1",
          "serial": "WX71AA86EY8R",
          "capacity": "1000170585600",
          "firmware": "1021",
          "hasPassword": false,
          "isLocked": false,
          "volumes": [
            {
              "readOnly": false,
              "isDriverInstallationRequired": false,
              "hasTimeMachineBackup": false,
              "capacity": "1000167440384",
              "spaceAvailable": "0.61608099522558435",
              "volumeName": "My Passport (E:)",
              "fileSystemType": "",
              "url": "My Passport (E:)",
              "label": "My Passport (E:)",
              "openAction": {
                "label": "Open",
                "_class": "com.wdc.smb.action.OpenLocation",
                "url": "E:\\"
              }
            }
          ],
          "mountPoints": [
            {
              "mountPoint": "E"
            }
          ]
        }
      }
    ]
  }
}
2021-01-18T12:02:00-05:00 ci=3a11f697-7362-4cb1-8ea9-2fa6d628f7b5 info {
  "sourceId": "driveagent.apps.wdc.com",
  "sourceName": "WD Device Agent",
  "priority": 1,
  "notification": {
    "type": "com.wdc.portal.device.put",
    "context": [
      {
        "model": {
          "name": "My Passport",
          "deviceId": "USB_1058_25E1_WX71AA86EY8R",
          "_class": "com.wdc.portal.model.Device",
          "type": "USB_1058_25E1",
          "serial": "WX71AA86EY8R",
          "capacity": "1000170585600",
          "firmware": "1021",
          "hasPassword": false,
          "isLocked": false,
          "volumes": [
            {
              "readOnly": false,
              "isDriverInstallationRequired": false,
              "hasTimeMachineBackup": false,
              "capacity": "1000167440384",
              "spaceAvailable": "0.61607155962148552",
              "volumeName": "My Passport (E:)",
              "fileSystemType": "",
              "url": "My Passport (E:)",
              "label": "My Passport (E:)",
              "openAction": {
                "label": "Open",
                "_class": "com.wdc.smb.action.OpenLocation",
                "url": "E:\\"
              }
            }
          ],
          "mountPoints": [
            {
              "mountPoint": "E"
            }
          ]
        }
      }
    ]
  }
}
2021-01-18T12:02:05-05:00 ci=3a11f697-7362-4cb1-8ea9-2fa6d628f7b5 info {
  "sourceId": "driveagent.apps.wdc.com",
  "sourceName": "WD Device Agent",
  "priority": 1,
  "notification": {
    "type": "com.wdc.portal.device.put",
    "context": [
      {
        "model": {
          "name": "My Passport",
          "deviceId": "USB_1058_25E1_WX71AA86EY8R",
          "_class": "com.wdc.portal.model.Device",
          "type": "USB_1058_25E1",
          "serial": "WX71AA86EY8R",
          "capacity": "1000170585600",
          "firmware": "1021",
          "hasPassword": false,
          "isLocked": false,
          "volumes": [
            {
              "readOnly": false,
              "isDriverInstallationRequired": false,
              "hasTimeMachineBackup": false,
              "capacity": "1000167440384",
              "spaceAvailable": "0.61605059161237696",
              "volumeName": "My Passport (E:)",
              "fileSystemType": "",
              "url": "My Passport (E:)",
              "label": "My Passport (E:)",
              "openAction": {
                "label": "Open",
                "_class": "com.wdc.smb.action.OpenLocation",
                "url": "E:\\"
              }
            }
          ],
          "mountPoints": [
            {
              "mountPoint": "E"
            }
          ]
        }
      }
    ]
  }
}
2021-01-18T12:02:10-05:00 ci=3a11f697-7362-4cb1-8ea9-2fa6d628f7b5 info {
  "sourceId": "driveagent.apps.wdc.com",
  "sourceName": "WD Device Agent",
  "priority": 1,
  "notification": {
    "type": "com.wdc.portal.device.put",
    "context": [
      {
        "model": {
          "name": "My Passport",
          "deviceId": "USB_1058_25E1_WX71AA86EY8R",
          "_class": "com.wdc.portal.model.Device",
          "type": "USB_1058_25E1",
          "serial": "WX71AA86EY8R",
          "capacity": "1000170585600",
          "firmware": "1021",
          "hasPassword": false,
          "isLocked": false,
          "volumes": [
            {
              "readOnly": false,
              "isDriverInstallationRequired": false,
              "hasTimeMachineBackup": false,
              "capacity": "1000167440384",
              "spaceAvailable": "0.61594575156683451",
              "volumeName": "My Passport (E:)",
              "fileSystemType": "",
              "url": "My Passport (E:)",
              "label": "My Passport (E:)",
              "openAction": {
                "label": "Open",
                "_class": "com.wdc.smb.action.OpenLocation",
                "url": "E:\\"
              }
            }
          ],
          "mountPoints": [
            {
              "mountPoint": "E"
            }
          ]
        }
      }
    ]
  }
}
2021-01-18T12:02:15-05:00 ci=3a11f697-7362-4cb1-8ea9-2fa6d628f7b5 info {
  "sourceId": "driveagent.apps.wdc.com",
  "sourceName": "WD Device Agent",
  "priority": 1,
  "notification": {
    "type": "com.wdc.portal.device.put",
    "context": [
      {
        "model": {
          "name": "My Passport",
          "deviceId": "USB_1058_25E1_WX71AA86EY8R",
          "_class": "com.wdc.portal.model.Device",
          "type": "USB_1058_25E1",
          "serial": "WX71AA86EY8R",
          "capacity": "1000170585600",
          "firmware": "1021",
          "hasPassword": false,
          "isLocked": false,
          "volumes": [
            {
              "readOnly": false,
              "isDriverInstallationRequired": false,
              "hasTimeMachineBackup": false,
              "capacity": "1000167440384",
              "spaceAvailable": "0.61589228314360778",
              "volumeName": "My Passport (E:)",
              "fileSystemType": "",
              "url": "My Passport (E:)",
              "label": "My Passport (E:)",
              "openAction": {
                "label": "Open",
                "_class": "com.wdc.smb.action.OpenLocation",
                "url": "E:\\"
              }
            }
          ],
          "mountPoints": [
            {
              "mountPoint": "E"
            }
          ]
        }
      }
    ]
  }
}
2021-01-18T12:02:20-05:00 ci=3a11f697-7362-4cb1-8ea9-2fa6d628f7b5 info {
  "sourceId": "driveagent.apps.wdc.com",
  "sourceName": "WD Device Agent",
  "priority": 1,
  "notification": {
    "type": "com.wdc.portal.device.put",
    "context": [
      {
        "model": {
          "name": "My Passport",
          "deviceId": "USB_1058_25E1_WX71AA86EY8R",
          "_class": "com.wdc.portal.model.Device",
          "type": "USB_1058_25E1",
          "serial": "WX71AA86EY8R",
          "capacity": "1000170585600",
          "firmware": "1021",
          "hasPassword": false,
          "isLocked": false,
          "volumes": [
            {
              "readOnly": false,
              "isDriverInstallationRequired": false,
              "hasTimeMachineBackup": false,
              "capacity": "1000167440384",
              "spaceAvailable": "0.61578744309806532",
              "volumeName": "My Passport (E:)",
              "fileSystemType": "",
              "url": "My Passport (E:)",
              "label": "My Passport (E:)",
              "openAction": {
                "label": "Open",
                "_class": "com.wdc.smb.action.OpenLocation",
                "url": "E:\\"
              }
            }
          ],
          "mountPoints": [
            {
              "mountPoint": "E"
            }
          ]
        }
      }
    ]
  }
}
2021-01-18T12:02:25-05:00 ci=3a11f697-7362-4cb1-8ea9-2fa6d628f7b5 info {
  "sourceId": "driveagent.apps.wdc.com",
  "sourceName": "WD Device Agent",
  "priority": 1,
  "notification": {
    "type": "com.wdc.portal.device.put",
    "context": [
      {
        "model": {
          "name": "My Passport",
          "deviceId": "USB_1058_25E1_WX71AA86EY8R",
          "_class": "com.wdc.portal.model.Device",
          "type": "USB_1058_25E1",
          "serial": "WX71AA86EY8R",
          "capacity": "1000170585600",
          "firmware": "1021",
          "hasPassword": false,
          "isLocked": false,
          "volumes": [
            {
              "readOnly": false,
              "isDriverInstallationRequired": false,
              "hasTimeMachineBackup": false,
              "capacity": "1000167440384",
              "spaceAvailable": "0.61577171709123391",
              "volumeName": "My Passport (E:)",
              "fileSystemType": "",
              "url": "My Passport (E:)",
              "label": "My Passport (E:)",
              "openAction": {
                "label": "Open",
                "_class": "com.wdc.smb.action.OpenLocation",
                "url": "E:\\"
              }
            }
          ],
          "mountPoints": [
            {
              "mountPoint": "E"
            }
          ]
        }
      }
    ]
  }
}
2021-01-18T12:02:30-05:00 ci=3a11f697-7362-4cb1-8ea9-2fa6d628f7b5 info {
  "sourceId": "driveagent.apps.wdc.com",
  "sourceName": "WD Device Agent",
  "priority": 1,
  "notification": {
    "type": "com.wdc.portal.device.put",
    "context": [
      {
        "model": {
          "name": "My Passport",
          "deviceId": "USB_1058_25E1_WX71AA86EY8R",
          "_class": "com.wdc.portal.model.Device",
          "type": "USB_1058_25E1",
          "serial": "WX71AA86EY8R",
          "capacity": "1000170585600",
          "firmware": "1021",
          "hasPassword": false,
          "isLocked": false,
          "volumes": [
            {
              "readOnly": false,
              "isDriverInstallationRequired": false,
              "hasTimeMachineBackup": false,
              "capacity": "1000167440384",
              "spaceAvailable": "0.61576437828804598",
              "volumeName": "My Passport (E:)",
              "fileSystemType": "",
              "url": "My Passport (E:)",
              "label": "My Passport (E:)",
              "openAction": {
                "label": "Open",
                "_class": "com.wdc.smb.action.OpenLocation",
                "url": "E:\\"
              }
            }
          ],
          "mountPoints": [
            {
              "mountPoint": "E"
            }
          ]
        }
      }
    ]
  }
}
2021-01-18T12:02:35-05:00 ci=3a11f697-7362-4cb1-8ea9-2fa6d628f7b5 info {
  "sourceId": "driveagent.apps.wdc.com",
  "sourceName": "WD Device Agent",
  "priority": 1,
  "notification": {
    "type": "com.wdc.portal.device.put",
    "context": [
      {
        "model": {
          "name": "My Passport",
          "deviceId": "USB_1058_25E1_WX71AA86EY8R",
          "_class": "com.wdc.portal.model.Device",
          "type": "USB_1058_25E1",
          "serial": "WX71AA86EY8R",
          "capacity": "1000170585600",
          "firmware": "1021",
          "hasPassword": false,
          "isLocked": false,
          "volumes": [
            {
              "readOnly": false,
              "isDriverInstallationRequired": false,
              "hasTimeMachineBackup": false,
              "capacity": "1000167440384",
              "spaceAvailable": "0.6157538942834917",
              "volumeName": "My Passport (E:)",
              "fileSystemType": "",
              "url": "My Passport (E:)",
              "label": "My Passport (E:)",
              "openAction": {
                "label": "Open",
                "_class": "com.wdc.smb.action.OpenLocation",
                "url": "E:\\"
              }
            }
          ],
          "mountPoints": [
            {
              "mountPoint": "E"
            }
          ]
        }
      }
    ]
  }
}
2021-01-18T12:02:40-05:00 ci=3a11f697-7362-4cb1-8ea9-2fa6d628f7b5 info {
  "sourceId": "driveagent.apps.wdc.com",
  "sourceName": "WD Device Agent",
  "priority": 1,
  "notification": {
    "type": "com.wdc.portal.device.put",
    "context": [
      {
        "model": {
          "name": "My Passport",
          "deviceId": "USB_1058_25E1_WX71AA86EY8R",
          "_class": "com.wdc.portal.model.Device",
          "type": "USB_1058_25E1",
          "serial": "WX71AA86EY8R",
          "capacity": "1000170585600",
          "firmware": "1021",
          "hasPassword": false,
          "isLocked": false,
          "volumes": [
            {
              "readOnly": false,
              "isDriverInstallationRequired": false,
              "hasTimeMachineBackup": false,
              "capacity": "1000167440384",
              "spaceAvailable": "0.61574760388075911",
              "volumeName": "My Passport (E:)",
              "fileSystemType": "",
              "url": "My Passport (E:)",
              "label": "My Passport (E:)",
              "openAction": {
                "label": "Open",
                "_class": "com.wdc.smb.action.OpenLocation",
                "url": "E:\\"
              }
            }
          ],
          "mountPoints": [
            {
              "mountPoint": "E"
            }
          ]
        }
      }
    ]
  }
}
2021-01-18T12:02:45-05:00 ci=3a11f697-7362-4cb1-8ea9-2fa6d628f7b5 info {
  "sourceId": "driveagent.apps.wdc.com",
  "sourceName": "WD Device Agent",
  "priority": 1,
  "notification": {
    "type": "com.wdc.portal.device.put",
    "context": [
      {
        "model": {
          "name": "My Passport",
          "deviceId": "USB_1058_25E1_WX71AA86EY8R",
          "_class": "com.wdc.portal.model.Device",
          "type": "USB_1058_25E1",
          "serial": "WX71AA86EY8R",
          "capacity": "1000170585600",
          "firmware": "1021",
          "hasPassword": false,
          "isLocked": false,
          "volumes": [
            {
              "readOnly": false,
              "isDriverInstallationRequired": false,
              "hasTimeMachineBackup": false,
              "capacity": "1000167440384",
              "spaceAvailable": "0.61573711987620483",
              "volumeName": "My Passport (E:)",
              "fileSystemType": "",
              "url": "My Passport (E:)",
              "label": "My Passport (E:)",
              "openAction": {
                "label": "Open",
                "_class": "com.wdc.smb.action.OpenLocation",
                "url": "E:\\"
              }
            }
          ],
          "mountPoints": [
            {
              "mountPoint": "E"
            }
          ]
        }
      }
    ]
  }
}
2021-01-18T12:02:50-05:00 ci=3a11f697-7362-4cb1-8ea9-2fa6d628f7b5 info {
  "sourceId": "driveagent.apps.wdc.com",
  "sourceName": "WD Device Agent",
  "priority": 1,
  "notification": {
    "type": "com.wdc.portal.device.put",
    "context": [
      {
        "model": {
          "name": "My Passport",
          "deviceId": "USB_1058_25E1_WX71AA86EY8R",
          "_class": "com.wdc.portal.model.Device",
          "type": "USB_1058_25E1",
          "serial": "WX71AA86EY8R",
          "capacity": "1000170585600",
          "firmware": "1021",
          "hasPassword": false,
          "isLocked": false,
          "volumes": [
            {
              "readOnly": false,
              "isDriverInstallationRequired": false,
              "hasTimeMachineBackup": false,
              "capacity": "1000167440384",
              "spaceAvailable": "0.61572873267256145",
              "volumeName": "My Passport (E:)",
              "fileSystemType": "",
              "url": "My Passport (E:)",
              "label": "My Passport (E:)",
              "openAction": {
                "label": "Open",
                "_class": "com.wdc.smb.action.OpenLocation",
                "url": "E:\\"
              }
            }
          ],
          "mountPoints": [
            {
              "mountPoint": "E"
            }
          ]
        }
      }
    ]
  }
}
2021-01-18T12:02:55-05:00 ci=3a11f697-7362-4cb1-8ea9-2fa6d628f7b5 info {
  "sourceId": "driveagent.apps.wdc.com",
  "sourceName": "WD Device Agent",
  "priority": 1,
  "notification": {
    "type": "com.wdc.portal.device.put",
    "context": [
      {
        "model": {
          "name": "My Passport",
          "deviceId": "USB_1058_25E1_WX71AA86EY8R",
          "_class": "com.wdc.portal.model.Device",
          "type": "USB_1058_25E1",
          "serial": "WX71AA86EY8R",
          "capacity": "1000170585600",
          "firmware": "1021",
          "hasPassword": false,
          "isLocked": false,
          "volumes": [
            {
              "readOnly": false,
              "isDriverInstallationRequired": false,
              "hasTimeMachineBackup": false,
              "capacity": "1000167440384",
              "spaceAvailable": "0.61572139386937352",
              "volumeName": "My Passport (E:)",
              "fileSystemType": "",
              "url": "My Passport (E:)",
              "label": "My Passport (E:)",
              "openAction": {
                "label": "Open",
                "_class": "com.wdc.smb.action.OpenLocation",
                "url": "E:\\"
              }
            }
          ],
          "mountPoints": [
            {
              "mountPoint": "E"
            }
          ]
        }
      }
    ]
  }
}
2021-01-18T12:03:00-05:00 ci=3a11f697-7362-4cb1-8ea9-2fa6d628f7b5 info {
  "sourceId": "driveagent.apps.wdc.com",
  "sourceName": "WD Device Agent",
  "priority": 1,
  "notification": {
    "type": "com.wdc.portal.device.put",
    "context": [
      {
        "model": {
          "name": "My Passport",
          "deviceId": "USB_1058_25E1_WX71AA86EY8R",
          "_class": "com.wdc.portal.model.Device",
          "type": "USB_1058_25E1",
          "serial": "WX71AA86EY8R",
          "capacity": "1000170585600",
          "firmware": "1021",
          "hasPassword": false,
          "isLocked": false,
          "volumes": [
            {
              "readOnly": false,
              "isDriverInstallationRequired": false,
              "hasTimeMachineBackup": false,
              "capacity": "1000167440384",
              "spaceAvailable": "0.61571195826527469",
              "volumeName": "My Passport (E:)",
              "fileSystemType": "",
              "url": "My Passport (E:)",
              "label": "My Passport (E:)",
              "openAction": {
                "label": "Open",
                "_class": "com.wdc.smb.action.OpenLocation",
                "url": "E:\\"
              }
            }
          ],
          "mountPoints": [
            {
              "mountPoint": "E"
            }
          ]
        }
      }
    ]
  }
}
2021-01-18T12:03:05-05:00 ci=3a11f697-7362-4cb1-8ea9-2fa6d628f7b5 info {
  "sourceId": "driveagent.apps.wdc.com",
  "sourceName": "WD Device Agent",
  "priority": 1,
  "notification": {
    "type": "com.wdc.portal.device.put",
    "context": [
      {
        "model": {
          "name": "My Passport",
          "deviceId": "USB_1058_25E1_WX71AA86EY8R",
          "_class": "com.wdc.portal.model.Device",
          "type": "USB_1058_25E1",
          "serial": "WX71AA86EY8R",
          "capacity": "1000170585600",
          "firmware": "1021",
          "hasPassword": false,
          "isLocked": false,
          "volumes": [
            {
              "readOnly": false,
              "isDriverInstallationRequired": false,
              "hasTimeMachineBackup": false,
              "capacity": "1000167440384",
              "spaceAvailable": "0.61570357106163132",
              "volumeName": "My Passport (E:)",
              "fileSystemType": "",
              "url": "My Passport (E:)",
              "label": "My Passport (E:)",
              "openAction": {
                "label": "Open",
                "_class": "com.wdc.smb.action.OpenLocation",
                "url": "E:\\"
              }
            }
          ],
          "mountPoints": [
            {
              "mountPoint": "E"
            }
          ]
        }
      }
    ]
  }
}
2021-01-18T12:03:10-05:00 ci=3a11f697-7362-4cb1-8ea9-2fa6d628f7b5 info {
  "sourceId": "driveagent.apps.wdc.com",
  "sourceName": "WD Device Agent",
  "priority": 1,
  "notification": {
    "type": "com.wdc.portal.device.put",
    "context": [
      {
        "model": {
          "name": "My Passport",
          "deviceId": "USB_1058_25E1_WX71AA86EY8R",
          "_class": "com.wdc.portal.model.Device",
          "type": "USB_1058_25E1",
          "serial": "WX71AA86EY8R",
          "capacity": "1000170585600",
          "firmware": "1021",
          "hasPassword": false,
          "isLocked": false,
          "volumes": [
            {
              "readOnly": false,
              "isDriverInstallationRequired": false,
              "hasTimeMachineBackup": false,
              "capacity": "1000167440384",
              "spaceAvailable": "0.61569728065889873",
              "volumeName": "My Passport (E:)",
              "fileSystemType": "",
              "url": "My Passport (E:)",
              "label": "My Passport (E:)",
              "openAction": {
                "label": "Open",
                "_class": "com.wdc.smb.action.OpenLocation",
                "url": "E:\\"
              }
            }
          ],
          "mountPoints": [
            {
              "mountPoint": "E"
            }
          ]
        }
      }
    ]
  }
}
2021-01-18T12:03:15-05:00 ci=3a11f697-7362-4cb1-8ea9-2fa6d628f7b5 info {
  "sourceId": "driveagent.apps.wdc.com",
  "sourceName": "WD Device Agent",
  "priority": 1,
  "notification": {
    "type": "com.wdc.portal.device.put",
    "context": [
      {
        "model": {
          "name": "My Passport",
          "deviceId": "USB_1058_25E1_WX71AA86EY8R",
          "_class": "com.wdc.portal.model.Device",
          "type": "USB_1058_25E1",
          "serial": "WX71AA86EY8R",
          "capacity": "1000170585600",
          "firmware": "1021",
          "hasPassword": false,
          "isLocked": false,
          "volumes": [
            {
              "readOnly": false,
              "isDriverInstallationRequired": false,
              "hasTimeMachineBackup": false,
              "capacity": "1000167440384",
              "spaceAvailable": "0.61568050625161197",
              "volumeName": "My Passport (E:)",
              "fileSystemType": "",
              "url": "My Passport (E:)",
              "label": "My Passport (E:)",
              "openAction": {
                "label": "Open",
                "_class": "com.wdc.smb.action.OpenLocation",
                "url": "E:\\"
              }
            }
          ],
          "mountPoints": [
            {
              "mountPoint": "E"
            }
          ]
        }
      }
    ]
  }
}
2021-01-18T12:03:20-05:00 ci=3a11f697-7362-4cb1-8ea9-2fa6d628f7b5 info {
  "sourceId": "driveagent.apps.wdc.com",
  "sourceName": "WD Device Agent",
  "priority": 1,
  "notification": {
    "type": "com.wdc.portal.device.put",
    "context": [
      {
        "model": {
          "name": "My Passport",
          "deviceId": "USB_1058_25E1_WX71AA86EY8R",
          "_class": "com.wdc.portal.model.Device",
          "type": "USB_1058_25E1",
          "serial": "WX71AA86EY8R",
          "capacity": "1000170585600",
          "firmware": "1021",
          "hasPassword": false,
          "isLocked": false,
          "volumes": [
            {
              "readOnly": false,
              "isDriverInstallationRequired": false,
              "hasTimeMachineBackup": false,
              "capacity": "1000167440384",
              "spaceAvailable": "0.61567316744842393",
              "volumeName": "My Passport (E:)",
              "fileSystemType": "",
              "url": "My Passport (E:)",
              "label": "My Passport (E:)",
              "openAction": {
                "label": "Open",
                "_class": "com.wdc.smb.action.OpenLocation",
                "url": "E:\\"
              }
            }
          ],
          "mountPoints": [
            {
              "mountPoint": "E"
            }
          ]
        }
      }
    ]
  }
}
2021-01-18T12:03:25-05:00 ci=3a11f697-7362-4cb1-8ea9-2fa6d628f7b5 info {
  "sourceId": "driveagent.apps.wdc.com",
  "sourceName": "WD Device Agent",
  "priority": 1,
  "notification": {
    "type": "com.wdc.portal.device.put",
    "context": [
      {
        "model": {
          "name": "My Passport",
          "deviceId": "USB_1058_25E1_WX71AA86EY8R",
          "_class": "com.wdc.portal.model.Device",
          "type": "USB_1058_25E1",
          "serial": "WX71AA86EY8R",
          "capacity": "1000170585600",
          "firmware": "1021",
          "hasPassword": false,
          "isLocked": false,
          "volumes": [
            {
              "readOnly": false,
              "isDriverInstallationRequired": false,
              "hasTimeMachineBackup": false,
              "capacity": "1000167440384",
              "spaceAvailable": "0.61566478024478055",
              "volumeName": "My Passport (E:)",
              "fileSystemType": "",
              "url": "My Passport (E:)",
              "label": "My Passport (E:)",
              "openAction": {
                "label": "Open",
                "_class": "com.wdc.smb.action.OpenLocation",
                "url": "E:\\"
              }
            }
          ],
          "mountPoints": [
            {
              "mountPoint": "E"
            }
          ]
        }
      }
    ]
  }
}
2021-01-18T12:03:30-05:00 ci=3a11f697-7362-4cb1-8ea9-2fa6d628f7b5 info {
  "sourceId": "driveagent.apps.wdc.com",
  "sourceName": "WD Device Agent",
  "priority": 1,
  "notification": {
    "type": "com.wdc.portal.device.put",
    "context": [
      {
        "model": {
          "name": "My Passport",
          "deviceId": "USB_1058_25E1_WX71AA86EY8R",
          "_class": "com.wdc.portal.model.Device",
          "type": "USB_1058_25E1",
          "serial": "WX71AA86EY8R",
          "capacity": "1000170585600",
          "firmware": "1021",
          "hasPassword": false,
          "isLocked": false,
          "volumes": [
            {
              "readOnly": false,
              "isDriverInstallationRequired": false,
              "hasTimeMachineBackup": false,
              "capacity": "1000167440384",
              "spaceAvailable": "0.61562598942792979",
              "volumeName": "My Passport (E:)",
              "fileSystemType": "",
              "url": "My Passport (E:)",
              "label": "My Passport (E:)",
              "openAction": {
                "label": "Open",
                "_class": "com.wdc.smb.action.OpenLocation",
                "url": "E:\\"
              }
            }
          ],
          "mountPoints": [
            {
              "mountPoint": "E"
            }
          ]
        }
      }
    ]
  }
}
2021-01-18T12:03:35-05:00 ci=3a11f697-7362-4cb1-8ea9-2fa6d628f7b5 info {
  "sourceId": "driveagent.apps.wdc.com",
  "sourceName": "WD Device Agent",
  "priority": 1,
  "notification": {
    "type": "com.wdc.portal.device.put",
    "context": [
      {
        "model": {
          "name": "My Passport",
          "deviceId": "USB_1058_25E1_WX71AA86EY8R",
          "_class": "com.wdc.portal.model.Device",
          "type": "USB_1058_25E1",
          "serial": "WX71AA86EY8R",
          "capacity": "1000170585600",
          "firmware": "1021",
          "hasPassword": false,
          "isLocked": false,
          "volumes": [
            {
              "readOnly": false,
              "isDriverInstallationRequired": false,
              "hasTimeMachineBackup": false,
              "capacity": "1000167440384",
              "spaceAvailable": "0.61559873101608875",
              "volumeName": "My Passport (E:)",
              "fileSystemType": "",
              "url": "My Passport (E:)",
              "label": "My Passport (E:)",
              "openAction": {
                "label": "Open",
                "_class": "com.wdc.smb.action.OpenLocation",
                "url": "E:\\"
              }
            }
          ],
          "mountPoints": [
            {
              "mountPoint": "E"
            }
          ]
        }
      }
    ]
  }
}
2021-01-18T12:03:40-05:00 ci=3a11f697-7362-4cb1-8ea9-2fa6d628f7b5 info {
  "sourceId": "driveagent.apps.wdc.com",
  "sourceName": "WD Device Agent",
  "priority": 1,
  "notification": {
    "type": "com.wdc.portal.device.put",
    "context": [
      {
        "model": {
          "name": "My Passport",
          "deviceId": "USB_1058_25E1_WX71AA86EY8R",
          "_class": "com.wdc.portal.model.Device",
          "type": "USB_1058_25E1",
          "serial": "WX71AA86EY8R",
          "capacity": "1000170585600",
          "firmware": "1021",
          "hasPassword": false,
          "isLocked": false,
          "volumes": [
            {
              "readOnly": false,
              "isDriverInstallationRequired": false,
              "hasTimeMachineBackup": false,
              "capacity": "1000167440384",
              "spaceAvailable": "0.61542889014230984",
              "volumeName": "My Passport (E:)",
              "fileSystemType": "",
              "url": "My Passport (E:)",
              "label": "My Passport (E:)",
              "openAction": {
                "label": "Open",
                "_class": "com.wdc.smb.action.OpenLocation",
                "url": "E:\\"
              }
            }
          ],
          "mountPoints": [
            {
              "mountPoint": "E"
            }
          ]
        }
      }
    ]
  }
}
2021-01-18T12:03:45-05:00 ci=3a11f697-7362-4cb1-8ea9-2fa6d628f7b5 info {
  "sourceId": "driveagent.apps.wdc.com",
  "sourceName": "WD Device Agent",
  "priority": 1,
  "notification": {
    "type": "com.wdc.portal.device.put",
    "context": [
      {
        "model": {
          "name": "My Passport",
          "deviceId": "USB_1058_25E1_WX71AA86EY8R",
          "_class": "com.wdc.portal.model.Device",
          "type": "USB_1058_25E1",
          "serial": "WX71AA86EY8R",
          "capacity": "1000170585600",
          "firmware": "1021",
          "hasPassword": false,
          "isLocked": false,
          "volumes": [
            {
              "readOnly": false,
              "isDriverInstallationRequired": false,
              "hasTimeMachineBackup": false,
              "capacity": "1000167440384",
              "spaceAvailable": "0.615315662893124",
              "volumeName": "My Passport (E:)",
              "fileSystemType": "",
              "url": "My Passport (E:)",
              "label": "My Passport (E:)",
              "openAction": {
                "label": "Open",
                "_class": "com.wdc.smb.action.OpenLocation",
                "url": "E:\\"
              }
            }
          ],
          "mountPoints": [
            {
              "mountPoint": "E"
            }
          ]
        }
      }
    ]
  }
}
2021-01-18T12:03:50-05:00 ci=3a11f697-7362-4cb1-8ea9-2fa6d628f7b5 info {
  "sourceId": "driveagent.apps.wdc.com",
  "sourceName": "WD Device Agent",
  "priority": 1,
  "notification": {
    "type": "com.wdc.portal.device.put",
    "context": [
      {
        "model": {
          "name": "My Passport",
          "deviceId": "USB_1058_25E1_WX71AA86EY8R",
          "_class": "com.wdc.portal.model.Device",
          "type": "USB_1058_25E1",
          "serial": "WX71AA86EY8R",
          "capacity": "1000170585600",
          "firmware": "1021",
          "hasPassword": false,
          "isLocked": false,
          "volumes": [
            {
              "readOnly": false,
              "isDriverInstallationRequired": false,
              "hasTimeMachineBackup": false,
              "capacity": "1000167440384",
              "spaceAvailable": "0.61523388765760079",
              "volumeName": "My Passport (E:)",
              "fileSystemType": "",
              "url": "My Passport (E:)",
              "label": "My Passport (E:)",
              "openAction": {
                "label": "Open",
                "_class": "com.wdc.smb.action.OpenLocation",
                "url": "E:\\"
              }
            }
          ],
          "mountPoints": [
            {
              "mountPoint": "E"
            }
          ]
        }
      }
    ]
  }
}
2021-01-18T12:03:55-05:00 ci=3a11f697-7362-4cb1-8ea9-2fa6d628f7b5 info {
  "sourceId": "driveagent.apps.wdc.com",
  "sourceName": "WD Device Agent",
  "priority": 1,
  "notification": {
    "type": "com.wdc.portal.device.put",
    "context": [
      {
        "model": {
          "name": "My Passport",
          "deviceId": "USB_1058_25E1_WX71AA86EY8R",
          "_class": "com.wdc.portal.model.Device",
          "type": "USB_1058_25E1",
          "serial": "WX71AA86EY8R",
          "capacity": "1000170585600",
          "firmware": "1021",
          "hasPassword": false,
          "isLocked": false,
          "volumes": [
            {
              "readOnly": false,
              "isDriverInstallationRequired": false,
              "hasTimeMachineBackup": false,
              "capacity": "1000167440384",
              "spaceAvailable": "0.61521606484985858",
              "volumeName": "My Passport (E:)",
              "fileSystemType": "",
              "url": "My Passport (E:)",
              "label": "My Passport (E:)",
              "openAction": {
                "label": "Open",
                "_class": "com.wdc.smb.action.OpenLocation",
                "url": "E:\\"
              }
            }
          ],
          "mountPoints": [
            {
              "mountPoint": "E"
            }
          ]
        }
      }
    ]
  }
}
2021-01-18T12:04:00-05:00 ci=3a11f697-7362-4cb1-8ea9-2fa6d628f7b5 info {
  "sourceId": "driveagent.apps.wdc.com",
  "sourceName": "WD Device Agent",
  "priority": 1,
  "notification": {
    "type": "com.wdc.portal.device.put",
    "context": [
      {
        "model": {
          "name": "My Passport",
          "deviceId": "USB_1058_25E1_WX71AA86EY8R",
          "_class": "com.wdc.portal.model.Device",
          "type": "USB_1058_25E1",
          "serial": "WX71AA86EY8R",
          "capacity": "1000170585600",
          "firmware": "1021",
          "hasPassword": false,
          "isLocked": false,
          "volumes": [
            {
              "readOnly": false,
              "isDriverInstallationRequired": false,
              "hasTimeMachineBackup": false,
              "capacity": "1000167440384",
              "spaceAvailable": "0.61513009601251367",
              "volumeName": "My Passport (E:)",
              "fileSystemType": "",
              "url": "My Passport (E:)",
              "label": "My Passport (E:)",
              "openAction": {
                "label": "Open",
                "_class": "com.wdc.smb.action.OpenLocation",
                "url": "E:\\"
              }
            }
          ],
          "mountPoints": [
            {
              "mountPoint": "E"
            }
          ]
        }
      }
    ]
  }
}
2021-01-18T12:04:05-05:00 ci=3a11f697-7362-4cb1-8ea9-2fa6d628f7b5 info {
  "sourceId": "driveagent.apps.wdc.com",
  "sourceName": "WD Device Agent",
  "priority": 1,
  "notification": {
    "type": "com.wdc.portal.device.put",
    "context": [
      {
        "model": {
          "name": "My Passport",
          "deviceId": "USB_1058_25E1_WX71AA86EY8R",
          "_class": "com.wdc.portal.model.Device",
          "type": "USB_1058_25E1",
          "serial": "WX71AA86EY8R",
          "capacity": "1000170585600",
          "firmware": "1021",
          "hasPassword": false,
          "isLocked": false,
          "volumes": [
            {
              "readOnly": false,
              "isDriverInstallationRequired": false,
              "hasTimeMachineBackup": false,
              "capacity": "1000167440384",
              "spaceAvailable": "0.61481872107725244",
              "volumeName": "My Passport (E:)",
              "fileSystemType": "",
              "url": "My Passport (E:)",
              "label": "My Passport (E:)",
              "openAction": {
                "label": "Open",
                "_class": "com.wdc.smb.action.OpenLocation",
                "url": "E:\\"
              }
            }
          ],
          "mountPoints": [
            {
              "mountPoint": "E"
            }
          ]
        }
      }
    ]
  }
}
2021-01-18T12:04:10-05:00 ci=3a11f697-7362-4cb1-8ea9-2fa6d628f7b5 info {
  "sourceId": "driveagent.apps.wdc.com",
  "sourceName": "WD Device Agent",
  "priority": 1,
  "notification": {
    "type": "com.wdc.portal.device.put",
    "context": [
      {
        "model": {
          "name": "My Passport",
          "deviceId": "USB_1058_25E1_WX71AA86EY8R",
          "_class": "com.wdc.portal.model.Device",
          "type": "USB_1058_25E1",
          "serial": "WX71AA86EY8R",
          "capacity": "1000170585600",
          "firmware": "1021",
          "hasPassword": false,
          "isLocked": false,
          "volumes": [
            {
              "readOnly": false,
              "isDriverInstallationRequired": false,
              "hasTimeMachineBackup": false,
              "capacity": "1000167440384",
              "spaceAvailable": "0.61477468825812454",
              "volumeName": "My Passport (E:)",
              "fileSystemType": "",
              "url": "My Passport (E:)",
              "label": "My Passport (E:)",
              "openAction": {
                "label": "Open",
                "_class": "com.wdc.smb.action.OpenLocation",
                "url": "E:\\"
              }
            }
          ],
          "mountPoints": [
            {
              "mountPoint": "E"
            }
          ]
        }
      }
    ]
  }
}
2021-01-18T12:04:15-05:00 ci=3a11f697-7362-4cb1-8ea9-2fa6d628f7b5 info {
  "sourceId": "driveagent.apps.wdc.com",
  "sourceName": "WD Device Agent",
  "priority": 1,
  "notification": {
    "type": "com.wdc.portal.device.put",
    "context": [
      {
        "model": {
          "name": "My Passport",
          "deviceId": "USB_1058_25E1_WX71AA86EY8R",
          "_class": "com.wdc.portal.model.Device",
          "type": "USB_1058_25E1",
          "serial": "WX71AA86EY8R",
          "capacity": "1000170585600",
          "firmware": "1021",
          "hasPassword": false,
          "isLocked": false,
          "volumes": [
            {
              "readOnly": false,
              "isDriverInstallationRequired": false,
              "hasTimeMachineBackup": false,
              "capacity": "1000167440384",
              "spaceAvailable": "0.61478831746404505",
              "volumeName": "My Passport (E:)",
              "fileSystemType": "",
              "url": "My Passport (E:)",
              "label": "My Passport (E:)",
              "openAction": {
                "label": "Open",
                "_class": "com.wdc.smb.action.OpenLocation",
                "url": "E:\\"
              }
            }
          ],
          "mountPoints": [
            {
              "mountPoint": "E"
            }
          ]
        }
      }
    ]
  }
}
2021-01-18T12:04:20-05:00 ci=3a11f697-7362-4cb1-8ea9-2fa6d628f7b5 info {
  "sourceId": "driveagent.apps.wdc.com",
  "sourceName": "WD Device Agent",
  "priority": 1,
  "notification": {
    "type": "com.wdc.portal.device.put",
    "context": [
      {
        "model": {
          "name": "My Passport",
          "deviceId": "USB_1058_25E1_WX71AA86EY8R",
          "_class": "com.wdc.portal.model.Device",
          "type": "USB_1058_25E1",
          "serial": "WX71AA86EY8R",
          "capacity": "1000170585600",
          "firmware": "1021",
          "hasPassword": false,
          "isLocked": false,
          "volumes": [
            {
              "readOnly": false,
              "isDriverInstallationRequired": false,
              "hasTimeMachineBackup": false,
              "capacity": "1000167440384",
              "spaceAvailable": "0.61479355946632219",
              "volumeName": "My Passport (E:)",
              "fileSystemType": "",
              "url": "My Passport (E:)",
              "label": "My Passport (E:)",
              "openAction": {
                "label": "Open",
                "_class": "com.wdc.smb.action.OpenLocation",
                "url": "E:\\"
              }
            }
          ],
          "mountPoints": [
            {
              "mountPoint": "E"
            }
          ]
        }
      }
    ]
  }
}
2021-01-18T12:05:30-05:00 ci=3a11f697-7362-4cb1-8ea9-2fa6d628f7b5 info {
  "sourceId": "driveagent.apps.wdc.com",
  "sourceName": "WD Device Agent",
  "priority": 1,
  "notification": {
    "type": "com.wdc.portal.device.put",
    "context": [
      {
        "model": {
          "name": "My Passport",
          "deviceId": "USB_1058_25E1_WX71AA86EY8R",
          "_class": "com.wdc.portal.model.Device",
          "type": "USB_1058_25E1",
          "serial": "WX71AA86EY8R",
          "capacity": "1000170585600",
          "firmware": "1021",
          "hasPassword": false,
          "isLocked": false,
          "volumes": [
            {
              "readOnly": false,
              "isDriverInstallationRequired": false,
              "hasTimeMachineBackup": false,
              "capacity": "1000167440384",
              "spaceAvailable": "0.61479460786677764",
              "volumeName": "My Passport (E:)",
              "fileSystemType": "",
              "url": "My Passport (E:)",
              "label": "My Passport (E:)",
              "openAction": {
                "label": "Open",
                "_class": "com.wdc.smb.action.OpenLocation",
                "url": "E:\\"
              }
            }
          ],
          "mountPoints": [
            {
              "mountPoint": "E"
            }
          ]
        }
      }
    ]
  }
}
2021-01-18T12:05:40-05:00 ci=3a11f697-7362-4cb1-8ea9-2fa6d628f7b5 info {
  "sourceId": "driveagent.apps.wdc.com",
  "sourceName": "WD Device Agent",
  "priority": 1,
  "notification": {
    "type": "com.wdc.portal.device.put",
    "context": [
      {
        "model": {
          "name": "My Passport",
          "deviceId": "USB_1058_25E1_WX71AA86EY8R",
          "_class": "com.wdc.portal.model.Device",
          "type": "USB_1058_25E1",
          "serial": "WX71AA86EY8R",
          "capacity": "1000170585600",
          "firmware": "1021",
          "hasPassword": false,
          "isLocked": false,
          "volumes": [
            {
              "readOnly": false,
              "isDriverInstallationRequired": false,
              "hasTimeMachineBackup": false,
              "capacity": "1000167440384",
              "spaceAvailable": "0.6148134790749753",
              "volumeName": "My Passport (E:)",
              "fileSystemType": "",
              "url": "My Passport (E:)",
              "label": "My Passport (E:)",
              "openAction": {
                "label": "Open",
                "_class": "com.wdc.smb.action.OpenLocation",
                "url": "E:\\"
              }
            }
          ],
          "mountPoints": [
            {
              "mountPoint": "E"
            }
          ]
        }
      }
    ]
  }
}
2021-01-18T12:05:45-05:00 ci=3a11f697-7362-4cb1-8ea9-2fa6d628f7b5 info {
  "sourceId": "driveagent.apps.wdc.com",
  "sourceName": "WD Device Agent",
  "priority": 1,
  "notification": {
    "type": "com.wdc.portal.device.put",
    "context": [
      {
        "model": {
          "name": "My Passport",
          "deviceId": "USB_1058_25E1_WX71AA86EY8R",
          "_class": "com.wdc.portal.model.Device",
          "type": "USB_1058_25E1",
          "serial": "WX71AA86EY8R",
          "capacity": "1000170585600",
          "firmware": "1021",
          "hasPassword": false,
          "isLocked": false,
          "volumes": [
            {
              "readOnly": false,
              "isDriverInstallationRequired": false,
              "hasTimeMachineBackup": false,
              "capacity": "1000167440384",
              "spaceAvailable": "0.6148155758758862",
              "volumeName": "My Passport (E:)",
              "fileSystemType": "",
              "url": "My Passport (E:)",
              "label": "My Passport (E:)",
              "openAction": {
                "label": "Open",
                "_class": "com.wdc.smb.action.OpenLocation",
                "url": "E:\\"
              }
            }
          ],
          "mountPoints": [
            {
              "mountPoint": "E"
            }
          ]
        }
      }
    ]
  }
}
2021-01-18T12:06:00-05:00 ci=3a11f697-7362-4cb1-8ea9-2fa6d628f7b5 info {
  "sourceId": "driveagent.apps.wdc.com",
  "sourceName": "WD Device Agent",
  "priority": 1,
  "notification": {
    "type": "com.wdc.portal.device.put",
    "context": [
      {
        "model": {
          "name": "My Passport",
          "deviceId": "USB_1058_25E1_WX71AA86EY8R",
          "_class": "com.wdc.portal.model.Device",
          "type": "USB_1058_25E1",
          "serial": "WX71AA86EY8R",
          "capacity": "1000170585600",
          "firmware": "1021",
          "hasPassword": false,
          "isLocked": false,
          "volumes": [
            {
              "readOnly": false,
              "isDriverInstallationRequired": false,
              "hasTimeMachineBackup": false,
              "capacity": "1000167440384",
              "spaceAvailable": "0.61497493274511084",
              "volumeName": "My Passport (E:)",
              "fileSystemType": "",
              "url": "My Passport (E:)",
              "label": "My Passport (E:)",
              "openAction": {
                "label": "Open",
                "_class": "com.wdc.smb.action.OpenLocation",
                "url": "E:\\"
              }
            }
          ],
          "mountPoints": [
            {
              "mountPoint": "E"
            }
          ]
        }
      }
    ]
  }
}
2021-01-18T12:06:05-05:00 ci=3a11f697-7362-4cb1-8ea9-2fa6d628f7b5 info {
  "sourceId": "driveagent.apps.wdc.com",
  "sourceName": "WD Device Agent",
  "priority": 1,
  "notification": {
    "type": "com.wdc.portal.device.put",
    "context": [
      {
        "model": {
          "name": "My Passport",
          "deviceId": "USB_1058_25E1_WX71AA86EY8R",
          "_class": "com.wdc.portal.model.Device",
          "type": "USB_1058_25E1",
          "serial": "WX71AA86EY8R",
          "capacity": "1000170585600",
          "firmware": "1021",
          "hasPassword": false,
          "isLocked": false,
          "volumes": [
            {
              "readOnly": false,
              "isDriverInstallationRequired": false,
              "hasTimeMachineBackup": false,
              "capacity": "1000167440384",
              "spaceAvailable": "0.61497598114556618",
              "volumeName": "My Passport (E:)",
              "fileSystemType": "",
              "url": "My Passport (E:)",
              "label": "My Passport (E:)",
              "openAction": {
                "label": "Open",
                "_class": "com.wdc.smb.action.OpenLocation",
                "url": "E:\\"
              }
            }
          ],
          "mountPoints": [
            {
              "mountPoint": "E"
            }
          ]
        }
      }
    ]
  }
}
2021-01-18T12:06:10-05:00 ci=3a11f697-7362-4cb1-8ea9-2fa6d628f7b5 info {
  "sourceId": "driveagent.apps.wdc.com",
  "sourceName": "WD Device Agent",
  "priority": 1,
  "notification": {
    "type": "com.wdc.portal.device.put",
    "context": [
      {
        "model": {
          "name": "My Passport",
          "deviceId": "USB_1058_25E1_WX71AA86EY8R",
          "_class": "com.wdc.portal.model.Device",
          "type": "USB_1058_25E1",
          "serial": "WX71AA86EY8R",
          "capacity": "1000170585600",
          "firmware": "1021",
          "hasPassword": false,
          "isLocked": false,
          "volumes": [
            {
              "readOnly": false,
              "isDriverInstallationRequired": false,
              "hasTimeMachineBackup": false,
              "capacity": "1000167440384",
              "spaceAvailable": "0.61498856195103135",
              "volumeName": "My Passport (E:)",
              "fileSystemType": "",
              "url": "My Passport (E:)",
              "label": "My Passport (E:)",
              "openAction": {
                "label": "Open",
                "_class": "com.wdc.smb.action.OpenLocation",
                "url": "E:\\"
              }
            }
          ],
          "mountPoints": [
            {
              "mountPoint": "E"
            }
          ]
        }
      }
    ]
  }
}
2021-01-18T12:06:15-05:00 ci=3a11f697-7362-4cb1-8ea9-2fa6d628f7b5 info {
  "sourceId": "driveagent.apps.wdc.com",
  "sourceName": "WD Device Agent",
  "priority": 1,
  "notification": {
    "type": "com.wdc.portal.device.put",
    "context": [
      {
        "model": {
          "name": "My Passport",
          "deviceId": "USB_1058_25E1_WX71AA86EY8R",
          "_class": "com.wdc.portal.model.Device",
          "type": "USB_1058_25E1",
          "serial": "WX71AA86EY8R",
          "capacity": "1000170585600",
          "firmware": "1021",
          "hasPassword": false,
          "isLocked": false,
          "volumes": [
            {
              "readOnly": false,
              "isDriverInstallationRequired": false,
              "hasTimeMachineBackup": false,
              "capacity": "1000167440384",
              "spaceAvailable": "0.61503783677243629",
              "volumeName": "My Passport (E:)",
              "fileSystemType": "",
              "url": "My Passport (E:)",
              "label": "My Passport (E:)",
              "openAction": {
                "label": "Open",
                "_class": "com.wdc.smb.action.OpenLocation",
                "url": "E:\\"
              }
            }
          ],
          "mountPoints": [
            {
              "mountPoint": "E"
            }
          ]
        }
      }
    ]
  }
}
2021-01-18T12:06:35-05:00 ci=3a11f697-7362-4cb1-8ea9-2fa6d628f7b5 info {
  "sourceId": "driveagent.apps.wdc.com",
  "sourceName": "WD Device Agent",
  "priority": 1,
  "notification": {
    "type": "com.wdc.portal.device.put",
    "context": [
      {
        "model": {
          "name": "My Passport",
          "deviceId": "USB_1058_25E1_WX71AA86EY8R",
          "_class": "com.wdc.portal.model.Device",
          "type": "USB_1058_25E1",
          "serial": "WX71AA86EY8R",
          "capacity": "1000170585600",
          "firmware": "1021",
          "hasPassword": false,
          "isLocked": false,
          "volumes": [
            {
              "readOnly": false,
              "isDriverInstallationRequired": false,
              "hasTimeMachineBackup": false,
              "capacity": "1000167440384",
              "spaceAvailable": "0.61503993357334719",
              "volumeName": "My Passport (E:)",
              "fileSystemType": "",
              "url": "My Passport (E:)",
              "label": "My Passport (E:)",
              "openAction": {
                "label": "Open",
                "_class": "com.wdc.smb.action.OpenLocation",
                "url": "E:\\"
              }
            }
          ],
          "mountPoints": [
            {
              "mountPoint": "E"
            }
          ]
        }
      }
    ]
  }
}
