2021-01-24T12:03:57-05:00 ci=3a11f697-7362-4cb1-8ea9-2fa6d628f7b5 info {
  "sourceId": "driveagent.apps.wdc.com",
  "sourceName": "WD Device Agent",
  "priority": 1,
  "notification": {
    "type": "com.wdc.portal.device.put",
    "context": [
      {
        "model": {
          "name": "My Passport",
          "deviceId": "USB_1058_25E1_WX71AA86EY8R",
          "_class": "com.wdc.portal.model.Device",
          "type": "USB_1058_25E1",
          "serial": "WX71AA86EY8R",
          "capacity": "1000170585600",
          "firmware": "1021",
          "hasPassword": false,
          "isLocked": false,
          "volumes": [
            {
              "readOnly": false,
              "isDriverInstallationRequired": false,
              "hasTimeMachineBackup": false,
              "capacity": "1000167440384",
              "spaceAvailable": "0.60857864156656194",
              "volumeName": "My Passport (E:)",
              "fileSystemType": "",
              "url": "My Passport (E:)",
              "label": "My Passport (E:)",
              "openAction": {
                "label": "Open",
                "_class": "com.wdc.smb.action.OpenLocation",
                "url": "E:\\"
              }
            }
          ],
          "mountPoints": [
            {
              "mountPoint": "E"
            }
          ]
        }
      }
    ]
  }
}
2021-01-24T12:04:02-05:00 ci=3a11f697-7362-4cb1-8ea9-2fa6d628f7b5 info {
  "sourceId": "driveagent.apps.wdc.com",
  "sourceName": "WD Device Agent",
  "priority": 1,
  "notification": {
    "type": "com.wdc.portal.device.put",
    "context": [
      {
        "model": {
          "name": "My Passport",
          "deviceId": "USB_1058_25E1_WX71AA86EY8R",
          "_class": "com.wdc.portal.model.Device",
          "type": "USB_1058_25E1",
          "serial": "WX71AA86EY8R",
          "capacity": "1000170585600",
          "firmware": "1021",
          "hasPassword": false,
          "isLocked": false,
          "volumes": [
            {
              "readOnly": false,
              "isDriverInstallationRequired": false,
              "hasTimeMachineBackup": false,
              "capacity": "1000167440384",
              "spaceAvailable": "0.60850944713650379",
              "volumeName": "My Passport (E:)",
              "fileSystemType": "",
              "url": "My Passport (E:)",
              "label": "My Passport (E:)",
              "openAction": {
                "label": "Open",
                "_class": "com.wdc.smb.action.OpenLocation",
                "url": "E:\\"
              }
            }
          ],
          "mountPoints": [
            {
              "mountPoint": "E"
            }
          ]
        }
      }
    ]
  }
}
2021-01-24T12:04:07-05:00 ci=3a11f697-7362-4cb1-8ea9-2fa6d628f7b5 info {
  "sourceId": "driveagent.apps.wdc.com",
  "sourceName": "WD Device Agent",
  "priority": 1,
  "notification": {
    "type": "com.wdc.portal.device.put",
    "context": [
      {
        "model": {
          "name": "My Passport",
          "deviceId": "USB_1058_25E1_WX71AA86EY8R",
          "_class": "com.wdc.portal.model.Device",
          "type": "USB_1058_25E1",
          "serial": "WX71AA86EY8R",
          "capacity": "1000170585600",
          "firmware": "1021",
          "hasPassword": false,
          "isLocked": false,
          "volumes": [
            {
              "readOnly": false,
              "isDriverInstallationRequired": false,
              "hasTimeMachineBackup": false,
              "capacity": "1000167440384",
              "spaceAvailable": "0.60846646271783145",
              "volumeName": "My Passport (E:)",
              "fileSystemType": "",
              "url": "My Passport (E:)",
              "label": "My Passport (E:)",
              "openAction": {
                "label": "Open",
                "_class": "com.wdc.smb.action.OpenLocation",
                "url": "E:\\"
              }
            }
          ],
          "mountPoints": [
            {
              "mountPoint": "E"
            }
          ]
        }
      }
    ]
  }
}
2021-01-24T12:04:12-05:00 ci=3a11f697-7362-4cb1-8ea9-2fa6d628f7b5 info {
  "sourceId": "driveagent.apps.wdc.com",
  "sourceName": "WD Device Agent",
  "priority": 1,
  "notification": {
    "type": "com.wdc.portal.device.put",
    "context": [
      {
        "model": {
          "name": "My Passport",
          "deviceId": "USB_1058_25E1_WX71AA86EY8R",
          "_class": "com.wdc.portal.model.Device",
          "type": "USB_1058_25E1",
          "serial": "WX71AA86EY8R",
          "capacity": "1000170585600",
          "firmware": "1021",
          "hasPassword": false,
          "isLocked": false,
          "volumes": [
            {
              "readOnly": false,
              "isDriverInstallationRequired": false,
              "hasTimeMachineBackup": false,
              "capacity": "1000167440384",
              "spaceAvailable": "0.60839412308640706",
              "volumeName": "My Passport (E:)",
              "fileSystemType": "",
              "url": "My Passport (E:)",
              "label": "My Passport (E:)",
              "openAction": {
                "label": "Open",
                "_class": "com.wdc.smb.action.OpenLocation",
                "url": "E:\\"
              }
            }
          ],
          "mountPoints": [
            {
              "mountPoint": "E"
            }
          ]
        }
      }
    ]
  }
}
2021-01-24T12:04:17-05:00 ci=3a11f697-7362-4cb1-8ea9-2fa6d628f7b5 info {
  "sourceId": "driveagent.apps.wdc.com",
  "sourceName": "WD Device Agent",
  "priority": 1,
  "notification": {
    "type": "com.wdc.portal.device.put",
    "context": [
      {
        "model": {
          "name": "My Passport",
          "deviceId": "USB_1058_25E1_WX71AA86EY8R",
          "_class": "com.wdc.portal.model.Device",
          "type": "USB_1058_25E1",
          "serial": "WX71AA86EY8R",
          "capacity": "1000170585600",
          "firmware": "1021",
          "hasPassword": false,
          "isLocked": false,
          "volumes": [
            {
              "readOnly": false,
              "isDriverInstallationRequired": false,
              "hasTimeMachineBackup": false,
              "capacity": "1000167440384",
              "spaceAvailable": "0.60834589666545746",
              "volumeName": "My Passport (E:)",
              "fileSystemType": "",
              "url": "My Passport (E:)",
              "label": "My Passport (E:)",
              "openAction": {
                "label": "Open",
                "_class": "com.wdc.smb.action.OpenLocation",
                "url": "E:\\"
              }
            }
          ],
          "mountPoints": [
            {
              "mountPoint": "E"
            }
          ]
        }
      }
    ]
  }
}
2021-01-24T12:04:22-05:00 ci=3a11f697-7362-4cb1-8ea9-2fa6d628f7b5 info {
  "sourceId": "driveagent.apps.wdc.com",
  "sourceName": "WD Device Agent",
  "priority": 1,
  "notification": {
    "type": "com.wdc.portal.device.put",
    "context": [
      {
        "model": {
          "name": "My Passport",
          "deviceId": "USB_1058_25E1_WX71AA86EY8R",
          "_class": "com.wdc.portal.model.Device",
          "type": "USB_1058_25E1",
          "serial": "WX71AA86EY8R",
          "capacity": "1000170585600",
          "firmware": "1021",
          "hasPassword": false,
          "isLocked": false,
          "volumes": [
            {
              "readOnly": false,
              "isDriverInstallationRequired": false,
              "hasTimeMachineBackup": false,
              "capacity": "1000167440384",
              "spaceAvailable": "0.6083333158599924",
              "volumeName": "My Passport (E:)",
              "fileSystemType": "",
              "url": "My Passport (E:)",
              "label": "My Passport (E:)",
              "openAction": {
                "label": "Open",
                "_class": "com.wdc.smb.action.OpenLocation",
                "url": "E:\\"
              }
            }
          ],
          "mountPoints": [
            {
              "mountPoint": "E"
            }
          ]
        }
      }
    ]
  }
}
2021-01-24T12:04:27-05:00 ci=3a11f697-7362-4cb1-8ea9-2fa6d628f7b5 info {
  "sourceId": "driveagent.apps.wdc.com",
  "sourceName": "WD Device Agent",
  "priority": 1,
  "notification": {
    "type": "com.wdc.portal.device.put",
    "context": [
      {
        "model": {
          "name": "My Passport",
          "deviceId": "USB_1058_25E1_WX71AA86EY8R",
          "_class": "com.wdc.portal.model.Device",
          "type": "USB_1058_25E1",
          "serial": "WX71AA86EY8R",
          "capacity": "1000170585600",
          "firmware": "1021",
          "hasPassword": false,
          "isLocked": false,
          "volumes": [
            {
              "readOnly": false,
              "isDriverInstallationRequired": false,
              "hasTimeMachineBackup": false,
              "capacity": "1000167440384",
              "spaceAvailable": "0.60832597705680447",
              "volumeName": "My Passport (E:)",
              "fileSystemType": "",
              "url": "My Passport (E:)",
              "label": "My Passport (E:)",
              "openAction": {
                "label": "Open",
                "_class": "com.wdc.smb.action.OpenLocation",
                "url": "E:\\"
              }
            }
          ],
          "mountPoints": [
            {
              "mountPoint": "E"
            }
          ]
        }
      }
    ]
  }
}
2021-01-24T12:04:32-05:00 ci=3a11f697-7362-4cb1-8ea9-2fa6d628f7b5 info {
  "sourceId": "driveagent.apps.wdc.com",
  "sourceName": "WD Device Agent",
  "priority": 1,
  "notification": {
    "type": "com.wdc.portal.device.put",
    "context": [
      {
        "model": {
          "name": "My Passport",
          "deviceId": "USB_1058_25E1_WX71AA86EY8R",
          "_class": "com.wdc.portal.model.Device",
          "type": "USB_1058_25E1",
          "serial": "WX71AA86EY8R",
          "capacity": "1000170585600",
          "firmware": "1021",
          "hasPassword": false,
          "isLocked": false,
          "volumes": [
            {
              "readOnly": false,
              "isDriverInstallationRequired": false,
              "hasTimeMachineBackup": false,
              "capacity": "1000167440384",
              "spaceAvailable": "0.60831758985316098",
              "volumeName": "My Passport (E:)",
              "fileSystemType": "",
              "url": "My Passport (E:)",
              "label": "My Passport (E:)",
              "openAction": {
                "label": "Open",
                "_class": "com.wdc.smb.action.OpenLocation",
                "url": "E:\\"
              }
            }
          ],
          "mountPoints": [
            {
              "mountPoint": "E"
            }
          ]
        }
      }
    ]
  }
}
2021-01-24T12:04:37-05:00 ci=3a11f697-7362-4cb1-8ea9-2fa6d628f7b5 info {
  "sourceId": "driveagent.apps.wdc.com",
  "sourceName": "WD Device Agent",
  "priority": 1,
  "notification": {
    "type": "com.wdc.portal.device.put",
    "context": [
      {
        "model": {
          "name": "My Passport",
          "deviceId": "USB_1058_25E1_WX71AA86EY8R",
          "_class": "com.wdc.portal.model.Device",
          "type": "USB_1058_25E1",
          "serial": "WX71AA86EY8R",
          "capacity": "1000170585600",
          "firmware": "1021",
          "hasPassword": false,
          "isLocked": false,
          "volumes": [
            {
              "readOnly": false,
              "isDriverInstallationRequired": false,
              "hasTimeMachineBackup": false,
              "capacity": "1000167440384",
              "spaceAvailable": "0.6082693634322115",
              "volumeName": "My Passport (E:)",
              "fileSystemType": "",
              "url": "My Passport (E:)",
              "label": "My Passport (E:)",
              "openAction": {
                "label": "Open",
                "_class": "com.wdc.smb.action.OpenLocation",
                "url": "E:\\"
              }
            }
          ],
          "mountPoints": [
            {
              "mountPoint": "E"
            }
          ]
        }
      }
    ]
  }
}
2021-01-24T12:04:42-05:00 ci=3a11f697-7362-4cb1-8ea9-2fa6d628f7b5 info {
  "sourceId": "driveagent.apps.wdc.com",
  "sourceName": "WD Device Agent",
  "priority": 1,
  "notification": {
    "type": "com.wdc.portal.device.put",
    "context": [
      {
        "model": {
          "name": "My Passport",
          "deviceId": "USB_1058_25E1_WX71AA86EY8R",
          "_class": "com.wdc.portal.model.Device",
          "type": "USB_1058_25E1",
          "serial": "WX71AA86EY8R",
          "capacity": "1000170585600",
          "firmware": "1021",
          "hasPassword": false,
          "isLocked": false,
          "volumes": [
            {
              "readOnly": false,
              "isDriverInstallationRequired": false,
              "hasTimeMachineBackup": false,
              "capacity": "1000167440384",
              "spaceAvailable": "0.60820436260397515",
              "volumeName": "My Passport (E:)",
              "fileSystemType": "",
              "url": "My Passport (E:)",
              "label": "My Passport (E:)",
              "openAction": {
                "label": "Open",
                "_class": "com.wdc.smb.action.OpenLocation",
                "url": "E:\\"
              }
            }
          ],
          "mountPoints": [
            {
              "mountPoint": "E"
            }
          ]
        }
      }
    ]
  }
}
2021-01-24T12:04:47-05:00 ci=3a11f697-7362-4cb1-8ea9-2fa6d628f7b5 info {
  "sourceId": "driveagent.apps.wdc.com",
  "sourceName": "WD Device Agent",
  "priority": 1,
  "notification": {
    "type": "com.wdc.portal.device.put",
    "context": [
      {
        "model": {
          "name": "My Passport",
          "deviceId": "USB_1058_25E1_WX71AA86EY8R",
          "_class": "com.wdc.portal.model.Device",
          "type": "USB_1058_25E1",
          "serial": "WX71AA86EY8R",
          "capacity": "1000170585600",
          "firmware": "1021",
          "hasPassword": false,
          "isLocked": false,
          "volumes": [
            {
              "readOnly": false,
              "isDriverInstallationRequired": false,
              "hasTimeMachineBackup": false,
              "capacity": "1000167440384",
              "spaceAvailable": "0.60815299098165931",
              "volumeName": "My Passport (E:)",
              "fileSystemType": "",
              "url": "My Passport (E:)",
              "label": "My Passport (E:)",
              "openAction": {
                "label": "Open",
                "_class": "com.wdc.smb.action.OpenLocation",
                "url": "E:\\"
              }
            }
          ],
          "mountPoints": [
            {
              "mountPoint": "E"
            }
          ]
        }
      }
    ]
  }
}
2021-01-24T12:04:52-05:00 ci=3a11f697-7362-4cb1-8ea9-2fa6d628f7b5 info {
  "sourceId": "driveagent.apps.wdc.com",
  "sourceName": "WD Device Agent",
  "priority": 1,
  "notification": {
    "type": "com.wdc.portal.device.put",
    "context": [
      {
        "model": {
          "name": "My Passport",
          "deviceId": "USB_1058_25E1_WX71AA86EY8R",
          "_class": "com.wdc.portal.model.Device",
          "type": "USB_1058_25E1",
          "serial": "WX71AA86EY8R",
          "capacity": "1000170585600",
          "firmware": "1021",
          "hasPassword": false,
          "isLocked": false,
          "volumes": [
            {
              "readOnly": false,
              "isDriverInstallationRequired": false,
              "hasTimeMachineBackup": false,
              "capacity": "1000167440384",
              "spaceAvailable": "0.60805339293839389",
              "volumeName": "My Passport (E:)",
              "fileSystemType": "",
              "url": "My Passport (E:)",
              "label": "My Passport (E:)",
              "openAction": {
                "label": "Open",
                "_class": "com.wdc.smb.action.OpenLocation",
                "url": "E:\\"
              }
            }
          ],
          "mountPoints": [
            {
              "mountPoint": "E"
            }
          ]
        }
      }
    ]
  }
}
2021-01-24T12:05:02-05:00 ci=3a11f697-7362-4cb1-8ea9-2fa6d628f7b5 info {
  "sourceId": "driveagent.apps.wdc.com",
  "sourceName": "WD Device Agent",
  "priority": 1,
  "notification": {
    "type": "com.wdc.portal.device.put",
    "context": [
      {
        "model": {
          "name": "My Passport",
          "deviceId": "USB_1058_25E1_WX71AA86EY8R",
          "_class": "com.wdc.portal.model.Device",
          "type": "USB_1058_25E1",
          "serial": "WX71AA86EY8R",
          "capacity": "1000170585600",
          "firmware": "1021",
          "hasPassword": false,
          "isLocked": false,
          "volumes": [
            {
              "readOnly": false,
              "isDriverInstallationRequired": false,
              "hasTimeMachineBackup": false,
              "capacity": "1000167440384",
              "spaceAvailable": "0.60805968334112648",
              "volumeName": "My Passport (E:)",
              "fileSystemType": "",
              "url": "My Passport (E:)",
              "label": "My Passport (E:)",
              "openAction": {
                "label": "Open",
                "_class": "com.wdc.smb.action.OpenLocation",
                "url": "E:\\"
              }
            }
          ],
          "mountPoints": [
            {
              "mountPoint": "E"
            }
          ]
        }
      }
    ]
  }
}
2021-01-24T12:06:07-05:00 ci=3a11f697-7362-4cb1-8ea9-2fa6d628f7b5 info {
  "sourceId": "driveagent.apps.wdc.com",
  "sourceName": "WD Device Agent",
  "priority": 1,
  "notification": {
    "type": "com.wdc.portal.device.put",
    "context": [
      {
        "model": {
          "name": "My Passport",
          "deviceId": "USB_1058_25E1_WX71AA86EY8R",
          "_class": "com.wdc.portal.model.Device",
          "type": "USB_1058_25E1",
          "serial": "WX71AA86EY8R",
          "capacity": "1000170585600",
          "firmware": "1021",
          "hasPassword": false,
          "isLocked": false,
          "volumes": [
            {
              "readOnly": false,
              "isDriverInstallationRequired": false,
              "hasTimeMachineBackup": false,
              "capacity": "1000167440384",
              "spaceAvailable": "0.60806073174158182",
              "volumeName": "My Passport (E:)",
              "fileSystemType": "",
              "url": "My Passport (E:)",
              "label": "My Passport (E:)",
              "openAction": {
                "label": "Open",
                "_class": "com.wdc.smb.action.OpenLocation",
                "url": "E:\\"
              }
            }
          ],
          "mountPoints": [
            {
              "mountPoint": "E"
            }
          ]
        }
      }
    ]
  }
}
2021-01-24T12:06:17-05:00 ci=3a11f697-7362-4cb1-8ea9-2fa6d628f7b5 info {
  "sourceId": "driveagent.apps.wdc.com",
  "sourceName": "WD Device Agent",
  "priority": 1,
  "notification": {
    "type": "com.wdc.portal.device.put",
    "context": [
      {
        "model": {
          "name": "My Passport",
          "deviceId": "USB_1058_25E1_WX71AA86EY8R",
          "_class": "com.wdc.portal.model.Device",
          "type": "USB_1058_25E1",
          "serial": "WX71AA86EY8R",
          "capacity": "1000170585600",
          "firmware": "1021",
          "hasPassword": false,
          "isLocked": false,
          "volumes": [
            {
              "readOnly": false,
              "isDriverInstallationRequired": false,
              "hasTimeMachineBackup": false,
              "capacity": "1000167440384",
              "spaceAvailable": "0.60807855454932414",
              "volumeName": "My Passport (E:)",
              "fileSystemType": "",
              "url": "My Passport (E:)",
              "label": "My Passport (E:)",
              "openAction": {
                "label": "Open",
                "_class": "com.wdc.smb.action.OpenLocation",
                "url": "E:\\"
              }
            }
          ],
          "mountPoints": [
            {
              "mountPoint": "E"
            }
          ]
        }
      }
    ]
  }
}
2021-01-24T12:06:32-05:00 ci=3a11f697-7362-4cb1-8ea9-2fa6d628f7b5 info {
  "sourceId": "driveagent.apps.wdc.com",
  "sourceName": "WD Device Agent",
  "priority": 1,
  "notification": {
    "type": "com.wdc.portal.device.put",
    "context": [
      {
        "model": {
          "name": "My Passport",
          "deviceId": "USB_1058_25E1_WX71AA86EY8R",
          "_class": "com.wdc.portal.model.Device",
          "type": "USB_1058_25E1",
          "serial": "WX71AA86EY8R",
          "capacity": "1000170585600",
          "firmware": "1021",
          "hasPassword": false,
          "isLocked": false,
          "volumes": [
            {
              "readOnly": false,
              "isDriverInstallationRequired": false,
              "hasTimeMachineBackup": false,
              "capacity": "1000167440384",
              "spaceAvailable": "0.60812468416936283",
              "volumeName": "My Passport (E:)",
              "fileSystemType": "",
              "url": "My Passport (E:)",
              "label": "My Passport (E:)",
              "openAction": {
                "label": "Open",
                "_class": "com.wdc.smb.action.OpenLocation",
                "url": "E:\\"
              }
            }
          ],
          "mountPoints": [
            {
              "mountPoint": "E"
            }
          ]
        }
      }
    ]
  }
}
2021-01-24T12:06:37-05:00 ci=3a11f697-7362-4cb1-8ea9-2fa6d628f7b5 info {
  "sourceId": "driveagent.apps.wdc.com",
  "sourceName": "WD Device Agent",
  "priority": 1,
  "notification": {
    "type": "com.wdc.portal.device.put",
    "context": [
      {
        "model": {
          "name": "My Passport",
          "deviceId": "USB_1058_25E1_WX71AA86EY8R",
          "_class": "com.wdc.portal.model.Device",
          "type": "USB_1058_25E1",
          "serial": "WX71AA86EY8R",
          "capacity": "1000170585600",
          "firmware": "1021",
          "hasPassword": false,
          "isLocked": false,
          "volumes": [
            {
              "readOnly": false,
              "isDriverInstallationRequired": false,
              "hasTimeMachineBackup": false,
              "capacity": "1000167440384",
              "spaceAvailable": "0.60812573256981828",
              "volumeName": "My Passport (E:)",
              "fileSystemType": "",
              "url": "My Passport (E:)",
              "label": "My Passport (E:)",
              "openAction": {
                "label": "Open",
                "_class": "com.wdc.smb.action.OpenLocation",
                "url": "E:\\"
              }
            }
          ],
          "mountPoints": [
            {
              "mountPoint": "E"
            }
          ]
        }
      }
    ]
  }
}
2021-01-24T12:06:42-05:00 ci=3a11f697-7362-4cb1-8ea9-2fa6d628f7b5 info {
  "sourceId": "driveagent.apps.wdc.com",
  "sourceName": "WD Device Agent",
  "priority": 1,
  "notification": {
    "type": "com.wdc.portal.device.put",
    "context": [
      {
        "model": {
          "name": "My Passport",
          "deviceId": "USB_1058_25E1_WX71AA86EY8R",
          "_class": "com.wdc.portal.model.Device",
          "type": "USB_1058_25E1",
          "serial": "WX71AA86EY8R",
          "capacity": "1000170585600",
          "firmware": "1021",
          "hasPassword": false,
          "isLocked": false,
          "volumes": [
            {
              "readOnly": false,
              "isDriverInstallationRequired": false,
              "hasTimeMachineBackup": false,
              "capacity": "1000167440384",
              "spaceAvailable": "0.60813411977346166",
              "volumeName": "My Passport (E:)",
              "fileSystemType": "",
              "url": "My Passport (E:)",
              "label": "My Passport (E:)",
              "openAction": {
                "label": "Open",
                "_class": "com.wdc.smb.action.OpenLocation",
                "url": "E:\\"
              }
            }
          ],
          "mountPoints": [
            {
              "mountPoint": "E"
            }
          ]
        }
      }
    ]
  }
}
2021-01-24T12:06:47-05:00 ci=3a11f697-7362-4cb1-8ea9-2fa6d628f7b5 info {
  "sourceId": "driveagent.apps.wdc.com",
  "sourceName": "WD Device Agent",
  "priority": 1,
  "notification": {
    "type": "com.wdc.portal.device.put",
    "context": [
      {
        "model": {
          "name": "My Passport",
          "deviceId": "USB_1058_25E1_WX71AA86EY8R",
          "_class": "com.wdc.portal.model.Device",
          "type": "USB_1058_25E1",
          "serial": "WX71AA86EY8R",
          "capacity": "1000170585600",
          "firmware": "1021",
          "hasPassword": false,
          "isLocked": false,
          "volumes": [
            {
              "readOnly": false,
              "isDriverInstallationRequired": false,
              "hasTimeMachineBackup": false,
              "capacity": "1000167440384",
              "spaceAvailable": "0.60818024939350035",
              "volumeName": "My Passport (E:)",
              "fileSystemType": "",
              "url": "My Passport (E:)",
              "label": "My Passport (E:)",
              "openAction": {
                "label": "Open",
                "_class": "com.wdc.smb.action.OpenLocation",
                "url": "E:\\"
              }
            }
          ],
          "mountPoints": [
            {
              "mountPoint": "E"
            }
          ]
        }
      }
    ]
  }
}
2021-01-24T12:07:02-05:00 ci=3a11f697-7362-4cb1-8ea9-2fa6d628f7b5 info {
  "sourceId": "driveagent.apps.wdc.com",
  "sourceName": "WD Device Agent",
  "priority": 1,
  "notification": {
    "type": "com.wdc.portal.device.put",
    "context": [
      {
        "model": {
          "name": "My Passport",
          "deviceId": "USB_1058_25E1_WX71AA86EY8R",
          "_class": "com.wdc.portal.model.Device",
          "type": "USB_1058_25E1",
          "serial": "WX71AA86EY8R",
          "capacity": "1000170585600",
          "firmware": "1021",
          "hasPassword": false,
          "isLocked": false,
          "volumes": [
            {
              "readOnly": false,
              "isDriverInstallationRequired": false,
              "hasTimeMachineBackup": false,
              "capacity": "1000167440384",
              "spaceAvailable": "0.60818234619441114",
              "volumeName": "My Passport (E:)",
              "fileSystemType": "",
              "url": "My Passport (E:)",
              "label": "My Passport (E:)",
              "openAction": {
                "label": "Open",
                "_class": "com.wdc.smb.action.OpenLocation",
                "url": "E:\\"
              }
            }
          ],
          "mountPoints": [
            {
              "mountPoint": "E"
            }
          ]
        }
      }
    ]
  }
}
2021-01-24T12:09:52-05:00 ci=3a11f697-7362-4cb1-8ea9-2fa6d628f7b5 info {
  "sourceId": "driveagent.apps.wdc.com",
  "sourceName": "WD Device Agent",
  "priority": 1,
  "notification": {
    "type": "com.wdc.portal.device.put",
    "context": [
      {
        "model": {
          "name": "My Passport",
          "deviceId": "USB_1058_25E1_WX71AA86EY8R",
          "_class": "com.wdc.portal.model.Device",
          "type": "USB_1058_25E1",
          "serial": "WX71AA86EY8R",
          "capacity": "1000170585600",
          "firmware": "1021",
          "hasPassword": false,
          "isLocked": false,
          "volumes": [
            {
              "readOnly": false,
              "isDriverInstallationRequired": false,
              "hasTimeMachineBackup": false,
              "capacity": "1000167440384",
              "spaceAvailable": "0.60818339459486659",
              "volumeName": "My Passport (E:)",
              "fileSystemType": "",
              "url": "My Passport (E:)",
              "label": "My Passport (E:)",
              "openAction": {
                "label": "Open",
                "_class": "com.wdc.smb.action.OpenLocation",
                "url": "E:\\"
              }
            }
          ],
          "mountPoints": [
            {
              "mountPoint": "E"
            }
          ]
        }
      }
    ]
  }
}
2021-01-24T12:10:02-05:00 ci=3a11f697-7362-4cb1-8ea9-2fa6d628f7b5 info {
  "sourceId": "driveagent.apps.wdc.com",
  "sourceName": "WD Device Agent",
  "priority": 1,
  "notification": {
    "type": "com.wdc.portal.device.put",
    "context": [
      {
        "model": {
          "name": "My Passport",
          "deviceId": "USB_1058_25E1_WX71AA86EY8R",
          "_class": "com.wdc.portal.model.Device",
          "type": "USB_1058_25E1",
          "serial": "WX71AA86EY8R",
          "capacity": "1000170585600",
          "firmware": "1021",
          "hasPassword": false,
          "isLocked": false,
          "volumes": [
            {
              "readOnly": false,
              "isDriverInstallationRequired": false,
              "hasTimeMachineBackup": false,
              "capacity": "1000167440384",
              "spaceAvailable": "0.6081792009930449",
              "volumeName": "My Passport (E:)",
              "fileSystemType": "",
              "url": "My Passport (E:)",
              "label": "My Passport (E:)",
              "openAction": {
                "label": "Open",
                "_class": "com.wdc.smb.action.OpenLocation",
                "url": "E:\\"
              }
            }
          ],
          "mountPoints": [
            {
              "mountPoint": "E"
            }
          ]
        }
      }
    ]
  }
}
