2021-07-22T12:00:53-04:00 ci=3a11f697-7362-4cb1-8ea9-2fa6d628f7b5 info {
  "notification": {
    "context": [
      {
        "model": {
          "_class": "com.wdc.portal.model.App",
          "appId": "com.wdc.branded.kamino",
          "name": "My Cloud Desktop",
          "statusMessage": "Version: 2.1.0.313",
          "icon": "file:///C:/Program%20Files/WD%20Desktop%20App/app.svg",
          "iconHover": "file:///C:/Program%20Files/WD%20Desktop%20App/app_active.svg",
          "version": "2.1.0.313",
          "openAction": {
            "_class": "com.wdc.smb.action.Deeplink",
            "label": "Open",
            "url": "wddiscovery://kamino/login"
          }
        }
      }
    ],
    "type": "com.wdc.portal.app.post"
  },
  "sourceId": "com.wdc.branded.kamino"
}
2021-07-22T12:00:54-04:00 ci=3a11f697-7362-4cb1-8ea9-2fa6d628f7b5 info {
  "sourceName": "WD Device Agent",
  "priority": 1,
  "sourceId": "driveagent.apps.wdc.com",
  "notification": {
    "type": "com.wdc.portal.device.refresh",
    "context": [
      ""
    ]
  }
}
2021-07-22T12:00:54-04:00 ci=3a11f697-7362-4cb1-8ea9-2fa6d628f7b5 info {
  "sourceId": "driveagent.apps.wdc.com",
  "priority": 1,
  "notification": {
    "type": "com.wdc.portal.app.delete",
    "context": [
      {
        "model": {
          "_class": "com.wdc.portal.model.App",
          "appId": "com.wdc.branded.paragon",
          "version": "x.x.x.x"
        }
      },
      {
        "model": {
          "_class": "com.wdc.portal.model.App",
          "appId": "com.wdc.branded.driveutility",
          "version": "x.x.x.x"
        }
      },
      {
        "model": {
          "_class": "com.wdc.portal.model.App",
          "appId": "com.wdc.branded.security",
          "version": "x.x.x.x"
        }
      }
    ]
  }
}
2021-07-22T12:00:54-04:00 ci=3a11f697-7362-4cb1-8ea9-2fa6d628f7b5 info {
  "sourceId": "driveagent.apps.wdc.com",
  "priority": 1,
  "notification": {
    "type": "com.wdc.portal.app.post",
    "context": [
      {
        "model": {
          "_class": "com.wdc.portal.model.App",
          "appId": "com.wdc.branded.backup",
          "name": "WD Backup",
          "openAction": {
            "_class": "com.wdc.smb.action.Command",
            "command": "\"C:\\Program Files (x86)\\Western Digital\\WD App Manager\\WDAppManager.exe\"",
            "argument": "-launchbackupdefault"
          },
          "version": "1.9.6598.18388"
        }
      }
    ]
  }
}
2021-07-22T12:01:01-04:00 ci=3a11f697-7362-4cb1-8ea9-2fa6d628f7b5 info {
  "notification": {
    "context": [
      {
        "model": {
          "_class": "com.wdc.portal.model.App",
          "appId": "com.wdc.branded.kamino",
          "name": "My Cloud Desktop",
          "statusMessage": "Version: 2.1.0.313",
          "icon": "file:///C:/Program%20Files/WD%20Desktop%20App/app.svg",
          "iconHover": "file:///C:/Program%20Files/WD%20Desktop%20App/app_active.svg",
          "version": "2.1.0.313",
          "openAction": {
            "_class": "com.wdc.smb.action.Deeplink",
            "label": "Open",
            "url": "wddiscovery://kamino/login"
          }
        }
      }
    ],
    "type": "com.wdc.portal.app.post"
  },
  "sourceId": "com.wdc.branded.kamino"
}
2021-07-22T12:23:13-04:00 ci=3a11f697-7362-4cb1-8ea9-2fa6d628f7b5 info {
  "sourceName": "WD Device Agent",
  "priority": 1,
  "sourceId": "driveagent.apps.wdc.com",
  "notification": {
    "type": "com.wdc.portal.device.refresh",
    "context": [
      ""
    ]
  }
}
2021-07-22T12:23:13-04:00 ci=3a11f697-7362-4cb1-8ea9-2fa6d628f7b5 info {
  "sourceId": "driveagent.apps.wdc.com",
  "sourceName": "WD Device Agent",
  "priority": 1,
  "notification": {
    "type": "com.wdc.portal.device.post",
    "context": [
      {
        "model": {
          "name": "Ultra USB 3.0",
          "deviceId": "USB_0781_5591_4C530001300720104050",
          "_class": "com.wdc.portal.model.Device",
          "type": "USB_0781_5591",
          "serial": "4C530001300720104050",
          "capacity": "15376317952",
          "firmware": "1",
          "hasPassword": false,
          "isLocked": false,
          "volumes": [],
          "mountPoints": []
        }
      }
    ]
  }
}
2021-07-22T12:23:13-04:00 ci=3a11f697-7362-4cb1-8ea9-2fa6d628f7b5 info {
  "sourceId": "driveagent.apps.wdc.com",
  "sourceName": "WD Device Agent",
  "priority": 1,
  "notification": {
    "type": "com.wdc.portal.device.put",
    "context": [
      {
        "model": {
          "name": "Ultra USB 3.0",
          "deviceId": "USB_0781_5591_4C530001300720104050",
          "_class": "com.wdc.portal.model.Device",
          "type": "USB_0781_5591",
          "serial": "4C530001300720104050",
          "capacity": "15376317952",
          "firmware": "1",
          "hasPassword": false,
          "isLocked": false,
          "volumes": [
            {
              "readOnly": false,
              "isDriverInstallationRequired": false,
              "hasTimeMachineBackup": false,
              "capacity": "15371075584",
              "spaceAvailable": "0.48659526570707418",
              "volumeName": "Zack's Tools (D:)",
              "fileSystemType": "",
              "url": "Zack's Tools (D:)",
              "label": "Zack's Tools (D:)",
              "openAction": {
                "label": "Open",
                "_class": "com.wdc.smb.action.OpenLocation",
                "url": "D:\\"
              }
            }
          ],
          "mountPoints": [
            {
              "mountPoint": "D"
            }
          ]
        }
      }
    ]
  }
}
2021-07-22T12:23:13-04:00 ci=3a11f697-7362-4cb1-8ea9-2fa6d628f7b5 info {
  "sourceId": "driveagent.apps.wdc.com",
  "priority": 1,
  "notification": {
    "type": "com.wdc.portal.app.delete",
    "context": [
      {
        "model": {
          "_class": "com.wdc.portal.model.App",
          "appId": "com.wdc.branded.paragon",
          "version": "x.x.x.x"
        }
      },
      {
        "model": {
          "_class": "com.wdc.portal.model.App",
          "appId": "com.wdc.branded.driveutility",
          "version": "x.x.x.x"
        }
      },
      {
        "model": {
          "_class": "com.wdc.portal.model.App",
          "appId": "com.wdc.branded.security",
          "version": "x.x.x.x"
        }
      }
    ]
  }
}
2021-07-22T12:23:13-04:00 ci=3a11f697-7362-4cb1-8ea9-2fa6d628f7b5 info {
  "sourceId": "driveagent.apps.wdc.com",
  "priority": 1,
  "notification": {
    "type": "com.wdc.portal.app.post",
    "context": [
      {
        "model": {
          "_class": "com.wdc.portal.model.App",
          "appId": "com.wdc.branded.backup",
          "name": "WD Backup",
          "openAction": {
            "_class": "com.wdc.smb.action.Command",
            "command": "\"C:\\Program Files (x86)\\Western Digital\\WD App Manager\\WDAppManager.exe\"",
            "argument": "-launchbackupdefault"
          },
          "version": "1.9.6598.18388"
        }
      }
    ]
  }
}
2021-07-22T12:23:21-04:00 ci=3a11f697-7362-4cb1-8ea9-2fa6d628f7b5 info {
  "notification": {
    "context": [
      {
        "model": {
          "_class": "com.wdc.portal.model.App",
          "appId": "com.wdc.branded.kamino",
          "name": "My Cloud Desktop",
          "statusMessage": "Version: 2.1.0.313",
          "icon": "file:///C:/Program%20Files/WD%20Desktop%20App/app.svg",
          "iconHover": "file:///C:/Program%20Files/WD%20Desktop%20App/app_active.svg",
          "version": "2.1.0.313",
          "openAction": {
            "_class": "com.wdc.smb.action.Deeplink",
            "label": "Open",
            "url": "wddiscovery://kamino/login"
          }
        }
      }
    ],
    "type": "com.wdc.portal.app.post"
  },
  "sourceId": "com.wdc.branded.kamino"
}
2021-07-22T12:23:30-04:00 ci=3a11f697-7362-4cb1-8ea9-2fa6d628f7b5 info {
  "notification": {
    "context": [
      {
        "model": {
          "_class": "com.wdc.portal.model.App",
          "appId": "com.wdc.branded.kamino",
          "name": "My Cloud Desktop",
          "statusMessage": "Version: 2.1.0.313",
          "icon": "file:///C:/Program%20Files/WD%20Desktop%20App/app.svg",
          "iconHover": "file:///C:/Program%20Files/WD%20Desktop%20App/app_active.svg",
          "version": "2.1.0.313",
          "openAction": {
            "_class": "com.wdc.smb.action.Deeplink",
            "label": "Open",
            "url": "wddiscovery://kamino/login"
          }
        }
      }
    ],
    "type": "com.wdc.portal.app.post"
  },
  "sourceId": "com.wdc.branded.kamino"
}
