2022-01-15T13:15:11-05:00 ci=3a11f697-7362-4cb1-8ea9-2fa6d628f7b5 info {
  "sourceId": "driveagent.apps.wdc.com",
  "sourceName": "WD Device Agent",
  "priority": 1,
  "notification": {
    "type": "com.wdc.portal.device.put",
    "context": [
      {
        "model": {
          "name": "My Passport",
          "deviceId": "USB_1058_25E1_WX71AA86EY8R",
          "_class": "com.wdc.portal.model.Device",
          "type": "USB_1058_25E1",
          "serial": "WX71AA86EY8R",
          "capacity": "1000170585600",
          "firmware": "1021",
          "hasPassword": false,
          "isLocked": false,
          "volumes": [
            {
              "readOnly": false,
              "isDriverInstallationRequired": false,
              "hasTimeMachineBackup": false,
              "capacity": "1000167440384",
              "spaceAvailable": "0.28967619103533737",
              "volumeName": "My Passport (E:)",
              "fileSystemType": "",
              "url": "My Passport (E:)",
              "label": "My Passport (E:)",
              "openAction": {
                "label": "Open",
                "_class": "com.wdc.smb.action.OpenLocation",
                "url": "E:\\"
              }
            }
          ],
          "mountPoints": [
            {
              "mountPoint": "E"
            }
          ]
        }
      }
    ]
  }
}
2022-01-15T13:15:21-05:00 ci=3a11f697-7362-4cb1-8ea9-2fa6d628f7b5 info {
  "sourceId": "driveagent.apps.wdc.com",
  "sourceName": "WD Device Agent",
  "priority": 1,
  "notification": {
    "type": "com.wdc.portal.device.put",
    "context": [
      {
        "model": {
          "name": "My Passport",
          "deviceId": "USB_1058_25E1_WX71AA86EY8R",
          "_class": "com.wdc.portal.model.Device",
          "type": "USB_1058_25E1",
          "serial": "WX71AA86EY8R",
          "capacity": "1000170585600",
          "firmware": "1021",
          "hasPassword": false,
          "isLocked": false,
          "volumes": [
            {
              "readOnly": false,
              "isDriverInstallationRequired": false,
              "hasTimeMachineBackup": false,
              "capacity": "1000167440384",
              "spaceAvailable": "0.28945707534015352",
              "volumeName": "My Passport (E:)",
              "fileSystemType": "",
              "url": "My Passport (E:)",
              "label": "My Passport (E:)",
              "openAction": {
                "label": "Open",
                "_class": "com.wdc.smb.action.OpenLocation",
                "url": "E:\\"
              }
            }
          ],
          "mountPoints": [
            {
              "mountPoint": "E"
            }
          ]
        }
      }
    ]
  }
}
2022-01-15T13:15:26-05:00 ci=3a11f697-7362-4cb1-8ea9-2fa6d628f7b5 info {
  "sourceId": "driveagent.apps.wdc.com",
  "sourceName": "WD Device Agent",
  "priority": 1,
  "notification": {
    "type": "com.wdc.portal.device.put",
    "context": [
      {
        "model": {
          "name": "My Passport",
          "deviceId": "USB_1058_25E1_WX71AA86EY8R",
          "_class": "com.wdc.portal.model.Device",
          "type": "USB_1058_25E1",
          "serial": "WX71AA86EY8R",
          "capacity": "1000170585600",
          "firmware": "1021",
          "hasPassword": false,
          "isLocked": false,
          "volumes": [
            {
              "readOnly": false,
              "isDriverInstallationRequired": false,
              "hasTimeMachineBackup": false,
              "capacity": "1000167440384",
              "spaceAvailable": "0.28901674714887499",
              "volumeName": "My Passport (E:)",
              "fileSystemType": "",
              "url": "My Passport (E:)",
              "label": "My Passport (E:)",
              "openAction": {
                "label": "Open",
                "_class": "com.wdc.smb.action.OpenLocation",
                "url": "E:\\"
              }
            }
          ],
          "mountPoints": [
            {
              "mountPoint": "E"
            }
          ]
        }
      }
    ]
  }
}
2022-01-15T13:15:41-05:00 ci=3a11f697-7362-4cb1-8ea9-2fa6d628f7b5 info {
  "sourceId": "driveagent.apps.wdc.com",
  "sourceName": "WD Device Agent",
  "priority": 1,
  "notification": {
    "type": "com.wdc.portal.device.put",
    "context": [
      {
        "model": {
          "name": "My Passport",
          "deviceId": "USB_1058_25E1_WX71AA86EY8R",
          "_class": "com.wdc.portal.model.Device",
          "type": "USB_1058_25E1",
          "serial": "WX71AA86EY8R",
          "capacity": "1000170585600",
          "firmware": "1021",
          "hasPassword": false,
          "isLocked": false,
          "volumes": [
            {
              "readOnly": false,
              "isDriverInstallationRequired": false,
              "hasTimeMachineBackup": false,
              "capacity": "1000167440384",
              "spaceAvailable": "0.28858270936032893",
              "volumeName": "My Passport (E:)",
              "fileSystemType": "",
              "url": "My Passport (E:)",
              "label": "My Passport (E:)",
              "openAction": {
                "label": "Open",
                "_class": "com.wdc.smb.action.OpenLocation",
                "url": "E:\\"
              }
            }
          ],
          "mountPoints": [
            {
              "mountPoint": "E"
            }
          ]
        }
      }
    ]
  }
}
2022-01-15T13:15:56-05:00 ci=3a11f697-7362-4cb1-8ea9-2fa6d628f7b5 info {
  "sourceId": "driveagent.apps.wdc.com",
  "sourceName": "WD Device Agent",
  "priority": 1,
  "notification": {
    "type": "com.wdc.portal.device.put",
    "context": [
      {
        "model": {
          "name": "My Passport",
          "deviceId": "USB_1058_25E1_WX71AA86EY8R",
          "_class": "com.wdc.portal.model.Device",
          "type": "USB_1058_25E1",
          "serial": "WX71AA86EY8R",
          "capacity": "1000170585600",
          "firmware": "1021",
          "hasPassword": false,
          "isLocked": false,
          "volumes": [
            {
              "readOnly": false,
              "isDriverInstallationRequired": false,
              "hasTimeMachineBackup": false,
              "capacity": "1000167440384",
              "spaceAvailable": "0.28836673886651137",
              "volumeName": "My Passport (E:)",
              "fileSystemType": "",
              "url": "My Passport (E:)",
              "label": "My Passport (E:)",
              "openAction": {
                "label": "Open",
                "_class": "com.wdc.smb.action.OpenLocation",
                "url": "E:\\"
              }
            }
          ],
          "mountPoints": [
            {
              "mountPoint": "E"
            }
          ]
        }
      }
    ]
  }
}
2022-01-15T13:16:06-05:00 ci=3a11f697-7362-4cb1-8ea9-2fa6d628f7b5 info {
  "sourceId": "driveagent.apps.wdc.com",
  "sourceName": "WD Device Agent",
  "priority": 1,
  "notification": {
    "type": "com.wdc.portal.device.put",
    "context": [
      {
        "model": {
          "name": "My Passport",
          "deviceId": "USB_1058_25E1_WX71AA86EY8R",
          "_class": "com.wdc.portal.model.Device",
          "type": "USB_1058_25E1",
          "serial": "WX71AA86EY8R",
          "capacity": "1000170585600",
          "firmware": "1021",
          "hasPassword": false,
          "isLocked": false,
          "volumes": [
            {
              "readOnly": false,
              "isDriverInstallationRequired": false,
              "hasTimeMachineBackup": false,
              "capacity": "1000167440384",
              "spaceAvailable": "0.28815181677314922",
              "volumeName": "My Passport (E:)",
              "fileSystemType": "",
              "url": "My Passport (E:)",
              "label": "My Passport (E:)",
              "openAction": {
                "label": "Open",
                "_class": "com.wdc.smb.action.OpenLocation",
                "url": "E:\\"
              }
            }
          ],
          "mountPoints": [
            {
              "mountPoint": "E"
            }
          ]
        }
      }
    ]
  }
}
2022-01-15T13:16:17-05:00 ci=3a11f697-7362-4cb1-8ea9-2fa6d628f7b5 info {
  "sourceId": "driveagent.apps.wdc.com",
  "sourceName": "WD Device Agent",
  "priority": 1,
  "notification": {
    "type": "com.wdc.portal.device.put",
    "context": [
      {
        "model": {
          "name": "My Passport",
          "deviceId": "USB_1058_25E1_WX71AA86EY8R",
          "_class": "com.wdc.portal.model.Device",
          "type": "USB_1058_25E1",
          "serial": "WX71AA86EY8R",
          "capacity": "1000170585600",
          "firmware": "1021",
          "hasPassword": false,
          "isLocked": false,
          "volumes": [
            {
              "readOnly": false,
              "isDriverInstallationRequired": false,
              "hasTimeMachineBackup": false,
              "capacity": "1000167440384",
              "spaceAvailable": "0.28994877515374795",
              "volumeName": "My Passport (E:)",
              "fileSystemType": "",
              "url": "My Passport (E:)",
              "label": "My Passport (E:)",
              "openAction": {
                "label": "Open",
                "_class": "com.wdc.smb.action.OpenLocation",
                "url": "E:\\"
              }
            }
          ],
          "mountPoints": [
            {
              "mountPoint": "E"
            }
          ]
        }
      }
    ]
  }
}
2022-01-15T13:31:17-05:00 ci=3a11f697-7362-4cb1-8ea9-2fa6d628f7b5 info {
  "sourceId": "driveagent.apps.wdc.com",
  "sourceName": "WD Device Agent",
  "priority": 1,
  "notification": {
    "type": "com.wdc.portal.device.put",
    "context": [
      {
        "model": {
          "name": "My Passport",
          "deviceId": "USB_1058_25E1_WX71AA86EY8R",
          "_class": "com.wdc.portal.model.Device",
          "type": "USB_1058_25E1",
          "serial": "WX71AA86EY8R",
          "capacity": "1000170585600",
          "firmware": "1021",
          "hasPassword": false,
          "isLocked": false,
          "volumes": [
            {
              "readOnly": false,
              "isDriverInstallationRequired": false,
              "hasTimeMachineBackup": false,
              "capacity": "1000167440384",
              "spaceAvailable": "0.28971917545400983",
              "volumeName": "My Passport (E:)",
              "fileSystemType": "",
              "url": "My Passport (E:)",
              "label": "My Passport (E:)",
              "openAction": {
                "label": "Open",
                "_class": "com.wdc.smb.action.OpenLocation",
                "url": "E:\\"
              }
            }
          ],
          "mountPoints": [
            {
              "mountPoint": "E"
            }
          ]
        }
      }
    ]
  }
}
2022-01-15T13:31:22-05:00 ci=3a11f697-7362-4cb1-8ea9-2fa6d628f7b5 info {
  "sourceId": "driveagent.apps.wdc.com",
  "sourceName": "WD Device Agent",
  "priority": 1,
  "notification": {
    "type": "com.wdc.portal.device.put",
    "context": [
      {
        "model": {
          "name": "My Passport",
          "deviceId": "USB_1058_25E1_WX71AA86EY8R",
          "_class": "com.wdc.portal.model.Device",
          "type": "USB_1058_25E1",
          "serial": "WX71AA86EY8R",
          "capacity": "1000170585600",
          "firmware": "1021",
          "hasPassword": false,
          "isLocked": false,
          "volumes": [
            {
              "readOnly": false,
              "isDriverInstallationRequired": false,
              "hasTimeMachineBackup": false,
              "capacity": "1000167440384",
              "spaceAvailable": "0.28962062581119985",
              "volumeName": "My Passport (E:)",
              "fileSystemType": "",
              "url": "My Passport (E:)",
              "label": "My Passport (E:)",
              "openAction": {
                "label": "Open",
                "_class": "com.wdc.smb.action.OpenLocation",
                "url": "E:\\"
              }
            }
          ],
          "mountPoints": [
            {
              "mountPoint": "E"
            }
          ]
        }
      }
    ]
  }
}
2022-01-15T13:31:27-05:00 ci=3a11f697-7362-4cb1-8ea9-2fa6d628f7b5 info {
  "sourceId": "driveagent.apps.wdc.com",
  "sourceName": "WD Device Agent",
  "priority": 1,
  "notification": {
    "type": "com.wdc.portal.device.put",
    "context": [
      {
        "model": {
          "name": "My Passport",
          "deviceId": "USB_1058_25E1_WX71AA86EY8R",
          "_class": "com.wdc.portal.model.Device",
          "type": "USB_1058_25E1",
          "serial": "WX71AA86EY8R",
          "capacity": "1000170585600",
          "firmware": "1021",
          "hasPassword": false,
          "isLocked": false,
          "volumes": [
            {
              "readOnly": false,
              "isDriverInstallationRequired": false,
              "hasTimeMachineBackup": false,
              "capacity": "1000167440384",
              "spaceAvailable": "0.28933021888504706",
              "volumeName": "My Passport (E:)",
              "fileSystemType": "",
              "url": "My Passport (E:)",
              "label": "My Passport (E:)",
              "openAction": {
                "label": "Open",
                "_class": "com.wdc.smb.action.OpenLocation",
                "url": "E:\\"
              }
            }
          ],
          "mountPoints": [
            {
              "mountPoint": "E"
            }
          ]
        }
      }
    ]
  }
}
2022-01-15T13:31:32-05:00 ci=3a11f697-7362-4cb1-8ea9-2fa6d628f7b5 info {
  "sourceId": "driveagent.apps.wdc.com",
  "sourceName": "WD Device Agent",
  "priority": 1,
  "notification": {
    "type": "com.wdc.portal.device.put",
    "context": [
      {
        "model": {
          "name": "My Passport",
          "deviceId": "USB_1058_25E1_WX71AA86EY8R",
          "_class": "com.wdc.portal.model.Device",
          "type": "USB_1058_25E1",
          "serial": "WX71AA86EY8R",
          "capacity": "1000170585600",
          "firmware": "1021",
          "hasPassword": false,
          "isLocked": false,
          "volumes": [
            {
              "readOnly": false,
              "isDriverInstallationRequired": false,
              "hasTimeMachineBackup": false,
              "capacity": "1000167440384",
              "spaceAvailable": "0.28913731320124886",
              "volumeName": "My Passport (E:)",
              "fileSystemType": "",
              "url": "My Passport (E:)",
              "label": "My Passport (E:)",
              "openAction": {
                "label": "Open",
                "_class": "com.wdc.smb.action.OpenLocation",
                "url": "E:\\"
              }
            }
          ],
          "mountPoints": [
            {
              "mountPoint": "E"
            }
          ]
        }
      }
    ]
  }
}
2022-01-15T13:31:37-05:00 ci=3a11f697-7362-4cb1-8ea9-2fa6d628f7b5 info {
  "sourceId": "driveagent.apps.wdc.com",
  "sourceName": "WD Device Agent",
  "priority": 1,
  "notification": {
    "type": "com.wdc.portal.device.put",
    "context": [
      {
        "model": {
          "name": "My Passport",
          "deviceId": "USB_1058_25E1_WX71AA86EY8R",
          "_class": "com.wdc.portal.model.Device",
          "type": "USB_1058_25E1",
          "serial": "WX71AA86EY8R",
          "capacity": "1000170585600",
          "firmware": "1021",
          "hasPassword": false,
          "isLocked": false,
          "volumes": [
            {
              "readOnly": false,
              "isDriverInstallationRequired": false,
              "hasTimeMachineBackup": false,
              "capacity": "1000167440384",
              "spaceAvailable": "0.28893287511244092",
              "volumeName": "My Passport (E:)",
              "fileSystemType": "",
              "url": "My Passport (E:)",
              "label": "My Passport (E:)",
              "openAction": {
                "label": "Open",
                "_class": "com.wdc.smb.action.OpenLocation",
                "url": "E:\\"
              }
            }
          ],
          "mountPoints": [
            {
              "mountPoint": "E"
            }
          ]
        }
      }
    ]
  }
}
2022-01-15T13:31:42-05:00 ci=3a11f697-7362-4cb1-8ea9-2fa6d628f7b5 info {
  "sourceId": "driveagent.apps.wdc.com",
  "sourceName": "WD Device Agent",
  "priority": 1,
  "notification": {
    "type": "com.wdc.portal.device.put",
    "context": [
      {
        "model": {
          "name": "My Passport",
          "deviceId": "USB_1058_25E1_WX71AA86EY8R",
          "_class": "com.wdc.portal.model.Device",
          "type": "USB_1058_25E1",
          "serial": "WX71AA86EY8R",
          "capacity": "1000170585600",
          "firmware": "1021",
          "hasPassword": false,
          "isLocked": false,
          "volumes": [
            {
              "readOnly": false,
              "isDriverInstallationRequired": false,
              "hasTimeMachineBackup": false,
              "capacity": "1000167440384",
              "spaceAvailable": "0.28873892102818727",
              "volumeName": "My Passport (E:)",
              "fileSystemType": "",
              "url": "My Passport (E:)",
              "label": "My Passport (E:)",
              "openAction": {
                "label": "Open",
                "_class": "com.wdc.smb.action.OpenLocation",
                "url": "E:\\"
              }
            }
          ],
          "mountPoints": [
            {
              "mountPoint": "E"
            }
          ]
        }
      }
    ]
  }
}
2022-01-15T13:31:47-05:00 ci=3a11f697-7362-4cb1-8ea9-2fa6d628f7b5 info {
  "sourceId": "driveagent.apps.wdc.com",
  "sourceName": "WD Device Agent",
  "priority": 1,
  "notification": {
    "type": "com.wdc.portal.device.put",
    "context": [
      {
        "model": {
          "name": "My Passport",
          "deviceId": "USB_1058_25E1_WX71AA86EY8R",
          "_class": "com.wdc.portal.model.Device",
          "type": "USB_1058_25E1",
          "serial": "WX71AA86EY8R",
          "capacity": "1000170585600",
          "firmware": "1021",
          "hasPassword": false,
          "isLocked": false,
          "volumes": [
            {
              "readOnly": false,
              "isDriverInstallationRequired": false,
              "hasTimeMachineBackup": false,
              "capacity": "1000167440384",
              "spaceAvailable": "0.28849464372207323",
              "volumeName": "My Passport (E:)",
              "fileSystemType": "",
              "url": "My Passport (E:)",
              "label": "My Passport (E:)",
              "openAction": {
                "label": "Open",
                "_class": "com.wdc.smb.action.OpenLocation",
                "url": "E:\\"
              }
            }
          ],
          "mountPoints": [
            {
              "mountPoint": "E"
            }
          ]
        }
      }
    ]
  }
}
2022-01-15T13:31:52-05:00 ci=3a11f697-7362-4cb1-8ea9-2fa6d628f7b5 info {
  "sourceId": "driveagent.apps.wdc.com",
  "sourceName": "WD Device Agent",
  "priority": 1,
  "notification": {
    "type": "com.wdc.portal.device.put",
    "context": [
      {
        "model": {
          "name": "My Passport",
          "deviceId": "USB_1058_25E1_WX71AA86EY8R",
          "_class": "com.wdc.portal.model.Device",
          "type": "USB_1058_25E1",
          "serial": "WX71AA86EY8R",
          "capacity": "1000170585600",
          "firmware": "1021",
          "hasPassword": false,
          "isLocked": false,
          "volumes": [
            {
              "readOnly": false,
              "isDriverInstallationRequired": false,
              "hasTimeMachineBackup": false,
              "capacity": "1000167440384",
              "spaceAvailable": "0.28819689799273251",
              "volumeName": "My Passport (E:)",
              "fileSystemType": "",
              "url": "My Passport (E:)",
              "label": "My Passport (E:)",
              "openAction": {
                "label": "Open",
                "_class": "com.wdc.smb.action.OpenLocation",
                "url": "E:\\"
              }
            }
          ],
          "mountPoints": [
            {
              "mountPoint": "E"
            }
          ]
        }
      }
    ]
  }
}
2022-01-15T13:31:57-05:00 ci=3a11f697-7362-4cb1-8ea9-2fa6d628f7b5 info {
  "sourceId": "driveagent.apps.wdc.com",
  "sourceName": "WD Device Agent",
  "priority": 1,
  "notification": {
    "type": "com.wdc.portal.device.put",
    "context": [
      {
        "model": {
          "name": "My Passport",
          "deviceId": "USB_1058_25E1_WX71AA86EY8R",
          "_class": "com.wdc.portal.model.Device",
          "type": "USB_1058_25E1",
          "serial": "WX71AA86EY8R",
          "capacity": "1000170585600",
          "firmware": "1021",
          "hasPassword": false,
          "isLocked": false,
          "volumes": [
            {
              "readOnly": false,
              "isDriverInstallationRequired": false,
              "hasTimeMachineBackup": false,
              "capacity": "1000167440384",
              "spaceAvailable": "0.28786874865018441",
              "volumeName": "My Passport (E:)",
              "fileSystemType": "",
              "url": "My Passport (E:)",
              "label": "My Passport (E:)",
              "openAction": {
                "label": "Open",
                "_class": "com.wdc.smb.action.OpenLocation",
                "url": "E:\\"
              }
            }
          ],
          "mountPoints": [
            {
              "mountPoint": "E"
            }
          ]
        }
      }
    ]
  }
}
2022-01-15T13:32:02-05:00 ci=3a11f697-7362-4cb1-8ea9-2fa6d628f7b5 info {
  "sourceId": "driveagent.apps.wdc.com",
  "sourceName": "WD Device Agent",
  "priority": 1,
  "notification": {
    "type": "com.wdc.portal.device.put",
    "context": [
      {
        "model": {
          "name": "My Passport",
          "deviceId": "USB_1058_25E1_WX71AA86EY8R",
          "_class": "com.wdc.portal.model.Device",
          "type": "USB_1058_25E1",
          "serial": "WX71AA86EY8R",
          "capacity": "1000170585600",
          "firmware": "1021",
          "hasPassword": false,
          "isLocked": false,
          "volumes": [
            {
              "readOnly": false,
              "isDriverInstallationRequired": false,
              "hasTimeMachineBackup": false,
              "capacity": "1000167440384",
              "spaceAvailable": "0.28753535730535923",
              "volumeName": "My Passport (E:)",
              "fileSystemType": "",
              "url": "My Passport (E:)",
              "label": "My Passport (E:)",
              "openAction": {
                "label": "Open",
                "_class": "com.wdc.smb.action.OpenLocation",
                "url": "E:\\"
              }
            }
          ],
          "mountPoints": [
            {
              "mountPoint": "E"
            }
          ]
        }
      }
    ]
  }
}
2022-01-15T13:32:07-05:00 ci=3a11f697-7362-4cb1-8ea9-2fa6d628f7b5 info {
  "sourceId": "driveagent.apps.wdc.com",
  "sourceName": "WD Device Agent",
  "priority": 1,
  "notification": {
    "type": "com.wdc.portal.device.put",
    "context": [
      {
        "model": {
          "name": "My Passport",
          "deviceId": "USB_1058_25E1_WX71AA86EY8R",
          "_class": "com.wdc.portal.model.Device",
          "type": "USB_1058_25E1",
          "serial": "WX71AA86EY8R",
          "capacity": "1000170585600",
          "firmware": "1021",
          "hasPassword": false,
          "isLocked": false,
          "volumes": [
            {
              "readOnly": false,
              "isDriverInstallationRequired": false,
              "hasTimeMachineBackup": false,
              "capacity": "1000167440384",
              "spaceAvailable": "0.28711704552364459",
              "volumeName": "My Passport (E:)",
              "fileSystemType": "",
              "url": "My Passport (E:)",
              "label": "My Passport (E:)",
              "openAction": {
                "label": "Open",
                "_class": "com.wdc.smb.action.OpenLocation",
                "url": "E:\\"
              }
            }
          ],
          "mountPoints": [
            {
              "mountPoint": "E"
            }
          ]
        }
      }
    ]
  }
}
2022-01-15T13:32:12-05:00 ci=3a11f697-7362-4cb1-8ea9-2fa6d628f7b5 info {
  "sourceId": "driveagent.apps.wdc.com",
  "sourceName": "WD Device Agent",
  "priority": 1,
  "notification": {
    "type": "com.wdc.portal.device.put",
    "context": [
      {
        "model": {
          "name": "My Passport",
          "deviceId": "USB_1058_25E1_WX71AA86EY8R",
          "_class": "com.wdc.portal.model.Device",
          "type": "USB_1058_25E1",
          "serial": "WX71AA86EY8R",
          "capacity": "1000170585600",
          "firmware": "1021",
          "hasPassword": false,
          "isLocked": false,
          "volumes": [
            {
              "readOnly": false,
              "isDriverInstallationRequired": false,
              "hasTimeMachineBackup": false,
              "capacity": "1000167440384",
              "spaceAvailable": "0.28684026780341232",
              "volumeName": "My Passport (E:)",
              "fileSystemType": "",
              "url": "My Passport (E:)",
              "label": "My Passport (E:)",
              "openAction": {
                "label": "Open",
                "_class": "com.wdc.smb.action.OpenLocation",
                "url": "E:\\"
              }
            }
          ],
          "mountPoints": [
            {
              "mountPoint": "E"
            }
          ]
        }
      }
    ]
  }
}
2022-01-15T13:32:17-05:00 ci=3a11f697-7362-4cb1-8ea9-2fa6d628f7b5 info {
  "sourceId": "driveagent.apps.wdc.com",
  "sourceName": "WD Device Agent",
  "priority": 1,
  "notification": {
    "type": "com.wdc.portal.device.put",
    "context": [
      {
        "model": {
          "name": "My Passport",
          "deviceId": "USB_1058_25E1_WX71AA86EY8R",
          "_class": "com.wdc.portal.model.Device",
          "type": "USB_1058_25E1",
          "serial": "WX71AA86EY8R",
          "capacity": "1000170585600",
          "firmware": "1021",
          "hasPassword": false,
          "isLocked": false,
          "volumes": [
            {
              "readOnly": false,
              "isDriverInstallationRequired": false,
              "hasTimeMachineBackup": false,
              "capacity": "1000167440384",
              "spaceAvailable": "0.28677526697517597",
              "volumeName": "My Passport (E:)",
              "fileSystemType": "",
              "url": "My Passport (E:)",
              "label": "My Passport (E:)",
              "openAction": {
                "label": "Open",
                "_class": "com.wdc.smb.action.OpenLocation",
                "url": "E:\\"
              }
            }
          ],
          "mountPoints": [
            {
              "mountPoint": "E"
            }
          ]
        }
      }
    ]
  }
}
2022-01-15T13:32:22-05:00 ci=3a11f697-7362-4cb1-8ea9-2fa6d628f7b5 info {
  "sourceId": "driveagent.apps.wdc.com",
  "sourceName": "WD Device Agent",
  "priority": 1,
  "notification": {
    "type": "com.wdc.portal.device.put",
    "context": [
      {
        "model": {
          "name": "My Passport",
          "deviceId": "USB_1058_25E1_WX71AA86EY8R",
          "_class": "com.wdc.portal.model.Device",
          "type": "USB_1058_25E1",
          "serial": "WX71AA86EY8R",
          "capacity": "1000170585600",
          "firmware": "1021",
          "hasPassword": false,
          "isLocked": false,
          "volumes": [
            {
              "readOnly": false,
              "isDriverInstallationRequired": false,
              "hasTimeMachineBackup": false,
              "capacity": "1000167440384",
              "spaceAvailable": "0.28672913735513728",
              "volumeName": "My Passport (E:)",
              "fileSystemType": "",
              "url": "My Passport (E:)",
              "label": "My Passport (E:)",
              "openAction": {
                "label": "Open",
                "_class": "com.wdc.smb.action.OpenLocation",
                "url": "E:\\"
              }
            }
          ],
          "mountPoints": [
            {
              "mountPoint": "E"
            }
          ]
        }
      }
    ]
  }
}
2022-01-15T13:32:27-05:00 ci=3a11f697-7362-4cb1-8ea9-2fa6d628f7b5 info {
  "sourceId": "driveagent.apps.wdc.com",
  "sourceName": "WD Device Agent",
  "priority": 1,
  "notification": {
    "type": "com.wdc.portal.device.put",
    "context": [
      {
        "model": {
          "name": "My Passport",
          "deviceId": "USB_1058_25E1_WX71AA86EY8R",
          "_class": "com.wdc.portal.model.Device",
          "type": "USB_1058_25E1",
          "serial": "WX71AA86EY8R",
          "capacity": "1000170585600",
          "firmware": "1021",
          "hasPassword": false,
          "isLocked": false,
          "volumes": [
            {
              "readOnly": false,
              "isDriverInstallationRequired": false,
              "hasTimeMachineBackup": false,
              "capacity": "1000167440384",
              "spaceAvailable": "0.28653308646997278",
              "volumeName": "My Passport (E:)",
              "fileSystemType": "",
              "url": "My Passport (E:)",
              "label": "My Passport (E:)",
              "openAction": {
                "label": "Open",
                "_class": "com.wdc.smb.action.OpenLocation",
                "url": "E:\\"
              }
            }
          ],
          "mountPoints": [
            {
              "mountPoint": "E"
            }
          ]
        }
      }
    ]
  }
}
2022-01-15T13:32:57-05:00 ci=3a11f697-7362-4cb1-8ea9-2fa6d628f7b5 info {
  "sourceId": "driveagent.apps.wdc.com",
  "sourceName": "WD Device Agent",
  "priority": 1,
  "notification": {
    "type": "com.wdc.portal.device.put",
    "context": [
      {
        "model": {
          "name": "My Passport",
          "deviceId": "USB_1058_25E1_WX71AA86EY8R",
          "_class": "com.wdc.portal.model.Device",
          "type": "USB_1058_25E1",
          "serial": "WX71AA86EY8R",
          "capacity": "1000170585600",
          "firmware": "1021",
          "hasPassword": false,
          "isLocked": false,
          "volumes": [
            {
              "readOnly": false,
              "isDriverInstallationRequired": false,
              "hasTimeMachineBackup": false,
              "capacity": "1000167440384",
              "spaceAvailable": "0.28665994292507918",
              "volumeName": "My Passport (E:)",
              "fileSystemType": "",
              "url": "My Passport (E:)",
              "label": "My Passport (E:)",
              "openAction": {
                "label": "Open",
                "_class": "com.wdc.smb.action.OpenLocation",
                "url": "E:\\"
              }
            }
          ],
          "mountPoints": [
            {
              "mountPoint": "E"
            }
          ]
        }
      }
    ]
  }
}
2022-01-15T13:33:02-05:00 ci=3a11f697-7362-4cb1-8ea9-2fa6d628f7b5 info {
  "sourceId": "driveagent.apps.wdc.com",
  "sourceName": "WD Device Agent",
  "priority": 1,
  "notification": {
    "type": "com.wdc.portal.device.put",
    "context": [
      {
        "model": {
          "name": "My Passport",
          "deviceId": "USB_1058_25E1_WX71AA86EY8R",
          "_class": "com.wdc.portal.model.Device",
          "type": "USB_1058_25E1",
          "serial": "WX71AA86EY8R",
          "capacity": "1000170585600",
          "firmware": "1021",
          "hasPassword": false,
          "isLocked": false,
          "volumes": [
            {
              "readOnly": false,
              "isDriverInstallationRequired": false,
              "hasTimeMachineBackup": false,
              "capacity": "1000167440384",
              "spaceAvailable": "0.28680881578974959",
              "volumeName": "My Passport (E:)",
              "fileSystemType": "",
              "url": "My Passport (E:)",
              "label": "My Passport (E:)",
              "openAction": {
                "label": "Open",
                "_class": "com.wdc.smb.action.OpenLocation",
                "url": "E:\\"
              }
            }
          ],
          "mountPoints": [
            {
              "mountPoint": "E"
            }
          ]
        }
      }
    ]
  }
}
2022-01-15T13:33:07-05:00 ci=3a11f697-7362-4cb1-8ea9-2fa6d628f7b5 info {
  "sourceId": "driveagent.apps.wdc.com",
  "sourceName": "WD Device Agent",
  "priority": 1,
  "notification": {
    "type": "com.wdc.portal.device.put",
    "context": [
      {
        "model": {
          "name": "My Passport",
          "deviceId": "USB_1058_25E1_WX71AA86EY8R",
          "_class": "com.wdc.portal.model.Device",
          "type": "USB_1058_25E1",
          "serial": "WX71AA86EY8R",
          "capacity": "1000170585600",
          "firmware": "1021",
          "hasPassword": false,
          "isLocked": false,
          "volumes": [
            {
              "readOnly": false,
              "isDriverInstallationRequired": false,
              "hasTimeMachineBackup": false,
              "capacity": "1000167440384",
              "spaceAvailable": "0.28687486501844134",
              "volumeName": "My Passport (E:)",
              "fileSystemType": "",
              "url": "My Passport (E:)",
              "label": "My Passport (E:)",
              "openAction": {
                "label": "Open",
                "_class": "com.wdc.smb.action.OpenLocation",
                "url": "E:\\"
              }
            }
          ],
          "mountPoints": [
            {
              "mountPoint": "E"
            }
          ]
        }
      }
    ]
  }
}
2022-01-15T13:33:27-05:00 ci=3a11f697-7362-4cb1-8ea9-2fa6d628f7b5 info {
  "sourceId": "driveagent.apps.wdc.com",
  "sourceName": "WD Device Agent",
  "priority": 1,
  "notification": {
    "type": "com.wdc.portal.device.put",
    "context": [
      {
        "model": {
          "name": "My Passport",
          "deviceId": "USB_1058_25E1_WX71AA86EY8R",
          "_class": "com.wdc.portal.model.Device",
          "type": "USB_1058_25E1",
          "serial": "WX71AA86EY8R",
          "capacity": "1000170585600",
          "firmware": "1021",
          "hasPassword": false,
          "isLocked": false,
          "volumes": [
            {
              "readOnly": false,
              "isDriverInstallationRequired": false,
              "hasTimeMachineBackup": false,
              "capacity": "1000167440384",
              "spaceAvailable": "0.28726067638603781",
              "volumeName": "My Passport (E:)",
              "fileSystemType": "",
              "url": "My Passport (E:)",
              "label": "My Passport (E:)",
              "openAction": {
                "label": "Open",
                "_class": "com.wdc.smb.action.OpenLocation",
                "url": "E:\\"
              }
            }
          ],
          "mountPoints": [
            {
              "mountPoint": "E"
            }
          ]
        }
      }
    ]
  }
}
2022-01-15T13:33:32-05:00 ci=3a11f697-7362-4cb1-8ea9-2fa6d628f7b5 info {
  "sourceId": "driveagent.apps.wdc.com",
  "sourceName": "WD Device Agent",
  "priority": 1,
  "notification": {
    "type": "com.wdc.portal.device.put",
    "context": [
      {
        "model": {
          "name": "My Passport",
          "deviceId": "USB_1058_25E1_WX71AA86EY8R",
          "_class": "com.wdc.portal.model.Device",
          "type": "USB_1058_25E1",
          "serial": "WX71AA86EY8R",
          "capacity": "1000170585600",
          "firmware": "1021",
          "hasPassword": false,
          "isLocked": false,
          "volumes": [
            {
              "readOnly": false,
              "isDriverInstallationRequired": false,
              "hasTimeMachineBackup": false,
              "capacity": "1000167440384",
              "spaceAvailable": "0.28740954925070822",
              "volumeName": "My Passport (E:)",
              "fileSystemType": "",
              "url": "My Passport (E:)",
              "label": "My Passport (E:)",
              "openAction": {
                "label": "Open",
                "_class": "com.wdc.smb.action.OpenLocation",
                "url": "E:\\"
              }
            }
          ],
          "mountPoints": [
            {
              "mountPoint": "E"
            }
          ]
        }
      }
    ]
  }
}
2022-01-15T13:33:42-05:00 ci=3a11f697-7362-4cb1-8ea9-2fa6d628f7b5 info {
  "sourceId": "driveagent.apps.wdc.com",
  "sourceName": "WD Device Agent",
  "priority": 1,
  "notification": {
    "type": "com.wdc.portal.device.put",
    "context": [
      {
        "model": {
          "name": "My Passport",
          "deviceId": "USB_1058_25E1_WX71AA86EY8R",
          "_class": "com.wdc.portal.model.Device",
          "type": "USB_1058_25E1",
          "serial": "WX71AA86EY8R",
          "capacity": "1000170585600",
          "firmware": "1021",
          "hasPassword": false,
          "isLocked": false,
          "volumes": [
            {
              "readOnly": false,
              "isDriverInstallationRequired": false,
              "hasTimeMachineBackup": false,
              "capacity": "1000167440384",
              "spaceAvailable": "0.28755947051583397",
              "volumeName": "My Passport (E:)",
              "fileSystemType": "",
              "url": "My Passport (E:)",
              "label": "My Passport (E:)",
              "openAction": {
                "label": "Open",
                "_class": "com.wdc.smb.action.OpenLocation",
                "url": "E:\\"
              }
            }
          ],
          "mountPoints": [
            {
              "mountPoint": "E"
            }
          ]
        }
      }
    ]
  }
}
2022-01-15T13:33:47-05:00 ci=3a11f697-7362-4cb1-8ea9-2fa6d628f7b5 info {
  "sourceId": "driveagent.apps.wdc.com",
  "sourceName": "WD Device Agent",
  "priority": 1,
  "notification": {
    "type": "com.wdc.portal.device.put",
    "context": [
      {
        "model": {
          "name": "My Passport",
          "deviceId": "USB_1058_25E1_WX71AA86EY8R",
          "_class": "com.wdc.portal.model.Device",
          "type": "USB_1058_25E1",
          "serial": "WX71AA86EY8R",
          "capacity": "1000170585600",
          "firmware": "1021",
          "hasPassword": false,
          "isLocked": false,
          "volumes": [
            {
              "readOnly": false,
              "isDriverInstallationRequired": false,
              "hasTimeMachineBackup": false,
              "capacity": "1000167440384",
              "spaceAvailable": "0.28772092418596945",
              "volumeName": "My Passport (E:)",
              "fileSystemType": "",
              "url": "My Passport (E:)",
              "label": "My Passport (E:)",
              "openAction": {
                "label": "Open",
                "_class": "com.wdc.smb.action.OpenLocation",
                "url": "E:\\"
              }
            }
          ],
          "mountPoints": [
            {
              "mountPoint": "E"
            }
          ]
        }
      }
    ]
  }
}
2022-01-15T13:33:57-05:00 ci=3a11f697-7362-4cb1-8ea9-2fa6d628f7b5 info {
  "sourceId": "driveagent.apps.wdc.com",
  "sourceName": "WD Device Agent",
  "priority": 1,
  "notification": {
    "type": "com.wdc.portal.device.put",
    "context": [
      {
        "model": {
          "name": "My Passport",
          "deviceId": "USB_1058_25E1_WX71AA86EY8R",
          "_class": "com.wdc.portal.model.Device",
          "type": "USB_1058_25E1",
          "serial": "WX71AA86EY8R",
          "capacity": "1000170585600",
          "firmware": "1021",
          "hasPassword": false,
          "isLocked": false,
          "volumes": [
            {
              "readOnly": false,
              "isDriverInstallationRequired": false,
              "hasTimeMachineBackup": false,
              "capacity": "1000167440384",
              "spaceAvailable": "0.28786979705063986",
              "volumeName": "My Passport (E:)",
              "fileSystemType": "",
              "url": "My Passport (E:)",
              "label": "My Passport (E:)",
              "openAction": {
                "label": "Open",
                "_class": "com.wdc.smb.action.OpenLocation",
                "url": "E:\\"
              }
            }
          ],
          "mountPoints": [
            {
              "mountPoint": "E"
            }
          ]
        }
      }
    ]
  }
}
2022-01-15T13:34:02-05:00 ci=3a11f697-7362-4cb1-8ea9-2fa6d628f7b5 info {
  "sourceId": "driveagent.apps.wdc.com",
  "sourceName": "WD Device Agent",
  "priority": 1,
  "notification": {
    "type": "com.wdc.portal.device.put",
    "context": [
      {
        "model": {
          "name": "My Passport",
          "deviceId": "USB_1058_25E1_WX71AA86EY8R",
          "_class": "com.wdc.portal.model.Device",
          "type": "USB_1058_25E1",
          "serial": "WX71AA86EY8R",
          "capacity": "1000170585600",
          "firmware": "1021",
          "hasPassword": false,
          "isLocked": false,
          "volumes": [
            {
              "readOnly": false,
              "isDriverInstallationRequired": false,
              "hasTimeMachineBackup": false,
              "capacity": "1000167440384",
              "spaceAvailable": "0.28803229912123074",
              "volumeName": "My Passport (E:)",
              "fileSystemType": "",
              "url": "My Passport (E:)",
              "label": "My Passport (E:)",
              "openAction": {
                "label": "Open",
                "_class": "com.wdc.smb.action.OpenLocation",
                "url": "E:\\"
              }
            }
          ],
          "mountPoints": [
            {
              "mountPoint": "E"
            }
          ]
        }
      }
    ]
  }
}
2022-01-15T13:34:12-05:00 ci=3a11f697-7362-4cb1-8ea9-2fa6d628f7b5 info {
  "sourceId": "driveagent.apps.wdc.com",
  "sourceName": "WD Device Agent",
  "priority": 1,
  "notification": {
    "type": "com.wdc.portal.device.put",
    "context": [
      {
        "model": {
          "name": "My Passport",
          "deviceId": "USB_1058_25E1_WX71AA86EY8R",
          "_class": "com.wdc.portal.model.Device",
          "type": "USB_1058_25E1",
          "serial": "WX71AA86EY8R",
          "capacity": "1000170585600",
          "firmware": "1021",
          "hasPassword": false,
          "isLocked": false,
          "volumes": [
            {
              "readOnly": false,
              "isDriverInstallationRequired": false,
              "hasTimeMachineBackup": false,
              "capacity": "1000167440384",
              "spaceAvailable": "0.2881811719859011",
              "volumeName": "My Passport (E:)",
              "fileSystemType": "",
              "url": "My Passport (E:)",
              "label": "My Passport (E:)",
              "openAction": {
                "label": "Open",
                "_class": "com.wdc.smb.action.OpenLocation",
                "url": "E:\\"
              }
            }
          ],
          "mountPoints": [
            {
              "mountPoint": "E"
            }
          ]
        }
      }
    ]
  }
}
2022-01-15T13:34:17-05:00 ci=3a11f697-7362-4cb1-8ea9-2fa6d628f7b5 info {
  "sourceId": "driveagent.apps.wdc.com",
  "sourceName": "WD Device Agent",
  "priority": 1,
  "notification": {
    "type": "com.wdc.portal.device.put",
    "context": [
      {
        "model": {
          "name": "My Passport",
          "deviceId": "USB_1058_25E1_WX71AA86EY8R",
          "_class": "com.wdc.portal.model.Device",
          "type": "USB_1058_25E1",
          "serial": "WX71AA86EY8R",
          "capacity": "1000170585600",
          "firmware": "1021",
          "hasPassword": false,
          "isLocked": false,
          "volumes": [
            {
              "readOnly": false,
              "isDriverInstallationRequired": false,
              "hasTimeMachineBackup": false,
              "capacity": "1000167440384",
              "spaceAvailable": "0.2874357592620938",
              "volumeName": "My Passport (E:)",
              "fileSystemType": "",
              "url": "My Passport (E:)",
              "label": "My Passport (E:)",
              "openAction": {
                "label": "Open",
                "_class": "com.wdc.smb.action.OpenLocation",
                "url": "E:\\"
              }
            }
          ],
          "mountPoints": [
            {
              "mountPoint": "E"
            }
          ]
        }
      }
    ]
  }
}
2022-01-15T13:35:27-05:00 ci=3a11f697-7362-4cb1-8ea9-2fa6d628f7b5 info {
  "sourceId": "driveagent.apps.wdc.com",
  "sourceName": "WD Device Agent",
  "priority": 1,
  "notification": {
    "type": "com.wdc.portal.device.put",
    "context": [
      {
        "model": {
          "name": "My Passport",
          "deviceId": "USB_1058_25E1_WX71AA86EY8R",
          "_class": "com.wdc.portal.model.Device",
          "type": "USB_1058_25E1",
          "serial": "WX71AA86EY8R",
          "capacity": "1000170585600",
          "firmware": "1021",
          "hasPassword": false,
          "isLocked": false,
          "volumes": [
            {
              "readOnly": false,
              "isDriverInstallationRequired": false,
              "hasTimeMachineBackup": false,
              "capacity": "1000167440384",
              "spaceAvailable": "0.28880182505551283",
              "volumeName": "My Passport (E:)",
              "fileSystemType": "",
              "url": "My Passport (E:)",
              "label": "My Passport (E:)",
              "openAction": {
                "label": "Open",
                "_class": "com.wdc.smb.action.OpenLocation",
                "url": "E:\\"
              }
            }
          ],
          "mountPoints": [
            {
              "mountPoint": "E"
            }
          ]
        }
      }
    ]
  }
}
2022-01-15T13:35:37-05:00 ci=3a11f697-7362-4cb1-8ea9-2fa6d628f7b5 info {
  "sourceId": "driveagent.apps.wdc.com",
  "sourceName": "WD Device Agent",
  "priority": 1,
  "notification": {
    "type": "com.wdc.portal.device.put",
    "context": [
      {
        "model": {
          "name": "My Passport",
          "deviceId": "USB_1058_25E1_WX71AA86EY8R",
          "_class": "com.wdc.portal.model.Device",
          "type": "USB_1058_25E1",
          "serial": "WX71AA86EY8R",
          "capacity": "1000170585600",
          "firmware": "1021",
          "hasPassword": false,
          "isLocked": false,
          "volumes": [
            {
              "readOnly": false,
              "isDriverInstallationRequired": false,
              "hasTimeMachineBackup": false,
              "capacity": "1000167440384",
              "spaceAvailable": "0.28895069792018319",
              "volumeName": "My Passport (E:)",
              "fileSystemType": "",
              "url": "My Passport (E:)",
              "label": "My Passport (E:)",
              "openAction": {
                "label": "Open",
                "_class": "com.wdc.smb.action.OpenLocation",
                "url": "E:\\"
              }
            }
          ],
          "mountPoints": [
            {
              "mountPoint": "E"
            }
          ]
        }
      }
    ]
  }
}
2022-01-15T13:35:47-05:00 ci=3a11f697-7362-4cb1-8ea9-2fa6d628f7b5 info {
  "sourceId": "driveagent.apps.wdc.com",
  "sourceName": "WD Device Agent",
  "priority": 1,
  "notification": {
    "type": "com.wdc.portal.device.put",
    "context": [
      {
        "model": {
          "name": "My Passport",
          "deviceId": "USB_1058_25E1_WX71AA86EY8R",
          "_class": "com.wdc.portal.model.Device",
          "type": "USB_1058_25E1",
          "serial": "WX71AA86EY8R",
          "capacity": "1000170585600",
          "firmware": "1021",
          "hasPassword": false,
          "isLocked": false,
          "volumes": [
            {
              "readOnly": false,
              "isDriverInstallationRequired": false,
              "hasTimeMachineBackup": false,
              "capacity": "1000167440384",
              "spaceAvailable": "0.28897166592929169",
              "volumeName": "My Passport (E:)",
              "fileSystemType": "",
              "url": "My Passport (E:)",
              "label": "My Passport (E:)",
              "openAction": {
                "label": "Open",
                "_class": "com.wdc.smb.action.OpenLocation",
                "url": "E:\\"
              }
            }
          ],
          "mountPoints": [
            {
              "mountPoint": "E"
            }
          ]
        }
      }
    ]
  }
}
2022-01-15T13:36:22-05:00 ci=3a11f697-7362-4cb1-8ea9-2fa6d628f7b5 info {
  "sourceId": "driveagent.apps.wdc.com",
  "sourceName": "WD Device Agent",
  "priority": 1,
  "notification": {
    "type": "com.wdc.portal.device.put",
    "context": [
      {
        "model": {
          "name": "My Passport",
          "deviceId": "USB_1058_25E1_WX71AA86EY8R",
          "_class": "com.wdc.portal.model.Device",
          "type": "USB_1058_25E1",
          "serial": "WX71AA86EY8R",
          "capacity": "1000170585600",
          "firmware": "1021",
          "hasPassword": false,
          "isLocked": false,
          "volumes": [
            {
              "readOnly": false,
              "isDriverInstallationRequired": false,
              "hasTimeMachineBackup": false,
              "capacity": "1000167440384",
              "spaceAvailable": "0.28923795964496968",
              "volumeName": "My Passport (E:)",
              "fileSystemType": "",
              "url": "My Passport (E:)",
              "label": "My Passport (E:)",
              "openAction": {
                "label": "Open",
                "_class": "com.wdc.smb.action.OpenLocation",
                "url": "E:\\"
              }
            }
          ],
          "mountPoints": [
            {
              "mountPoint": "E"
            }
          ]
        }
      }
    ]
  }
}
2022-01-15T13:36:27-05:00 ci=3a11f697-7362-4cb1-8ea9-2fa6d628f7b5 info {
  "sourceId": "driveagent.apps.wdc.com",
  "sourceName": "WD Device Agent",
  "priority": 1,
  "notification": {
    "type": "com.wdc.portal.device.put",
    "context": [
      {
        "model": {
          "name": "My Passport",
          "deviceId": "USB_1058_25E1_WX71AA86EY8R",
          "_class": "com.wdc.portal.model.Device",
          "type": "USB_1058_25E1",
          "serial": "WX71AA86EY8R",
          "capacity": "1000170585600",
          "firmware": "1021",
          "hasPassword": false,
          "isLocked": false,
          "volumes": [
            {
              "readOnly": false,
              "isDriverInstallationRequired": false,
              "hasTimeMachineBackup": false,
              "capacity": "1000167440384",
              "spaceAvailable": "0.28910481278713068",
              "volumeName": "My Passport (E:)",
              "fileSystemType": "",
              "url": "My Passport (E:)",
              "label": "My Passport (E:)",
              "openAction": {
                "label": "Open",
                "_class": "com.wdc.smb.action.OpenLocation",
                "url": "E:\\"
              }
            }
          ],
          "mountPoints": [
            {
              "mountPoint": "E"
            }
          ]
        }
      }
    ]
  }
}
2022-01-15T13:36:32-05:00 ci=3a11f697-7362-4cb1-8ea9-2fa6d628f7b5 info {
  "sourceId": "driveagent.apps.wdc.com",
  "sourceName": "WD Device Agent",
  "priority": 1,
  "notification": {
    "type": "com.wdc.portal.device.put",
    "context": [
      {
        "model": {
          "name": "My Passport",
          "deviceId": "USB_1058_25E1_WX71AA86EY8R",
          "_class": "com.wdc.portal.model.Device",
          "type": "USB_1058_25E1",
          "serial": "WX71AA86EY8R",
          "capacity": "1000170585600",
          "firmware": "1021",
          "hasPassword": false,
          "isLocked": false,
          "volumes": [
            {
              "readOnly": false,
              "isDriverInstallationRequired": false,
              "hasTimeMachineBackup": false,
              "capacity": "1000167440384",
              "spaceAvailable": "0.28934804169278933",
              "volumeName": "My Passport (E:)",
              "fileSystemType": "",
              "url": "My Passport (E:)",
              "label": "My Passport (E:)",
              "openAction": {
                "label": "Open",
                "_class": "com.wdc.smb.action.OpenLocation",
                "url": "E:\\"
              }
            }
          ],
          "mountPoints": [
            {
              "mountPoint": "E"
            }
          ]
        }
      }
    ]
  }
}
2022-01-15T13:36:37-05:00 ci=3a11f697-7362-4cb1-8ea9-2fa6d628f7b5 info {
  "sourceId": "driveagent.apps.wdc.com",
  "sourceName": "WD Device Agent",
  "priority": 1,
  "notification": {
    "type": "com.wdc.portal.device.put",
    "context": [
      {
        "model": {
          "name": "My Passport",
          "deviceId": "USB_1058_25E1_WX71AA86EY8R",
          "_class": "com.wdc.portal.model.Device",
          "type": "USB_1058_25E1",
          "serial": "WX71AA86EY8R",
          "capacity": "1000170585600",
          "firmware": "1021",
          "hasPassword": false,
          "isLocked": false,
          "volumes": [
            {
              "readOnly": false,
              "isDriverInstallationRequired": false,
              "hasTimeMachineBackup": false,
              "capacity": "1000167440384",
              "spaceAvailable": "0.28920126562902981",
              "volumeName": "My Passport (E:)",
              "fileSystemType": "",
              "url": "My Passport (E:)",
              "label": "My Passport (E:)",
              "openAction": {
                "label": "Open",
                "_class": "com.wdc.smb.action.OpenLocation",
                "url": "E:\\"
              }
            }
          ],
          "mountPoints": [
            {
              "mountPoint": "E"
            }
          ]
        }
      }
    ]
  }
}
2022-01-15T13:36:42-05:00 ci=3a11f697-7362-4cb1-8ea9-2fa6d628f7b5 info {
  "sourceId": "driveagent.apps.wdc.com",
  "sourceName": "WD Device Agent",
  "priority": 1,
  "notification": {
    "type": "com.wdc.portal.device.put",
    "context": [
      {
        "model": {
          "name": "My Passport",
          "deviceId": "USB_1058_25E1_WX71AA86EY8R",
          "_class": "com.wdc.portal.model.Device",
          "type": "USB_1058_25E1",
          "serial": "WX71AA86EY8R",
          "capacity": "1000170585600",
          "firmware": "1021",
          "hasPassword": false,
          "isLocked": false,
          "volumes": [
            {
              "readOnly": false,
              "isDriverInstallationRequired": false,
              "hasTimeMachineBackup": false,
              "capacity": "1000167440384",
              "spaceAvailable": "0.28904400556071602",
              "volumeName": "My Passport (E:)",
              "fileSystemType": "",
              "url": "My Passport (E:)",
              "label": "My Passport (E:)",
              "openAction": {
                "label": "Open",
                "_class": "com.wdc.smb.action.OpenLocation",
                "url": "E:\\"
              }
            }
          ],
          "mountPoints": [
            {
              "mountPoint": "E"
            }
          ]
        }
      }
    ]
  }
}
2022-01-15T13:36:47-05:00 ci=3a11f697-7362-4cb1-8ea9-2fa6d628f7b5 info {
  "sourceId": "driveagent.apps.wdc.com",
  "sourceName": "WD Device Agent",
  "priority": 1,
  "notification": {
    "type": "com.wdc.portal.device.put",
    "context": [
      {
        "model": {
          "name": "My Passport",
          "deviceId": "USB_1058_25E1_WX71AA86EY8R",
          "_class": "com.wdc.portal.model.Device",
          "type": "USB_1058_25E1",
          "serial": "WX71AA86EY8R",
          "capacity": "1000170585600",
          "firmware": "1021",
          "hasPassword": false,
          "isLocked": false,
          "volumes": [
            {
              "readOnly": false,
              "isDriverInstallationRequired": false,
              "hasTimeMachineBackup": false,
              "capacity": "1000167440384",
              "spaceAvailable": "0.28909852238439815",
              "volumeName": "My Passport (E:)",
              "fileSystemType": "",
              "url": "My Passport (E:)",
              "label": "My Passport (E:)",
              "openAction": {
                "label": "Open",
                "_class": "com.wdc.smb.action.OpenLocation",
                "url": "E:\\"
              }
            }
          ],
          "mountPoints": [
            {
              "mountPoint": "E"
            }
          ]
        }
      }
    ]
  }
}
2022-01-15T13:36:52-05:00 ci=3a11f697-7362-4cb1-8ea9-2fa6d628f7b5 info {
  "sourceId": "driveagent.apps.wdc.com",
  "sourceName": "WD Device Agent",
  "priority": 1,
  "notification": {
    "type": "com.wdc.portal.device.put",
    "context": [
      {
        "model": {
          "name": "My Passport",
          "deviceId": "USB_1058_25E1_WX71AA86EY8R",
          "_class": "com.wdc.portal.model.Device",
          "type": "USB_1058_25E1",
          "serial": "WX71AA86EY8R",
          "capacity": "1000170585600",
          "firmware": "1021",
          "hasPassword": false,
          "isLocked": false,
          "volumes": [
            {
              "readOnly": false,
              "isDriverInstallationRequired": false,
              "hasTimeMachineBackup": false,
              "capacity": "1000167440384",
              "spaceAvailable": "0.28897061752883624",
              "volumeName": "My Passport (E:)",
              "fileSystemType": "",
              "url": "My Passport (E:)",
              "label": "My Passport (E:)",
              "openAction": {
                "label": "Open",
                "_class": "com.wdc.smb.action.OpenLocation",
                "url": "E:\\"
              }
            }
          ],
          "mountPoints": [
            {
              "mountPoint": "E"
            }
          ]
        }
      }
    ]
  }
}
