2022-01-27T10:04:20-05:00 ci=3a11f697-7362-4cb1-8ea9-2fa6d628f7b5 info {
  "sourceId": "driveagent.apps.wdc.com",
  "sourceName": "WD Device Agent",
  "priority": 1,
  "notification": {
    "type": "com.wdc.portal.device.put",
    "context": [
      {
        "model": {
          "name": "My Passport",
          "deviceId": "USB_1058_25E1_WX71AA86EY8R",
          "_class": "com.wdc.portal.model.Device",
          "type": "USB_1058_25E1",
          "serial": "WX71AA86EY8R",
          "capacity": "1000170585600",
          "firmware": "1021",
          "hasPassword": false,
          "isLocked": false,
          "volumes": [
            {
              "readOnly": false,
              "isDriverInstallationRequired": false,
              "hasTimeMachineBackup": false,
              "capacity": "1000167440384",
              "spaceAvailable": "0.381890349893168",
              "volumeName": "My Passport (E:)",
              "fileSystemType": "",
              "url": "My Passport (E:)",
              "label": "My Passport (E:)",
              "openAction": {
                "label": "Open",
                "_class": "com.wdc.smb.action.OpenLocation",
                "url": "E:\\"
              }
            }
          ],
          "mountPoints": [
            {
              "mountPoint": "E"
            }
          ]
        }
      }
    ]
  }
}
2022-01-27T10:07:50-05:00 ci=3a11f697-7362-4cb1-8ea9-2fa6d628f7b5 info {
  "sourceId": "driveagent.apps.wdc.com",
  "sourceName": "WD Device Agent",
  "priority": 1,
  "notification": {
    "type": "com.wdc.portal.device.put",
    "context": [
      {
        "model": {
          "name": "My Passport",
          "deviceId": "USB_1058_25E1_WX71AA86EY8R",
          "_class": "com.wdc.portal.model.Device",
          "type": "USB_1058_25E1",
          "serial": "WX71AA86EY8R",
          "capacity": "1000170585600",
          "firmware": "1021",
          "hasPassword": false,
          "isLocked": false,
          "volumes": [
            {
              "readOnly": false,
              "isDriverInstallationRequired": false,
              "hasTimeMachineBackup": false,
              "capacity": "1000167440384",
              "spaceAvailable": "0.38566354313224316",
              "volumeName": "My Passport (E:)",
              "fileSystemType": "",
              "url": "My Passport (E:)",
              "label": "My Passport (E:)",
              "openAction": {
                "label": "Open",
                "_class": "com.wdc.smb.action.OpenLocation",
                "url": "E:\\"
              }
            }
          ],
          "mountPoints": [
            {
              "mountPoint": "E"
            }
          ]
        }
      }
    ]
  }
}
2022-01-27T10:07:55-05:00 ci=3a11f697-7362-4cb1-8ea9-2fa6d628f7b5 info {
  "sourceId": "driveagent.apps.wdc.com",
  "sourceName": "WD Device Agent",
  "priority": 1,
  "notification": {
    "type": "com.wdc.portal.device.put",
    "context": [
      {
        "model": {
          "name": "My Passport",
          "deviceId": "USB_1058_25E1_WX71AA86EY8R",
          "_class": "com.wdc.portal.model.Device",
          "type": "USB_1058_25E1",
          "serial": "WX71AA86EY8R",
          "capacity": "1000170585600",
          "firmware": "1021",
          "hasPassword": false,
          "isLocked": false,
          "volumes": [
            {
              "readOnly": false,
              "isDriverInstallationRequired": false,
              "hasTimeMachineBackup": false,
              "capacity": "1000167440384",
              "spaceAvailable": "0.38486151678384289",
              "volumeName": "My Passport (E:)",
              "fileSystemType": "",
              "url": "My Passport (E:)",
              "label": "My Passport (E:)",
              "openAction": {
                "label": "Open",
                "_class": "com.wdc.smb.action.OpenLocation",
                "url": "E:\\"
              }
            }
          ],
          "mountPoints": [
            {
              "mountPoint": "E"
            }
          ]
        }
      }
    ]
  }
}
2022-01-27T10:08:30-05:00 ci=3a11f697-7362-4cb1-8ea9-2fa6d628f7b5 info {
  "sourceId": "driveagent.apps.wdc.com",
  "sourceName": "WD Device Agent",
  "priority": 1,
  "notification": {
    "type": "com.wdc.portal.device.put",
    "context": [
      {
        "model": {
          "name": "My Passport",
          "deviceId": "USB_1058_25E1_WX71AA86EY8R",
          "_class": "com.wdc.portal.model.Device",
          "type": "USB_1058_25E1",
          "serial": "WX71AA86EY8R",
          "capacity": "1000170585600",
          "firmware": "1021",
          "hasPassword": false,
          "isLocked": false,
          "volumes": [
            {
              "readOnly": false,
              "isDriverInstallationRequired": false,
              "hasTimeMachineBackup": false,
              "capacity": "1000167440384",
              "spaceAvailable": "0.38566459153269855",
              "volumeName": "My Passport (E:)",
              "fileSystemType": "",
              "url": "My Passport (E:)",
              "label": "My Passport (E:)",
              "openAction": {
                "label": "Open",
                "_class": "com.wdc.smb.action.OpenLocation",
                "url": "E:\\"
              }
            }
          ],
          "mountPoints": [
            {
              "mountPoint": "E"
            }
          ]
        }
      }
    ]
  }
}
2022-01-27T10:08:35-05:00 ci=3a11f697-7362-4cb1-8ea9-2fa6d628f7b5 info {
  "sourceId": "driveagent.apps.wdc.com",
  "sourceName": "WD Device Agent",
  "priority": 1,
  "notification": {
    "type": "com.wdc.portal.device.put",
    "context": [
      {
        "model": {
          "name": "My Passport",
          "deviceId": "USB_1058_25E1_WX71AA86EY8R",
          "_class": "com.wdc.portal.model.Device",
          "type": "USB_1058_25E1",
          "serial": "WX71AA86EY8R",
          "capacity": "1000170585600",
          "firmware": "1021",
          "hasPassword": false,
          "isLocked": false,
          "volumes": [
            {
              "readOnly": false,
              "isDriverInstallationRequired": false,
              "hasTimeMachineBackup": false,
              "capacity": "1000167440384",
              "spaceAvailable": "0.37364153510988285",
              "volumeName": "My Passport (E:)",
              "fileSystemType": "",
              "url": "My Passport (E:)",
              "label": "My Passport (E:)",
              "openAction": {
                "label": "Open",
                "_class": "com.wdc.smb.action.OpenLocation",
                "url": "E:\\"
              }
            }
          ],
          "mountPoints": [
            {
              "mountPoint": "E"
            }
          ]
        }
      }
    ]
  }
}
2022-01-27T10:13:55-05:00 ci=3a11f697-7362-4cb1-8ea9-2fa6d628f7b5 info {
  "sourceId": "driveagent.apps.wdc.com",
  "sourceName": "WD Device Agent",
  "priority": 1,
  "notification": {
    "type": "com.wdc.portal.device.put",
    "context": [
      {
        "model": {
          "name": "My Passport",
          "deviceId": "USB_1058_25E1_WX71AA86EY8R",
          "_class": "com.wdc.portal.model.Device",
          "type": "USB_1058_25E1",
          "serial": "WX71AA86EY8R",
          "capacity": "1000170585600",
          "firmware": "1021",
          "hasPassword": false,
          "isLocked": false,
          "volumes": [
            {
              "readOnly": false,
              "isDriverInstallationRequired": false,
              "hasTimeMachineBackup": false,
              "capacity": "1000167440384",
              "spaceAvailable": "0.37364468031124914",
              "volumeName": "My Passport (E:)",
              "fileSystemType": "",
              "url": "My Passport (E:)",
              "label": "My Passport (E:)",
              "openAction": {
                "label": "Open",
                "_class": "com.wdc.smb.action.OpenLocation",
                "url": "E:\\"
              }
            }
          ],
          "mountPoints": [
            {
              "mountPoint": "E"
            }
          ]
        }
      }
    ]
  }
}
2022-01-27T10:22:05-05:00 ci=3a11f697-7362-4cb1-8ea9-2fa6d628f7b5 info {
  "sourceId": "driveagent.apps.wdc.com",
  "sourceName": "WD Device Agent",
  "priority": 1,
  "notification": {
    "type": "com.wdc.portal.device.put",
    "context": [
      {
        "model": {
          "name": "My Passport",
          "deviceId": "USB_1058_25E1_WX71AA86EY8R",
          "_class": "com.wdc.portal.model.Device",
          "type": "USB_1058_25E1",
          "serial": "WX71AA86EY8R",
          "capacity": "1000170585600",
          "firmware": "1021",
          "hasPassword": false,
          "isLocked": false,
          "volumes": [
            {
              "readOnly": false,
              "isDriverInstallationRequired": false,
              "hasTimeMachineBackup": false,
              "capacity": "1000167440384",
              "spaceAvailable": "0.38585644881604136",
              "volumeName": "My Passport (E:)",
              "fileSystemType": "",
              "url": "My Passport (E:)",
              "label": "My Passport (E:)",
              "openAction": {
                "label": "Open",
                "_class": "com.wdc.smb.action.OpenLocation",
                "url": "E:\\"
              }
            }
          ],
          "mountPoints": [
            {
              "mountPoint": "E"
            }
          ]
        }
      }
    ]
  }
}
2022-01-27T10:22:10-05:00 ci=3a11f697-7362-4cb1-8ea9-2fa6d628f7b5 info {
  "sourceId": "driveagent.apps.wdc.com",
  "sourceName": "WD Device Agent",
  "priority": 1,
  "notification": {
    "type": "com.wdc.portal.device.put",
    "context": [
      {
        "model": {
          "name": "My Passport",
          "deviceId": "USB_1058_25E1_WX71AA86EY8R",
          "_class": "com.wdc.portal.model.Device",
          "type": "USB_1058_25E1",
          "serial": "WX71AA86EY8R",
          "capacity": "1000170585600",
          "firmware": "1021",
          "hasPassword": false,
          "isLocked": false,
          "volumes": [
            {
              "readOnly": false,
              "isDriverInstallationRequired": false,
              "hasTimeMachineBackup": false,
              "capacity": "1000167440384",
              "spaceAvailable": "0.38588894923015954",
              "volumeName": "My Passport (E:)",
              "fileSystemType": "",
              "url": "My Passport (E:)",
              "label": "My Passport (E:)",
              "openAction": {
                "label": "Open",
                "_class": "com.wdc.smb.action.OpenLocation",
                "url": "E:\\"
              }
            }
          ],
          "mountPoints": [
            {
              "mountPoint": "E"
            }
          ]
        }
      }
    ]
  }
}
2022-01-27T10:22:20-05:00 ci=3a11f697-7362-4cb1-8ea9-2fa6d628f7b5 info {
  "sourceId": "driveagent.apps.wdc.com",
  "sourceName": "WD Device Agent",
  "priority": 1,
  "notification": {
    "type": "com.wdc.portal.device.put",
    "context": [
      {
        "model": {
          "name": "My Passport",
          "deviceId": "USB_1058_25E1_WX71AA86EY8R",
          "_class": "com.wdc.portal.model.Device",
          "type": "USB_1058_25E1",
          "serial": "WX71AA86EY8R",
          "capacity": "1000170585600",
          "firmware": "1021",
          "hasPassword": false,
          "isLocked": false,
          "volumes": [
            {
              "readOnly": false,
              "isDriverInstallationRequired": false,
              "hasTimeMachineBackup": false,
              "capacity": "1000167440384",
              "spaceAvailable": "0.38596653086386101",
              "volumeName": "My Passport (E:)",
              "fileSystemType": "",
              "url": "My Passport (E:)",
              "label": "My Passport (E:)",
              "openAction": {
                "label": "Open",
                "_class": "com.wdc.smb.action.OpenLocation",
                "url": "E:\\"
              }
            }
          ],
          "mountPoints": [
            {
              "mountPoint": "E"
            }
          ]
        }
      }
    ]
  }
}
2022-01-27T10:22:30-05:00 ci=3a11f697-7362-4cb1-8ea9-2fa6d628f7b5 info {
  "sourceId": "driveagent.apps.wdc.com",
  "sourceName": "WD Device Agent",
  "priority": 1,
  "notification": {
    "type": "com.wdc.portal.device.put",
    "context": [
      {
        "model": {
          "name": "My Passport",
          "deviceId": "USB_1058_25E1_WX71AA86EY8R",
          "_class": "com.wdc.portal.model.Device",
          "type": "USB_1058_25E1",
          "serial": "WX71AA86EY8R",
          "capacity": "1000170585600",
          "firmware": "1021",
          "hasPassword": false,
          "isLocked": false,
          "volumes": [
            {
              "readOnly": false,
              "isDriverInstallationRequired": false,
              "hasTimeMachineBackup": false,
              "capacity": "1000167440384",
              "spaceAvailable": "0.38583023880465572",
              "volumeName": "My Passport (E:)",
              "fileSystemType": "",
              "url": "My Passport (E:)",
              "label": "My Passport (E:)",
              "openAction": {
                "label": "Open",
                "_class": "com.wdc.smb.action.OpenLocation",
                "url": "E:\\"
              }
            }
          ],
          "mountPoints": [
            {
              "mountPoint": "E"
            }
          ]
        }
      }
    ]
  }
}
2022-01-27T10:22:40-05:00 ci=3a11f697-7362-4cb1-8ea9-2fa6d628f7b5 info {
  "sourceId": "driveagent.apps.wdc.com",
  "sourceName": "WD Device Agent",
  "priority": 1,
  "notification": {
    "type": "com.wdc.portal.device.put",
    "context": [
      {
        "model": {
          "name": "My Passport",
          "deviceId": "USB_1058_25E1_WX71AA86EY8R",
          "_class": "com.wdc.portal.model.Device",
          "type": "USB_1058_25E1",
          "serial": "WX71AA86EY8R",
          "capacity": "1000170585600",
          "firmware": "1021",
          "hasPassword": false,
          "isLocked": false,
          "volumes": [
            {
              "readOnly": false,
              "isDriverInstallationRequired": false,
              "hasTimeMachineBackup": false,
              "capacity": "1000167440384",
              "spaceAvailable": "0.38605145130075047",
              "volumeName": "My Passport (E:)",
              "fileSystemType": "",
              "url": "My Passport (E:)",
              "label": "My Passport (E:)",
              "openAction": {
                "label": "Open",
                "_class": "com.wdc.smb.action.OpenLocation",
                "url": "E:\\"
              }
            }
          ],
          "mountPoints": [
            {
              "mountPoint": "E"
            }
          ]
        }
      }
    ]
  }
}
2022-01-27T10:22:45-05:00 ci=3a11f697-7362-4cb1-8ea9-2fa6d628f7b5 info {
  "sourceId": "driveagent.apps.wdc.com",
  "sourceName": "WD Device Agent",
  "priority": 1,
  "notification": {
    "type": "com.wdc.portal.device.put",
    "context": [
      {
        "model": {
          "name": "My Passport",
          "deviceId": "USB_1058_25E1_WX71AA86EY8R",
          "_class": "com.wdc.portal.model.Device",
          "type": "USB_1058_25E1",
          "serial": "WX71AA86EY8R",
          "capacity": "1000170585600",
          "firmware": "1021",
          "hasPassword": false,
          "isLocked": false,
          "volumes": [
            {
              "readOnly": false,
              "isDriverInstallationRequired": false,
              "hasTimeMachineBackup": false,
              "capacity": "1000167440384",
              "spaceAvailable": "0.38605983850439385",
              "volumeName": "My Passport (E:)",
              "fileSystemType": "",
              "url": "My Passport (E:)",
              "label": "My Passport (E:)",
              "openAction": {
                "label": "Open",
                "_class": "com.wdc.smb.action.OpenLocation",
                "url": "E:\\"
              }
            }
          ],
          "mountPoints": [
            {
              "mountPoint": "E"
            }
          ]
        }
      }
    ]
  }
}
2022-01-27T10:35:16-05:00 ci=3a11f697-7362-4cb1-8ea9-2fa6d628f7b5 info {
  "sourceId": "driveagent.apps.wdc.com",
  "sourceName": "WD Device Agent",
  "priority": 1,
  "notification": {
    "type": "com.wdc.portal.device.put",
    "context": [
      {
        "model": {
          "name": "My Passport",
          "deviceId": "USB_1058_25E1_WX71AA86EY8R",
          "_class": "com.wdc.portal.model.Device",
          "type": "USB_1058_25E1",
          "serial": "WX71AA86EY8R",
          "capacity": "1000170585600",
          "firmware": "1021",
          "hasPassword": false,
          "isLocked": false,
          "volumes": [
            {
              "readOnly": false,
              "isDriverInstallationRequired": false,
              "hasTimeMachineBackup": false,
              "capacity": "1000167440384",
              "spaceAvailable": "0.3860608869048493",
              "volumeName": "My Passport (E:)",
              "fileSystemType": "",
              "url": "My Passport (E:)",
              "label": "My Passport (E:)",
              "openAction": {
                "label": "Open",
                "_class": "com.wdc.smb.action.OpenLocation",
                "url": "E:\\"
              }
            }
          ],
          "mountPoints": [
            {
              "mountPoint": "E"
            }
          ]
        }
      }
    ]
  }
}
2022-01-27T10:35:26-05:00 ci=3a11f697-7362-4cb1-8ea9-2fa6d628f7b5 info {
  "sourceId": "driveagent.apps.wdc.com",
  "sourceName": "WD Device Agent",
  "priority": 1,
  "notification": {
    "type": "com.wdc.portal.device.put",
    "context": [
      {
        "model": {
          "name": "My Passport",
          "deviceId": "USB_1058_25E1_WX71AA86EY8R",
          "_class": "com.wdc.portal.model.Device",
          "type": "USB_1058_25E1",
          "serial": "WX71AA86EY8R",
          "capacity": "1000170585600",
          "firmware": "1021",
          "hasPassword": false,
          "isLocked": false,
          "volumes": [
            {
              "readOnly": false,
              "isDriverInstallationRequired": false,
              "hasTimeMachineBackup": false,
              "capacity": "1000167440384",
              "spaceAvailable": "0.386057741703483",
              "volumeName": "My Passport (E:)",
              "fileSystemType": "",
              "url": "My Passport (E:)",
              "label": "My Passport (E:)",
              "openAction": {
                "label": "Open",
                "_class": "com.wdc.smb.action.OpenLocation",
                "url": "E:\\"
              }
            }
          ],
          "mountPoints": [
            {
              "mountPoint": "E"
            }
          ]
        }
      }
    ]
  }
}
2022-01-27T10:35:31-05:00 ci=3a11f697-7362-4cb1-8ea9-2fa6d628f7b5 info {
  "sourceId": "driveagent.apps.wdc.com",
  "sourceName": "WD Device Agent",
  "priority": 1,
  "notification": {
    "type": "com.wdc.portal.device.put",
    "context": [
      {
        "model": {
          "name": "My Passport",
          "deviceId": "USB_1058_25E1_WX71AA86EY8R",
          "_class": "com.wdc.portal.model.Device",
          "type": "USB_1058_25E1",
          "serial": "WX71AA86EY8R",
          "capacity": "1000170585600",
          "firmware": "1021",
          "hasPassword": false,
          "isLocked": false,
          "volumes": [
            {
              "readOnly": false,
              "isDriverInstallationRequired": false,
              "hasTimeMachineBackup": false,
              "capacity": "1000167440384",
              "spaceAvailable": "0.38605669330302755",
              "volumeName": "My Passport (E:)",
              "fileSystemType": "",
              "url": "My Passport (E:)",
              "label": "My Passport (E:)",
              "openAction": {
                "label": "Open",
                "_class": "com.wdc.smb.action.OpenLocation",
                "url": "E:\\"
              }
            }
          ],
          "mountPoints": [
            {
              "mountPoint": "E"
            }
          ]
        }
      }
    ]
  }
}
