2022-07-24T01:07:33-04:00 ci=3a11f697-7362-4cb1-8ea9-2fa6d628f7b5 info SMB: not running
2022-07-24T01:07:33-04:00 ci=3a11f697-7362-4cb1-8ea9-2fa6d628f7b5 info SMB: http server started over named pipe
2022-07-24T01:07:33-04:00 ci=3a11f697-7362-4cb1-8ea9-2fa6d628f7b5 info MESSAGE_HANDLER: started
2022-07-24T01:07:33-04:00 ci=3a11f697-7362-4cb1-8ea9-2fa6d628f7b5 info ACTION_HANDLER: started
2022-07-24T01:07:37-04:00 ci=3a11f697-7362-4cb1-8ea9-2fa6d628f7b5 error KAMINO: "Skip duplicate request GET /kdd/v1/user/status"
2022-07-24T01:07:38-04:00 ci=3a11f697-7362-4cb1-8ea9-2fa6d628f7b5 error KAMINO: {"stack":"Error: connect ECONNREFUSED 127.0.0.1:50648\n    at TCPConnectWrap.afterConnect [as oncomplete] (net.js:1113:14)","message":"connect ECONNREFUSED 127.0.0.1:50648","errno":"ECONNREFUSED","code":"ECONNREFUSED","syscall":"connect","address":"127.0.0.1","port":50648}
2022-07-24T01:07:38-04:00 ci=3a11f697-7362-4cb1-8ea9-2fa6d628f7b5 info Device refresh processed
2022-07-24T01:07:38-04:00 ci=3a11f697-7362-4cb1-8ea9-2fa6d628f7b5 info App deleted {"id":"com.wdc.branded.paragon","context":{"model":{"_class":"com.wdc.portal.model.App","appId":"com.wdc.branded.paragon","version":"x.x.x.x"}}}
2022-07-24T01:07:38-04:00 ci=3a11f697-7362-4cb1-8ea9-2fa6d628f7b5 info App deleted {"id":"com.wdc.branded.driveutility","context":{"model":{"_class":"com.wdc.portal.model.App","appId":"com.wdc.branded.driveutility","version":"x.x.x.x"}}}
2022-07-24T01:07:38-04:00 ci=3a11f697-7362-4cb1-8ea9-2fa6d628f7b5 info App deleted {"id":"com.wdc.branded.security","context":{"model":{"_class":"com.wdc.portal.model.App","appId":"com.wdc.branded.security","version":"x.x.x.x"}}}
2022-07-24T01:07:38-04:00 ci=3a11f697-7362-4cb1-8ea9-2fa6d628f7b5 info App added {"id":"com.wdc.branded.backup","context":{"model":{"_class":"com.wdc.portal.model.App","appId":"com.wdc.branded.backup","name":"WD Backup","openAction":{"_class":"com.wdc.smb.action.Command","command":"\"C:\\Program Files (x86)\\Western Digital\\WD App Manager\\WDAppManager.exe\"","argument":"-launchbackupdefault"},"version":"1.9.7435.38388","icon":"file:///C:/Users/Jeffr/AppData/Roaming/WD%20Discovery/plugins/com.wdc.plugin.catalog/current/assets/apps/wd_backup.png"}},"sourceId":"driveagent.apps.wdc.com","_id":{"id":6}}
2022-07-24T01:07:39-04:00 ci=3a11f697-7362-4cb1-8ea9-2fa6d628f7b5 error WD_SERVICE: REQUEST ERROR: {"stack":"Error: connect ECONNREFUSED 127.0.0.1:50001\n    at TCPConnectWrap.afterConnect [as oncomplete] (net.js:1113:14)","message":"connect ECONNREFUSED 127.0.0.1:50001","errno":"ECONNREFUSED","code":"ECONNREFUSED","syscall":"connect","address":"127.0.0.1","port":50001}
2022-07-24T01:07:41-04:00 ci=3a11f697-7362-4cb1-8ea9-2fa6d628f7b5 error 2100 in com.wdc.plugin.catalog: {"message":"connect ECONNREFUSED 127.0.0.1:50001","additionalData":{"version":"1.0.231"}}
2022-07-24T01:07:43-04:00 ci=3a11f697-7362-4cb1-8ea9-2fa6d628f7b5 error CONFIG_SERVICE: {"stack":"Error: getaddrinfo ENOTFOUND config.mycloud.com config.mycloud.com:443\n    at GetAddrInfoReqWrap.onlookup [as oncomplete] (dns.js:57:26)","message":"getaddrinfo ENOTFOUND config.mycloud.com config.mycloud.com:443","errno":"ENOTFOUND","code":"ENOTFOUND","syscall":"getaddrinfo","hostname":"config.mycloud.com","host":"config.mycloud.com","port":443,"CorrelationId":"427cd4f0-6e46-4f3e-a232-25dd8ec432a6","isConnectionError":true,"RequestInfo":{"url":"https://config.mycloud.com/config/v1/config","method":"GET"}}
2022-07-24T01:07:43-04:00 ci=3a11f697-7362-4cb1-8ea9-2fa6d628f7b5 info CLOUD: not started
2022-07-24T01:07:58-04:00 ci=3a11f697-7362-4cb1-8ea9-2fa6d628f7b5 error CONFIG_SERVICE: {"stack":"Error: getaddrinfo ENOTFOUND config.mycloud.com config.mycloud.com:443\n    at GetAddrInfoReqWrap.onlookup [as oncomplete] (dns.js:57:26)","message":"getaddrinfo ENOTFOUND config.mycloud.com config.mycloud.com:443","errno":"ENOTFOUND","code":"ENOTFOUND","syscall":"getaddrinfo","hostname":"config.mycloud.com","host":"config.mycloud.com","port":443,"CorrelationId":"f4d5be06-5fe7-47fe-964e-98f811a02cf6","isConnectionError":true,"RequestInfo":{"url":"https://config.mycloud.com/config/v1/config","method":"GET"}}
2022-07-24T01:07:58-04:00 ci=3a11f697-7362-4cb1-8ea9-2fa6d628f7b5 info CLOUD: not started
2022-07-24T01:08:13-04:00 ci=3a11f697-7362-4cb1-8ea9-2fa6d628f7b5 error CONFIG_SERVICE: {"stack":"Error: getaddrinfo ENOTFOUND config.mycloud.com config.mycloud.com:443\n    at GetAddrInfoReqWrap.onlookup [as oncomplete] (dns.js:57:26)","message":"getaddrinfo ENOTFOUND config.mycloud.com config.mycloud.com:443","errno":"ENOTFOUND","code":"ENOTFOUND","syscall":"getaddrinfo","hostname":"config.mycloud.com","host":"config.mycloud.com","port":443,"CorrelationId":"e4809684-b75f-4f26-b89b-ab5b54aaaafe","isConnectionError":true,"RequestInfo":{"url":"https://config.mycloud.com/config/v1/config","method":"GET"}}
2022-07-24T01:08:13-04:00 ci=3a11f697-7362-4cb1-8ea9-2fa6d628f7b5 info CLOUD: not started
2022-07-24T01:08:28-04:00 ci=3a11f697-7362-4cb1-8ea9-2fa6d628f7b5 error CONFIG_SERVICE: {"stack":"Error: getaddrinfo ENOTFOUND config.mycloud.com config.mycloud.com:443\n    at GetAddrInfoReqWrap.onlookup [as oncomplete] (dns.js:57:26)","message":"getaddrinfo ENOTFOUND config.mycloud.com config.mycloud.com:443","errno":"ENOTFOUND","code":"ENOTFOUND","syscall":"getaddrinfo","hostname":"config.mycloud.com","host":"config.mycloud.com","port":443,"CorrelationId":"08ea9f70-a61c-483d-96f2-4d6033474f4c","isConnectionError":true,"RequestInfo":{"url":"https://config.mycloud.com/config/v1/config","method":"GET"}}
2022-07-24T01:08:28-04:00 ci=3a11f697-7362-4cb1-8ea9-2fa6d628f7b5 info CLOUD: not started
2022-07-24T01:08:33-04:00 ci=3a11f697-7362-4cb1-8ea9-2fa6d628f7b5 info CLOUD: not started
2022-07-24T01:08:38-04:00 ci=3a11f697-7362-4cb1-8ea9-2fa6d628f7b5 info CLOUD: not started
2022-07-24T01:08:43-04:00 ci=3a11f697-7362-4cb1-8ea9-2fa6d628f7b5 info CLOUD: not started
2022-07-24T01:08:48-04:00 ci=3a11f697-7362-4cb1-8ea9-2fa6d628f7b5 info CLOUD: not started
2022-07-24T01:08:53-04:00 ci=3a11f697-7362-4cb1-8ea9-2fa6d628f7b5 info CLOUD: not started
2022-07-24T01:08:58-04:00 ci=3a11f697-7362-4cb1-8ea9-2fa6d628f7b5 info CLOUD: not started
2022-07-24T01:09:03-04:00 ci=3a11f697-7362-4cb1-8ea9-2fa6d628f7b5 info CLOUD: not started
2022-07-24T01:09:08-04:00 ci=3a11f697-7362-4cb1-8ea9-2fa6d628f7b5 info CLOUD: not started
2022-07-24T01:09:13-04:00 ci=3a11f697-7362-4cb1-8ea9-2fa6d628f7b5 info CLOUD: not started
2022-07-24T01:09:18-04:00 ci=3a11f697-7362-4cb1-8ea9-2fa6d628f7b5 info CLOUD: not started
2022-07-24T01:09:23-04:00 ci=3a11f697-7362-4cb1-8ea9-2fa6d628f7b5 info CLOUD: not started
2022-07-24T01:09:28-04:00 ci=3a11f697-7362-4cb1-8ea9-2fa6d628f7b5 info CLOUD: not started
2022-07-24T01:09:34-04:00 ci=3a11f697-7362-4cb1-8ea9-2fa6d628f7b5 info CLOUD: not started
2022-07-24T01:09:39-04:00 ci=3a11f697-7362-4cb1-8ea9-2fa6d628f7b5 info CLOUD: not started
2022-07-24T01:09:44-04:00 ci=3a11f697-7362-4cb1-8ea9-2fa6d628f7b5 info CLOUD: not started
2022-07-24T01:09:49-04:00 ci=3a11f697-7362-4cb1-8ea9-2fa6d628f7b5 info CLOUD: not started
2022-07-24T01:09:54-04:00 ci=3a11f697-7362-4cb1-8ea9-2fa6d628f7b5 info CLOUD: not started
2022-07-24T01:09:59-04:00 ci=3a11f697-7362-4cb1-8ea9-2fa6d628f7b5 info CLOUD: not started
2022-07-24T01:10:04-04:00 ci=3a11f697-7362-4cb1-8ea9-2fa6d628f7b5 info CLOUD: not started
2022-07-24T01:10:09-04:00 ci=3a11f697-7362-4cb1-8ea9-2fa6d628f7b5 info CLOUD: not started
2022-07-24T01:10:14-04:00 ci=3a11f697-7362-4cb1-8ea9-2fa6d628f7b5 info CLOUD: not started
2022-07-24T01:10:19-04:00 ci=3a11f697-7362-4cb1-8ea9-2fa6d628f7b5 info CLOUD: not started
2022-07-24T01:10:24-04:00 ci=3a11f697-7362-4cb1-8ea9-2fa6d628f7b5 info CLOUD: not started
2022-07-24T01:10:29-04:00 ci=3a11f697-7362-4cb1-8ea9-2fa6d628f7b5 info CLOUD: not started
2022-07-24T01:10:34-04:00 ci=3a11f697-7362-4cb1-8ea9-2fa6d628f7b5 info CLOUD: not started
2022-07-24T01:10:39-04:00 ci=3a11f697-7362-4cb1-8ea9-2fa6d628f7b5 info CLOUD: not started
2022-07-24T01:10:44-04:00 ci=3a11f697-7362-4cb1-8ea9-2fa6d628f7b5 info CLOUD: not started
2022-07-24T01:10:49-04:00 ci=3a11f697-7362-4cb1-8ea9-2fa6d628f7b5 info CLOUD: not started
2022-07-24T01:10:54-04:00 ci=3a11f697-7362-4cb1-8ea9-2fa6d628f7b5 info CLOUD: not started
2022-07-24T01:10:59-04:00 ci=3a11f697-7362-4cb1-8ea9-2fa6d628f7b5 info CLOUD: not started
2022-07-24T01:11:04-04:00 ci=3a11f697-7362-4cb1-8ea9-2fa6d628f7b5 info CLOUD: not started
2022-07-24T01:11:09-04:00 ci=3a11f697-7362-4cb1-8ea9-2fa6d628f7b5 info CLOUD: not started
2022-07-24T01:11:14-04:00 ci=3a11f697-7362-4cb1-8ea9-2fa6d628f7b5 info CLOUD: not started
2022-07-24T01:11:19-04:00 ci=3a11f697-7362-4cb1-8ea9-2fa6d628f7b5 info CLOUD: not started
2022-07-24T01:11:24-04:00 ci=3a11f697-7362-4cb1-8ea9-2fa6d628f7b5 info CLOUD: not started
2022-07-24T01:11:29-04:00 ci=3a11f697-7362-4cb1-8ea9-2fa6d628f7b5 info CLOUD: not started
2022-07-24T01:11:34-04:00 ci=3a11f697-7362-4cb1-8ea9-2fa6d628f7b5 info CLOUD: not started
2022-07-24T01:11:39-04:00 ci=3a11f697-7362-4cb1-8ea9-2fa6d628f7b5 info CLOUD: not started
2022-07-24T01:11:44-04:00 ci=3a11f697-7362-4cb1-8ea9-2fa6d628f7b5 info CLOUD: not started
2022-07-24T01:11:49-04:00 ci=3a11f697-7362-4cb1-8ea9-2fa6d628f7b5 info CLOUD: not started
2022-07-24T01:11:54-04:00 ci=3a11f697-7362-4cb1-8ea9-2fa6d628f7b5 info CLOUD: not started
2022-07-24T01:11:59-04:00 ci=3a11f697-7362-4cb1-8ea9-2fa6d628f7b5 info CLOUD: not started
2022-07-24T01:12:04-04:00 ci=3a11f697-7362-4cb1-8ea9-2fa6d628f7b5 info CLOUD: not started
2022-07-24T01:12:09-04:00 ci=3a11f697-7362-4cb1-8ea9-2fa6d628f7b5 info CLOUD: not started
2022-07-24T01:12:14-04:00 ci=3a11f697-7362-4cb1-8ea9-2fa6d628f7b5 info CLOUD: not started
2022-07-24T01:12:19-04:00 ci=3a11f697-7362-4cb1-8ea9-2fa6d628f7b5 info CLOUD: not started
2022-07-24T01:12:24-04:00 ci=3a11f697-7362-4cb1-8ea9-2fa6d628f7b5 info CLOUD: not started
2022-07-24T01:12:29-04:00 ci=3a11f697-7362-4cb1-8ea9-2fa6d628f7b5 info CLOUD: not started
2022-07-24T01:12:34-04:00 ci=3a11f697-7362-4cb1-8ea9-2fa6d628f7b5 info CLOUD: not started
2022-07-24T01:12:39-04:00 ci=3a11f697-7362-4cb1-8ea9-2fa6d628f7b5 info CLOUD: not started
2022-07-24T01:12:44-04:00 ci=3a11f697-7362-4cb1-8ea9-2fa6d628f7b5 info CLOUD: not started
2022-07-24T01:12:49-04:00 ci=3a11f697-7362-4cb1-8ea9-2fa6d628f7b5 info CLOUD: not started
2022-07-24T01:12:54-04:00 ci=3a11f697-7362-4cb1-8ea9-2fa6d628f7b5 info CLOUD: not started
2022-07-24T01:12:59-04:00 ci=3a11f697-7362-4cb1-8ea9-2fa6d628f7b5 info CLOUD: not started
2022-07-24T01:13:04-04:00 ci=3a11f697-7362-4cb1-8ea9-2fa6d628f7b5 info CLOUD: not started
2022-07-24T01:13:09-04:00 ci=3a11f697-7362-4cb1-8ea9-2fa6d628f7b5 info CLOUD: not started
2022-07-24T01:13:14-04:00 ci=3a11f697-7362-4cb1-8ea9-2fa6d628f7b5 info CLOUD: not started
2022-07-24T01:13:19-04:00 ci=3a11f697-7362-4cb1-8ea9-2fa6d628f7b5 info CLOUD: not started
2022-07-24T01:13:24-04:00 ci=3a11f697-7362-4cb1-8ea9-2fa6d628f7b5 info CLOUD: not started
2022-07-24T01:13:29-04:00 ci=3a11f697-7362-4cb1-8ea9-2fa6d628f7b5 info CLOUD: not started
2022-07-24T01:13:34-04:00 ci=3a11f697-7362-4cb1-8ea9-2fa6d628f7b5 info CLOUD: not started
2022-07-24T01:13:39-04:00 ci=3a11f697-7362-4cb1-8ea9-2fa6d628f7b5 info CLOUD: not started
2022-07-24T01:13:44-04:00 ci=3a11f697-7362-4cb1-8ea9-2fa6d628f7b5 info CLOUD: not started
2022-07-24T01:13:49-04:00 ci=3a11f697-7362-4cb1-8ea9-2fa6d628f7b5 info CLOUD: not started
2022-07-24T01:13:54-04:00 ci=3a11f697-7362-4cb1-8ea9-2fa6d628f7b5 info CLOUD: not started
2022-07-24T01:14:00-04:00 ci=3a11f697-7362-4cb1-8ea9-2fa6d628f7b5 info CLOUD: started
2022-07-24T01:14:04-04:00 ci=3a11f697-7362-4cb1-8ea9-2fa6d628f7b5 info App added {"id":"com.wdc.branded.kamino","context":{"model":{"_class":"com.wdc.portal.model.App","appId":"com.wdc.branded.kamino","name":"My Cloud Desktop","statusMessage":"Version: 2.1.0.313","icon":"file:///C:/Program%20Files/WD%20Desktop%20App/app.svg","iconHover":"file:///C:/Program%20Files/WD%20Desktop%20App/app_active.svg","version":"2.1.0.313","openAction":{"_class":"com.wdc.smb.action.Deeplink","label":"Open","url":"wddiscovery://kamino/login"}}},"sourceId":"com.wdc.branded.kamino","_id":{"id":2}}
