2022-12-31T01:11:09-05:00 ci=3a11f697-7362-4cb1-8ea9-2fa6d628f7b5 info SMB: not running
2022-12-31T01:11:09-05:00 ci=3a11f697-7362-4cb1-8ea9-2fa6d628f7b5 info SMB: http server started over named pipe
2022-12-31T01:11:09-05:00 ci=3a11f697-7362-4cb1-8ea9-2fa6d628f7b5 info MESSAGE_HANDLER: started
2022-12-31T01:11:09-05:00 ci=3a11f697-7362-4cb1-8ea9-2fa6d628f7b5 info ACTION_HANDLER: started
2022-12-31T01:11:14-05:00 ci=3a11f697-7362-4cb1-8ea9-2fa6d628f7b5 info Device refresh processed
2022-12-31T01:11:14-05:00 ci=3a11f697-7362-4cb1-8ea9-2fa6d628f7b5 info App deleted {"id":"com.wdc.branded.paragon","context":{"model":{"_class":"com.wdc.portal.model.App","appId":"com.wdc.branded.paragon","version":"x.x.x.x"}}}
2022-12-31T01:11:14-05:00 ci=3a11f697-7362-4cb1-8ea9-2fa6d628f7b5 info App deleted {"id":"com.wdc.branded.driveutility","context":{"model":{"_class":"com.wdc.portal.model.App","appId":"com.wdc.branded.driveutility","version":"x.x.x.x"}}}
2022-12-31T01:11:14-05:00 ci=3a11f697-7362-4cb1-8ea9-2fa6d628f7b5 info App deleted {"id":"com.wdc.branded.security","context":{"model":{"_class":"com.wdc.portal.model.App","appId":"com.wdc.branded.security","version":"x.x.x.x"}}}
2022-12-31T01:11:15-05:00 ci=3a11f697-7362-4cb1-8ea9-2fa6d628f7b5 info App added {"id":"com.wdc.branded.backup","context":{"model":{"_class":"com.wdc.portal.model.App","appId":"com.wdc.branded.backup","name":"WD Backup","openAction":{"_class":"com.wdc.smb.action.Command","command":"\"C:\\Program Files (x86)\\Western Digital\\WD App Manager\\WDAppManager.exe\"","argument":"-launchbackupdefault"},"version":"1.9.7435.38388","icon":"file:///C:/Users/Jeffr/AppData/Roaming/WD%20Discovery/plugins/com.wdc.plugin.catalog/current/assets/apps/wd_backup.png"}},"sourceId":"driveagent.apps.wdc.com","_id":{"id":6}}
2022-12-31T01:11:15-05:00 ci=3a11f697-7362-4cb1-8ea9-2fa6d628f7b5 error KAMINO: {"stack":"Error: connect ECONNREFUSED 127.0.0.1:57285\n    at TCPConnectWrap.afterConnect [as oncomplete] (net.js:1113:14)","message":"connect ECONNREFUSED 127.0.0.1:57285","errno":"ECONNREFUSED","code":"ECONNREFUSED","syscall":"connect","address":"127.0.0.1","port":57285}
2022-12-31T01:11:16-05:00 ci=3a11f697-7362-4cb1-8ea9-2fa6d628f7b5 error WD_SERVICE: REQUEST ERROR: {"stack":"Error: connect ECONNREFUSED 127.0.0.1:50001\n    at TCPConnectWrap.afterConnect [as oncomplete] (net.js:1113:14)","message":"connect ECONNREFUSED 127.0.0.1:50001","errno":"ECONNREFUSED","code":"ECONNREFUSED","syscall":"connect","address":"127.0.0.1","port":50001}
2022-12-31T01:11:19-05:00 ci=3a11f697-7362-4cb1-8ea9-2fa6d628f7b5 error 2100 in com.wdc.plugin.catalog: {"message":"connect ECONNREFUSED 127.0.0.1:50001","additionalData":{"version":"1.0.231"}}
2022-12-31T01:11:20-05:00 ci=3a11f697-7362-4cb1-8ea9-2fa6d628f7b5 error CONFIG_SERVICE: {"stack":"Error: getaddrinfo ENOTFOUND config.mycloud.com config.mycloud.com:443\n    at GetAddrInfoReqWrap.onlookup [as oncomplete] (dns.js:57:26)","message":"getaddrinfo ENOTFOUND config.mycloud.com config.mycloud.com:443","errno":"ENOTFOUND","code":"ENOTFOUND","syscall":"getaddrinfo","hostname":"config.mycloud.com","host":"config.mycloud.com","port":443,"CorrelationId":"8ad3024c-732d-443c-afe6-2105001b0bf3","isConnectionError":true,"RequestInfo":{"url":"https://config.mycloud.com/config/v1/config","method":"GET"}}
2022-12-31T01:11:20-05:00 ci=3a11f697-7362-4cb1-8ea9-2fa6d628f7b5 info CLOUD: not started
2022-12-31T01:11:25-05:00 ci=3a11f697-7362-4cb1-8ea9-2fa6d628f7b5 info CLOUD: not started
2022-12-31T01:11:30-05:00 ci=3a11f697-7362-4cb1-8ea9-2fa6d628f7b5 info CLOUD: not started
2022-12-31T01:11:35-05:00 ci=3a11f697-7362-4cb1-8ea9-2fa6d628f7b5 info CLOUD: not started
2022-12-31T01:11:40-05:00 ci=3a11f697-7362-4cb1-8ea9-2fa6d628f7b5 info CLOUD: not started
2022-12-31T01:11:45-05:00 ci=3a11f697-7362-4cb1-8ea9-2fa6d628f7b5 info CLOUD: not started
2022-12-31T01:11:50-05:00 ci=3a11f697-7362-4cb1-8ea9-2fa6d628f7b5 info CLOUD: not started
2022-12-31T01:11:55-05:00 ci=3a11f697-7362-4cb1-8ea9-2fa6d628f7b5 info CLOUD: not started
2022-12-31T01:12:00-05:00 ci=3a11f697-7362-4cb1-8ea9-2fa6d628f7b5 info CLOUD: not started
2022-12-31T01:12:05-05:00 ci=3a11f697-7362-4cb1-8ea9-2fa6d628f7b5 info CLOUD: not started
2022-12-31T01:12:10-05:00 ci=3a11f697-7362-4cb1-8ea9-2fa6d628f7b5 info CLOUD: not started
2022-12-31T01:12:15-05:00 ci=3a11f697-7362-4cb1-8ea9-2fa6d628f7b5 info CLOUD: not started
2022-12-31T01:12:20-05:00 ci=3a11f697-7362-4cb1-8ea9-2fa6d628f7b5 info CLOUD: not started
2022-12-31T01:12:25-05:00 ci=3a11f697-7362-4cb1-8ea9-2fa6d628f7b5 error KDD-LIFECYCLE-MANAGER:  Can't start lifecycleManager. Attempt 15
2022-12-31T01:12:25-05:00 ci=3a11f697-7362-4cb1-8ea9-2fa6d628f7b5 info CLOUD: not started
2022-12-31T01:12:30-05:00 ci=3a11f697-7362-4cb1-8ea9-2fa6d628f7b5 info CLOUD: not started
2022-12-31T01:12:35-05:00 ci=3a11f697-7362-4cb1-8ea9-2fa6d628f7b5 info CLOUD: not started
2022-12-31T01:12:40-05:00 ci=3a11f697-7362-4cb1-8ea9-2fa6d628f7b5 info CLOUD: not started
2022-12-31T01:12:45-05:00 ci=3a11f697-7362-4cb1-8ea9-2fa6d628f7b5 info CLOUD: not started
2022-12-31T01:12:50-05:00 ci=3a11f697-7362-4cb1-8ea9-2fa6d628f7b5 info CLOUD: not started
2022-12-31T01:12:55-05:00 ci=3a11f697-7362-4cb1-8ea9-2fa6d628f7b5 info CLOUD: not started
2022-12-31T01:13:00-05:00 ci=3a11f697-7362-4cb1-8ea9-2fa6d628f7b5 info CLOUD: not started
2022-12-31T01:13:05-05:00 ci=3a11f697-7362-4cb1-8ea9-2fa6d628f7b5 info CLOUD: not started
2022-12-31T01:13:11-05:00 ci=3a11f697-7362-4cb1-8ea9-2fa6d628f7b5 info CLOUD: not started
2022-12-31T01:13:16-05:00 ci=3a11f697-7362-4cb1-8ea9-2fa6d628f7b5 info CLOUD: not started
2022-12-31T01:13:21-05:00 ci=3a11f697-7362-4cb1-8ea9-2fa6d628f7b5 info CLOUD: not started
2022-12-31T01:13:26-05:00 ci=3a11f697-7362-4cb1-8ea9-2fa6d628f7b5 info CLOUD: not started
2022-12-31T01:13:31-05:00 ci=3a11f697-7362-4cb1-8ea9-2fa6d628f7b5 info CLOUD: not started
2022-12-31T01:13:36-05:00 ci=3a11f697-7362-4cb1-8ea9-2fa6d628f7b5 info CLOUD: not started
2022-12-31T01:13:41-05:00 ci=3a11f697-7362-4cb1-8ea9-2fa6d628f7b5 info CLOUD: not started
2022-12-31T01:13:46-05:00 ci=3a11f697-7362-4cb1-8ea9-2fa6d628f7b5 info CLOUD: not started
2022-12-31T01:13:51-05:00 ci=3a11f697-7362-4cb1-8ea9-2fa6d628f7b5 info CLOUD: not started
2022-12-31T01:13:56-05:00 ci=3a11f697-7362-4cb1-8ea9-2fa6d628f7b5 info CLOUD: not started
2022-12-31T01:14:01-05:00 ci=3a11f697-7362-4cb1-8ea9-2fa6d628f7b5 info CLOUD: not started
2022-12-31T01:14:06-05:00 ci=3a11f697-7362-4cb1-8ea9-2fa6d628f7b5 info CLOUD: not started
2022-12-31T01:14:11-05:00 ci=3a11f697-7362-4cb1-8ea9-2fa6d628f7b5 info CLOUD: not started
2022-12-31T01:14:16-05:00 ci=3a11f697-7362-4cb1-8ea9-2fa6d628f7b5 info CLOUD: not started
2022-12-31T01:14:21-05:00 ci=3a11f697-7362-4cb1-8ea9-2fa6d628f7b5 info CLOUD: not started
2022-12-31T01:14:26-05:00 ci=3a11f697-7362-4cb1-8ea9-2fa6d628f7b5 info CLOUD: not started
2022-12-31T01:14:31-05:00 ci=3a11f697-7362-4cb1-8ea9-2fa6d628f7b5 info CLOUD: not started
2022-12-31T01:14:36-05:00 ci=3a11f697-7362-4cb1-8ea9-2fa6d628f7b5 info CLOUD: not started
2022-12-31T01:14:41-05:00 ci=3a11f697-7362-4cb1-8ea9-2fa6d628f7b5 info CLOUD: not started
2022-12-31T01:14:46-05:00 ci=3a11f697-7362-4cb1-8ea9-2fa6d628f7b5 info CLOUD: not started
2022-12-31T01:14:51-05:00 ci=3a11f697-7362-4cb1-8ea9-2fa6d628f7b5 info CLOUD: not started
2022-12-31T01:14:56-05:00 ci=3a11f697-7362-4cb1-8ea9-2fa6d628f7b5 info CLOUD: not started
2022-12-31T01:15:01-05:00 ci=3a11f697-7362-4cb1-8ea9-2fa6d628f7b5 info CLOUD: not started
2022-12-31T01:15:06-05:00 ci=3a11f697-7362-4cb1-8ea9-2fa6d628f7b5 info CLOUD: not started
2022-12-31T01:15:11-05:00 ci=3a11f697-7362-4cb1-8ea9-2fa6d628f7b5 info CLOUD: not started
2022-12-31T01:15:16-05:00 ci=3a11f697-7362-4cb1-8ea9-2fa6d628f7b5 info CLOUD: not started
2022-12-31T01:15:21-05:00 ci=3a11f697-7362-4cb1-8ea9-2fa6d628f7b5 info CLOUD: not started
2022-12-31T01:15:27-05:00 ci=3a11f697-7362-4cb1-8ea9-2fa6d628f7b5 info CLOUD: started
2022-12-31T01:15:32-05:00 ci=3a11f697-7362-4cb1-8ea9-2fa6d628f7b5 info App added {"id":"com.wdc.branded.kamino","context":{"model":{"_class":"com.wdc.portal.model.App","appId":"com.wdc.branded.kamino","name":"My Cloud Desktop","statusMessage":"Version: 2.1.0.313","icon":"file:///C:/Program%20Files/WD%20Desktop%20App/app.svg","iconHover":"file:///C:/Program%20Files/WD%20Desktop%20App/app_active.svg","version":"2.1.0.313","openAction":{"_class":"com.wdc.smb.action.Deeplink","label":"Open","url":"wddiscovery://kamino/login"}}},"sourceId":"com.wdc.branded.kamino","_id":{"id":2}}
