2024-11-22T14:05:40-05:00 ci=3a11f697-7362-4cb1-8ea9-2fa6d628f7b5 info SMB: not running
2024-11-22T14:05:40-05:00 ci=3a11f697-7362-4cb1-8ea9-2fa6d628f7b5 info SMB: http server started over named pipe
2024-11-22T14:05:40-05:00 ci=3a11f697-7362-4cb1-8ea9-2fa6d628f7b5 info MESSAGE_HANDLER: started
2024-11-22T14:05:40-05:00 ci=3a11f697-7362-4cb1-8ea9-2fa6d628f7b5 info ACTION_HANDLER: started
2024-11-22T14:05:41-05:00 ci=3a11f697-7362-4cb1-8ea9-2fa6d628f7b5 info CLOUD: started
2024-11-22T14:05:42-05:00 ci=3a11f697-7362-4cb1-8ea9-2fa6d628f7b5 error KAMINO: "Skip duplicate request GET /kdd/v1/user/status"
2024-11-22T14:05:43-05:00 ci=3a11f697-7362-4cb1-8ea9-2fa6d628f7b5 info Device refresh processed
2024-11-22T14:05:43-05:00 ci=3a11f697-7362-4cb1-8ea9-2fa6d628f7b5 error KAMINO: {"statusCode":404,"body":{"key":"notFound","message":"Not Found"},"url":"http://127.0.0.1:49731/kdd/v1/user/status"}
2024-11-22T14:05:43-05:00 ci=3a11f697-7362-4cb1-8ea9-2fa6d628f7b5 info App added {"id":"com.wdc.branded.kamino","context":{"model":{"_class":"com.wdc.portal.model.App","appId":"com.wdc.branded.kamino","name":"My Cloud Desktop","statusMessage":"Version: 2.1.0.313","icon":"file:///C:/Program%20Files/WD%20Desktop%20App/app.svg","iconHover":"file:///C:/Program%20Files/WD%20Desktop%20App/app_active.svg","version":"2.1.0.313","openAction":{"_class":"com.wdc.smb.action.Deeplink","label":"Open","url":"wddiscovery://kamino/login"}}},"sourceId":"com.wdc.branded.kamino","_id":{"id":2}}
2024-11-22T14:05:43-05:00 ci=3a11f697-7362-4cb1-8ea9-2fa6d628f7b5 info App deleted {"id":"com.wdc.branded.paragon","context":{"model":{"_class":"com.wdc.portal.model.App","appId":"com.wdc.branded.paragon","version":"x.x.x.x"}}}
2024-11-22T14:05:43-05:00 ci=3a11f697-7362-4cb1-8ea9-2fa6d628f7b5 info App deleted {"id":"com.wdc.branded.driveutility","context":{"model":{"_class":"com.wdc.portal.model.App","appId":"com.wdc.branded.driveutility","version":"x.x.x.x"}}}
2024-11-22T14:05:43-05:00 ci=3a11f697-7362-4cb1-8ea9-2fa6d628f7b5 info App deleted {"id":"com.wdc.branded.security","context":{"model":{"_class":"com.wdc.portal.model.App","appId":"com.wdc.branded.security","version":"x.x.x.x"}}}
2024-11-22T14:05:43-05:00 ci=3a11f697-7362-4cb1-8ea9-2fa6d628f7b5 info App added {"id":"com.wdc.branded.backup","context":{"model":{"_class":"com.wdc.portal.model.App","appId":"com.wdc.branded.backup","name":"WD Backup","openAction":{"_class":"com.wdc.smb.action.Command","command":"\"C:\\Program Files (x86)\\Western Digital\\WD App Manager\\WDAppManager.exe\"","argument":"-launchbackupdefault"},"version":"1.9.7435.38388","icon":"file:///C:/Users/Jeffr/AppData/Roaming/WD%20Discovery/plugins/com.wdc.plugin.catalog/current/assets/apps/wd_backup.png"}},"sourceId":"driveagent.apps.wdc.com","_id":{"id":7}}
2024-11-22T14:05:45-05:00 ci=3a11f697-7362-4cb1-8ea9-2fa6d628f7b5 info SMB: not running
2024-11-22T14:05:45-05:00 ci=3a11f697-7362-4cb1-8ea9-2fa6d628f7b5 info SMB: http server started over named pipe
2024-11-22T14:05:45-05:00 ci=3a11f697-7362-4cb1-8ea9-2fa6d628f7b5 info MESSAGE_HANDLER: started
2024-11-22T14:05:45-05:00 ci=3a11f697-7362-4cb1-8ea9-2fa6d628f7b5 info ACTION_HANDLER: started
2024-11-22T14:05:46-05:00 ci=3a11f697-7362-4cb1-8ea9-2fa6d628f7b5 error KAMINO: "Skip duplicate request GET /kdd/v1/user/status"
2024-11-22T14:05:46-05:00 ci=3a11f697-7362-4cb1-8ea9-2fa6d628f7b5 info CLOUD: started
2024-11-22T14:05:47-05:00 ci=3a11f697-7362-4cb1-8ea9-2fa6d628f7b5 info Device refresh processed
2024-11-22T14:05:47-05:00 ci=3a11f697-7362-4cb1-8ea9-2fa6d628f7b5 info App added {"id":"com.wdc.branded.kamino","context":{"model":{"_class":"com.wdc.portal.model.App","appId":"com.wdc.branded.kamino","name":"My Cloud Desktop","statusMessage":"Version: 2.1.0.313","icon":"file:///C:/Program%20Files/WD%20Desktop%20App/app.svg","iconHover":"file:///C:/Program%20Files/WD%20Desktop%20App/app_active.svg","version":"2.1.0.313","openAction":{"_class":"com.wdc.smb.action.Deeplink","label":"Open","url":"wddiscovery://kamino/login"}}},"sourceId":"com.wdc.branded.kamino","_id":{"id":2}}
2024-11-22T14:05:47-05:00 ci=3a11f697-7362-4cb1-8ea9-2fa6d628f7b5 info App deleted {"id":"com.wdc.branded.paragon","context":{"model":{"_class":"com.wdc.portal.model.App","appId":"com.wdc.branded.paragon","version":"x.x.x.x"}}}
2024-11-22T14:05:47-05:00 ci=3a11f697-7362-4cb1-8ea9-2fa6d628f7b5 info App deleted {"id":"com.wdc.branded.driveutility","context":{"model":{"_class":"com.wdc.portal.model.App","appId":"com.wdc.branded.driveutility","version":"x.x.x.x"}}}
2024-11-22T14:05:47-05:00 ci=3a11f697-7362-4cb1-8ea9-2fa6d628f7b5 info App deleted {"id":"com.wdc.branded.security","context":{"model":{"_class":"com.wdc.portal.model.App","appId":"com.wdc.branded.security","version":"x.x.x.x"}}}
2024-11-22T14:05:47-05:00 ci=3a11f697-7362-4cb1-8ea9-2fa6d628f7b5 info Device refresh processed
2024-11-22T14:05:47-05:00 ci=3a11f697-7362-4cb1-8ea9-2fa6d628f7b5 info App added {"id":"com.wdc.branded.backup","context":{"model":{"_class":"com.wdc.portal.model.App","appId":"com.wdc.branded.backup","name":"WD Backup","openAction":{"_class":"com.wdc.smb.action.Command","command":"\"C:\\Program Files (x86)\\Western Digital\\WD App Manager\\WDAppManager.exe\"","argument":"-launchbackupdefault"},"version":"1.9.7435.38388","icon":"file:///C:/Users/Jeffr/AppData/Roaming/WD%20Discovery/plugins/com.wdc.plugin.catalog/current/assets/apps/wd_backup.png"}},"sourceId":"driveagent.apps.wdc.com","_id":{"id":7}}
2024-11-22T14:05:47-05:00 ci=3a11f697-7362-4cb1-8ea9-2fa6d628f7b5 error APP_CATALOG_SERVICE: Not valid delete request to App Catalog {"appId":"com.wdc.branded.paragon","version":"x.x.x.x","discoveryVersion":"4.3.327","osFamily":"WINDOWS_x64"}
2024-11-22T14:05:47-05:00 ci=3a11f697-7362-4cb1-8ea9-2fa6d628f7b5 error APP_CATALOG_SERVICE: Not valid delete request to App Catalog {"appId":"com.wdc.branded.driveutility","version":"x.x.x.x","discoveryVersion":"4.3.327","osFamily":"WINDOWS_x64"}
2024-11-22T14:05:47-05:00 ci=3a11f697-7362-4cb1-8ea9-2fa6d628f7b5 error APP_CATALOG_SERVICE: Not valid delete request to App Catalog {"appId":"com.wdc.branded.security","version":"x.x.x.x","discoveryVersion":"4.3.327","osFamily":"WINDOWS_x64"}
2024-11-22T14:05:47-05:00 ci=3a11f697-7362-4cb1-8ea9-2fa6d628f7b5 error KAMINO: {"statusCode":404,"body":{"key":"notFound","message":"Not Found"},"url":"http://127.0.0.1:49760/kdd/v1/user/status"}
2024-11-22T14:05:47-05:00 ci=3a11f697-7362-4cb1-8ea9-2fa6d628f7b5 info App deleted {"id":"com.wdc.branded.paragon","context":{"model":{"_class":"com.wdc.portal.model.App","appId":"com.wdc.branded.paragon","version":"x.x.x.x"}}}
2024-11-22T14:05:47-05:00 ci=3a11f697-7362-4cb1-8ea9-2fa6d628f7b5 info App deleted {"id":"com.wdc.branded.driveutility","context":{"model":{"_class":"com.wdc.portal.model.App","appId":"com.wdc.branded.driveutility","version":"x.x.x.x"}}}
2024-11-22T14:05:47-05:00 ci=3a11f697-7362-4cb1-8ea9-2fa6d628f7b5 info App deleted {"id":"com.wdc.branded.security","context":{"model":{"_class":"com.wdc.portal.model.App","appId":"com.wdc.branded.security","version":"x.x.x.x"}}}
2024-11-22T14:05:47-05:00 ci=3a11f697-7362-4cb1-8ea9-2fa6d628f7b5 info App added {"id":"com.wdc.branded.backup","context":{"model":{"_class":"com.wdc.portal.model.App","appId":"com.wdc.branded.backup","name":"WD Backup","openAction":{"_class":"com.wdc.smb.action.Command","command":"\"C:\\Program Files (x86)\\Western Digital\\WD App Manager\\WDAppManager.exe\"","argument":"-launchbackupdefault"},"version":"1.9.7435.38388","icon":"file:///C:/Users/Jeffr/AppData/Roaming/WD%20Discovery/plugins/com.wdc.plugin.catalog/current/assets/apps/wd_backup.png"}},"sourceId":"driveagent.apps.wdc.com","_id":{"id":7}}
2024-11-22T14:09:00-05:00 ci=3a11f697-7362-4cb1-8ea9-2fa6d628f7b5 info Cluefile C:\Users\Jeffr\.wdc\8372.pid.json was deleted
