2024-01-24T22:31:06-05:00 ci=3a11f697-7362-4cb1-8ea9-2fa6d628f7b5 error OTA_SERVICE: {"stack":"Error: getaddrinfo ENOTFOUND prod-gateway.wdckeystone.com prod-gateway.wdckeystone.com:443\n    at GetAddrInfoReqWrap.onlookup [as oncomplete] (dns.js:57:26)","message":"getaddrinfo ENOTFOUND prod-gateway.wdckeystone.com prod-gateway.wdckeystone.com:443","errno":"ENOTFOUND","code":"ENOTFOUND","syscall":"getaddrinfo","hostname":"prod-gateway.wdckeystone.com","host":"prod-gateway.wdckeystone.com","port":443,"CorrelationId":"684e3017-3096-4d1f-a10c-9a7d99116b57","isConnectionError":true,"RequestInfo":{"url":"https://prod-gateway.wdckeystone.com/ota/ota/v1/version/deviceId/c1495128-b7d7-4c1d-ab05-61d9583d2a00","method":"POST"}}
2024-01-24T22:31:22-05:00 ci=3a11f697-7362-4cb1-8ea9-2fa6d628f7b5 info CLOUD: not started
2024-01-24T22:31:27-05:00 ci=3a11f697-7362-4cb1-8ea9-2fa6d628f7b5 info CLOUD: not started
2024-01-24T22:31:32-05:00 ci=3a11f697-7362-4cb1-8ea9-2fa6d628f7b5 info CLOUD: not started
2024-01-24T22:31:37-05:00 ci=3a11f697-7362-4cb1-8ea9-2fa6d628f7b5 info CLOUD: not started
2024-01-24T22:31:42-05:00 ci=3a11f697-7362-4cb1-8ea9-2fa6d628f7b5 info CLOUD: not started
2024-01-24T22:31:48-05:00 ci=3a11f697-7362-4cb1-8ea9-2fa6d628f7b5 info CLOUD: not started
2024-01-24T22:31:53-05:00 ci=3a11f697-7362-4cb1-8ea9-2fa6d628f7b5 info CLOUD: not started
2024-01-24T22:31:58-05:00 ci=3a11f697-7362-4cb1-8ea9-2fa6d628f7b5 info CLOUD: not started
2024-01-24T22:32:03-05:00 ci=3a11f697-7362-4cb1-8ea9-2fa6d628f7b5 info CLOUD: not started
2024-01-24T22:32:08-05:00 ci=3a11f697-7362-4cb1-8ea9-2fa6d628f7b5 info CLOUD: not started
2024-01-24T22:32:13-05:00 ci=3a11f697-7362-4cb1-8ea9-2fa6d628f7b5 info CLOUD: not started
2024-01-24T22:32:18-05:00 ci=3a11f697-7362-4cb1-8ea9-2fa6d628f7b5 info CLOUD: not started
2024-01-24T22:32:23-05:00 ci=3a11f697-7362-4cb1-8ea9-2fa6d628f7b5 info CLOUD: not started
2024-01-24T22:32:28-05:00 ci=3a11f697-7362-4cb1-8ea9-2fa6d628f7b5 info CLOUD: not started
2024-01-24T22:32:33-05:00 ci=3a11f697-7362-4cb1-8ea9-2fa6d628f7b5 info CLOUD: not started
2024-01-24T22:32:38-05:00 ci=3a11f697-7362-4cb1-8ea9-2fa6d628f7b5 info CLOUD: not started
2024-01-24T22:32:43-05:00 ci=3a11f697-7362-4cb1-8ea9-2fa6d628f7b5 info CLOUD: not started
2024-01-24T22:32:48-05:00 ci=3a11f697-7362-4cb1-8ea9-2fa6d628f7b5 info CLOUD: not started
2024-01-24T22:32:53-05:00 ci=3a11f697-7362-4cb1-8ea9-2fa6d628f7b5 info CLOUD: not started
2024-01-24T22:32:58-05:00 ci=3a11f697-7362-4cb1-8ea9-2fa6d628f7b5 info CLOUD: not started
2024-01-24T22:33:03-05:00 ci=3a11f697-7362-4cb1-8ea9-2fa6d628f7b5 info CLOUD: not started
2024-01-24T22:33:08-05:00 ci=3a11f697-7362-4cb1-8ea9-2fa6d628f7b5 info CLOUD: not started
2024-01-24T22:33:13-05:00 ci=3a11f697-7362-4cb1-8ea9-2fa6d628f7b5 info CLOUD: not started
2024-01-24T22:33:18-05:00 ci=3a11f697-7362-4cb1-8ea9-2fa6d628f7b5 info CLOUD: not started
2024-01-24T22:33:23-05:00 ci=3a11f697-7362-4cb1-8ea9-2fa6d628f7b5 info CLOUD: not started
2024-01-24T22:33:28-05:00 ci=3a11f697-7362-4cb1-8ea9-2fa6d628f7b5 info CLOUD: not started
2024-01-24T22:33:33-05:00 ci=3a11f697-7362-4cb1-8ea9-2fa6d628f7b5 info CLOUD: not started
2024-01-24T22:33:38-05:00 ci=3a11f697-7362-4cb1-8ea9-2fa6d628f7b5 info CLOUD: not started
2024-01-24T22:33:43-05:00 ci=3a11f697-7362-4cb1-8ea9-2fa6d628f7b5 info CLOUD: not started
2024-01-24T22:33:48-05:00 ci=3a11f697-7362-4cb1-8ea9-2fa6d628f7b5 info CLOUD: not started
2024-01-24T22:33:53-05:00 ci=3a11f697-7362-4cb1-8ea9-2fa6d628f7b5 info CLOUD: not started
2024-01-24T22:33:58-05:00 ci=3a11f697-7362-4cb1-8ea9-2fa6d628f7b5 info CLOUD: not started
2024-01-24T22:34:03-05:00 ci=3a11f697-7362-4cb1-8ea9-2fa6d628f7b5 info CLOUD: not started
2024-01-24T22:34:08-05:00 ci=3a11f697-7362-4cb1-8ea9-2fa6d628f7b5 info CLOUD: not started
2024-01-24T22:34:13-05:00 ci=3a11f697-7362-4cb1-8ea9-2fa6d628f7b5 info CLOUD: not started
2024-01-24T22:34:18-05:00 ci=3a11f697-7362-4cb1-8ea9-2fa6d628f7b5 info CLOUD: not started
2024-01-24T22:34:23-05:00 ci=3a11f697-7362-4cb1-8ea9-2fa6d628f7b5 info CLOUD: not started
2024-01-24T22:34:26-05:00 ci=3a11f697-7362-4cb1-8ea9-2fa6d628f7b5 error Renderer chashed. Killed?  true
2024-01-24T22:36:50-05:00 ci=3a11f697-7362-4cb1-8ea9-2fa6d628f7b5 info SMB: not running
2024-01-24T22:36:50-05:00 ci=3a11f697-7362-4cb1-8ea9-2fa6d628f7b5 info SMB: http server started over named pipe
2024-01-24T22:36:50-05:00 ci=3a11f697-7362-4cb1-8ea9-2fa6d628f7b5 info MESSAGE_HANDLER: started
2024-01-24T22:36:50-05:00 ci=3a11f697-7362-4cb1-8ea9-2fa6d628f7b5 info ACTION_HANDLER: started
2024-01-24T22:36:54-05:00 ci=3a11f697-7362-4cb1-8ea9-2fa6d628f7b5 info Device refresh processed
2024-01-24T22:36:54-05:00 ci=3a11f697-7362-4cb1-8ea9-2fa6d628f7b5 info App deleted {"id":"com.wdc.branded.paragon","context":{"model":{"_class":"com.wdc.portal.model.App","appId":"com.wdc.branded.paragon","version":"x.x.x.x"}}}
2024-01-24T22:36:54-05:00 ci=3a11f697-7362-4cb1-8ea9-2fa6d628f7b5 info App deleted {"id":"com.wdc.branded.driveutility","context":{"model":{"_class":"com.wdc.portal.model.App","appId":"com.wdc.branded.driveutility","version":"x.x.x.x"}}}
2024-01-24T22:36:54-05:00 ci=3a11f697-7362-4cb1-8ea9-2fa6d628f7b5 info App deleted {"id":"com.wdc.branded.security","context":{"model":{"_class":"com.wdc.portal.model.App","appId":"com.wdc.branded.security","version":"x.x.x.x"}}}
2024-01-24T22:36:54-05:00 ci=3a11f697-7362-4cb1-8ea9-2fa6d628f7b5 error KAMINO: {"stack":"Error: connect ECONNREFUSED 127.0.0.1:55480\n    at TCPConnectWrap.afterConnect [as oncomplete] (net.js:1113:14)","message":"connect ECONNREFUSED 127.0.0.1:55480","errno":"ECONNREFUSED","code":"ECONNREFUSED","syscall":"connect","address":"127.0.0.1","port":55480}
2024-01-24T22:36:55-05:00 ci=3a11f697-7362-4cb1-8ea9-2fa6d628f7b5 info App added {"id":"com.wdc.branded.backup","context":{"model":{"_class":"com.wdc.portal.model.App","appId":"com.wdc.branded.backup","name":"WD Backup","openAction":{"_class":"com.wdc.smb.action.Command","command":"\"C:\\Program Files (x86)\\Western Digital\\WD App Manager\\WDAppManager.exe\"","argument":"-launchbackupdefault"},"version":"1.9.7435.38388","icon":"file:///C:/Users/Jeffr/AppData/Roaming/WD%20Discovery/plugins/com.wdc.plugin.catalog/current/assets/apps/wd_backup.png"}},"sourceId":"driveagent.apps.wdc.com","_id":{"id":6}}
2024-01-24T22:36:56-05:00 ci=3a11f697-7362-4cb1-8ea9-2fa6d628f7b5 error WD_SERVICE: REQUEST ERROR: {"stack":"Error: connect ECONNREFUSED 127.0.0.1:50001\n    at TCPConnectWrap.afterConnect [as oncomplete] (net.js:1113:14)","message":"connect ECONNREFUSED 127.0.0.1:50001","errno":"ECONNREFUSED","code":"ECONNREFUSED","syscall":"connect","address":"127.0.0.1","port":50001}
2024-01-24T22:36:59-05:00 ci=3a11f697-7362-4cb1-8ea9-2fa6d628f7b5 error 2100 in com.wdc.plugin.catalog: {"message":"connect ECONNREFUSED 127.0.0.1:50001","additionalData":{"version":"1.0.246"}}
2024-01-24T22:37:01-05:00 ci=3a11f697-7362-4cb1-8ea9-2fa6d628f7b5 error CONFIG_SERVICE: {"stack":"Error: getaddrinfo ENOTFOUND config.mycloud.com config.mycloud.com:443\n    at GetAddrInfoReqWrap.onlookup [as oncomplete] (dns.js:57:26)","message":"getaddrinfo ENOTFOUND config.mycloud.com config.mycloud.com:443","errno":"ENOTFOUND","code":"ENOTFOUND","syscall":"getaddrinfo","hostname":"config.mycloud.com","host":"config.mycloud.com","port":443,"CorrelationId":"caf2915b-85f2-4909-b62b-e9ce9adcf4ab","isConnectionError":true,"RequestInfo":{"url":"https://config.mycloud.com/config/v1/config","method":"GET"}}
2024-01-24T22:37:01-05:00 ci=3a11f697-7362-4cb1-8ea9-2fa6d628f7b5 info CLOUD: not started
2024-01-24T22:37:06-05:00 ci=3a11f697-7362-4cb1-8ea9-2fa6d628f7b5 info CLOUD: not started
2024-01-24T22:37:11-05:00 ci=3a11f697-7362-4cb1-8ea9-2fa6d628f7b5 info CLOUD: not started
2024-01-24T22:37:16-05:00 ci=3a11f697-7362-4cb1-8ea9-2fa6d628f7b5 info CLOUD: not started
2024-01-24T22:37:21-05:00 ci=3a11f697-7362-4cb1-8ea9-2fa6d628f7b5 info CLOUD: not started
2024-01-24T22:37:26-05:00 ci=3a11f697-7362-4cb1-8ea9-2fa6d628f7b5 info CLOUD: not started
2024-01-24T22:37:31-05:00 ci=3a11f697-7362-4cb1-8ea9-2fa6d628f7b5 info CLOUD: not started
2024-01-24T22:37:36-05:00 ci=3a11f697-7362-4cb1-8ea9-2fa6d628f7b5 info CLOUD: not started
2024-01-24T22:37:41-05:00 ci=3a11f697-7362-4cb1-8ea9-2fa6d628f7b5 info CLOUD: not started
2024-01-24T22:37:46-05:00 ci=3a11f697-7362-4cb1-8ea9-2fa6d628f7b5 info CLOUD: not started
2024-01-24T22:37:51-05:00 ci=3a11f697-7362-4cb1-8ea9-2fa6d628f7b5 info CLOUD: not started
2024-01-24T22:37:56-05:00 ci=3a11f697-7362-4cb1-8ea9-2fa6d628f7b5 info CLOUD: not started
2024-01-24T22:38:01-05:00 ci=3a11f697-7362-4cb1-8ea9-2fa6d628f7b5 info CLOUD: not started
2024-01-24T22:38:06-05:00 ci=3a11f697-7362-4cb1-8ea9-2fa6d628f7b5 info CLOUD: not started
2024-01-24T22:38:11-05:00 ci=3a11f697-7362-4cb1-8ea9-2fa6d628f7b5 info CLOUD: not started
2024-01-24T22:38:16-05:00 ci=3a11f697-7362-4cb1-8ea9-2fa6d628f7b5 info CLOUD: not started
2024-01-24T22:38:21-05:00 ci=3a11f697-7362-4cb1-8ea9-2fa6d628f7b5 info CLOUD: not started
2024-01-24T22:38:26-05:00 ci=3a11f697-7362-4cb1-8ea9-2fa6d628f7b5 info CLOUD: not started
2024-01-24T22:38:31-05:00 ci=3a11f697-7362-4cb1-8ea9-2fa6d628f7b5 info CLOUD: not started
2024-01-24T22:38:36-05:00 ci=3a11f697-7362-4cb1-8ea9-2fa6d628f7b5 info CLOUD: not started
2024-01-24T22:38:41-05:00 ci=3a11f697-7362-4cb1-8ea9-2fa6d628f7b5 info CLOUD: not started
2024-01-24T22:38:46-05:00 ci=3a11f697-7362-4cb1-8ea9-2fa6d628f7b5 info CLOUD: not started
2024-01-24T22:38:51-05:00 ci=3a11f697-7362-4cb1-8ea9-2fa6d628f7b5 info CLOUD: not started
2024-01-24T22:38:56-05:00 ci=3a11f697-7362-4cb1-8ea9-2fa6d628f7b5 info CLOUD: not started
2024-01-24T22:39:01-05:00 ci=3a11f697-7362-4cb1-8ea9-2fa6d628f7b5 info CLOUD: not started
2024-01-24T22:39:06-05:00 ci=3a11f697-7362-4cb1-8ea9-2fa6d628f7b5 info CLOUD: not started
2024-01-24T22:39:11-05:00 ci=3a11f697-7362-4cb1-8ea9-2fa6d628f7b5 info CLOUD: not started
2024-01-24T22:39:16-05:00 ci=3a11f697-7362-4cb1-8ea9-2fa6d628f7b5 info CLOUD: not started
2024-01-24T22:39:21-05:00 ci=3a11f697-7362-4cb1-8ea9-2fa6d628f7b5 info CLOUD: not started
2024-01-24T22:39:26-05:00 ci=3a11f697-7362-4cb1-8ea9-2fa6d628f7b5 info CLOUD: not started
2024-01-24T22:39:31-05:00 ci=3a11f697-7362-4cb1-8ea9-2fa6d628f7b5 info CLOUD: not started
2024-01-24T22:39:36-05:00 ci=3a11f697-7362-4cb1-8ea9-2fa6d628f7b5 info CLOUD: not started
2024-01-24T22:39:36-05:00 ci=3a11f697-7362-4cb1-8ea9-2fa6d628f7b5 error Renderer chashed. Killed?  true
2024-01-24T22:41:20-05:00 ci=3a11f697-7362-4cb1-8ea9-2fa6d628f7b5 info SMB: not running
2024-01-24T22:41:20-05:00 ci=3a11f697-7362-4cb1-8ea9-2fa6d628f7b5 info SMB: http server started over named pipe
2024-01-24T22:41:20-05:00 ci=3a11f697-7362-4cb1-8ea9-2fa6d628f7b5 info MESSAGE_HANDLER: started
2024-01-24T22:41:20-05:00 ci=3a11f697-7362-4cb1-8ea9-2fa6d628f7b5 info ACTION_HANDLER: started
2024-01-24T22:41:24-05:00 ci=3a11f697-7362-4cb1-8ea9-2fa6d628f7b5 error KAMINO: {"stack":"Error: connect ECONNREFUSED 127.0.0.1:55480\n    at TCPConnectWrap.afterConnect [as oncomplete] (net.js:1113:14)","message":"connect ECONNREFUSED 127.0.0.1:55480","errno":"ECONNREFUSED","code":"ECONNREFUSED","syscall":"connect","address":"127.0.0.1","port":55480}
2024-01-24T22:41:24-05:00 ci=3a11f697-7362-4cb1-8ea9-2fa6d628f7b5 info Device refresh processed
2024-01-24T22:41:25-05:00 ci=3a11f697-7362-4cb1-8ea9-2fa6d628f7b5 info App deleted {"id":"com.wdc.branded.paragon","context":{"model":{"_class":"com.wdc.portal.model.App","appId":"com.wdc.branded.paragon","version":"x.x.x.x"}}}
2024-01-24T22:41:25-05:00 ci=3a11f697-7362-4cb1-8ea9-2fa6d628f7b5 info App deleted {"id":"com.wdc.branded.driveutility","context":{"model":{"_class":"com.wdc.portal.model.App","appId":"com.wdc.branded.driveutility","version":"x.x.x.x"}}}
2024-01-24T22:41:25-05:00 ci=3a11f697-7362-4cb1-8ea9-2fa6d628f7b5 info App deleted {"id":"com.wdc.branded.security","context":{"model":{"_class":"com.wdc.portal.model.App","appId":"com.wdc.branded.security","version":"x.x.x.x"}}}
2024-01-24T22:41:25-05:00 ci=3a11f697-7362-4cb1-8ea9-2fa6d628f7b5 info App added {"id":"com.wdc.branded.backup","context":{"model":{"_class":"com.wdc.portal.model.App","appId":"com.wdc.branded.backup","name":"WD Backup","openAction":{"_class":"com.wdc.smb.action.Command","command":"\"C:\\Program Files (x86)\\Western Digital\\WD App Manager\\WDAppManager.exe\"","argument":"-launchbackupdefault"},"version":"1.9.7435.38388","icon":"file:///C:/Users/Jeffr/AppData/Roaming/WD%20Discovery/plugins/com.wdc.plugin.catalog/current/assets/apps/wd_backup.png"}},"sourceId":"driveagent.apps.wdc.com","_id":{"id":6}}
2024-01-24T22:41:26-05:00 ci=3a11f697-7362-4cb1-8ea9-2fa6d628f7b5 error WD_SERVICE: REQUEST ERROR: {"stack":"Error: connect ECONNREFUSED 127.0.0.1:50001\n    at TCPConnectWrap.afterConnect [as oncomplete] (net.js:1113:14)","message":"connect ECONNREFUSED 127.0.0.1:50001","errno":"ECONNREFUSED","code":"ECONNREFUSED","syscall":"connect","address":"127.0.0.1","port":50001}
2024-01-24T22:41:28-05:00 ci=3a11f697-7362-4cb1-8ea9-2fa6d628f7b5 error 2100 in com.wdc.plugin.catalog: {"message":"connect ECONNREFUSED 127.0.0.1:50001","additionalData":{"version":"1.0.246"}}
2024-01-24T22:41:30-05:00 ci=3a11f697-7362-4cb1-8ea9-2fa6d628f7b5 error CONFIG_SERVICE: {"stack":"Error: getaddrinfo ENOTFOUND config.mycloud.com config.mycloud.com:443\n    at GetAddrInfoReqWrap.onlookup [as oncomplete] (dns.js:57:26)","message":"getaddrinfo ENOTFOUND config.mycloud.com config.mycloud.com:443","errno":"ENOTFOUND","code":"ENOTFOUND","syscall":"getaddrinfo","hostname":"config.mycloud.com","host":"config.mycloud.com","port":443,"CorrelationId":"8625125d-f69a-4403-8a90-9459848ac20f","isConnectionError":true,"RequestInfo":{"url":"https://config.mycloud.com/config/v1/config","method":"GET"}}
2024-01-24T22:41:30-05:00 ci=3a11f697-7362-4cb1-8ea9-2fa6d628f7b5 info CLOUD: not started
2024-01-24T22:41:45-05:00 ci=3a11f697-7362-4cb1-8ea9-2fa6d628f7b5 error CONFIG_SERVICE: {"stack":"Error: getaddrinfo ENOTFOUND config.mycloud.com config.mycloud.com:443\n    at GetAddrInfoReqWrap.onlookup [as oncomplete] (dns.js:57:26)","message":"getaddrinfo ENOTFOUND config.mycloud.com config.mycloud.com:443","errno":"ENOTFOUND","code":"ENOTFOUND","syscall":"getaddrinfo","hostname":"config.mycloud.com","host":"config.mycloud.com","port":443,"CorrelationId":"22795c3b-d053-468c-856e-1aadc346d7dc","isConnectionError":true,"RequestInfo":{"url":"https://config.mycloud.com/config/v1/config","method":"GET"}}
2024-01-24T22:41:45-05:00 ci=3a11f697-7362-4cb1-8ea9-2fa6d628f7b5 info CLOUD: not started
2024-01-24T22:42:00-05:00 ci=3a11f697-7362-4cb1-8ea9-2fa6d628f7b5 error CONFIG_SERVICE: {"stack":"Error: getaddrinfo ENOTFOUND config.mycloud.com config.mycloud.com:443\n    at GetAddrInfoReqWrap.onlookup [as oncomplete] (dns.js:57:26)","message":"getaddrinfo ENOTFOUND config.mycloud.com config.mycloud.com:443","errno":"ENOTFOUND","code":"ENOTFOUND","syscall":"getaddrinfo","hostname":"config.mycloud.com","host":"config.mycloud.com","port":443,"CorrelationId":"1d72659a-86ac-4a44-9a38-0ca9696da919","isConnectionError":true,"RequestInfo":{"url":"https://config.mycloud.com/config/v1/config","method":"GET"}}
2024-01-24T22:42:00-05:00 ci=3a11f697-7362-4cb1-8ea9-2fa6d628f7b5 info CLOUD: not started
2024-01-24T22:42:15-05:00 ci=3a11f697-7362-4cb1-8ea9-2fa6d628f7b5 error CONFIG_SERVICE: {"stack":"Error: getaddrinfo ENOTFOUND config.mycloud.com config.mycloud.com:443\n    at GetAddrInfoReqWrap.onlookup [as oncomplete] (dns.js:57:26)","message":"getaddrinfo ENOTFOUND config.mycloud.com config.mycloud.com:443","errno":"ENOTFOUND","code":"ENOTFOUND","syscall":"getaddrinfo","hostname":"config.mycloud.com","host":"config.mycloud.com","port":443,"CorrelationId":"f8a4e9a2-e3a9-4c4f-a746-609601d32a54","isConnectionError":true,"RequestInfo":{"url":"https://config.mycloud.com/config/v1/config","method":"GET"}}
2024-01-24T22:42:15-05:00 ci=3a11f697-7362-4cb1-8ea9-2fa6d628f7b5 info CLOUD: not started
2024-01-24T22:42:30-05:00 ci=3a11f697-7362-4cb1-8ea9-2fa6d628f7b5 error CONFIG_SERVICE: {"stack":"Error: getaddrinfo ENOTFOUND config.mycloud.com config.mycloud.com:443\n    at GetAddrInfoReqWrap.onlookup [as oncomplete] (dns.js:57:26)","message":"getaddrinfo ENOTFOUND config.mycloud.com config.mycloud.com:443","errno":"ENOTFOUND","code":"ENOTFOUND","syscall":"getaddrinfo","hostname":"config.mycloud.com","host":"config.mycloud.com","port":443,"CorrelationId":"5d7c98f3-add7-4d7c-b11a-4d5b0a067a54","isConnectionError":true,"RequestInfo":{"url":"https://config.mycloud.com/config/v1/config","method":"GET"}}
2024-01-24T22:42:30-05:00 ci=3a11f697-7362-4cb1-8ea9-2fa6d628f7b5 info CLOUD: not started
2024-01-24T22:42:35-05:00 ci=3a11f697-7362-4cb1-8ea9-2fa6d628f7b5 info CLOUD: not started
2024-01-24T22:42:40-05:00 ci=3a11f697-7362-4cb1-8ea9-2fa6d628f7b5 info CLOUD: not started
2024-01-24T22:42:45-05:00 ci=3a11f697-7362-4cb1-8ea9-2fa6d628f7b5 info CLOUD: not started
2024-01-24T22:42:51-05:00 ci=3a11f697-7362-4cb1-8ea9-2fa6d628f7b5 info CLOUD: not started
2024-01-24T22:42:56-05:00 ci=3a11f697-7362-4cb1-8ea9-2fa6d628f7b5 info CLOUD: not started
2024-01-24T22:43:01-05:00 ci=3a11f697-7362-4cb1-8ea9-2fa6d628f7b5 info CLOUD: not started
2024-01-24T22:43:06-05:00 ci=3a11f697-7362-4cb1-8ea9-2fa6d628f7b5 info CLOUD: not started
2024-01-24T22:43:11-05:00 ci=3a11f697-7362-4cb1-8ea9-2fa6d628f7b5 info CLOUD: not started
2024-01-24T22:43:16-05:00 ci=3a11f697-7362-4cb1-8ea9-2fa6d628f7b5 info CLOUD: not started
2024-01-24T22:43:21-05:00 ci=3a11f697-7362-4cb1-8ea9-2fa6d628f7b5 info CLOUD: not started
2024-01-24T22:43:26-05:00 ci=3a11f697-7362-4cb1-8ea9-2fa6d628f7b5 info CLOUD: not started
2024-01-24T22:43:31-05:00 ci=3a11f697-7362-4cb1-8ea9-2fa6d628f7b5 info CLOUD: not started
2024-01-24T22:43:36-05:00 ci=3a11f697-7362-4cb1-8ea9-2fa6d628f7b5 info CLOUD: not started
2024-01-24T22:43:41-05:00 ci=3a11f697-7362-4cb1-8ea9-2fa6d628f7b5 info CLOUD: not started
2024-01-24T22:43:46-05:00 ci=3a11f697-7362-4cb1-8ea9-2fa6d628f7b5 info CLOUD: not started
2024-01-24T22:43:51-05:00 ci=3a11f697-7362-4cb1-8ea9-2fa6d628f7b5 info CLOUD: not started
2024-01-24T22:43:57-05:00 ci=3a11f697-7362-4cb1-8ea9-2fa6d628f7b5 info CLOUD: started
2024-01-24T22:44:05-05:00 ci=3a11f697-7362-4cb1-8ea9-2fa6d628f7b5 info App added {"id":"com.wdc.branded.kamino","context":{"model":{"_class":"com.wdc.portal.model.App","appId":"com.wdc.branded.kamino","name":"My Cloud Desktop","statusMessage":"Version: 2.1.0.313","icon":"file:///C:/Program%20Files/WD%20Desktop%20App/app.svg","iconHover":"file:///C:/Program%20Files/WD%20Desktop%20App/app_active.svg","version":"2.1.0.313","openAction":{"_class":"com.wdc.smb.action.Deeplink","label":"Open","url":"wddiscovery://kamino/login"}}},"sourceId":"com.wdc.branded.kamino","_id":{"id":2}}
