2025-06-26T10:11:23-04:00 ci=3a11f697-7362-4cb1-8ea9-2fa6d628f7b5 info {
  "sourceName": "WD Device Agent",
  "priority": 1,
  "sourceId": "driveagent.apps.wdc.com",
  "notification": {
    "type": "com.wdc.portal.device.refresh",
    "context": [
      ""
    ]
  }
}
2025-06-26T10:11:23-04:00 ci=3a11f697-7362-4cb1-8ea9-2fa6d628f7b5 info {
  "sourceId": "driveagent.apps.wdc.com",
  "priority": 1,
  "notification": {
    "type": "com.wdc.portal.app.delete",
    "context": [
      {
        "model": {
          "_class": "com.wdc.portal.model.App",
          "appId": "com.wdc.branded.paragon",
          "version": "x.x.x.x"
        }
      },
      {
        "model": {
          "_class": "com.wdc.portal.model.App",
          "appId": "com.wdc.branded.driveutility",
          "version": "x.x.x.x"
        }
      },
      {
        "model": {
          "_class": "com.wdc.portal.model.App",
          "appId": "com.wdc.branded.security",
          "version": "x.x.x.x"
        }
      }
    ]
  }
}
2025-06-26T10:11:23-04:00 ci=3a11f697-7362-4cb1-8ea9-2fa6d628f7b5 info {
  "sourceId": "driveagent.apps.wdc.com",
  "priority": 1,
  "notification": {
    "type": "com.wdc.portal.app.post",
    "context": [
      {
        "model": {
          "_class": "com.wdc.portal.model.App",
          "appId": "com.wdc.branded.backup",
          "name": "WD Backup",
          "openAction": {
            "_class": "com.wdc.smb.action.Command",
            "command": "\"C:\\Program Files (x86)\\Western Digital\\WD App Manager\\WDAppManager.exe\"",
            "argument": "-launchbackupdefault"
          },
          "version": "1.9.7435.38388"
        }
      }
    ]
  }
}
