2025-09-22T11:00:04-04:00 ci=3a11f697-7362-4cb1-8ea9-2fa6d628f7b5 info CLOUD: not started
2025-09-22T11:00:09-04:00 ci=3a11f697-7362-4cb1-8ea9-2fa6d628f7b5 info CLOUD: not started
2025-09-22T11:00:14-04:00 ci=3a11f697-7362-4cb1-8ea9-2fa6d628f7b5 info CLOUD: not started
2025-09-22T11:00:19-04:00 ci=3a11f697-7362-4cb1-8ea9-2fa6d628f7b5 info CLOUD: not started
2025-09-22T11:00:24-04:00 ci=3a11f697-7362-4cb1-8ea9-2fa6d628f7b5 info CLOUD: not started
2025-09-22T11:00:29-04:00 ci=3a11f697-7362-4cb1-8ea9-2fa6d628f7b5 info CLOUD: not started
2025-09-22T11:00:34-04:00 ci=3a11f697-7362-4cb1-8ea9-2fa6d628f7b5 info CLOUD: not started
2025-09-22T11:00:39-04:00 ci=3a11f697-7362-4cb1-8ea9-2fa6d628f7b5 info CLOUD: not started
2025-09-22T11:00:44-04:00 ci=3a11f697-7362-4cb1-8ea9-2fa6d628f7b5 info CLOUD: not started
2025-09-22T11:00:49-04:00 ci=3a11f697-7362-4cb1-8ea9-2fa6d628f7b5 info CLOUD: not started
2025-09-22T11:00:54-04:00 ci=3a11f697-7362-4cb1-8ea9-2fa6d628f7b5 info CLOUD: not started
2025-09-22T11:00:59-04:00 ci=3a11f697-7362-4cb1-8ea9-2fa6d628f7b5 info CLOUD: not started
2025-09-22T11:01:04-04:00 ci=3a11f697-7362-4cb1-8ea9-2fa6d628f7b5 info CLOUD: not started
2025-09-22T11:01:09-04:00 ci=3a11f697-7362-4cb1-8ea9-2fa6d628f7b5 info CLOUD: not started
2025-09-22T11:01:14-04:00 ci=3a11f697-7362-4cb1-8ea9-2fa6d628f7b5 info CLOUD: not started
2025-09-22T11:01:19-04:00 ci=3a11f697-7362-4cb1-8ea9-2fa6d628f7b5 info CLOUD: not started
2025-09-22T11:01:24-04:00 ci=3a11f697-7362-4cb1-8ea9-2fa6d628f7b5 info CLOUD: not started
2025-09-22T11:01:29-04:00 ci=3a11f697-7362-4cb1-8ea9-2fa6d628f7b5 info CLOUD: not started
2025-09-22T11:01:34-04:00 ci=3a11f697-7362-4cb1-8ea9-2fa6d628f7b5 info CLOUD: not started
2025-09-22T11:01:39-04:00 ci=3a11f697-7362-4cb1-8ea9-2fa6d628f7b5 info CLOUD: not started
2025-09-22T11:01:44-04:00 ci=3a11f697-7362-4cb1-8ea9-2fa6d628f7b5 info CLOUD: not started
2025-09-22T11:01:49-04:00 ci=3a11f697-7362-4cb1-8ea9-2fa6d628f7b5 info CLOUD: not started
2025-09-22T11:01:54-04:00 ci=3a11f697-7362-4cb1-8ea9-2fa6d628f7b5 info CLOUD: not started
2025-09-22T11:01:59-04:00 ci=3a11f697-7362-4cb1-8ea9-2fa6d628f7b5 info CLOUD: not started
2025-09-22T11:02:04-04:00 ci=3a11f697-7362-4cb1-8ea9-2fa6d628f7b5 info CLOUD: not started
2025-09-22T11:02:09-04:00 ci=3a11f697-7362-4cb1-8ea9-2fa6d628f7b5 info CLOUD: not started
2025-09-22T11:02:14-04:00 ci=3a11f697-7362-4cb1-8ea9-2fa6d628f7b5 info CLOUD: not started
2025-09-22T11:02:19-04:00 ci=3a11f697-7362-4cb1-8ea9-2fa6d628f7b5 info CLOUD: not started
2025-09-22T11:02:24-04:00 ci=3a11f697-7362-4cb1-8ea9-2fa6d628f7b5 info CLOUD: not started
2025-09-22T11:02:29-04:00 ci=3a11f697-7362-4cb1-8ea9-2fa6d628f7b5 info CLOUD: not started
2025-09-22T11:02:34-04:00 ci=3a11f697-7362-4cb1-8ea9-2fa6d628f7b5 info CLOUD: not started
2025-09-22T11:02:39-04:00 ci=3a11f697-7362-4cb1-8ea9-2fa6d628f7b5 info CLOUD: not started
2025-09-22T11:02:44-04:00 ci=3a11f697-7362-4cb1-8ea9-2fa6d628f7b5 info CLOUD: not started
2025-09-22T11:02:49-04:00 ci=3a11f697-7362-4cb1-8ea9-2fa6d628f7b5 info CLOUD: not started
2025-09-22T11:02:54-04:00 ci=3a11f697-7362-4cb1-8ea9-2fa6d628f7b5 info CLOUD: not started
2025-09-22T11:02:59-04:00 ci=3a11f697-7362-4cb1-8ea9-2fa6d628f7b5 info CLOUD: not started
2025-09-22T11:03:04-04:00 ci=3a11f697-7362-4cb1-8ea9-2fa6d628f7b5 info CLOUD: not started
2025-09-22T11:03:09-04:00 ci=3a11f697-7362-4cb1-8ea9-2fa6d628f7b5 info CLOUD: not started
2025-09-22T11:03:14-04:00 ci=3a11f697-7362-4cb1-8ea9-2fa6d628f7b5 info CLOUD: not started
2025-09-22T11:03:19-04:00 ci=3a11f697-7362-4cb1-8ea9-2fa6d628f7b5 info CLOUD: not started
2025-09-22T11:03:24-04:00 ci=3a11f697-7362-4cb1-8ea9-2fa6d628f7b5 info CLOUD: not started
2025-09-22T11:03:29-04:00 ci=3a11f697-7362-4cb1-8ea9-2fa6d628f7b5 info CLOUD: not started
2025-09-22T11:03:34-04:00 ci=3a11f697-7362-4cb1-8ea9-2fa6d628f7b5 info CLOUD: not started
2025-09-22T11:03:39-04:00 ci=3a11f697-7362-4cb1-8ea9-2fa6d628f7b5 info CLOUD: not started
2025-09-22T11:03:44-04:00 ci=3a11f697-7362-4cb1-8ea9-2fa6d628f7b5 info CLOUD: not started
2025-09-22T11:03:49-04:00 ci=3a11f697-7362-4cb1-8ea9-2fa6d628f7b5 info CLOUD: not started
2025-09-22T11:03:54-04:00 ci=3a11f697-7362-4cb1-8ea9-2fa6d628f7b5 info CLOUD: not started
2025-09-22T11:03:59-04:00 ci=3a11f697-7362-4cb1-8ea9-2fa6d628f7b5 info CLOUD: not started
2025-09-22T11:04:04-04:00 ci=3a11f697-7362-4cb1-8ea9-2fa6d628f7b5 info CLOUD: not started
2025-09-22T11:04:09-04:00 ci=3a11f697-7362-4cb1-8ea9-2fa6d628f7b5 info CLOUD: not started
2025-09-22T11:04:14-04:00 ci=3a11f697-7362-4cb1-8ea9-2fa6d628f7b5 info CLOUD: not started
2025-09-22T11:04:19-04:00 ci=3a11f697-7362-4cb1-8ea9-2fa6d628f7b5 info CLOUD: not started
2025-09-22T11:04:24-04:00 ci=3a11f697-7362-4cb1-8ea9-2fa6d628f7b5 info CLOUD: not started
2025-09-22T11:04:29-04:00 ci=3a11f697-7362-4cb1-8ea9-2fa6d628f7b5 info CLOUD: not started
2025-09-22T11:04:34-04:00 ci=3a11f697-7362-4cb1-8ea9-2fa6d628f7b5 info CLOUD: not started
2025-09-22T11:04:39-04:00 ci=3a11f697-7362-4cb1-8ea9-2fa6d628f7b5 info CLOUD: not started
2025-09-22T11:04:45-04:00 ci=3a11f697-7362-4cb1-8ea9-2fa6d628f7b5 info CLOUD: not started
2025-09-22T11:04:50-04:00 ci=3a11f697-7362-4cb1-8ea9-2fa6d628f7b5 info CLOUD: not started
2025-09-22T11:04:55-04:00 ci=3a11f697-7362-4cb1-8ea9-2fa6d628f7b5 info CLOUD: not started
2025-09-22T11:05:00-04:00 ci=3a11f697-7362-4cb1-8ea9-2fa6d628f7b5 info CLOUD: not started
2025-09-22T11:05:05-04:00 ci=3a11f697-7362-4cb1-8ea9-2fa6d628f7b5 info CLOUD: not started
2025-09-22T11:05:10-04:00 ci=3a11f697-7362-4cb1-8ea9-2fa6d628f7b5 info CLOUD: not started
2025-09-22T11:05:15-04:00 ci=3a11f697-7362-4cb1-8ea9-2fa6d628f7b5 info CLOUD: not started
2025-09-22T11:05:20-04:00 ci=3a11f697-7362-4cb1-8ea9-2fa6d628f7b5 info CLOUD: not started
2025-09-22T11:05:25-04:00 ci=3a11f697-7362-4cb1-8ea9-2fa6d628f7b5 info CLOUD: not started
2025-09-22T11:05:30-04:00 ci=3a11f697-7362-4cb1-8ea9-2fa6d628f7b5 info CLOUD: not started
2025-09-22T11:05:35-04:00 ci=3a11f697-7362-4cb1-8ea9-2fa6d628f7b5 info CLOUD: not started
2025-09-22T11:05:40-04:00 ci=3a11f697-7362-4cb1-8ea9-2fa6d628f7b5 info CLOUD: not started
2025-09-22T11:05:45-04:00 ci=3a11f697-7362-4cb1-8ea9-2fa6d628f7b5 info CLOUD: not started
2025-09-22T11:05:50-04:00 ci=3a11f697-7362-4cb1-8ea9-2fa6d628f7b5 info CLOUD: not started
2025-09-22T11:05:55-04:00 ci=3a11f697-7362-4cb1-8ea9-2fa6d628f7b5 info CLOUD: not started
2025-09-22T11:06:00-04:00 ci=3a11f697-7362-4cb1-8ea9-2fa6d628f7b5 info CLOUD: not started
2025-09-22T11:06:05-04:00 ci=3a11f697-7362-4cb1-8ea9-2fa6d628f7b5 info CLOUD: not started
2025-09-22T11:06:10-04:00 ci=3a11f697-7362-4cb1-8ea9-2fa6d628f7b5 info CLOUD: not started
2025-09-22T11:06:15-04:00 ci=3a11f697-7362-4cb1-8ea9-2fa6d628f7b5 info CLOUD: not started
2025-09-22T11:06:20-04:00 ci=3a11f697-7362-4cb1-8ea9-2fa6d628f7b5 info CLOUD: not started
2025-09-22T11:06:25-04:00 ci=3a11f697-7362-4cb1-8ea9-2fa6d628f7b5 info CLOUD: not started
2025-09-22T11:06:30-04:00 ci=3a11f697-7362-4cb1-8ea9-2fa6d628f7b5 info CLOUD: not started
2025-09-22T11:06:35-04:00 ci=3a11f697-7362-4cb1-8ea9-2fa6d628f7b5 info CLOUD: not started
2025-09-22T11:06:40-04:00 ci=3a11f697-7362-4cb1-8ea9-2fa6d628f7b5 info CLOUD: not started
2025-09-22T11:06:45-04:00 ci=3a11f697-7362-4cb1-8ea9-2fa6d628f7b5 info CLOUD: not started
2025-09-22T11:06:50-04:00 ci=3a11f697-7362-4cb1-8ea9-2fa6d628f7b5 info CLOUD: not started
2025-09-22T11:06:55-04:00 ci=3a11f697-7362-4cb1-8ea9-2fa6d628f7b5 info CLOUD: not started
2025-09-22T11:07:00-04:00 ci=3a11f697-7362-4cb1-8ea9-2fa6d628f7b5 info CLOUD: not started
2025-09-22T11:07:05-04:00 ci=3a11f697-7362-4cb1-8ea9-2fa6d628f7b5 info CLOUD: not started
2025-09-22T11:07:10-04:00 ci=3a11f697-7362-4cb1-8ea9-2fa6d628f7b5 info CLOUD: not started
2025-09-22T11:07:15-04:00 ci=3a11f697-7362-4cb1-8ea9-2fa6d628f7b5 info CLOUD: not started
2025-09-22T11:07:20-04:00 ci=3a11f697-7362-4cb1-8ea9-2fa6d628f7b5 info CLOUD: not started
2025-09-22T11:07:25-04:00 ci=3a11f697-7362-4cb1-8ea9-2fa6d628f7b5 info CLOUD: not started
2025-09-22T11:07:30-04:00 ci=3a11f697-7362-4cb1-8ea9-2fa6d628f7b5 info CLOUD: not started
2025-09-22T11:07:35-04:00 ci=3a11f697-7362-4cb1-8ea9-2fa6d628f7b5 info CLOUD: not started
2025-09-22T11:07:40-04:00 ci=3a11f697-7362-4cb1-8ea9-2fa6d628f7b5 info CLOUD: not started
2025-09-22T11:07:45-04:00 ci=3a11f697-7362-4cb1-8ea9-2fa6d628f7b5 info CLOUD: not started
2025-09-22T11:07:50-04:00 ci=3a11f697-7362-4cb1-8ea9-2fa6d628f7b5 info CLOUD: not started
2025-09-22T11:07:55-04:00 ci=3a11f697-7362-4cb1-8ea9-2fa6d628f7b5 info CLOUD: not started
2025-09-22T11:08:00-04:00 ci=3a11f697-7362-4cb1-8ea9-2fa6d628f7b5 info CLOUD: not started
2025-09-22T11:08:05-04:00 ci=3a11f697-7362-4cb1-8ea9-2fa6d628f7b5 info CLOUD: not started
2025-09-22T11:08:10-04:00 ci=3a11f697-7362-4cb1-8ea9-2fa6d628f7b5 info CLOUD: not started
2025-09-22T11:08:15-04:00 ci=3a11f697-7362-4cb1-8ea9-2fa6d628f7b5 info CLOUD: not started
2025-09-22T11:08:20-04:00 ci=3a11f697-7362-4cb1-8ea9-2fa6d628f7b5 info CLOUD: not started
2025-09-22T11:08:25-04:00 ci=3a11f697-7362-4cb1-8ea9-2fa6d628f7b5 info CLOUD: not started
2025-09-22T11:08:30-04:00 ci=3a11f697-7362-4cb1-8ea9-2fa6d628f7b5 info CLOUD: not started
2025-09-22T11:08:35-04:00 ci=3a11f697-7362-4cb1-8ea9-2fa6d628f7b5 info CLOUD: not started
2025-09-22T11:08:40-04:00 ci=3a11f697-7362-4cb1-8ea9-2fa6d628f7b5 info CLOUD: not started
2025-09-22T11:08:45-04:00 ci=3a11f697-7362-4cb1-8ea9-2fa6d628f7b5 info CLOUD: not started
2025-09-22T11:08:50-04:00 ci=3a11f697-7362-4cb1-8ea9-2fa6d628f7b5 info CLOUD: not started
2025-09-22T11:08:55-04:00 ci=3a11f697-7362-4cb1-8ea9-2fa6d628f7b5 info CLOUD: not started
2025-09-22T11:09:00-04:00 ci=3a11f697-7362-4cb1-8ea9-2fa6d628f7b5 info CLOUD: not started
2025-09-22T11:09:05-04:00 ci=3a11f697-7362-4cb1-8ea9-2fa6d628f7b5 info CLOUD: not started
2025-09-22T11:09:10-04:00 ci=3a11f697-7362-4cb1-8ea9-2fa6d628f7b5 info CLOUD: not started
2025-09-22T11:09:15-04:00 ci=3a11f697-7362-4cb1-8ea9-2fa6d628f7b5 info CLOUD: not started
2025-09-22T11:09:20-04:00 ci=3a11f697-7362-4cb1-8ea9-2fa6d628f7b5 info CLOUD: not started
2025-09-22T11:09:25-04:00 ci=3a11f697-7362-4cb1-8ea9-2fa6d628f7b5 info CLOUD: not started
2025-09-22T11:09:30-04:00 ci=3a11f697-7362-4cb1-8ea9-2fa6d628f7b5 info CLOUD: not started
2025-09-22T11:09:35-04:00 ci=3a11f697-7362-4cb1-8ea9-2fa6d628f7b5 info CLOUD: not started
2025-09-22T11:09:40-04:00 ci=3a11f697-7362-4cb1-8ea9-2fa6d628f7b5 info CLOUD: not started
2025-09-22T11:09:45-04:00 ci=3a11f697-7362-4cb1-8ea9-2fa6d628f7b5 info CLOUD: not started
2025-09-22T11:09:50-04:00 ci=3a11f697-7362-4cb1-8ea9-2fa6d628f7b5 info CLOUD: not started
2025-09-22T11:09:56-04:00 ci=3a11f697-7362-4cb1-8ea9-2fa6d628f7b5 info CLOUD: not started
2025-09-22T11:10:01-04:00 ci=3a11f697-7362-4cb1-8ea9-2fa6d628f7b5 info CLOUD: not started
2025-09-22T11:10:06-04:00 ci=3a11f697-7362-4cb1-8ea9-2fa6d628f7b5 info CLOUD: not started
2025-09-22T11:10:11-04:00 ci=3a11f697-7362-4cb1-8ea9-2fa6d628f7b5 info CLOUD: not started
2025-09-22T11:10:16-04:00 ci=3a11f697-7362-4cb1-8ea9-2fa6d628f7b5 info CLOUD: not started
2025-09-22T11:10:21-04:00 ci=3a11f697-7362-4cb1-8ea9-2fa6d628f7b5 info CLOUD: not started
2025-09-22T11:10:26-04:00 ci=3a11f697-7362-4cb1-8ea9-2fa6d628f7b5 info CLOUD: not started
2025-09-22T11:10:31-04:00 ci=3a11f697-7362-4cb1-8ea9-2fa6d628f7b5 info CLOUD: not started
2025-09-22T11:10:36-04:00 ci=3a11f697-7362-4cb1-8ea9-2fa6d628f7b5 info CLOUD: not started
2025-09-22T11:10:41-04:00 ci=3a11f697-7362-4cb1-8ea9-2fa6d628f7b5 info CLOUD: not started
2025-09-22T11:10:46-04:00 ci=3a11f697-7362-4cb1-8ea9-2fa6d628f7b5 info CLOUD: not started
2025-09-22T11:10:51-04:00 ci=3a11f697-7362-4cb1-8ea9-2fa6d628f7b5 info CLOUD: not started
2025-09-22T11:10:56-04:00 ci=3a11f697-7362-4cb1-8ea9-2fa6d628f7b5 info CLOUD: not started
2025-09-22T11:11:01-04:00 ci=3a11f697-7362-4cb1-8ea9-2fa6d628f7b5 info CLOUD: not started
2025-09-22T11:11:06-04:00 ci=3a11f697-7362-4cb1-8ea9-2fa6d628f7b5 info CLOUD: not started
2025-09-22T11:11:11-04:00 ci=3a11f697-7362-4cb1-8ea9-2fa6d628f7b5 info CLOUD: not started
2025-09-22T11:11:16-04:00 ci=3a11f697-7362-4cb1-8ea9-2fa6d628f7b5 info CLOUD: not started
2025-09-22T11:11:21-04:00 ci=3a11f697-7362-4cb1-8ea9-2fa6d628f7b5 info CLOUD: not started
2025-09-22T11:11:26-04:00 ci=3a11f697-7362-4cb1-8ea9-2fa6d628f7b5 info CLOUD: not started
2025-09-22T11:11:31-04:00 ci=3a11f697-7362-4cb1-8ea9-2fa6d628f7b5 info CLOUD: not started
2025-09-22T11:11:36-04:00 ci=3a11f697-7362-4cb1-8ea9-2fa6d628f7b5 info CLOUD: not started
2025-09-22T11:11:41-04:00 ci=3a11f697-7362-4cb1-8ea9-2fa6d628f7b5 info CLOUD: not started
2025-09-22T11:11:46-04:00 ci=3a11f697-7362-4cb1-8ea9-2fa6d628f7b5 info CLOUD: not started
2025-09-22T11:11:51-04:00 ci=3a11f697-7362-4cb1-8ea9-2fa6d628f7b5 info CLOUD: not started
2025-09-22T11:11:56-04:00 ci=3a11f697-7362-4cb1-8ea9-2fa6d628f7b5 info CLOUD: not started
2025-09-22T11:12:01-04:00 ci=3a11f697-7362-4cb1-8ea9-2fa6d628f7b5 info CLOUD: not started
2025-09-22T11:12:06-04:00 ci=3a11f697-7362-4cb1-8ea9-2fa6d628f7b5 info CLOUD: not started
2025-09-22T11:12:11-04:00 ci=3a11f697-7362-4cb1-8ea9-2fa6d628f7b5 info CLOUD: not started
2025-09-22T11:12:16-04:00 ci=3a11f697-7362-4cb1-8ea9-2fa6d628f7b5 info CLOUD: not started
2025-09-22T11:12:21-04:00 ci=3a11f697-7362-4cb1-8ea9-2fa6d628f7b5 info CLOUD: not started
2025-09-22T11:12:26-04:00 ci=3a11f697-7362-4cb1-8ea9-2fa6d628f7b5 info CLOUD: not started
2025-09-22T11:12:31-04:00 ci=3a11f697-7362-4cb1-8ea9-2fa6d628f7b5 info CLOUD: not started
2025-09-22T11:12:36-04:00 ci=3a11f697-7362-4cb1-8ea9-2fa6d628f7b5 info CLOUD: not started
2025-09-22T11:12:41-04:00 ci=3a11f697-7362-4cb1-8ea9-2fa6d628f7b5 info CLOUD: not started
2025-09-22T11:12:46-04:00 ci=3a11f697-7362-4cb1-8ea9-2fa6d628f7b5 info CLOUD: not started
2025-09-22T11:12:51-04:00 ci=3a11f697-7362-4cb1-8ea9-2fa6d628f7b5 info CLOUD: not started
2025-09-22T11:12:56-04:00 ci=3a11f697-7362-4cb1-8ea9-2fa6d628f7b5 info CLOUD: not started
2025-09-22T11:13:01-04:00 ci=3a11f697-7362-4cb1-8ea9-2fa6d628f7b5 info CLOUD: not started
2025-09-22T11:13:06-04:00 ci=3a11f697-7362-4cb1-8ea9-2fa6d628f7b5 info CLOUD: not started
2025-09-22T11:13:11-04:00 ci=3a11f697-7362-4cb1-8ea9-2fa6d628f7b5 info CLOUD: not started
2025-09-22T11:13:16-04:00 ci=3a11f697-7362-4cb1-8ea9-2fa6d628f7b5 info CLOUD: not started
2025-09-22T11:13:21-04:00 ci=3a11f697-7362-4cb1-8ea9-2fa6d628f7b5 info CLOUD: not started
2025-09-22T11:13:26-04:00 ci=3a11f697-7362-4cb1-8ea9-2fa6d628f7b5 info CLOUD: not started
2025-09-22T11:13:31-04:00 ci=3a11f697-7362-4cb1-8ea9-2fa6d628f7b5 info CLOUD: not started
2025-09-22T11:13:36-04:00 ci=3a11f697-7362-4cb1-8ea9-2fa6d628f7b5 info CLOUD: not started
2025-09-22T11:13:41-04:00 ci=3a11f697-7362-4cb1-8ea9-2fa6d628f7b5 info CLOUD: not started
2025-09-22T11:13:46-04:00 ci=3a11f697-7362-4cb1-8ea9-2fa6d628f7b5 info CLOUD: not started
2025-09-22T11:13:51-04:00 ci=3a11f697-7362-4cb1-8ea9-2fa6d628f7b5 info CLOUD: not started
2025-09-22T11:13:56-04:00 ci=3a11f697-7362-4cb1-8ea9-2fa6d628f7b5 info CLOUD: not started
2025-09-22T11:14:01-04:00 ci=3a11f697-7362-4cb1-8ea9-2fa6d628f7b5 info CLOUD: not started
2025-09-22T11:14:06-04:00 ci=3a11f697-7362-4cb1-8ea9-2fa6d628f7b5 info CLOUD: not started
2025-09-22T11:14:11-04:00 ci=3a11f697-7362-4cb1-8ea9-2fa6d628f7b5 info CLOUD: not started
2025-09-22T11:14:16-04:00 ci=3a11f697-7362-4cb1-8ea9-2fa6d628f7b5 info CLOUD: not started
2025-09-22T11:14:21-04:00 ci=3a11f697-7362-4cb1-8ea9-2fa6d628f7b5 info CLOUD: not started
2025-09-22T11:14:26-04:00 ci=3a11f697-7362-4cb1-8ea9-2fa6d628f7b5 info CLOUD: not started
2025-09-22T11:14:31-04:00 ci=3a11f697-7362-4cb1-8ea9-2fa6d628f7b5 info CLOUD: not started
2025-09-22T11:14:36-04:00 ci=3a11f697-7362-4cb1-8ea9-2fa6d628f7b5 info CLOUD: not started
2025-09-22T11:14:41-04:00 ci=3a11f697-7362-4cb1-8ea9-2fa6d628f7b5 info CLOUD: not started
2025-09-22T11:14:46-04:00 ci=3a11f697-7362-4cb1-8ea9-2fa6d628f7b5 info CLOUD: not started
2025-09-22T11:14:51-04:00 ci=3a11f697-7362-4cb1-8ea9-2fa6d628f7b5 info CLOUD: not started
2025-09-22T11:14:56-04:00 ci=3a11f697-7362-4cb1-8ea9-2fa6d628f7b5 info CLOUD: not started
2025-09-22T11:15:01-04:00 ci=3a11f697-7362-4cb1-8ea9-2fa6d628f7b5 info CLOUD: not started
2025-09-22T11:15:06-04:00 ci=3a11f697-7362-4cb1-8ea9-2fa6d628f7b5 info CLOUD: not started
2025-09-22T11:15:12-04:00 ci=3a11f697-7362-4cb1-8ea9-2fa6d628f7b5 info CLOUD: not started
2025-09-22T11:15:17-04:00 ci=3a11f697-7362-4cb1-8ea9-2fa6d628f7b5 info CLOUD: not started
2025-09-22T11:15:22-04:00 ci=3a11f697-7362-4cb1-8ea9-2fa6d628f7b5 info CLOUD: not started
2025-09-22T11:15:27-04:00 ci=3a11f697-7362-4cb1-8ea9-2fa6d628f7b5 info CLOUD: not started
2025-09-22T11:15:32-04:00 ci=3a11f697-7362-4cb1-8ea9-2fa6d628f7b5 info CLOUD: not started
2025-09-22T11:15:37-04:00 ci=3a11f697-7362-4cb1-8ea9-2fa6d628f7b5 info CLOUD: not started
2025-09-22T11:15:42-04:00 ci=3a11f697-7362-4cb1-8ea9-2fa6d628f7b5 info CLOUD: not started
2025-09-22T11:15:47-04:00 ci=3a11f697-7362-4cb1-8ea9-2fa6d628f7b5 info CLOUD: not started
2025-09-22T11:15:52-04:00 ci=3a11f697-7362-4cb1-8ea9-2fa6d628f7b5 info CLOUD: not started
2025-09-22T11:15:57-04:00 ci=3a11f697-7362-4cb1-8ea9-2fa6d628f7b5 info CLOUD: not started
2025-09-22T11:16:02-04:00 ci=3a11f697-7362-4cb1-8ea9-2fa6d628f7b5 info CLOUD: not started
2025-09-22T11:16:07-04:00 ci=3a11f697-7362-4cb1-8ea9-2fa6d628f7b5 info CLOUD: not started
2025-09-22T11:16:12-04:00 ci=3a11f697-7362-4cb1-8ea9-2fa6d628f7b5 info CLOUD: not started
2025-09-22T11:16:17-04:00 ci=3a11f697-7362-4cb1-8ea9-2fa6d628f7b5 info CLOUD: not started
2025-09-22T11:16:22-04:00 ci=3a11f697-7362-4cb1-8ea9-2fa6d628f7b5 info CLOUD: not started
2025-09-22T11:16:27-04:00 ci=3a11f697-7362-4cb1-8ea9-2fa6d628f7b5 info CLOUD: not started
2025-09-22T11:16:32-04:00 ci=3a11f697-7362-4cb1-8ea9-2fa6d628f7b5 info CLOUD: not started
2025-09-22T11:16:37-04:00 ci=3a11f697-7362-4cb1-8ea9-2fa6d628f7b5 info CLOUD: not started
2025-09-22T11:16:42-04:00 ci=3a11f697-7362-4cb1-8ea9-2fa6d628f7b5 info CLOUD: not started
2025-09-22T11:16:47-04:00 ci=3a11f697-7362-4cb1-8ea9-2fa6d628f7b5 info CLOUD: not started
2025-09-22T11:16:52-04:00 ci=3a11f697-7362-4cb1-8ea9-2fa6d628f7b5 info CLOUD: not started
2025-09-22T11:16:57-04:00 ci=3a11f697-7362-4cb1-8ea9-2fa6d628f7b5 info CLOUD: not started
2025-09-22T11:17:02-04:00 ci=3a11f697-7362-4cb1-8ea9-2fa6d628f7b5 info CLOUD: not started
2025-09-22T11:17:07-04:00 ci=3a11f697-7362-4cb1-8ea9-2fa6d628f7b5 info CLOUD: not started
2025-09-22T11:17:12-04:00 ci=3a11f697-7362-4cb1-8ea9-2fa6d628f7b5 info CLOUD: not started
2025-09-22T11:17:17-04:00 ci=3a11f697-7362-4cb1-8ea9-2fa6d628f7b5 info CLOUD: not started
2025-09-22T11:17:22-04:00 ci=3a11f697-7362-4cb1-8ea9-2fa6d628f7b5 info CLOUD: not started
2025-09-22T11:17:27-04:00 ci=3a11f697-7362-4cb1-8ea9-2fa6d628f7b5 info CLOUD: not started
2025-09-22T11:17:32-04:00 ci=3a11f697-7362-4cb1-8ea9-2fa6d628f7b5 info CLOUD: not started
2025-09-22T11:17:37-04:00 ci=3a11f697-7362-4cb1-8ea9-2fa6d628f7b5 info CLOUD: not started
2025-09-22T11:17:42-04:00 ci=3a11f697-7362-4cb1-8ea9-2fa6d628f7b5 info CLOUD: not started
2025-09-22T11:17:47-04:00 ci=3a11f697-7362-4cb1-8ea9-2fa6d628f7b5 info CLOUD: not started
2025-09-22T11:17:52-04:00 ci=3a11f697-7362-4cb1-8ea9-2fa6d628f7b5 info CLOUD: not started
2025-09-22T11:17:57-04:00 ci=3a11f697-7362-4cb1-8ea9-2fa6d628f7b5 info CLOUD: not started
2025-09-22T11:18:02-04:00 ci=3a11f697-7362-4cb1-8ea9-2fa6d628f7b5 info CLOUD: not started
2025-09-22T11:18:07-04:00 ci=3a11f697-7362-4cb1-8ea9-2fa6d628f7b5 info CLOUD: not started
2025-09-22T11:18:12-04:00 ci=3a11f697-7362-4cb1-8ea9-2fa6d628f7b5 info CLOUD: not started
2025-09-22T11:18:17-04:00 ci=3a11f697-7362-4cb1-8ea9-2fa6d628f7b5 info CLOUD: not started
2025-09-22T11:18:22-04:00 ci=3a11f697-7362-4cb1-8ea9-2fa6d628f7b5 info CLOUD: not started
2025-09-22T11:18:27-04:00 ci=3a11f697-7362-4cb1-8ea9-2fa6d628f7b5 info CLOUD: not started
2025-09-22T11:18:32-04:00 ci=3a11f697-7362-4cb1-8ea9-2fa6d628f7b5 info CLOUD: not started
2025-09-22T11:18:37-04:00 ci=3a11f697-7362-4cb1-8ea9-2fa6d628f7b5 info CLOUD: not started
2025-09-22T11:18:42-04:00 ci=3a11f697-7362-4cb1-8ea9-2fa6d628f7b5 info CLOUD: not started
2025-09-22T11:18:47-04:00 ci=3a11f697-7362-4cb1-8ea9-2fa6d628f7b5 info CLOUD: not started
2025-09-22T11:18:52-04:00 ci=3a11f697-7362-4cb1-8ea9-2fa6d628f7b5 info CLOUD: not started
2025-09-22T11:18:57-04:00 ci=3a11f697-7362-4cb1-8ea9-2fa6d628f7b5 info CLOUD: not started
2025-09-22T11:19:02-04:00 ci=3a11f697-7362-4cb1-8ea9-2fa6d628f7b5 info CLOUD: not started
2025-09-22T11:19:07-04:00 ci=3a11f697-7362-4cb1-8ea9-2fa6d628f7b5 info CLOUD: not started
2025-09-22T11:19:12-04:00 ci=3a11f697-7362-4cb1-8ea9-2fa6d628f7b5 info CLOUD: not started
2025-09-22T11:19:17-04:00 ci=3a11f697-7362-4cb1-8ea9-2fa6d628f7b5 info CLOUD: not started
2025-09-22T11:19:22-04:00 ci=3a11f697-7362-4cb1-8ea9-2fa6d628f7b5 info CLOUD: not started
2025-09-22T11:19:27-04:00 ci=3a11f697-7362-4cb1-8ea9-2fa6d628f7b5 info CLOUD: not started
2025-09-22T11:19:32-04:00 ci=3a11f697-7362-4cb1-8ea9-2fa6d628f7b5 info CLOUD: not started
2025-09-22T11:19:37-04:00 ci=3a11f697-7362-4cb1-8ea9-2fa6d628f7b5 info CLOUD: not started
2025-09-22T11:19:42-04:00 ci=3a11f697-7362-4cb1-8ea9-2fa6d628f7b5 info CLOUD: not started
2025-09-22T11:19:47-04:00 ci=3a11f697-7362-4cb1-8ea9-2fa6d628f7b5 info CLOUD: not started
2025-09-22T11:19:52-04:00 ci=3a11f697-7362-4cb1-8ea9-2fa6d628f7b5 info CLOUD: not started
2025-09-22T11:19:57-04:00 ci=3a11f697-7362-4cb1-8ea9-2fa6d628f7b5 info CLOUD: not started
2025-09-22T11:20:02-04:00 ci=3a11f697-7362-4cb1-8ea9-2fa6d628f7b5 info CLOUD: not started
2025-09-22T11:20:07-04:00 ci=3a11f697-7362-4cb1-8ea9-2fa6d628f7b5 info CLOUD: not started
2025-09-22T11:20:12-04:00 ci=3a11f697-7362-4cb1-8ea9-2fa6d628f7b5 info CLOUD: not started
2025-09-22T11:20:17-04:00 ci=3a11f697-7362-4cb1-8ea9-2fa6d628f7b5 info CLOUD: not started
2025-09-22T11:20:22-04:00 ci=3a11f697-7362-4cb1-8ea9-2fa6d628f7b5 info CLOUD: not started
2025-09-22T11:20:27-04:00 ci=3a11f697-7362-4cb1-8ea9-2fa6d628f7b5 info CLOUD: not started
2025-09-22T11:20:32-04:00 ci=3a11f697-7362-4cb1-8ea9-2fa6d628f7b5 info CLOUD: not started
2025-09-22T11:20:38-04:00 ci=3a11f697-7362-4cb1-8ea9-2fa6d628f7b5 info CLOUD: not started
2025-09-22T11:20:43-04:00 ci=3a11f697-7362-4cb1-8ea9-2fa6d628f7b5 info CLOUD: not started
2025-09-22T11:20:48-04:00 ci=3a11f697-7362-4cb1-8ea9-2fa6d628f7b5 info CLOUD: not started
2025-09-22T11:20:53-04:00 ci=3a11f697-7362-4cb1-8ea9-2fa6d628f7b5 info CLOUD: not started
2025-09-22T11:20:58-04:00 ci=3a11f697-7362-4cb1-8ea9-2fa6d628f7b5 info CLOUD: not started
2025-09-22T11:21:03-04:00 ci=3a11f697-7362-4cb1-8ea9-2fa6d628f7b5 info CLOUD: not started
2025-09-22T11:21:08-04:00 ci=3a11f697-7362-4cb1-8ea9-2fa6d628f7b5 info CLOUD: not started
2025-09-22T11:21:13-04:00 ci=3a11f697-7362-4cb1-8ea9-2fa6d628f7b5 info CLOUD: not started
2025-09-22T11:21:18-04:00 ci=3a11f697-7362-4cb1-8ea9-2fa6d628f7b5 info CLOUD: not started
2025-09-22T11:21:23-04:00 ci=3a11f697-7362-4cb1-8ea9-2fa6d628f7b5 info CLOUD: not started
2025-09-22T11:21:28-04:00 ci=3a11f697-7362-4cb1-8ea9-2fa6d628f7b5 info CLOUD: not started
2025-09-22T11:21:33-04:00 ci=3a11f697-7362-4cb1-8ea9-2fa6d628f7b5 info CLOUD: not started
2025-09-22T11:21:38-04:00 ci=3a11f697-7362-4cb1-8ea9-2fa6d628f7b5 info CLOUD: not started
2025-09-22T11:21:43-04:00 ci=3a11f697-7362-4cb1-8ea9-2fa6d628f7b5 info CLOUD: not started
2025-09-22T11:21:48-04:00 ci=3a11f697-7362-4cb1-8ea9-2fa6d628f7b5 info CLOUD: not started
2025-09-22T11:21:53-04:00 ci=3a11f697-7362-4cb1-8ea9-2fa6d628f7b5 info CLOUD: not started
2025-09-22T11:21:58-04:00 ci=3a11f697-7362-4cb1-8ea9-2fa6d628f7b5 info CLOUD: not started
2025-09-22T11:22:03-04:00 ci=3a11f697-7362-4cb1-8ea9-2fa6d628f7b5 info CLOUD: not started
2025-09-22T11:22:08-04:00 ci=3a11f697-7362-4cb1-8ea9-2fa6d628f7b5 info CLOUD: not started
2025-09-22T11:22:13-04:00 ci=3a11f697-7362-4cb1-8ea9-2fa6d628f7b5 info CLOUD: not started
2025-09-22T11:22:18-04:00 ci=3a11f697-7362-4cb1-8ea9-2fa6d628f7b5 info CLOUD: not started
2025-09-22T11:22:23-04:00 ci=3a11f697-7362-4cb1-8ea9-2fa6d628f7b5 info CLOUD: not started
2025-09-22T11:22:28-04:00 ci=3a11f697-7362-4cb1-8ea9-2fa6d628f7b5 info CLOUD: not started
2025-09-22T11:22:33-04:00 ci=3a11f697-7362-4cb1-8ea9-2fa6d628f7b5 info CLOUD: not started
2025-09-22T11:22:38-04:00 ci=3a11f697-7362-4cb1-8ea9-2fa6d628f7b5 info CLOUD: not started
2025-09-22T11:22:43-04:00 ci=3a11f697-7362-4cb1-8ea9-2fa6d628f7b5 info CLOUD: not started
2025-09-22T11:22:48-04:00 ci=3a11f697-7362-4cb1-8ea9-2fa6d628f7b5 info CLOUD: not started
2025-09-22T11:22:53-04:00 ci=3a11f697-7362-4cb1-8ea9-2fa6d628f7b5 info CLOUD: not started
2025-09-22T11:22:58-04:00 ci=3a11f697-7362-4cb1-8ea9-2fa6d628f7b5 info CLOUD: not started
2025-09-22T11:23:03-04:00 ci=3a11f697-7362-4cb1-8ea9-2fa6d628f7b5 info CLOUD: not started
2025-09-22T11:23:08-04:00 ci=3a11f697-7362-4cb1-8ea9-2fa6d628f7b5 info CLOUD: not started
2025-09-22T11:23:13-04:00 ci=3a11f697-7362-4cb1-8ea9-2fa6d628f7b5 info CLOUD: not started
2025-09-22T11:23:18-04:00 ci=3a11f697-7362-4cb1-8ea9-2fa6d628f7b5 info CLOUD: not started
2025-09-22T11:23:23-04:00 ci=3a11f697-7362-4cb1-8ea9-2fa6d628f7b5 info CLOUD: not started
2025-09-22T11:23:28-04:00 ci=3a11f697-7362-4cb1-8ea9-2fa6d628f7b5 info CLOUD: not started
2025-09-22T11:23:33-04:00 ci=3a11f697-7362-4cb1-8ea9-2fa6d628f7b5 info CLOUD: not started
2025-09-22T11:23:38-04:00 ci=3a11f697-7362-4cb1-8ea9-2fa6d628f7b5 info CLOUD: not started
2025-09-22T11:23:43-04:00 ci=3a11f697-7362-4cb1-8ea9-2fa6d628f7b5 info CLOUD: not started
2025-09-22T11:23:48-04:00 ci=3a11f697-7362-4cb1-8ea9-2fa6d628f7b5 info CLOUD: not started
2025-09-22T11:23:53-04:00 ci=3a11f697-7362-4cb1-8ea9-2fa6d628f7b5 info CLOUD: not started
2025-09-22T11:23:58-04:00 ci=3a11f697-7362-4cb1-8ea9-2fa6d628f7b5 info CLOUD: not started
2025-09-22T11:24:03-04:00 ci=3a11f697-7362-4cb1-8ea9-2fa6d628f7b5 info CLOUD: not started
2025-09-22T11:24:08-04:00 ci=3a11f697-7362-4cb1-8ea9-2fa6d628f7b5 info CLOUD: not started
2025-09-22T11:24:13-04:00 ci=3a11f697-7362-4cb1-8ea9-2fa6d628f7b5 info CLOUD: not started
2025-09-22T11:24:18-04:00 ci=3a11f697-7362-4cb1-8ea9-2fa6d628f7b5 info CLOUD: not started
2025-09-22T11:24:23-04:00 ci=3a11f697-7362-4cb1-8ea9-2fa6d628f7b5 info CLOUD: not started
2025-09-22T11:24:28-04:00 ci=3a11f697-7362-4cb1-8ea9-2fa6d628f7b5 info CLOUD: not started
2025-09-22T11:24:33-04:00 ci=3a11f697-7362-4cb1-8ea9-2fa6d628f7b5 info CLOUD: not started
2025-09-22T11:24:38-04:00 ci=3a11f697-7362-4cb1-8ea9-2fa6d628f7b5 info CLOUD: not started
2025-09-22T11:24:43-04:00 ci=3a11f697-7362-4cb1-8ea9-2fa6d628f7b5 info CLOUD: not started
2025-09-22T11:24:48-04:00 ci=3a11f697-7362-4cb1-8ea9-2fa6d628f7b5 info CLOUD: not started
2025-09-22T11:24:53-04:00 ci=3a11f697-7362-4cb1-8ea9-2fa6d628f7b5 info CLOUD: not started
2025-09-22T11:24:58-04:00 ci=3a11f697-7362-4cb1-8ea9-2fa6d628f7b5 info CLOUD: not started
2025-09-22T11:25:03-04:00 ci=3a11f697-7362-4cb1-8ea9-2fa6d628f7b5 info CLOUD: not started
2025-09-22T11:25:08-04:00 ci=3a11f697-7362-4cb1-8ea9-2fa6d628f7b5 info CLOUD: not started
2025-09-22T11:25:13-04:00 ci=3a11f697-7362-4cb1-8ea9-2fa6d628f7b5 info CLOUD: not started
2025-09-22T11:25:18-04:00 ci=3a11f697-7362-4cb1-8ea9-2fa6d628f7b5 info CLOUD: not started
2025-09-22T11:25:23-04:00 ci=3a11f697-7362-4cb1-8ea9-2fa6d628f7b5 info CLOUD: not started
2025-09-22T11:25:28-04:00 ci=3a11f697-7362-4cb1-8ea9-2fa6d628f7b5 info CLOUD: not started
2025-09-22T11:25:33-04:00 ci=3a11f697-7362-4cb1-8ea9-2fa6d628f7b5 info CLOUD: not started
2025-09-22T11:25:39-04:00 ci=3a11f697-7362-4cb1-8ea9-2fa6d628f7b5 info CLOUD: not started
2025-09-22T11:25:44-04:00 ci=3a11f697-7362-4cb1-8ea9-2fa6d628f7b5 info CLOUD: not started
2025-09-22T11:25:49-04:00 ci=3a11f697-7362-4cb1-8ea9-2fa6d628f7b5 info CLOUD: not started
2025-09-22T11:25:54-04:00 ci=3a11f697-7362-4cb1-8ea9-2fa6d628f7b5 info CLOUD: not started
2025-09-22T11:25:59-04:00 ci=3a11f697-7362-4cb1-8ea9-2fa6d628f7b5 info CLOUD: not started
2025-09-22T11:26:04-04:00 ci=3a11f697-7362-4cb1-8ea9-2fa6d628f7b5 info CLOUD: not started
2025-09-22T11:26:09-04:00 ci=3a11f697-7362-4cb1-8ea9-2fa6d628f7b5 info CLOUD: not started
2025-09-22T11:26:14-04:00 ci=3a11f697-7362-4cb1-8ea9-2fa6d628f7b5 info CLOUD: not started
2025-09-22T11:26:19-04:00 ci=3a11f697-7362-4cb1-8ea9-2fa6d628f7b5 info CLOUD: not started
2025-09-22T11:26:24-04:00 ci=3a11f697-7362-4cb1-8ea9-2fa6d628f7b5 info CLOUD: not started
2025-09-22T11:26:29-04:00 ci=3a11f697-7362-4cb1-8ea9-2fa6d628f7b5 info CLOUD: not started
2025-09-22T11:26:34-04:00 ci=3a11f697-7362-4cb1-8ea9-2fa6d628f7b5 info CLOUD: not started
2025-09-22T11:26:39-04:00 ci=3a11f697-7362-4cb1-8ea9-2fa6d628f7b5 info CLOUD: not started
2025-09-22T11:26:44-04:00 ci=3a11f697-7362-4cb1-8ea9-2fa6d628f7b5 info CLOUD: not started
2025-09-22T11:26:49-04:00 ci=3a11f697-7362-4cb1-8ea9-2fa6d628f7b5 info CLOUD: not started
2025-09-22T11:26:54-04:00 ci=3a11f697-7362-4cb1-8ea9-2fa6d628f7b5 info CLOUD: not started
2025-09-22T11:26:59-04:00 ci=3a11f697-7362-4cb1-8ea9-2fa6d628f7b5 info CLOUD: not started
2025-09-22T11:27:04-04:00 ci=3a11f697-7362-4cb1-8ea9-2fa6d628f7b5 info CLOUD: not started
2025-09-22T11:27:09-04:00 ci=3a11f697-7362-4cb1-8ea9-2fa6d628f7b5 info CLOUD: not started
2025-09-22T11:27:14-04:00 ci=3a11f697-7362-4cb1-8ea9-2fa6d628f7b5 info CLOUD: not started
2025-09-22T11:27:19-04:00 ci=3a11f697-7362-4cb1-8ea9-2fa6d628f7b5 info CLOUD: not started
2025-09-22T11:50:54-04:00 ci=3a11f697-7362-4cb1-8ea9-2fa6d628f7b5 info SMB: not running
2025-09-22T11:50:54-04:00 ci=3a11f697-7362-4cb1-8ea9-2fa6d628f7b5 info SMB: http server started over named pipe
2025-09-22T11:50:54-04:00 ci=3a11f697-7362-4cb1-8ea9-2fa6d628f7b5 info MESSAGE_HANDLER: started
2025-09-22T11:50:54-04:00 ci=3a11f697-7362-4cb1-8ea9-2fa6d628f7b5 info ACTION_HANDLER: started
2025-09-22T11:50:56-04:00 ci=3a11f697-7362-4cb1-8ea9-2fa6d628f7b5 info Device refresh processed
2025-09-22T11:50:56-04:00 ci=3a11f697-7362-4cb1-8ea9-2fa6d628f7b5 info App deleted {"id":"com.wdc.branded.paragon","context":{"model":{"_class":"com.wdc.portal.model.App","appId":"com.wdc.branded.paragon","version":"x.x.x.x"}}}
2025-09-22T11:50:56-04:00 ci=3a11f697-7362-4cb1-8ea9-2fa6d628f7b5 info App deleted {"id":"com.wdc.branded.driveutility","context":{"model":{"_class":"com.wdc.portal.model.App","appId":"com.wdc.branded.driveutility","version":"x.x.x.x"}}}
2025-09-22T11:50:56-04:00 ci=3a11f697-7362-4cb1-8ea9-2fa6d628f7b5 info App deleted {"id":"com.wdc.branded.security","context":{"model":{"_class":"com.wdc.portal.model.App","appId":"com.wdc.branded.security","version":"x.x.x.x"}}}
2025-09-22T11:50:56-04:00 ci=3a11f697-7362-4cb1-8ea9-2fa6d628f7b5 info App added {"id":"com.wdc.branded.backup","context":{"model":{"_class":"com.wdc.portal.model.App","appId":"com.wdc.branded.backup","name":"WD Backup","openAction":{"_class":"com.wdc.smb.action.Command","command":"\"C:\\Program Files (x86)\\Western Digital\\WD App Manager\\WDAppManager.exe\"","argument":"-launchbackupdefault"},"version":"1.9.7435.38388","icon":"file:///C:/Users/Jeffr/AppData/Roaming/WD%20Discovery/plugins/com.wdc.plugin.catalog/current/assets/apps/wd_backup.png"}},"sourceId":"driveagent.apps.wdc.com","_id":{"id":8}}
2025-09-22T11:50:57-04:00 ci=3a11f697-7362-4cb1-8ea9-2fa6d628f7b5 error KAMINO: {"stack":"Error: connect ECONNREFUSED 127.0.0.1:49977\n    at TCPConnectWrap.afterConnect [as oncomplete] (net.js:1113:14)","message":"connect ECONNREFUSED 127.0.0.1:49977","errno":"ECONNREFUSED","code":"ECONNREFUSED","syscall":"connect","address":"127.0.0.1","port":49977}
2025-09-22T11:50:58-04:00 ci=3a11f697-7362-4cb1-8ea9-2fa6d628f7b5 error WD_SERVICE: REQUEST ERROR: {"stack":"Error: connect ECONNREFUSED 127.0.0.1:50001\n    at TCPConnectWrap.afterConnect [as oncomplete] (net.js:1113:14)","message":"connect ECONNREFUSED 127.0.0.1:50001","errno":"ECONNREFUSED","code":"ECONNREFUSED","syscall":"connect","address":"127.0.0.1","port":50001}
2025-09-22T11:50:59-04:00 ci=3a11f697-7362-4cb1-8ea9-2fa6d628f7b5 error 2100 in com.wdc.plugin.catalog: {"message":"connect ECONNREFUSED 127.0.0.1:50001","additionalData":{"version":"1.0.246"}}
2025-09-22T11:51:04-04:00 ci=3a11f697-7362-4cb1-8ea9-2fa6d628f7b5 error CONFIG_SERVICE: {"stack":"Error: getaddrinfo ENOTFOUND config.mycloud.com config.mycloud.com:443\n    at GetAddrInfoReqWrap.onlookup [as oncomplete] (dns.js:57:26)","message":"getaddrinfo ENOTFOUND config.mycloud.com config.mycloud.com:443","errno":"ENOTFOUND","code":"ENOTFOUND","syscall":"getaddrinfo","hostname":"config.mycloud.com","host":"config.mycloud.com","port":443,"CorrelationId":"c7e0dc59-5614-4f6c-b443-318a15423486","isConnectionError":true,"RequestInfo":{"url":"https://config.mycloud.com/config/v1/config","method":"GET"}}
2025-09-22T11:51:04-04:00 ci=3a11f697-7362-4cb1-8ea9-2fa6d628f7b5 info CLOUD: not started
2025-09-22T11:51:09-04:00 ci=3a11f697-7362-4cb1-8ea9-2fa6d628f7b5 info CLOUD: not started
2025-09-22T11:51:14-04:00 ci=3a11f697-7362-4cb1-8ea9-2fa6d628f7b5 info CLOUD: not started
2025-09-22T11:51:19-04:00 ci=3a11f697-7362-4cb1-8ea9-2fa6d628f7b5 info CLOUD: not started
2025-09-22T11:51:24-04:00 ci=3a11f697-7362-4cb1-8ea9-2fa6d628f7b5 info CLOUD: not started
2025-09-22T11:51:29-04:00 ci=3a11f697-7362-4cb1-8ea9-2fa6d628f7b5 info CLOUD: not started
2025-09-22T11:51:34-04:00 ci=3a11f697-7362-4cb1-8ea9-2fa6d628f7b5 info CLOUD: not started
2025-09-22T11:51:39-04:00 ci=3a11f697-7362-4cb1-8ea9-2fa6d628f7b5 info CLOUD: not started
2025-09-22T11:51:44-04:00 ci=3a11f697-7362-4cb1-8ea9-2fa6d628f7b5 info CLOUD: not started
2025-09-22T11:51:49-04:00 ci=3a11f697-7362-4cb1-8ea9-2fa6d628f7b5 info CLOUD: not started
2025-09-22T11:51:54-04:00 ci=3a11f697-7362-4cb1-8ea9-2fa6d628f7b5 info CLOUD: not started
2025-09-22T11:51:59-04:00 ci=3a11f697-7362-4cb1-8ea9-2fa6d628f7b5 info CLOUD: not started
2025-09-22T11:52:04-04:00 ci=3a11f697-7362-4cb1-8ea9-2fa6d628f7b5 info CLOUD: not started
2025-09-22T11:52:09-04:00 ci=3a11f697-7362-4cb1-8ea9-2fa6d628f7b5 info CLOUD: not started
2025-09-22T11:52:14-04:00 ci=3a11f697-7362-4cb1-8ea9-2fa6d628f7b5 info CLOUD: not started
2025-09-22T11:52:19-04:00 ci=3a11f697-7362-4cb1-8ea9-2fa6d628f7b5 info CLOUD: not started
2025-09-22T11:52:24-04:00 ci=3a11f697-7362-4cb1-8ea9-2fa6d628f7b5 info CLOUD: not started
2025-09-22T11:52:29-04:00 ci=3a11f697-7362-4cb1-8ea9-2fa6d628f7b5 info CLOUD: not started
2025-09-22T11:52:34-04:00 ci=3a11f697-7362-4cb1-8ea9-2fa6d628f7b5 info CLOUD: not started
2025-09-22T11:52:39-04:00 ci=3a11f697-7362-4cb1-8ea9-2fa6d628f7b5 info CLOUD: not started
2025-09-22T11:52:44-04:00 ci=3a11f697-7362-4cb1-8ea9-2fa6d628f7b5 info CLOUD: not started
2025-09-22T11:52:49-04:00 ci=3a11f697-7362-4cb1-8ea9-2fa6d628f7b5 info CLOUD: not started
2025-09-22T11:52:54-04:00 ci=3a11f697-7362-4cb1-8ea9-2fa6d628f7b5 info CLOUD: not started
2025-09-22T11:52:59-04:00 ci=3a11f697-7362-4cb1-8ea9-2fa6d628f7b5 info CLOUD: not started
2025-09-22T11:53:04-04:00 ci=3a11f697-7362-4cb1-8ea9-2fa6d628f7b5 info CLOUD: not started
2025-09-22T11:53:09-04:00 ci=3a11f697-7362-4cb1-8ea9-2fa6d628f7b5 info CLOUD: not started
2025-09-22T11:53:14-04:00 ci=3a11f697-7362-4cb1-8ea9-2fa6d628f7b5 info CLOUD: not started
2025-09-22T11:53:19-04:00 ci=3a11f697-7362-4cb1-8ea9-2fa6d628f7b5 info CLOUD: not started
2025-09-22T11:53:24-04:00 ci=3a11f697-7362-4cb1-8ea9-2fa6d628f7b5 info CLOUD: not started
2025-09-22T11:53:29-04:00 ci=3a11f697-7362-4cb1-8ea9-2fa6d628f7b5 info CLOUD: not started
2025-09-22T11:53:34-04:00 ci=3a11f697-7362-4cb1-8ea9-2fa6d628f7b5 info CLOUD: not started
2025-09-22T11:53:39-04:00 ci=3a11f697-7362-4cb1-8ea9-2fa6d628f7b5 info CLOUD: not started
2025-09-22T11:53:44-04:00 ci=3a11f697-7362-4cb1-8ea9-2fa6d628f7b5 info CLOUD: not started
2025-09-22T11:53:49-04:00 ci=3a11f697-7362-4cb1-8ea9-2fa6d628f7b5 info CLOUD: not started
2025-09-22T11:53:54-04:00 ci=3a11f697-7362-4cb1-8ea9-2fa6d628f7b5 info CLOUD: not started
2025-09-22T11:53:59-04:00 ci=3a11f697-7362-4cb1-8ea9-2fa6d628f7b5 info CLOUD: not started
2025-09-22T11:54:04-04:00 ci=3a11f697-7362-4cb1-8ea9-2fa6d628f7b5 info CLOUD: not started
2025-09-22T11:54:09-04:00 ci=3a11f697-7362-4cb1-8ea9-2fa6d628f7b5 info CLOUD: not started
2025-09-22T11:54:14-04:00 ci=3a11f697-7362-4cb1-8ea9-2fa6d628f7b5 info CLOUD: not started
2025-09-22T11:54:19-04:00 ci=3a11f697-7362-4cb1-8ea9-2fa6d628f7b5 info CLOUD: not started
2025-09-22T11:54:24-04:00 ci=3a11f697-7362-4cb1-8ea9-2fa6d628f7b5 info CLOUD: not started
2025-09-22T11:54:29-04:00 ci=3a11f697-7362-4cb1-8ea9-2fa6d628f7b5 info CLOUD: not started
2025-09-22T11:54:34-04:00 ci=3a11f697-7362-4cb1-8ea9-2fa6d628f7b5 info CLOUD: not started
2025-09-22T11:54:39-04:00 ci=3a11f697-7362-4cb1-8ea9-2fa6d628f7b5 info CLOUD: not started
2025-09-22T11:54:44-04:00 ci=3a11f697-7362-4cb1-8ea9-2fa6d628f7b5 info CLOUD: not started
2025-09-22T11:54:49-04:00 ci=3a11f697-7362-4cb1-8ea9-2fa6d628f7b5 info CLOUD: not started
2025-09-22T11:54:54-04:00 ci=3a11f697-7362-4cb1-8ea9-2fa6d628f7b5 info CLOUD: not started
2025-09-22T11:54:59-04:00 ci=3a11f697-7362-4cb1-8ea9-2fa6d628f7b5 info CLOUD: not started
2025-09-22T11:55:04-04:00 ci=3a11f697-7362-4cb1-8ea9-2fa6d628f7b5 info CLOUD: not started
2025-09-22T11:55:09-04:00 ci=3a11f697-7362-4cb1-8ea9-2fa6d628f7b5 info CLOUD: not started
2025-09-22T11:55:14-04:00 ci=3a11f697-7362-4cb1-8ea9-2fa6d628f7b5 info CLOUD: not started
2025-09-22T11:55:19-04:00 ci=3a11f697-7362-4cb1-8ea9-2fa6d628f7b5 info CLOUD: not started
2025-09-22T11:55:24-04:00 ci=3a11f697-7362-4cb1-8ea9-2fa6d628f7b5 info CLOUD: not started
2025-09-22T11:55:29-04:00 ci=3a11f697-7362-4cb1-8ea9-2fa6d628f7b5 info CLOUD: not started
2025-09-22T11:55:34-04:00 ci=3a11f697-7362-4cb1-8ea9-2fa6d628f7b5 info CLOUD: not started
2025-09-22T11:55:39-04:00 ci=3a11f697-7362-4cb1-8ea9-2fa6d628f7b5 info CLOUD: not started
2025-09-22T11:55:44-04:00 ci=3a11f697-7362-4cb1-8ea9-2fa6d628f7b5 info CLOUD: not started
2025-09-22T11:55:50-04:00 ci=3a11f697-7362-4cb1-8ea9-2fa6d628f7b5 info CLOUD: not started
2025-09-22T11:55:55-04:00 ci=3a11f697-7362-4cb1-8ea9-2fa6d628f7b5 info CLOUD: not started
2025-09-22T11:56:00-04:00 ci=3a11f697-7362-4cb1-8ea9-2fa6d628f7b5 info CLOUD: not started
2025-09-22T11:56:05-04:00 ci=3a11f697-7362-4cb1-8ea9-2fa6d628f7b5 info CLOUD: not started
2025-09-22T11:56:10-04:00 ci=3a11f697-7362-4cb1-8ea9-2fa6d628f7b5 info CLOUD: not started
2025-09-22T11:56:15-04:00 ci=3a11f697-7362-4cb1-8ea9-2fa6d628f7b5 info CLOUD: not started
2025-09-22T11:56:20-04:00 ci=3a11f697-7362-4cb1-8ea9-2fa6d628f7b5 info CLOUD: not started
2025-09-22T11:56:25-04:00 ci=3a11f697-7362-4cb1-8ea9-2fa6d628f7b5 info CLOUD: not started
2025-09-22T11:56:30-04:00 ci=3a11f697-7362-4cb1-8ea9-2fa6d628f7b5 info CLOUD: not started
2025-09-22T11:56:35-04:00 ci=3a11f697-7362-4cb1-8ea9-2fa6d628f7b5 info CLOUD: not started
2025-09-22T11:56:40-04:00 ci=3a11f697-7362-4cb1-8ea9-2fa6d628f7b5 info CLOUD: not started
2025-09-22T11:56:45-04:00 ci=3a11f697-7362-4cb1-8ea9-2fa6d628f7b5 info CLOUD: not started
2025-09-22T11:56:50-04:00 ci=3a11f697-7362-4cb1-8ea9-2fa6d628f7b5 info CLOUD: not started
2025-09-22T11:56:55-04:00 ci=3a11f697-7362-4cb1-8ea9-2fa6d628f7b5 info CLOUD: not started
2025-09-22T11:57:00-04:00 ci=3a11f697-7362-4cb1-8ea9-2fa6d628f7b5 info CLOUD: not started
2025-09-22T11:57:05-04:00 ci=3a11f697-7362-4cb1-8ea9-2fa6d628f7b5 info CLOUD: not started
2025-09-22T11:57:10-04:00 ci=3a11f697-7362-4cb1-8ea9-2fa6d628f7b5 info CLOUD: not started
2025-09-22T11:57:15-04:00 ci=3a11f697-7362-4cb1-8ea9-2fa6d628f7b5 info CLOUD: not started
2025-09-22T11:57:20-04:00 ci=3a11f697-7362-4cb1-8ea9-2fa6d628f7b5 info CLOUD: not started
2025-09-22T11:57:25-04:00 ci=3a11f697-7362-4cb1-8ea9-2fa6d628f7b5 info CLOUD: not started
2025-09-22T11:57:30-04:00 ci=3a11f697-7362-4cb1-8ea9-2fa6d628f7b5 info CLOUD: not started
2025-09-22T11:57:35-04:00 ci=3a11f697-7362-4cb1-8ea9-2fa6d628f7b5 info CLOUD: not started
2025-09-22T11:57:40-04:00 ci=3a11f697-7362-4cb1-8ea9-2fa6d628f7b5 info CLOUD: not started
2025-09-22T11:57:45-04:00 ci=3a11f697-7362-4cb1-8ea9-2fa6d628f7b5 info CLOUD: not started
2025-09-22T11:57:50-04:00 ci=3a11f697-7362-4cb1-8ea9-2fa6d628f7b5 info CLOUD: not started
2025-09-22T11:57:55-04:00 ci=3a11f697-7362-4cb1-8ea9-2fa6d628f7b5 info CLOUD: not started
2025-09-22T11:58:00-04:00 ci=3a11f697-7362-4cb1-8ea9-2fa6d628f7b5 info CLOUD: not started
2025-09-22T11:58:05-04:00 ci=3a11f697-7362-4cb1-8ea9-2fa6d628f7b5 info CLOUD: not started
2025-09-22T11:58:10-04:00 ci=3a11f697-7362-4cb1-8ea9-2fa6d628f7b5 info CLOUD: not started
2025-09-22T11:58:15-04:00 ci=3a11f697-7362-4cb1-8ea9-2fa6d628f7b5 info CLOUD: not started
2025-09-22T11:58:20-04:00 ci=3a11f697-7362-4cb1-8ea9-2fa6d628f7b5 info CLOUD: not started
2025-09-22T11:58:25-04:00 ci=3a11f697-7362-4cb1-8ea9-2fa6d628f7b5 info CLOUD: not started
2025-09-22T11:58:30-04:00 ci=3a11f697-7362-4cb1-8ea9-2fa6d628f7b5 info CLOUD: not started
2025-09-22T11:58:35-04:00 ci=3a11f697-7362-4cb1-8ea9-2fa6d628f7b5 info CLOUD: not started
2025-09-22T11:58:40-04:00 ci=3a11f697-7362-4cb1-8ea9-2fa6d628f7b5 info CLOUD: not started
2025-09-22T11:58:45-04:00 ci=3a11f697-7362-4cb1-8ea9-2fa6d628f7b5 info CLOUD: not started
2025-09-22T11:58:50-04:00 ci=3a11f697-7362-4cb1-8ea9-2fa6d628f7b5 info CLOUD: not started
2025-09-22T11:58:55-04:00 ci=3a11f697-7362-4cb1-8ea9-2fa6d628f7b5 info CLOUD: not started
2025-09-22T11:59:00-04:00 ci=3a11f697-7362-4cb1-8ea9-2fa6d628f7b5 info CLOUD: not started
2025-09-22T11:59:05-04:00 ci=3a11f697-7362-4cb1-8ea9-2fa6d628f7b5 info CLOUD: not started
2025-09-22T11:59:10-04:00 ci=3a11f697-7362-4cb1-8ea9-2fa6d628f7b5 info CLOUD: not started
2025-09-22T11:59:15-04:00 ci=3a11f697-7362-4cb1-8ea9-2fa6d628f7b5 info CLOUD: not started
2025-09-22T11:59:20-04:00 ci=3a11f697-7362-4cb1-8ea9-2fa6d628f7b5 info CLOUD: not started
2025-09-22T11:59:25-04:00 ci=3a11f697-7362-4cb1-8ea9-2fa6d628f7b5 info CLOUD: not started
2025-09-22T11:59:30-04:00 ci=3a11f697-7362-4cb1-8ea9-2fa6d628f7b5 info CLOUD: not started
2025-09-22T11:59:35-04:00 ci=3a11f697-7362-4cb1-8ea9-2fa6d628f7b5 info CLOUD: not started
2025-09-22T11:59:40-04:00 ci=3a11f697-7362-4cb1-8ea9-2fa6d628f7b5 info CLOUD: not started
2025-09-22T11:59:45-04:00 ci=3a11f697-7362-4cb1-8ea9-2fa6d628f7b5 info CLOUD: not started
2025-09-22T11:59:50-04:00 ci=3a11f697-7362-4cb1-8ea9-2fa6d628f7b5 info CLOUD: not started
2025-09-22T11:59:55-04:00 ci=3a11f697-7362-4cb1-8ea9-2fa6d628f7b5 info CLOUD: not started
