2020-11-09T03:28:02-05:00 ci=3a11f697-7362-4cb1-8ea9-2fa6d628f7b5 [DEBUG] Show "ProductImprovement" screen
2020-11-09T03:28:09-05:00 ci=3a11f697-7362-4cb1-8ea9-2fa6d628f7b5 [DEBUG] Start install (PIP: DISABLED)
2020-11-09T03:28:10-05:00 ci=3a11f697-7362-4cb1-8ea9-2fa6d628f7b5 [DEBUG] Show "Connecting" screen
2020-11-09T03:28:10-05:00 ci=3a11f697-7362-4cb1-8ea9-2fa6d628f7b5 [DEBUG] Load client configuration
2020-11-09T03:28:11-05:00 ci=3a11f697-7362-4cb1-8ea9-2fa6d628f7b5 [DEBUG] Load client configuration success
2020-11-09T03:28:11-05:00 ci=3a11f697-7362-4cb1-8ea9-2fa6d628f7b5 [DEBUG] Load installer configuration
2020-11-09T03:28:12-05:00 ci=3a11f697-7362-4cb1-8ea9-2fa6d628f7b5 [DEBUG] Load installer configuration success
2020-11-09T03:28:12-05:00 ci=3a11f697-7362-4cb1-8ea9-2fa6d628f7b5 [DEBUG] Skip analytics sending. Logs: 2020-11-09T03:26:30.5558145-05:00 ci=3a11f697-7362-4cb1-8ea9-2fa6d628f7b5 {"Event":"InstallerLaunch","Product":"TinyInstaller","Version":"1.0.440","OS":"Windows","OSVersion":"10.0.19041.0","AppName":"wd","ScreenResolution":"1920x1080","Processor":"Intel(R) Core(TM) i7-8750H CPU @ 2.20GHz"}
2020-11-09T03:28:12.1981894-05:00 ci=3a11f697-7362-4cb1-8ea9-2fa6d628f7b5 {"Event":"InstallerConfiguration","Product":"TinyInstaller","Version":"1.0.440","PreviousDiscoveryVersion":"3.0.268","Status":"Success","Time":1.21,"OS":"Windows","OSVersion":"10.0.19041.0","AppName":"wd"}
2020-11-09T03:28:12-05:00 ci=3a11f697-7362-4cb1-8ea9-2fa6d628f7b5 [DEBUG] Load screen images
2020-11-09T03:28:12-05:00 ci=3a11f697-7362-4cb1-8ea9-2fa6d628f7b5 [DEBUG] Load screen image : image#0
2020-11-09T03:28:13-05:00 ci=3a11f697-7362-4cb1-8ea9-2fa6d628f7b5 [DEBUG] Load screen image : image#0
2020-11-09T03:28:13-05:00 ci=3a11f697-7362-4cb1-8ea9-2fa6d628f7b5 [DEBUG] Load screen image : image#0
2020-11-09T03:28:14-05:00 ci=3a11f697-7362-4cb1-8ea9-2fa6d628f7b5 [DEBUG] Load screen images completed
2020-11-09T03:28:14-05:00 ci=3a11f697-7362-4cb1-8ea9-2fa6d628f7b5 [DEBUG] Show "Progress" screen
2020-11-09T03:28:14-05:00 ci=3a11f697-7362-4cb1-8ea9-2fa6d628f7b5 [DEBUG] Download Discovery installer
2020-11-09T03:28:14-05:00 ci=3a11f697-7362-4cb1-8ea9-2fa6d628f7b5 [DEBUG] Download Discovery installer progress 0%
2020-11-09T03:28:19-05:00 ci=3a11f697-7362-4cb1-8ea9-2fa6d628f7b5 [DEBUG] Download Discovery installer progress 1%
2020-11-09T03:28:24-05:00 ci=3a11f697-7362-4cb1-8ea9-2fa6d628f7b5 [DEBUG] Download Discovery installer progress 2%
2020-11-09T03:28:25-05:00 ci=3a11f697-7362-4cb1-8ea9-2fa6d628f7b5 [DEBUG] Download Discovery installer progress 3%
2020-11-09T03:28:26-05:00 ci=3a11f697-7362-4cb1-8ea9-2fa6d628f7b5 [DEBUG] Download Discovery installer progress 4%
2020-11-09T03:28:28-05:00 ci=3a11f697-7362-4cb1-8ea9-2fa6d628f7b5 [DEBUG] Download Discovery installer progress 5%
2020-11-09T03:28:29-05:00 ci=3a11f697-7362-4cb1-8ea9-2fa6d628f7b5 [DEBUG] Download Discovery installer progress 6%
2020-11-09T03:28:30-05:00 ci=3a11f697-7362-4cb1-8ea9-2fa6d628f7b5 [DEBUG] Download Discovery installer progress 7%
2020-11-09T03:28:31-05:00 ci=3a11f697-7362-4cb1-8ea9-2fa6d628f7b5 [DEBUG] Download Discovery installer progress 8%
2020-11-09T03:28:33-05:00 ci=3a11f697-7362-4cb1-8ea9-2fa6d628f7b5 [DEBUG] Download Discovery installer progress 9%
2020-11-09T03:28:34-05:00 ci=3a11f697-7362-4cb1-8ea9-2fa6d628f7b5 [DEBUG] Download Discovery installer progress 10%
2020-11-09T03:28:35-05:00 ci=3a11f697-7362-4cb1-8ea9-2fa6d628f7b5 [DEBUG] Download Discovery installer progress 11%
2020-11-09T03:28:36-05:00 ci=3a11f697-7362-4cb1-8ea9-2fa6d628f7b5 [DEBUG] Download Discovery installer progress 12%
2020-11-09T03:28:37-05:00 ci=3a11f697-7362-4cb1-8ea9-2fa6d628f7b5 [DEBUG] Download Discovery installer progress 13%
2020-11-09T03:28:39-05:00 ci=3a11f697-7362-4cb1-8ea9-2fa6d628f7b5 [DEBUG] Download Discovery installer progress 14%
2020-11-09T03:28:40-05:00 ci=3a11f697-7362-4cb1-8ea9-2fa6d628f7b5 [DEBUG] Download Discovery installer progress 15%
2020-11-09T03:28:41-05:00 ci=3a11f697-7362-4cb1-8ea9-2fa6d628f7b5 [DEBUG] Download Discovery installer progress 16%
2020-11-09T03:28:42-05:00 ci=3a11f697-7362-4cb1-8ea9-2fa6d628f7b5 [DEBUG] Download Discovery installer progress 17%
2020-11-09T03:28:44-05:00 ci=3a11f697-7362-4cb1-8ea9-2fa6d628f7b5 [DEBUG] Download Discovery installer progress 18%
2020-11-09T03:28:45-05:00 ci=3a11f697-7362-4cb1-8ea9-2fa6d628f7b5 [DEBUG] Download Discovery installer progress 19%
2020-11-09T03:28:46-05:00 ci=3a11f697-7362-4cb1-8ea9-2fa6d628f7b5 [DEBUG] Download Discovery installer progress 20%
2020-11-09T03:28:47-05:00 ci=3a11f697-7362-4cb1-8ea9-2fa6d628f7b5 [DEBUG] Download Discovery installer progress 21%
2020-11-09T03:28:49-05:00 ci=3a11f697-7362-4cb1-8ea9-2fa6d628f7b5 [DEBUG] Download Discovery installer progress 22%
2020-11-09T03:28:50-05:00 ci=3a11f697-7362-4cb1-8ea9-2fa6d628f7b5 [DEBUG] Download Discovery installer progress 23%
2020-11-09T03:28:51-05:00 ci=3a11f697-7362-4cb1-8ea9-2fa6d628f7b5 [DEBUG] Download Discovery installer progress 24%
2020-11-09T03:28:52-05:00 ci=3a11f697-7362-4cb1-8ea9-2fa6d628f7b5 [DEBUG] Download Discovery installer progress 25%
2020-11-09T03:28:53-05:00 ci=3a11f697-7362-4cb1-8ea9-2fa6d628f7b5 [DEBUG] Download Discovery installer progress 26%
2020-11-09T03:28:55-05:00 ci=3a11f697-7362-4cb1-8ea9-2fa6d628f7b5 [DEBUG] Download Discovery installer progress 27%
2020-11-09T03:28:56-05:00 ci=3a11f697-7362-4cb1-8ea9-2fa6d628f7b5 [DEBUG] Download Discovery installer progress 28%
2020-11-09T03:28:57-05:00 ci=3a11f697-7362-4cb1-8ea9-2fa6d628f7b5 [DEBUG] Download Discovery installer progress 29%
2020-11-09T03:28:58-05:00 ci=3a11f697-7362-4cb1-8ea9-2fa6d628f7b5 [DEBUG] Download Discovery installer progress 30%
2020-11-09T03:29:00-05:00 ci=3a11f697-7362-4cb1-8ea9-2fa6d628f7b5 [DEBUG] Download Discovery installer progress 31%
2020-11-09T03:29:01-05:00 ci=3a11f697-7362-4cb1-8ea9-2fa6d628f7b5 [DEBUG] Download Discovery installer progress 32%
2020-11-09T03:29:02-05:00 ci=3a11f697-7362-4cb1-8ea9-2fa6d628f7b5 [DEBUG] Download Discovery installer progress 33%
2020-11-09T03:29:03-05:00 ci=3a11f697-7362-4cb1-8ea9-2fa6d628f7b5 [DEBUG] Download Discovery installer progress 34%
2020-11-09T03:29:05-05:00 ci=3a11f697-7362-4cb1-8ea9-2fa6d628f7b5 [DEBUG] Download Discovery installer progress 35%
2020-11-09T03:29:06-05:00 ci=3a11f697-7362-4cb1-8ea9-2fa6d628f7b5 [DEBUG] Download Discovery installer progress 36%
2020-11-09T03:29:07-05:00 ci=3a11f697-7362-4cb1-8ea9-2fa6d628f7b5 [DEBUG] Download Discovery installer progress 37%
2020-11-09T03:29:08-05:00 ci=3a11f697-7362-4cb1-8ea9-2fa6d628f7b5 [DEBUG] Download Discovery installer progress 38%
2020-11-09T03:29:09-05:00 ci=3a11f697-7362-4cb1-8ea9-2fa6d628f7b5 [DEBUG] Download Discovery installer progress 39%
2020-11-09T03:29:11-05:00 ci=3a11f697-7362-4cb1-8ea9-2fa6d628f7b5 [DEBUG] Download Discovery installer progress 40%
2020-11-09T03:29:12-05:00 ci=3a11f697-7362-4cb1-8ea9-2fa6d628f7b5 [DEBUG] Download Discovery installer progress 41%
2020-11-09T03:29:13-05:00 ci=3a11f697-7362-4cb1-8ea9-2fa6d628f7b5 [DEBUG] Download Discovery installer progress 42%
2020-11-09T03:29:14-05:00 ci=3a11f697-7362-4cb1-8ea9-2fa6d628f7b5 [DEBUG] Download Discovery installer progress 43%
2020-11-09T03:29:16-05:00 ci=3a11f697-7362-4cb1-8ea9-2fa6d628f7b5 [DEBUG] Download Discovery installer progress 44%
2020-11-09T03:29:17-05:00 ci=3a11f697-7362-4cb1-8ea9-2fa6d628f7b5 [DEBUG] Download Discovery installer progress 45%
2020-11-09T03:29:18-05:00 ci=3a11f697-7362-4cb1-8ea9-2fa6d628f7b5 [DEBUG] Download Discovery installer progress 46%
2020-11-09T03:29:19-05:00 ci=3a11f697-7362-4cb1-8ea9-2fa6d628f7b5 [DEBUG] Download Discovery installer progress 47%
2020-11-09T03:29:20-05:00 ci=3a11f697-7362-4cb1-8ea9-2fa6d628f7b5 [DEBUG] Download Discovery installer progress 48%
2020-11-09T03:29:22-05:00 ci=3a11f697-7362-4cb1-8ea9-2fa6d628f7b5 [DEBUG] Download Discovery installer progress 49%
2020-11-09T03:29:23-05:00 ci=3a11f697-7362-4cb1-8ea9-2fa6d628f7b5 [DEBUG] Download Discovery installer progress 50%
2020-11-09T03:29:24-05:00 ci=3a11f697-7362-4cb1-8ea9-2fa6d628f7b5 [DEBUG] Download Discovery installer progress 51%
2020-11-09T03:29:25-05:00 ci=3a11f697-7362-4cb1-8ea9-2fa6d628f7b5 [DEBUG] Download Discovery installer progress 52%
2020-11-09T03:29:27-05:00 ci=3a11f697-7362-4cb1-8ea9-2fa6d628f7b5 [DEBUG] Download Discovery installer progress 53%
2020-11-09T03:29:28-05:00 ci=3a11f697-7362-4cb1-8ea9-2fa6d628f7b5 [DEBUG] Download Discovery installer progress 54%
2020-11-09T03:29:29-05:00 ci=3a11f697-7362-4cb1-8ea9-2fa6d628f7b5 [DEBUG] Download Discovery installer progress 55%
2020-11-09T03:29:30-05:00 ci=3a11f697-7362-4cb1-8ea9-2fa6d628f7b5 [DEBUG] Download Discovery installer progress 56%
2020-11-09T03:29:31-05:00 ci=3a11f697-7362-4cb1-8ea9-2fa6d628f7b5 [DEBUG] Download Discovery installer progress 57%
2020-11-09T03:29:33-05:00 ci=3a11f697-7362-4cb1-8ea9-2fa6d628f7b5 [DEBUG] Download Discovery installer progress 58%
2020-11-09T03:29:34-05:00 ci=3a11f697-7362-4cb1-8ea9-2fa6d628f7b5 [DEBUG] Download Discovery installer progress 59%
2020-11-09T03:29:35-05:00 ci=3a11f697-7362-4cb1-8ea9-2fa6d628f7b5 [DEBUG] Download Discovery installer progress 60%
2020-11-09T03:29:36-05:00 ci=3a11f697-7362-4cb1-8ea9-2fa6d628f7b5 [DEBUG] Download Discovery installer progress 61%
2020-11-09T03:29:38-05:00 ci=3a11f697-7362-4cb1-8ea9-2fa6d628f7b5 [DEBUG] Download Discovery installer progress 62%
2020-11-09T03:29:39-05:00 ci=3a11f697-7362-4cb1-8ea9-2fa6d628f7b5 [DEBUG] Download Discovery installer progress 63%
2020-11-09T03:29:40-05:00 ci=3a11f697-7362-4cb1-8ea9-2fa6d628f7b5 [DEBUG] Download Discovery installer progress 64%
2020-11-09T03:29:41-05:00 ci=3a11f697-7362-4cb1-8ea9-2fa6d628f7b5 [DEBUG] Download Discovery installer progress 65%
2020-11-09T03:29:43-05:00 ci=3a11f697-7362-4cb1-8ea9-2fa6d628f7b5 [DEBUG] Download Discovery installer progress 66%
2020-11-09T03:29:44-05:00 ci=3a11f697-7362-4cb1-8ea9-2fa6d628f7b5 [DEBUG] Download Discovery installer progress 67%
2020-11-09T03:29:45-05:00 ci=3a11f697-7362-4cb1-8ea9-2fa6d628f7b5 [DEBUG] Download Discovery installer progress 68%
2020-11-09T03:29:46-05:00 ci=3a11f697-7362-4cb1-8ea9-2fa6d628f7b5 [DEBUG] Download Discovery installer progress 69%
2020-11-09T03:29:47-05:00 ci=3a11f697-7362-4cb1-8ea9-2fa6d628f7b5 [DEBUG] Download Discovery installer progress 70%
2020-11-09T03:29:49-05:00 ci=3a11f697-7362-4cb1-8ea9-2fa6d628f7b5 [DEBUG] Download Discovery installer progress 71%
2020-11-09T03:29:50-05:00 ci=3a11f697-7362-4cb1-8ea9-2fa6d628f7b5 [DEBUG] Download Discovery installer progress 72%
2020-11-09T03:29:51-05:00 ci=3a11f697-7362-4cb1-8ea9-2fa6d628f7b5 [DEBUG] Download Discovery installer progress 73%
2020-11-09T03:29:52-05:00 ci=3a11f697-7362-4cb1-8ea9-2fa6d628f7b5 [DEBUG] Download Discovery installer progress 74%
2020-11-09T03:29:54-05:00 ci=3a11f697-7362-4cb1-8ea9-2fa6d628f7b5 [DEBUG] Download Discovery installer progress 75%
2020-11-09T03:29:55-05:00 ci=3a11f697-7362-4cb1-8ea9-2fa6d628f7b5 [DEBUG] Download Discovery installer progress 76%
2020-11-09T03:29:56-05:00 ci=3a11f697-7362-4cb1-8ea9-2fa6d628f7b5 [DEBUG] Download Discovery installer progress 77%
2020-11-09T03:29:57-05:00 ci=3a11f697-7362-4cb1-8ea9-2fa6d628f7b5 [DEBUG] Download Discovery installer progress 78%
2020-11-09T03:29:58-05:00 ci=3a11f697-7362-4cb1-8ea9-2fa6d628f7b5 [DEBUG] Download Discovery installer progress 79%
2020-11-09T03:30:00-05:00 ci=3a11f697-7362-4cb1-8ea9-2fa6d628f7b5 [DEBUG] Download Discovery installer progress 80%
2020-11-09T03:30:01-05:00 ci=3a11f697-7362-4cb1-8ea9-2fa6d628f7b5 [DEBUG] Download Discovery installer progress 81%
2020-11-09T03:30:02-05:00 ci=3a11f697-7362-4cb1-8ea9-2fa6d628f7b5 [DEBUG] Download Discovery installer progress 82%
2020-11-09T03:30:03-05:00 ci=3a11f697-7362-4cb1-8ea9-2fa6d628f7b5 [DEBUG] Download Discovery installer progress 83%
2020-11-09T03:30:05-05:00 ci=3a11f697-7362-4cb1-8ea9-2fa6d628f7b5 [DEBUG] Download Discovery installer progress 84%
2020-11-09T03:30:06-05:00 ci=3a11f697-7362-4cb1-8ea9-2fa6d628f7b5 [DEBUG] Download Discovery installer progress 85%
2020-11-09T03:30:07-05:00 ci=3a11f697-7362-4cb1-8ea9-2fa6d628f7b5 [DEBUG] Download Discovery installer progress 86%
2020-11-09T03:30:08-05:00 ci=3a11f697-7362-4cb1-8ea9-2fa6d628f7b5 [DEBUG] Download Discovery installer progress 87%
2020-11-09T03:30:10-05:00 ci=3a11f697-7362-4cb1-8ea9-2fa6d628f7b5 [DEBUG] Download Discovery installer progress 88%
2020-11-09T03:30:11-05:00 ci=3a11f697-7362-4cb1-8ea9-2fa6d628f7b5 [DEBUG] Download Discovery installer progress 89%
2020-11-09T03:30:12-05:00 ci=3a11f697-7362-4cb1-8ea9-2fa6d628f7b5 [DEBUG] Download Discovery installer progress 90%
2020-11-09T03:30:13-05:00 ci=3a11f697-7362-4cb1-8ea9-2fa6d628f7b5 [DEBUG] Download Discovery installer progress 91%
2020-11-09T03:30:14-05:00 ci=3a11f697-7362-4cb1-8ea9-2fa6d628f7b5 [DEBUG] Download Discovery installer progress 92%
2020-11-09T03:30:16-05:00 ci=3a11f697-7362-4cb1-8ea9-2fa6d628f7b5 [DEBUG] Download Discovery installer progress 93%
2020-11-09T03:30:17-05:00 ci=3a11f697-7362-4cb1-8ea9-2fa6d628f7b5 [DEBUG] Download Discovery installer progress 94%
2020-11-09T03:30:18-05:00 ci=3a11f697-7362-4cb1-8ea9-2fa6d628f7b5 [DEBUG] Download Discovery installer progress 95%
2020-11-09T03:30:19-05:00 ci=3a11f697-7362-4cb1-8ea9-2fa6d628f7b5 [DEBUG] Download Discovery installer progress 96%
2020-11-09T03:30:21-05:00 ci=3a11f697-7362-4cb1-8ea9-2fa6d628f7b5 [DEBUG] Download Discovery installer progress 97%
2020-11-09T03:30:22-05:00 ci=3a11f697-7362-4cb1-8ea9-2fa6d628f7b5 [DEBUG] Download Discovery installer progress 98%
2020-11-09T03:30:23-05:00 ci=3a11f697-7362-4cb1-8ea9-2fa6d628f7b5 [DEBUG] Download Discovery installer progress 99%
2020-11-09T03:30:24-05:00 ci=3a11f697-7362-4cb1-8ea9-2fa6d628f7b5 [DEBUG] Download Discovery installer progress 100%
2020-11-09T03:30:24-05:00 ci=3a11f697-7362-4cb1-8ea9-2fa6d628f7b5 [DEBUG] Skip analytics sending. Logs: 2020-11-09T03:26:30.5558145-05:00 ci=3a11f697-7362-4cb1-8ea9-2fa6d628f7b5 {"Event":"InstallerLaunch","Product":"TinyInstaller","Version":"1.0.440","OS":"Windows","OSVersion":"10.0.19041.0","AppName":"wd","ScreenResolution":"1920x1080","Processor":"Intel(R) Core(TM) i7-8750H CPU @ 2.20GHz"}
2020-11-09T03:28:12.1981894-05:00 ci=3a11f697-7362-4cb1-8ea9-2fa6d628f7b5 {"Event":"InstallerConfiguration","Product":"TinyInstaller","Version":"1.0.440","PreviousDiscoveryVersion":"3.0.268","Status":"Success","Time":1.21,"OS":"Windows","OSVersion":"10.0.19041.0","AppName":"wd"}
2020-11-09T03:30:24.7491111-05:00 ci=3a11f697-7362-4cb1-8ea9-2fa6d628f7b5 {"Event":"InstallerDownload","Product":"TinyInstaller","Version":"1.0.440","PreviousDiscoveryVersion":"3.0.268","DownloadProduct":"Discovery","DownloadProductVersion":"4.1.270","URL":"https://downloads.mycloud.com/prod/windows/4.1.270/WD-Discovery-win-prod-ia32-4_1_270.exe","Status":"Success","Reason":"","Time":130.62,"OS":"Windows","OSVersion":"10.0.19041.0","AppName":"wd"}
2020-11-09T03:30:24-05:00 ci=3a11f697-7362-4cb1-8ea9-2fa6d628f7b5 [DEBUG] Download Discovery installer success
2020-11-09T03:30:24-05:00 ci=3a11f697-7362-4cb1-8ea9-2fa6d628f7b5 [DEBUG] Extract Discovery installer from sfx archive.
2020-11-09T03:30:34-05:00 ci=3a11f697-7362-4cb1-8ea9-2fa6d628f7b5 [DEBUG] Extract Discovery installer from sfx archive success.
2020-11-09T03:30:34-05:00 ci=3a11f697-7362-4cb1-8ea9-2fa6d628f7b5 [DEBUG] Skip analytics sending. Logs: 2020-11-09T03:26:30.5558145-05:00 ci=3a11f697-7362-4cb1-8ea9-2fa6d628f7b5 {"Event":"InstallerLaunch","Product":"TinyInstaller","Version":"1.0.440","OS":"Windows","OSVersion":"10.0.19041.0","AppName":"wd","ScreenResolution":"1920x1080","Processor":"Intel(R) Core(TM) i7-8750H CPU @ 2.20GHz"}
2020-11-09T03:28:12.1981894-05:00 ci=3a11f697-7362-4cb1-8ea9-2fa6d628f7b5 {"Event":"InstallerConfiguration","Product":"TinyInstaller","Version":"1.0.440","PreviousDiscoveryVersion":"3.0.268","Status":"Success","Time":1.21,"OS":"Windows","OSVersion":"10.0.19041.0","AppName":"wd"}
2020-11-09T03:30:24.7491111-05:00 ci=3a11f697-7362-4cb1-8ea9-2fa6d628f7b5 {"Event":"InstallerDownload","Product":"TinyInstaller","Version":"1.0.440","PreviousDiscoveryVersion":"3.0.268","DownloadProduct":"Discovery","DownloadProductVersion":"4.1.270","URL":"https://downloads.mycloud.com/prod/windows/4.1.270/WD-Discovery-win-prod-ia32-4_1_270.exe","Status":"Success","Reason":"","Time":130.62,"OS":"Windows","OSVersion":"10.0.19041.0","AppName":"wd"}
2020-11-09T03:30:34.1667320-05:00 ci=3a11f697-7362-4cb1-8ea9-2fa6d628f7b5 {"Event":"InstallerExtraction","Product":"TinyInstaller","Version":"1.0.440","PreviousDiscoveryVersion":"3.0.268","DiscoveryVersion":"4.1.270","Status":"Success","Time":130.62,"OS":"Windows","OSVersion":"10.0.19041.0","AppName":"wd"}
2020-11-09T03:30:34-05:00 ci=3a11f697-7362-4cb1-8ea9-2fa6d628f7b5 [DEBUG] Install Discovery
2020-11-09T03:31:54-05:00 ci=3a11f697-7362-4cb1-8ea9-2fa6d628f7b5 [DEBUG] Install Discovery completed with code 0
2020-11-09T03:31:54-05:00 ci=3a11f697-7362-4cb1-8ea9-2fa6d628f7b5 [DEBUG] Run discovery
2020-11-09T03:31:54-05:00 ci=3a11f697-7362-4cb1-8ea9-2fa6d628f7b5 [DEBUG] Skip analytics sending. Logs: 2020-11-09T03:26:30.5558145-05:00 ci=3a11f697-7362-4cb1-8ea9-2fa6d628f7b5 {"Event":"InstallerLaunch","Product":"TinyInstaller","Version":"1.0.440","OS":"Windows","OSVersion":"10.0.19041.0","AppName":"wd","ScreenResolution":"1920x1080","Processor":"Intel(R) Core(TM) i7-8750H CPU @ 2.20GHz"}
2020-11-09T03:28:12.1981894-05:00 ci=3a11f697-7362-4cb1-8ea9-2fa6d628f7b5 {"Event":"InstallerConfiguration","Product":"TinyInstaller","Version":"1.0.440","PreviousDiscoveryVersion":"3.0.268","Status":"Success","Time":1.21,"OS":"Windows","OSVersion":"10.0.19041.0","AppName":"wd"}
2020-11-09T03:30:24.7491111-05:00 ci=3a11f697-7362-4cb1-8ea9-2fa6d628f7b5 {"Event":"InstallerDownload","Product":"TinyInstaller","Version":"1.0.440","PreviousDiscoveryVersion":"3.0.268","DownloadProduct":"Discovery","DownloadProductVersion":"4.1.270","URL":"https://downloads.mycloud.com/prod/windows/4.1.270/WD-Discovery-win-prod-ia32-4_1_270.exe","Status":"Success","Reason":"","Time":130.62,"OS":"Windows","OSVersion":"10.0.19041.0","AppName":"wd"}
2020-11-09T03:30:34.1667320-05:00 ci=3a11f697-7362-4cb1-8ea9-2fa6d628f7b5 {"Event":"InstallerExtraction","Product":"TinyInstaller","Version":"1.0.440","PreviousDiscoveryVersion":"3.0.268","DiscoveryVersion":"4.1.270","Status":"Success","Time":130.62,"OS":"Windows","OSVersion":"10.0.19041.0","AppName":"wd"}
2020-11-09T03:31:54.2404990-05:00 ci=3a11f697-7362-4cb1-8ea9-2fa6d628f7b5 {"Event":"InstallerClose","Product":"TinyInstaller","Version":"1.0.440","OS":"Windows","OSVersion":"10.0.19041.0","AppName":"wd","ScreenResolution":"1920x1080","Processor":"Intel(R) Core(TM) i7-8750H CPU @ 2.20GHz"}
2020-11-09T03:31:56-05:00 ci=3a11f697-7362-4cb1-8ea9-2fa6d628f7b5 [DEBUG] Application exit
